{"type":"operationStart","subtype":"profile","data":{"_id":"1g8AvY4cVwPBsLob","timestamp":"2025-08-11T13:17:41.522Z","state":"queued","mode":"standard","creationDate":"2025-08-11T13:17:41.524Z","modificationDate":"2025-08-11T13:17:41.524Z","shortid":"acqzm0n","inheritedReadPermissions":[],"inheritedEditPermissions":[],"$entitySet":"profiles"},"doDiffs":false,"timestamp":1754918261523,"id":"3s1h2buye9qcutr","previousOperationId":null,"operationId":"qm1gbg2mzsc1hn6"}
{"type":"log","level":"info","message":"Render request 2 queued for execution and waiting for available worker","previousOperationId":"qm1gbg2mzsc1hn6","timestamp":1754918261523,"id":"6ul47uq74iqffly"}
{"type":"operationStart","subtype":"render","name":"informeSeleccion006","previousOperationId":"qm1gbg2mzsc1hn6","timestamp":1754918261550,"id":"87ax77amvclpthp","previousEventId":"3s1h2buye9qcutr","operationId":"uks7jsq575uotes"}
{"type":"log","timestamp":1754918261550,"level":"info","message":"Starting rendering request 2 (user: admin)","meta":{"rootId":"14k3vhy4t5ihqi7","id":"14k3vhy4t5ihqi7"},"id":"ot3svp9jrfwwshk","previousOperationId":"uks7jsq575uotes"}
{"type":"log","timestamp":1754918261551,"level":"info","message":"Rendering template { name: informeSeleccion006, recipe: chrome-pdf, engine: handlebars, preview: true }","meta":{"rootId":"14k3vhy4t5ihqi7","id":"14k3vhy4t5ihqi7"},"id":"j4au20eb61eellh","previousOperationId":"uks7jsq575uotes"}
{"type":"log","timestamp":1754918261555,"level":"debug","message":"Adding sample data data06","meta":{"rootId":"14k3vhy4t5ihqi7","id":"14k3vhy4t5ihqi7"},"id":"9cqgh7fymjswq7c","previousOperationId":"uks7jsq575uotes"}
{"type":"log","timestamp":1754918261558,"level":"debug","message":"Base url not specified, skipping its injection.","meta":{"rootId":"14k3vhy4t5ihqi7","id":"14k3vhy4t5ihqi7"},"id":"kjyrnp2ks8uxej6","previousOperationId":"uks7jsq575uotes"}
{"type":"operationStart","subtype":"engine","name":"handlebars","timestamp":1754918261559,"id":"t44381cmlubwuov","previousEventId":"87ax77amvclpthp","operationId":"2i9x3tliphornv4","previousOperationId":"uks7jsq575uotes"}
{"type":"log","timestamp":1754918261559,"level":"debug","message":"Rendering engine handlebars","meta":{"rootId":"14k3vhy4t5ihqi7","id":"14k3vhy4t5ihqi7"},"id":"3tzy64g90fetq1t","previousOperationId":"2i9x3tliphornv4"}
{"type":"operationEnd","operationId":"2i9x3tliphornv4","timestamp":1754918261956,"id":"hzn818qmh9jwt9z","previousEventId":"t44381cmlubwuov","previousOperationId":"2i9x3tliphornv4"}
{"type":"operationStart","subtype":"recipe","name":"chrome-pdf","timestamp":1754918261957,"id":"xo00fw6pgpec38d","previousEventId":"hzn818qmh9jwt9z","operationId":"flkj3qi2y1egnwr","previousOperationId":"2i9x3tliphornv4"}
{"type":"log","timestamp":1754918261957,"level":"debug","message":"Executing recipe chrome-pdf","meta":{"rootId":"14k3vhy4t5ihqi7","id":"14k3vhy4t5ihqi7"},"id":"s6w4avqsrp1u3ld","previousOperationId":"flkj3qi2y1egnwr"}
{"type":"log","timestamp":1754918262396,"level":"debug","message":"Converting with chrome Chrome/138.0.7204.157 using chrome-pool strategy","meta":{"rootId":"14k3vhy4t5ihqi7","id":"14k3vhy4t5ihqi7"},"id":"avod9zl8xo548vk","previousOperationId":"flkj3qi2y1egnwr"}
{"type":"log","timestamp":1754918262479,"level":"debug","message":"Page request: GET (document) file:///app/temp/autocleanup/4daeefbc-98e9-4cf7-a12d-91c8909239ea-chrome-pdf.html","meta":{"rootId":"14k3vhy4t5ihqi7","id":"14k3vhy4t5ihqi7"},"id":"c78vt019skezff5","previousOperationId":"flkj3qi2y1egnwr"}
{"type":"log","timestamp":1754918262494,"level":"debug","message":"Page request finished: GET (document) 200 file:///app/temp/autocleanup/4daeefbc-98e9-4cf7-a12d-91c8909239ea-chrome-pdf.html","meta":{"rootId":"14k3vhy4t5ihqi7","id":"14k3vhy4t5ihqi7"},"id":"ssj19ill9d4u6vp","previousOperationId":"flkj3qi2y1egnwr"}
{"type":"log","timestamp":1754918262527,"level":"debug","message":"Running chrome with params {\"printBackground\":true,\"timeout\":59472,\"margin\":{}}","meta":{"rootId":"14k3vhy4t5ihqi7","id":"14k3vhy4t5ihqi7"},"id":"og7m7xs4k8xmlgt","previousOperationId":"flkj3qi2y1egnwr"}
{"type":"operationEnd","operationId":"flkj3qi2y1egnwr","timestamp":1754918262636,"id":"k1808qh16284phr","previousEventId":"xo00fw6pgpec38d","previousOperationId":"flkj3qi2y1egnwr"}
{"type":"log","timestamp":1754918262636,"level":"debug","message":"Skipping storing report.","meta":{"rootId":"14k3vhy4t5ihqi7","id":"14k3vhy4t5ihqi7"},"id":"vgbbgvdzjfz7xy4","previousOperationId":"flkj3qi2y1egnwr"}
{"type":"log","timestamp":1754918262636,"level":"info","message":"Rendering request 2 finished in 1114 ms","meta":{"rootId":"14k3vhy4t5ihqi7","id":"14k3vhy4t5ihqi7"},"id":"ji0qwijd3275xsm","previousOperationId":"flkj3qi2y1egnwr"}
{"type":"operationEnd","subtype":"render","operationId":"uks7jsq575uotes","timestamp":1754918262636,"id":"b1vxt9js5d92b7z","previousEventId":"k1808qh16284phr","previousOperationId":"flkj3qi2y1egnwr"}
{"type":"operationEnd","doDiffs":false,"previousEventId":"3s1h2buye9qcutr","previousOperationId":"qm1gbg2mzsc1hn6","operationId":"qm1gbg2mzsc1hn6","timestamp":1754918262640,"id":"21iok958m8jwt3k"}
