{"type":"operationStart","subtype":"profile","data":{"_id":"9KR8SGTn0VAD8wtv","timestamp":"2025-08-11T09:12:30.146Z","state":"queued","mode":"standard","creationDate":"2025-08-11T09:12:30.148Z","modificationDate":"2025-08-11T09:12:30.148Z","shortid":"r3ztHIJ","inheritedReadPermissions":[],"inheritedEditPermissions":[],"$entitySet":"profiles"},"doDiffs":false,"timestamp":1754903550147,"id":"k1rrrqxi8gaz7vz","previousOperationId":null,"operationId":"8y5kivekcw324y3"}
{"type":"log","level":"info","message":"Render request 2 queued for execution and waiting for available worker","previousOperationId":"8y5kivekcw324y3","timestamp":1754903550147,"id":"41d6c1a6ro2qzwb"}
{"type":"operationStart","subtype":"render","name":"informeSeleccion006","previousOperationId":"8y5kivekcw324y3","timestamp":1754903550176,"id":"2e6pk2v4qjo191u","previousEventId":"k1rrrqxi8gaz7vz","operationId":"239h7yqt1c5jvti"}
{"type":"log","timestamp":1754903550176,"level":"info","message":"Starting rendering request 2 (user: admin)","meta":{"rootId":"fop4j439h0z2ipl","id":"fop4j439h0z2ipl"},"id":"vkjskqgyi213lup","previousOperationId":"239h7yqt1c5jvti"}
{"type":"log","timestamp":1754903550177,"level":"info","message":"Rendering template { name: informeSeleccion006, recipe: chrome-pdf, engine: handlebars, preview: true }","meta":{"rootId":"fop4j439h0z2ipl","id":"fop4j439h0z2ipl"},"id":"bipqdi920i6w04e","previousOperationId":"239h7yqt1c5jvti"}
{"type":"log","timestamp":1754903550179,"level":"debug","message":"Adding sample data data06","meta":{"rootId":"fop4j439h0z2ipl","id":"fop4j439h0z2ipl"},"id":"0qhj148bb3w73l1","previousOperationId":"239h7yqt1c5jvti"}
{"type":"log","timestamp":1754903550183,"level":"debug","message":"Base url not specified, skipping its injection.","meta":{"rootId":"fop4j439h0z2ipl","id":"fop4j439h0z2ipl"},"id":"9excientjtb051z","previousOperationId":"239h7yqt1c5jvti"}
{"type":"operationStart","subtype":"engine","name":"handlebars","timestamp":1754903550184,"id":"4f2olkp5hafje77","previousEventId":"2e6pk2v4qjo191u","operationId":"wflcp5oi1d7s1df","previousOperationId":"239h7yqt1c5jvti"}
{"type":"log","timestamp":1754903550184,"level":"debug","message":"Rendering engine handlebars","meta":{"rootId":"fop4j439h0z2ipl","id":"fop4j439h0z2ipl"},"id":"phnzj4igw1avmvk","previousOperationId":"wflcp5oi1d7s1df"}
{"type":"operationEnd","operationId":"wflcp5oi1d7s1df","timestamp":1754903550600,"id":"l012mcmdhxtf0j3","previousEventId":"4f2olkp5hafje77","previousOperationId":"wflcp5oi1d7s1df"}
{"type":"operationStart","subtype":"recipe","name":"chrome-pdf","timestamp":1754903550601,"id":"jdi058luunpfrn4","previousEventId":"l012mcmdhxtf0j3","operationId":"pady1ls2r0f3dyi","previousOperationId":"wflcp5oi1d7s1df"}
{"type":"log","timestamp":1754903550601,"level":"debug","message":"Executing recipe chrome-pdf","meta":{"rootId":"fop4j439h0z2ipl","id":"fop4j439h0z2ipl"},"id":"wnht6kx9stqh36a","previousOperationId":"pady1ls2r0f3dyi"}
{"type":"log","timestamp":1754903551024,"level":"debug","message":"Converting with chrome Chrome/138.0.7204.157 using chrome-pool strategy","meta":{"rootId":"fop4j439h0z2ipl","id":"fop4j439h0z2ipl"},"id":"d71obtqxlluc8mw","previousOperationId":"pady1ls2r0f3dyi"}
{"type":"log","timestamp":1754903551131,"level":"debug","message":"Page request: GET (document) file:///app/temp/autocleanup/218cfcb5-f942-41b8-8063-61e1fcd08b9f-chrome-pdf.html","meta":{"rootId":"fop4j439h0z2ipl","id":"fop4j439h0z2ipl"},"id":"kh1exyrpcp1uoqr","previousOperationId":"pady1ls2r0f3dyi"}
{"type":"log","timestamp":1754903551150,"level":"debug","message":"Page request finished: GET (document) 200 file:///app/temp/autocleanup/218cfcb5-f942-41b8-8063-61e1fcd08b9f-chrome-pdf.html","meta":{"rootId":"fop4j439h0z2ipl","id":"fop4j439h0z2ipl"},"id":"a1fgfsu2hsetvne","previousOperationId":"pady1ls2r0f3dyi"}
{"type":"log","timestamp":1754903551191,"level":"debug","message":"Running chrome with params {\"printBackground\":true,\"timeout\":59450,\"margin\":{}}","meta":{"rootId":"fop4j439h0z2ipl","id":"fop4j439h0z2ipl"},"id":"jgy4hz6v0nfovs2","previousOperationId":"pady1ls2r0f3dyi"}
{"type":"operationEnd","operationId":"pady1ls2r0f3dyi","timestamp":1754903551275,"id":"mw1e4rwndetimv7","previousEventId":"jdi058luunpfrn4","previousOperationId":"pady1ls2r0f3dyi"}
{"type":"log","timestamp":1754903551276,"level":"debug","message":"Skipping storing report.","meta":{"rootId":"fop4j439h0z2ipl","id":"fop4j439h0z2ipl"},"id":"40nltgisifrilsu","previousOperationId":"pady1ls2r0f3dyi"}
{"type":"log","timestamp":1754903551276,"level":"info","message":"Rendering request 2 finished in 1130 ms","meta":{"rootId":"fop4j439h0z2ipl","id":"fop4j439h0z2ipl"},"id":"7vn0um3b1zeoxqh","previousOperationId":"pady1ls2r0f3dyi"}
{"type":"operationEnd","subtype":"render","operationId":"239h7yqt1c5jvti","timestamp":1754903551276,"id":"6ux12uuiz4dl12j","previousEventId":"mw1e4rwndetimv7","previousOperationId":"pady1ls2r0f3dyi"}
{"type":"operationEnd","doDiffs":false,"previousEventId":"k1rrrqxi8gaz7vz","previousOperationId":"8y5kivekcw324y3","operationId":"8y5kivekcw324y3","timestamp":1754903551279,"id":"j03slm0jk9jb5ss"}
