{"type":"operationStart","subtype":"profile","data":{"_id":"vBI77KEvUVMN9WWk","timestamp":"2025-08-11T13:18:32.350Z","state":"queued","mode":"standard","creationDate":"2025-08-11T13:18:32.351Z","modificationDate":"2025-08-11T13:18:32.351Z","shortid":"LzU61VF","inheritedReadPermissions":[],"inheritedEditPermissions":[],"$entitySet":"profiles"},"doDiffs":false,"timestamp":1754918312351,"id":"el4bslphoje9x87","previousOperationId":null,"operationId":"twox52ztaautgdt"}
{"type":"log","level":"info","message":"Render request 4 queued for execution and waiting for available worker","previousOperationId":"twox52ztaautgdt","timestamp":1754918312351,"id":"lg7ezgrpsyr51zt"}
{"type":"operationStart","subtype":"render","name":"informeSeleccion006","previousOperationId":"twox52ztaautgdt","timestamp":1754918312375,"id":"4xksi8jqnks1st8","previousEventId":"el4bslphoje9x87","operationId":"b5qwx8bj7aqfua7"}
{"type":"log","timestamp":1754918312375,"level":"info","message":"Starting rendering request 4 (user: admin)","meta":{"rootId":"i1sdl3bl6tps924","id":"i1sdl3bl6tps924"},"id":"li7e07e7swxxdlv","previousOperationId":"b5qwx8bj7aqfua7"}
{"type":"log","timestamp":1754918312375,"level":"info","message":"Rendering template { name: informeSeleccion006, recipe: chrome-pdf, engine: handlebars, preview: true }","meta":{"rootId":"i1sdl3bl6tps924","id":"i1sdl3bl6tps924"},"id":"omz2dwsw0va7rfu","previousOperationId":"b5qwx8bj7aqfua7"}
{"type":"log","timestamp":1754918312377,"level":"debug","message":"Inline data specified.","meta":{"rootId":"i1sdl3bl6tps924","id":"i1sdl3bl6tps924"},"id":"ze7m9573h323rse","previousOperationId":"b5qwx8bj7aqfua7"}
{"type":"log","timestamp":1754918312379,"level":"debug","message":"Base url not specified, skipping its injection.","meta":{"rootId":"i1sdl3bl6tps924","id":"i1sdl3bl6tps924"},"id":"bpvmza8jlqypexh","previousOperationId":"b5qwx8bj7aqfua7"}
{"type":"operationStart","subtype":"engine","name":"handlebars","timestamp":1754918312379,"id":"oqv23a641362fkc","previousEventId":"4xksi8jqnks1st8","operationId":"sgpcxgo2gwt1hmk","previousOperationId":"b5qwx8bj7aqfua7"}
{"type":"log","timestamp":1754918312379,"level":"debug","message":"Rendering engine handlebars","meta":{"rootId":"i1sdl3bl6tps924","id":"i1sdl3bl6tps924"},"id":"vhani9juiknq4fm","previousOperationId":"sgpcxgo2gwt1hmk"}
{"type":"operationEnd","operationId":"sgpcxgo2gwt1hmk","timestamp":1754918312401,"id":"3gnmze1r9t8xzjd","previousEventId":"oqv23a641362fkc","previousOperationId":"sgpcxgo2gwt1hmk"}
{"type":"operationStart","subtype":"recipe","name":"chrome-pdf","timestamp":1754918312401,"id":"zsb3e2gckjysc3o","previousEventId":"3gnmze1r9t8xzjd","operationId":"i7w8r2m0b60mcb9","previousOperationId":"sgpcxgo2gwt1hmk"}
{"type":"log","timestamp":1754918312401,"level":"debug","message":"Executing recipe chrome-pdf","meta":{"rootId":"i1sdl3bl6tps924","id":"i1sdl3bl6tps924"},"id":"tbxxw5ccyvly6m4","previousOperationId":"i7w8r2m0b60mcb9"}
{"type":"log","timestamp":1754918312404,"level":"debug","message":"Converting with chrome Chrome/138.0.7204.157 using chrome-pool strategy","meta":{"rootId":"i1sdl3bl6tps924","id":"i1sdl3bl6tps924"},"id":"ma1q1pic0iu6ps9","previousOperationId":"i7w8r2m0b60mcb9"}
{"type":"log","timestamp":1754918312466,"level":"debug","message":"Page request: GET (document) file:///app/temp/autocleanup/492cbcf4-5030-4d9b-ace5-33fddd5992bb-chrome-pdf.html","meta":{"rootId":"i1sdl3bl6tps924","id":"i1sdl3bl6tps924"},"id":"iiefrqxpq8nlqsg","previousOperationId":"i7w8r2m0b60mcb9"}
{"type":"log","timestamp":1754918312480,"level":"debug","message":"Page request finished: GET (document) 200 file:///app/temp/autocleanup/492cbcf4-5030-4d9b-ace5-33fddd5992bb-chrome-pdf.html","meta":{"rootId":"i1sdl3bl6tps924","id":"i1sdl3bl6tps924"},"id":"prmtcx3qrmakppw","previousOperationId":"i7w8r2m0b60mcb9"}
{"type":"log","timestamp":1754918312503,"level":"debug","message":"Running chrome with params {\"printBackground\":true,\"timeout\":59947,\"margin\":{}}","meta":{"rootId":"i1sdl3bl6tps924","id":"i1sdl3bl6tps924"},"id":"cajcy3fn21gai5q","previousOperationId":"i7w8r2m0b60mcb9"}
{"type":"operationEnd","operationId":"i7w8r2m0b60mcb9","timestamp":1754918312579,"id":"0cs2570461c0gcn","previousEventId":"zsb3e2gckjysc3o","previousOperationId":"i7w8r2m0b60mcb9"}
{"type":"log","timestamp":1754918312579,"level":"debug","message":"Skipping storing report.","meta":{"rootId":"i1sdl3bl6tps924","id":"i1sdl3bl6tps924"},"id":"rtsy98ifwabtd74","previousOperationId":"i7w8r2m0b60mcb9"}
{"type":"log","timestamp":1754918312579,"level":"info","message":"Rendering request 4 finished in 229 ms","meta":{"rootId":"i1sdl3bl6tps924","id":"i1sdl3bl6tps924"},"id":"mb33recl4yp1nnx","previousOperationId":"i7w8r2m0b60mcb9"}
{"type":"operationEnd","subtype":"render","operationId":"b5qwx8bj7aqfua7","timestamp":1754918312579,"id":"z3tgk6h6edfsird","previousEventId":"0cs2570461c0gcn","previousOperationId":"i7w8r2m0b60mcb9"}
{"type":"operationEnd","doDiffs":false,"previousEventId":"el4bslphoje9x87","previousOperationId":"twox52ztaautgdt","operationId":"twox52ztaautgdt","timestamp":1754918312583,"id":"krqlyuylkgkun1a"}
