{"type":"operationStart","subtype":"profile","data":{"_id":"izQYdxQ4Om3mXZj0","timestamp":"2025-08-11T09:24:26.662Z","state":"queued","mode":"standard","creationDate":"2025-08-11T09:24:26.665Z","modificationDate":"2025-08-11T09:24:26.665Z","shortid":"p5rp_fm","inheritedReadPermissions":[],"inheritedEditPermissions":[],"$entitySet":"profiles"},"doDiffs":false,"timestamp":1754904266664,"id":"088wbwbhnjjmfs7","previousOperationId":null,"operationId":"mn1nj39kcc50pdj"}
{"type":"log","level":"info","message":"Render request 1 queued for execution and waiting for available worker","previousOperationId":"mn1nj39kcc50pdj","timestamp":1754904266664,"id":"lswrebcomud7gda"}
{"type":"operationStart","subtype":"render","name":"informeSeleccion006","previousOperationId":"mn1nj39kcc50pdj","timestamp":1754904266709,"id":"tovw114fuxbhwxg","previousEventId":"088wbwbhnjjmfs7","operationId":"zhjeakugb8r4qvj"}
{"type":"log","timestamp":1754904266709,"level":"info","message":"Starting rendering request 1 (user: admin)","meta":{"rootId":"jcwps3k4c4dqy8g","id":"jcwps3k4c4dqy8g"},"id":"sh9447bhm5e1hi8","previousOperationId":"zhjeakugb8r4qvj"}
{"type":"log","timestamp":1754904266709,"level":"info","message":"Rendering template { name: informeSeleccion006, recipe: chrome-pdf, engine: handlebars, preview: true }","meta":{"rootId":"jcwps3k4c4dqy8g","id":"jcwps3k4c4dqy8g"},"id":"xaw6htdqxpzgvd3","previousOperationId":"zhjeakugb8r4qvj"}
{"type":"log","timestamp":1754904266711,"level":"debug","message":"Adding sample data data06","meta":{"rootId":"jcwps3k4c4dqy8g","id":"jcwps3k4c4dqy8g"},"id":"ps22iriryompodq","previousOperationId":"zhjeakugb8r4qvj"}
{"type":"log","timestamp":1754904266721,"level":"debug","message":"Base url not specified, skipping its injection.","meta":{"rootId":"jcwps3k4c4dqy8g","id":"jcwps3k4c4dqy8g"},"id":"5qgynohf3q4ce0n","previousOperationId":"zhjeakugb8r4qvj"}
{"type":"operationStart","subtype":"engine","name":"handlebars","timestamp":1754904266722,"id":"k7wo959nq5jrrg5","previousEventId":"tovw114fuxbhwxg","operationId":"3pm0ctzctvxnvfs","previousOperationId":"zhjeakugb8r4qvj"}
{"type":"log","timestamp":1754904266722,"level":"debug","message":"Rendering engine handlebars","meta":{"rootId":"jcwps3k4c4dqy8g","id":"jcwps3k4c4dqy8g"},"id":"46e5zpy7zzcgfys","previousOperationId":"3pm0ctzctvxnvfs"}
{"type":"operationEnd","operationId":"3pm0ctzctvxnvfs","timestamp":1754904267182,"id":"7pi8x0ybockh68c","previousEventId":"k7wo959nq5jrrg5","previousOperationId":"3pm0ctzctvxnvfs"}
{"type":"operationStart","subtype":"recipe","name":"chrome-pdf","timestamp":1754904267183,"id":"zrdqxu2s9dmlehk","previousEventId":"7pi8x0ybockh68c","operationId":"hnao0pc1sc24ock","previousOperationId":"3pm0ctzctvxnvfs"}
{"type":"log","timestamp":1754904267183,"level":"debug","message":"Executing recipe chrome-pdf","meta":{"rootId":"jcwps3k4c4dqy8g","id":"jcwps3k4c4dqy8g"},"id":"4tu9tayv52eutqj","previousOperationId":"hnao0pc1sc24ock"}
{"type":"log","timestamp":1754904267577,"level":"debug","message":"Converting with chrome Chrome/138.0.7204.157 using chrome-pool strategy","meta":{"rootId":"jcwps3k4c4dqy8g","id":"jcwps3k4c4dqy8g"},"id":"ctcz8z0n666spnm","previousOperationId":"hnao0pc1sc24ock"}
{"type":"log","timestamp":1754904267686,"level":"debug","message":"Page request: GET (document) file:///app/temp/autocleanup/0331710e-b3ca-4692-9be1-3dd0e6643a5c-chrome-pdf.html","meta":{"rootId":"jcwps3k4c4dqy8g","id":"jcwps3k4c4dqy8g"},"id":"obog9svq2131qu7","previousOperationId":"hnao0pc1sc24ock"}
{"type":"log","timestamp":1754904267709,"level":"debug","message":"Page request finished: GET (document) 200 file:///app/temp/autocleanup/0331710e-b3ca-4692-9be1-3dd0e6643a5c-chrome-pdf.html","meta":{"rootId":"jcwps3k4c4dqy8g","id":"jcwps3k4c4dqy8g"},"id":"hfh7xpm0e5195yw","previousOperationId":"hnao0pc1sc24ock"}
{"type":"log","timestamp":1754904267732,"level":"debug","message":"Running chrome with params {\"printBackground\":true,\"timeout\":59383,\"margin\":{}}","meta":{"rootId":"jcwps3k4c4dqy8g","id":"jcwps3k4c4dqy8g"},"id":"08yh24lwt6ngebz","previousOperationId":"hnao0pc1sc24ock"}
{"type":"operationEnd","operationId":"hnao0pc1sc24ock","timestamp":1754904267849,"id":"ohcrak28uu6j6oq","previousEventId":"zrdqxu2s9dmlehk","previousOperationId":"hnao0pc1sc24ock"}
{"type":"log","timestamp":1754904267850,"level":"debug","message":"Skipping storing report.","meta":{"rootId":"jcwps3k4c4dqy8g","id":"jcwps3k4c4dqy8g"},"id":"rzo5re1mj33s33l","previousOperationId":"hnao0pc1sc24ock"}
{"type":"log","timestamp":1754904267850,"level":"info","message":"Rendering request 1 finished in 1188 ms","meta":{"rootId":"jcwps3k4c4dqy8g","id":"jcwps3k4c4dqy8g"},"id":"wvdxjn7uhsb7hwq","previousOperationId":"hnao0pc1sc24ock"}
{"type":"operationEnd","subtype":"render","operationId":"zhjeakugb8r4qvj","timestamp":1754904267850,"id":"i5gmy4j4fvfuv60","previousEventId":"ohcrak28uu6j6oq","previousOperationId":"hnao0pc1sc24ock"}
{"type":"operationEnd","doDiffs":false,"previousEventId":"088wbwbhnjjmfs7","previousOperationId":"mn1nj39kcc50pdj","operationId":"mn1nj39kcc50pdj","timestamp":1754904267853,"id":"3hz3xtiwlrep3c4"}
