{"type":"operationStart","subtype":"profile","data":{"_id":"tDbRw74vAnhZYS2d","timestamp":"2025-08-11T13:18:24.765Z","state":"queued","mode":"standard","creationDate":"2025-08-11T13:18:24.766Z","modificationDate":"2025-08-11T13:18:24.766Z","shortid":"F1FZ_mC","inheritedReadPermissions":[],"inheritedEditPermissions":[],"$entitySet":"profiles"},"doDiffs":false,"timestamp":1754918304766,"id":"g2komhiwftr8ehz","previousOperationId":null,"operationId":"l1f6gc58mlui3mx"}
{"type":"log","level":"info","message":"Render request 3 queued for execution and waiting for available worker","previousOperationId":"l1f6gc58mlui3mx","timestamp":1754918304766,"id":"v8l1zmvskdcrkcn"}
{"type":"operationStart","subtype":"render","name":"informeSeleccion006","previousOperationId":"l1f6gc58mlui3mx","timestamp":1754918304792,"id":"14tcn40a9pk047h","previousEventId":"g2komhiwftr8ehz","operationId":"g0zysqvm6qevbsh"}
{"type":"log","timestamp":1754918304792,"level":"info","message":"Starting rendering request 3 (user: admin)","meta":{"rootId":"n1z2dm95h1lntht","id":"n1z2dm95h1lntht"},"id":"p3567n934pcxep7","previousOperationId":"g0zysqvm6qevbsh"}
{"type":"log","timestamp":1754918304792,"level":"info","message":"Rendering template { name: informeSeleccion006, recipe: chrome-pdf, engine: handlebars, preview: true }","meta":{"rootId":"n1z2dm95h1lntht","id":"n1z2dm95h1lntht"},"id":"wi5bp5iqksytqkd","previousOperationId":"g0zysqvm6qevbsh"}
{"type":"log","timestamp":1754918304794,"level":"debug","message":"Inline data specified.","meta":{"rootId":"n1z2dm95h1lntht","id":"n1z2dm95h1lntht"},"id":"now1fuuqil09znb","previousOperationId":"g0zysqvm6qevbsh"}
{"type":"log","timestamp":1754918304796,"level":"debug","message":"Base url not specified, skipping its injection.","meta":{"rootId":"n1z2dm95h1lntht","id":"n1z2dm95h1lntht"},"id":"rlq5p6e8weaqqbt","previousOperationId":"g0zysqvm6qevbsh"}
{"type":"operationStart","subtype":"engine","name":"handlebars","timestamp":1754918304797,"id":"47jcxm2t5xxux9n","previousEventId":"14tcn40a9pk047h","operationId":"k8yu5bq3tufqx4m","previousOperationId":"g0zysqvm6qevbsh"}
{"type":"log","timestamp":1754918304797,"level":"debug","message":"Rendering engine handlebars","meta":{"rootId":"n1z2dm95h1lntht","id":"n1z2dm95h1lntht"},"id":"nszyogsual5djto","previousOperationId":"k8yu5bq3tufqx4m"}
{"type":"operationEnd","operationId":"k8yu5bq3tufqx4m","timestamp":1754918304849,"id":"otdg1gq2zpbwatc","previousEventId":"47jcxm2t5xxux9n","previousOperationId":"k8yu5bq3tufqx4m"}
{"type":"operationStart","subtype":"recipe","name":"chrome-pdf","timestamp":1754918304850,"id":"rdfer5847eafhc8","previousEventId":"otdg1gq2zpbwatc","operationId":"8qr6smkdmoskjoq","previousOperationId":"k8yu5bq3tufqx4m"}
{"type":"log","timestamp":1754918304850,"level":"debug","message":"Executing recipe chrome-pdf","meta":{"rootId":"n1z2dm95h1lntht","id":"n1z2dm95h1lntht"},"id":"xq6ope19ldelc01","previousOperationId":"8qr6smkdmoskjoq"}
{"type":"log","timestamp":1754918304853,"level":"debug","message":"Converting with chrome Chrome/138.0.7204.157 using chrome-pool strategy","meta":{"rootId":"n1z2dm95h1lntht","id":"n1z2dm95h1lntht"},"id":"1mvxzgpb8byvg78","previousOperationId":"8qr6smkdmoskjoq"}
{"type":"log","timestamp":1754918304908,"level":"debug","message":"Page request: GET (document) file:///app/temp/autocleanup/a15e7bd9-9407-4e88-b305-be228ddfa330-chrome-pdf.html","meta":{"rootId":"n1z2dm95h1lntht","id":"n1z2dm95h1lntht"},"id":"o316hk9sfnmi8p3","previousOperationId":"8qr6smkdmoskjoq"}
{"type":"log","timestamp":1754918304920,"level":"debug","message":"Page request finished: GET (document) 200 file:///app/temp/autocleanup/a15e7bd9-9407-4e88-b305-be228ddfa330-chrome-pdf.html","meta":{"rootId":"n1z2dm95h1lntht","id":"n1z2dm95h1lntht"},"id":"b4omskee0q2gpxh","previousOperationId":"8qr6smkdmoskjoq"}
{"type":"log","timestamp":1754918304946,"level":"debug","message":"Running chrome with params {\"printBackground\":true,\"timeout\":59913,\"margin\":{}}","meta":{"rootId":"n1z2dm95h1lntht","id":"n1z2dm95h1lntht"},"id":"xv57wlfe906y16i","previousOperationId":"8qr6smkdmoskjoq"}
{"type":"operationEnd","operationId":"8qr6smkdmoskjoq","timestamp":1754918305029,"id":"uuxi120x16mcyx1","previousEventId":"rdfer5847eafhc8","previousOperationId":"8qr6smkdmoskjoq"}
{"type":"log","timestamp":1754918305029,"level":"debug","message":"Skipping storing report.","meta":{"rootId":"n1z2dm95h1lntht","id":"n1z2dm95h1lntht"},"id":"188vw1ef09x9wxr","previousOperationId":"8qr6smkdmoskjoq"}
{"type":"log","timestamp":1754918305029,"level":"info","message":"Rendering request 3 finished in 264 ms","meta":{"rootId":"n1z2dm95h1lntht","id":"n1z2dm95h1lntht"},"id":"o1z08vsrh7ewgyz","previousOperationId":"8qr6smkdmoskjoq"}
{"type":"operationEnd","subtype":"render","operationId":"g0zysqvm6qevbsh","timestamp":1754918305029,"id":"07dqkpvpmoyusjl","previousEventId":"uuxi120x16mcyx1","previousOperationId":"8qr6smkdmoskjoq"}
{"type":"operationEnd","doDiffs":false,"previousEventId":"g2komhiwftr8ehz","previousOperationId":"l1f6gc58mlui3mx","operationId":"l1f6gc58mlui3mx","timestamp":1754918305031,"id":"muihv9wobf08cqz"}
