{"type":"operationStart","subtype":"profile","data":{"_id":"NbZ6X9wok8i1s79g","timestamp":"2025-08-11T13:25:00.317Z","state":"queued","mode":"standard","creationDate":"2025-08-11T13:25:00.318Z","modificationDate":"2025-08-11T13:25:00.318Z","shortid":"WxB9Uh8","inheritedReadPermissions":[],"inheritedEditPermissions":[],"$entitySet":"profiles"},"doDiffs":false,"timestamp":1754918700317,"id":"8a3666x2x4fkn8k","previousOperationId":null,"operationId":"gzuzjhpmi6no4jg"}
{"type":"log","level":"info","message":"Render request 5 queued for execution and waiting for available worker","previousOperationId":"gzuzjhpmi6no4jg","timestamp":1754918700317,"id":"ndrk0uqzxwn5zxk"}
{"type":"operationStart","subtype":"render","name":"informeSeleccion006","previousOperationId":"gzuzjhpmi6no4jg","timestamp":1754918700343,"id":"l6ldtll1vvedx2c","previousEventId":"8a3666x2x4fkn8k","operationId":"v8pzcy7zzm55xi0"}
{"type":"log","timestamp":1754918700343,"level":"info","message":"Starting rendering request 5 (user: admin)","meta":{"rootId":"nwgcebjp9h2b57b","id":"nwgcebjp9h2b57b"},"id":"ploirhnezxjprpz","previousOperationId":"v8pzcy7zzm55xi0"}
{"type":"log","timestamp":1754918700343,"level":"info","message":"Rendering template { name: informeSeleccion006, recipe: chrome-pdf, engine: handlebars, preview: true }","meta":{"rootId":"nwgcebjp9h2b57b","id":"nwgcebjp9h2b57b"},"id":"wm5q733d4glrkam","previousOperationId":"v8pzcy7zzm55xi0"}
{"type":"log","timestamp":1754918700345,"level":"debug","message":"Adding sample data data06","meta":{"rootId":"nwgcebjp9h2b57b","id":"nwgcebjp9h2b57b"},"id":"uiup7vbyhl1vncd","previousOperationId":"v8pzcy7zzm55xi0"}
{"type":"log","timestamp":1754918700349,"level":"debug","message":"Base url not specified, skipping its injection.","meta":{"rootId":"nwgcebjp9h2b57b","id":"nwgcebjp9h2b57b"},"id":"oojjqze2qtm4lol","previousOperationId":"v8pzcy7zzm55xi0"}
{"type":"operationStart","subtype":"engine","name":"handlebars","timestamp":1754918700349,"id":"6n66pzq8e1wnavx","previousEventId":"l6ldtll1vvedx2c","operationId":"6r5kgd9ko1q3ixx","previousOperationId":"v8pzcy7zzm55xi0"}
{"type":"log","timestamp":1754918700349,"level":"debug","message":"Rendering engine handlebars","meta":{"rootId":"nwgcebjp9h2b57b","id":"nwgcebjp9h2b57b"},"id":"0nqbuv5wwjqjv2s","previousOperationId":"6r5kgd9ko1q3ixx"}
{"type":"operationEnd","operationId":"6r5kgd9ko1q3ixx","timestamp":1754918700370,"id":"2fkx8o9uyzyw8j0","previousEventId":"6n66pzq8e1wnavx","previousOperationId":"6r5kgd9ko1q3ixx"}
{"type":"operationStart","subtype":"recipe","name":"chrome-pdf","timestamp":1754918700370,"id":"k0h3wd5y7e2pmj3","previousEventId":"2fkx8o9uyzyw8j0","operationId":"bc42byg3q4qa9qu","previousOperationId":"6r5kgd9ko1q3ixx"}
{"type":"log","timestamp":1754918700370,"level":"debug","message":"Executing recipe chrome-pdf","meta":{"rootId":"nwgcebjp9h2b57b","id":"nwgcebjp9h2b57b"},"id":"ybvy8amdp2vmc2b","previousOperationId":"bc42byg3q4qa9qu"}
{"type":"log","timestamp":1754918700372,"level":"debug","message":"Converting with chrome Chrome/138.0.7204.157 using chrome-pool strategy","meta":{"rootId":"nwgcebjp9h2b57b","id":"nwgcebjp9h2b57b"},"id":"qsj1q7ybcznz0wu","previousOperationId":"bc42byg3q4qa9qu"}
{"type":"log","timestamp":1754918700433,"level":"debug","message":"Page request: GET (document) file:///app/temp/autocleanup/7998b21a-188e-4b40-b74e-280396c9536c-chrome-pdf.html","meta":{"rootId":"nwgcebjp9h2b57b","id":"nwgcebjp9h2b57b"},"id":"9hxgd5r7xaxfmg1","previousOperationId":"bc42byg3q4qa9qu"}
{"type":"log","timestamp":1754918700448,"level":"debug","message":"Page request finished: GET (document) 200 file:///app/temp/autocleanup/7998b21a-188e-4b40-b74e-280396c9536c-chrome-pdf.html","meta":{"rootId":"nwgcebjp9h2b57b","id":"nwgcebjp9h2b57b"},"id":"ugm0e7fkrb9437u","previousOperationId":"bc42byg3q4qa9qu"}
{"type":"log","timestamp":1754918700474,"level":"debug","message":"Running chrome with params {\"printBackground\":true,\"timeout\":59946,\"margin\":{}}","meta":{"rootId":"nwgcebjp9h2b57b","id":"nwgcebjp9h2b57b"},"id":"p44zlliifzen0it","previousOperationId":"bc42byg3q4qa9qu"}
{"type":"operationEnd","operationId":"bc42byg3q4qa9qu","timestamp":1754918700579,"id":"7o2wg59stuvw5wv","previousEventId":"k0h3wd5y7e2pmj3","previousOperationId":"bc42byg3q4qa9qu"}
{"type":"log","timestamp":1754918700579,"level":"debug","message":"Skipping storing report.","meta":{"rootId":"nwgcebjp9h2b57b","id":"nwgcebjp9h2b57b"},"id":"5fnjr73h9si6sj5","previousOperationId":"bc42byg3q4qa9qu"}
{"type":"log","timestamp":1754918700579,"level":"info","message":"Rendering request 5 finished in 262 ms","meta":{"rootId":"nwgcebjp9h2b57b","id":"nwgcebjp9h2b57b"},"id":"cofl2j9sy068xlb","previousOperationId":"bc42byg3q4qa9qu"}
{"type":"operationEnd","subtype":"render","operationId":"v8pzcy7zzm55xi0","timestamp":1754918700579,"id":"ioprp8hh1z8916b","previousEventId":"7o2wg59stuvw5wv","previousOperationId":"bc42byg3q4qa9qu"}
{"type":"operationEnd","doDiffs":false,"previousEventId":"8a3666x2x4fkn8k","previousOperationId":"gzuzjhpmi6no4jg","operationId":"gzuzjhpmi6no4jg","timestamp":1754918700582,"id":"6lt15bmem5ethv7"}
