{"type":"operationStart","subtype":"profile","data":{"_id":"PYorkzzyvd2t5KwZ","timestamp":"2025-08-07T15:10:04.817Z","state":"queued","mode":"standard","creationDate":"2025-08-07T15:10:04.818Z","modificationDate":"2025-08-07T15:10:04.818Z","shortid":"06G5pcm","inheritedReadPermissions":[],"inheritedEditPermissions":[],"$entitySet":"profiles"},"doDiffs":false,"timestamp":1754579404818,"id":"7nnbza8ctwq8krh","previousOperationId":null,"operationId":"z5v4b49emcmg3xy"}
{"type":"log","level":"info","message":"Render request 15 queued for execution and waiting for available worker","previousOperationId":"z5v4b49emcmg3xy","timestamp":1754579404818,"id":"l0de1q4m5r4opyb"}
{"type":"operationStart","subtype":"render","name":"informeSeleccion01","previousOperationId":"z5v4b49emcmg3xy","timestamp":1754579404843,"id":"neh06y0y1xqi60p","previousEventId":"7nnbza8ctwq8krh","operationId":"hx8723dl5lzx9ex"}
{"type":"log","timestamp":1754579404843,"level":"info","message":"Starting rendering request 15 (user: admin)","meta":{"rootId":"bvpi0rrv2o1d0fn","id":"bvpi0rrv2o1d0fn"},"id":"nuvualrvys8dc08","previousOperationId":"hx8723dl5lzx9ex"}
{"type":"log","timestamp":1754579404843,"level":"info","message":"Rendering template { name: informeSeleccion01, recipe: chrome-pdf, engine: handlebars, preview: true }","meta":{"rootId":"bvpi0rrv2o1d0fn","id":"bvpi0rrv2o1d0fn"},"id":"0ny5yk3dqncxozj","previousOperationId":"hx8723dl5lzx9ex"}
{"type":"log","timestamp":1754579404845,"level":"debug","message":"Inline data specified.","meta":{"rootId":"bvpi0rrv2o1d0fn","id":"bvpi0rrv2o1d0fn"},"id":"v8gevb0kko1nka6","previousOperationId":"hx8723dl5lzx9ex"}
{"type":"log","timestamp":1754579404851,"level":"debug","message":"Base url not specified, skipping its injection.","meta":{"rootId":"bvpi0rrv2o1d0fn","id":"bvpi0rrv2o1d0fn"},"id":"sg1w3a2sp3zowrh","previousOperationId":"hx8723dl5lzx9ex"}
{"type":"operationStart","subtype":"engine","name":"handlebars","timestamp":1754579404851,"id":"7fbjaeav74e4unw","previousEventId":"neh06y0y1xqi60p","operationId":"wh26k1wb3rt6bcb","previousOperationId":"hx8723dl5lzx9ex"}
{"type":"log","timestamp":1754579404851,"level":"debug","message":"Rendering engine handlebars","meta":{"rootId":"bvpi0rrv2o1d0fn","id":"bvpi0rrv2o1d0fn"},"id":"htohk7tdv1fda1h","previousOperationId":"wh26k1wb3rt6bcb"}
{"type":"operationEnd","operationId":"wh26k1wb3rt6bcb","timestamp":1754579404862,"id":"8aodlbedppzui8w","previousEventId":"7fbjaeav74e4unw","previousOperationId":"wh26k1wb3rt6bcb"}
{"type":"operationStart","subtype":"recipe","name":"chrome-pdf","timestamp":1754579404862,"id":"ke888m9vsontruz","previousEventId":"8aodlbedppzui8w","operationId":"fudvah4gky0p2p2","previousOperationId":"wh26k1wb3rt6bcb"}
{"type":"log","timestamp":1754579404862,"level":"debug","message":"Executing recipe chrome-pdf","meta":{"rootId":"bvpi0rrv2o1d0fn","id":"bvpi0rrv2o1d0fn"},"id":"59815aup9dbyk4h","previousOperationId":"fudvah4gky0p2p2"}
{"type":"log","timestamp":1754579404867,"level":"debug","message":"Converting with chrome Chrome/138.0.7204.157 using chrome-pool strategy","meta":{"rootId":"bvpi0rrv2o1d0fn","id":"bvpi0rrv2o1d0fn"},"id":"szvmlgm1420sddz","previousOperationId":"fudvah4gky0p2p2"}
{"type":"log","timestamp":1754579404935,"level":"debug","message":"Page request: GET (document) file:///app/temp/autocleanup/0d6d226a-0a66-488a-8975-3cfb27cae402-chrome-pdf.html","meta":{"rootId":"bvpi0rrv2o1d0fn","id":"bvpi0rrv2o1d0fn"},"id":"userym7w02sk7kx","previousOperationId":"fudvah4gky0p2p2"}
{"type":"log","timestamp":1754579404949,"level":"debug","message":"Page request finished: GET (document) 200 file:///app/temp/autocleanup/0d6d226a-0a66-488a-8975-3cfb27cae402-chrome-pdf.html","meta":{"rootId":"bvpi0rrv2o1d0fn","id":"bvpi0rrv2o1d0fn"},"id":"i3ywp5nus5so84p","previousOperationId":"fudvah4gky0p2p2"}
{"type":"log","timestamp":1754579404976,"level":"debug","message":"Running chrome with params {\"printBackground\":true,\"timeout\":59952,\"margin\":{}}","meta":{"rootId":"bvpi0rrv2o1d0fn","id":"bvpi0rrv2o1d0fn"},"id":"6rt3v4z2kcttfwf","previousOperationId":"fudvah4gky0p2p2"}
{"type":"operationEnd","operationId":"fudvah4gky0p2p2","timestamp":1754579405078,"id":"73v6shqoiydnxje","previousEventId":"ke888m9vsontruz","previousOperationId":"fudvah4gky0p2p2"}
{"type":"log","timestamp":1754579405078,"level":"debug","message":"Skipping storing report.","meta":{"rootId":"bvpi0rrv2o1d0fn","id":"bvpi0rrv2o1d0fn"},"id":"5cwyyqxwqzjq2j8","previousOperationId":"fudvah4gky0p2p2"}
{"type":"log","timestamp":1754579405078,"level":"info","message":"Rendering request 15 finished in 261 ms","meta":{"rootId":"bvpi0rrv2o1d0fn","id":"bvpi0rrv2o1d0fn"},"id":"v3332r9r5n3ruep","previousOperationId":"fudvah4gky0p2p2"}
{"type":"operationEnd","subtype":"render","operationId":"hx8723dl5lzx9ex","timestamp":1754579405082,"id":"6tbe3ek5mqu0dih","previousEventId":"73v6shqoiydnxje","previousOperationId":"fudvah4gky0p2p2"}
{"type":"operationEnd","doDiffs":false,"previousEventId":"7nnbza8ctwq8krh","previousOperationId":"z5v4b49emcmg3xy","operationId":"z5v4b49emcmg3xy","timestamp":1754579405085,"id":"ujla9nd4o6zorzn"}
