{"type":"operationStart","subtype":"profile","data":{"_id":"kmckKWZYjo7GDW9Z","timestamp":"2025-08-11T09:00:14.582Z","state":"queued","mode":"standard","creationDate":"2025-08-11T09:00:14.584Z","modificationDate":"2025-08-11T09:00:14.584Z","shortid":"sfxW7ji","inheritedReadPermissions":[],"inheritedEditPermissions":[],"$entitySet":"profiles"},"doDiffs":false,"timestamp":1754902814583,"id":"f9mh9wdsu1rheyg","previousOperationId":null,"operationId":"78nd5qqsrxehnhg"}
{"type":"log","level":"info","message":"Render request 1 queued for execution and waiting for available worker","previousOperationId":"78nd5qqsrxehnhg","timestamp":1754902814584,"id":"jd9esanmrz6u1nl"}
{"type":"operationStart","subtype":"render","name":"informeSeleccion01","previousOperationId":"78nd5qqsrxehnhg","timestamp":1754902814629,"id":"leen94xtdhme5io","previousEventId":"f9mh9wdsu1rheyg","operationId":"b6l6nt1qubwl3lo"}
{"type":"log","timestamp":1754902814630,"level":"info","message":"Starting rendering request 1 (user: admin)","meta":{"rootId":"lguz94eowwntmfl","id":"lguz94eowwntmfl"},"id":"rs38yypa1g46b7o","previousOperationId":"b6l6nt1qubwl3lo"}
{"type":"log","timestamp":1754902814630,"level":"info","message":"Rendering template { name: informeSeleccion01, recipe: chrome-pdf, engine: handlebars, preview: true }","meta":{"rootId":"lguz94eowwntmfl","id":"lguz94eowwntmfl"},"id":"d83y7vb8gjx47hz","previousOperationId":"b6l6nt1qubwl3lo"}
{"type":"log","timestamp":1754902814632,"level":"debug","message":"Adding sample data E7u1asv8p","meta":{"rootId":"lguz94eowwntmfl","id":"lguz94eowwntmfl"},"id":"e8v1lnmvnu8cfj1","previousOperationId":"b6l6nt1qubwl3lo"}
{"type":"log","timestamp":1754902814642,"level":"debug","message":"Base url not specified, skipping its injection.","meta":{"rootId":"lguz94eowwntmfl","id":"lguz94eowwntmfl"},"id":"ur8fgekkk110x8e","previousOperationId":"b6l6nt1qubwl3lo"}
{"type":"operationStart","subtype":"engine","name":"handlebars","timestamp":1754902814642,"id":"jtpjt88dysmu7l1","previousEventId":"leen94xtdhme5io","operationId":"j12nh2xekp3z8wl","previousOperationId":"b6l6nt1qubwl3lo"}
{"type":"log","timestamp":1754902814642,"level":"debug","message":"Rendering engine handlebars","meta":{"rootId":"lguz94eowwntmfl","id":"lguz94eowwntmfl"},"id":"9ry795fygg6aofr","previousOperationId":"j12nh2xekp3z8wl"}
{"type":"operationEnd","operationId":"j12nh2xekp3z8wl","timestamp":1754902815099,"id":"4miq1sov0cq53uz","previousEventId":"jtpjt88dysmu7l1","previousOperationId":"j12nh2xekp3z8wl"}
{"type":"operationStart","subtype":"recipe","name":"chrome-pdf","timestamp":1754902815100,"id":"da3eprn41ga4xnm","previousEventId":"4miq1sov0cq53uz","operationId":"g3nu3jzr5mkrwim","previousOperationId":"j12nh2xekp3z8wl"}
{"type":"log","timestamp":1754902815100,"level":"debug","message":"Executing recipe chrome-pdf","meta":{"rootId":"lguz94eowwntmfl","id":"lguz94eowwntmfl"},"id":"abpzinc39gp9lm2","previousOperationId":"g3nu3jzr5mkrwim"}
{"type":"log","timestamp":1754902815872,"level":"debug","message":"Converting with chrome Chrome/138.0.7204.157 using chrome-pool strategy","meta":{"rootId":"lguz94eowwntmfl","id":"lguz94eowwntmfl"},"id":"55873xioirqlxtw","previousOperationId":"g3nu3jzr5mkrwim"}
{"type":"log","timestamp":1754902815990,"level":"debug","message":"Page request: GET (document) file:///app/temp/autocleanup/c4da0000-3a43-4278-bb8c-e62b47dcf002-chrome-pdf.html","meta":{"rootId":"lguz94eowwntmfl","id":"lguz94eowwntmfl"},"id":"skm2yy5iij81zlt","previousOperationId":"g3nu3jzr5mkrwim"}
{"type":"log","timestamp":1754902816004,"level":"debug","message":"Page request finished: GET (document) 200 file:///app/temp/autocleanup/c4da0000-3a43-4278-bb8c-e62b47dcf002-chrome-pdf.html","meta":{"rootId":"lguz94eowwntmfl","id":"lguz94eowwntmfl"},"id":"w2xg61y8kcuwv54","previousOperationId":"g3nu3jzr5mkrwim"}
{"type":"log","timestamp":1754902816048,"level":"debug","message":"Running chrome with params {\"printBackground\":true,\"timeout\":59391,\"margin\":{}}","meta":{"rootId":"lguz94eowwntmfl","id":"lguz94eowwntmfl"},"id":"ce3gzjnnymn4zfo","previousOperationId":"g3nu3jzr5mkrwim"}
{"type":"operationEnd","operationId":"g3nu3jzr5mkrwim","timestamp":1754902816137,"id":"s23l1179b54yr7z","previousEventId":"da3eprn41ga4xnm","previousOperationId":"g3nu3jzr5mkrwim"}
{"type":"log","timestamp":1754902816138,"level":"debug","message":"Skipping storing report.","meta":{"rootId":"lguz94eowwntmfl","id":"lguz94eowwntmfl"},"id":"90whg0lf5r48x9p","previousOperationId":"g3nu3jzr5mkrwim"}
{"type":"log","timestamp":1754902816138,"level":"info","message":"Rendering request 1 finished in 1556 ms","meta":{"rootId":"lguz94eowwntmfl","id":"lguz94eowwntmfl"},"id":"pciij73pigcbxkm","previousOperationId":"g3nu3jzr5mkrwim"}
{"type":"operationEnd","subtype":"render","operationId":"b6l6nt1qubwl3lo","timestamp":1754902816138,"id":"xgpsi7vgb6cwmp8","previousEventId":"s23l1179b54yr7z","previousOperationId":"g3nu3jzr5mkrwim"}
{"type":"operationEnd","doDiffs":false,"previousEventId":"f9mh9wdsu1rheyg","previousOperationId":"78nd5qqsrxehnhg","operationId":"78nd5qqsrxehnhg","timestamp":1754902816144,"id":"1sbzddvncghbm4e"}
