{"type":"operationStart","subtype":"profile","data":{"_id":"sxImWcWHVtjAbxAD","timestamp":"2025-08-11T05:29:46.257Z","state":"queued","mode":"standard","creationDate":"2025-08-11T05:29:46.259Z","modificationDate":"2025-08-11T05:29:46.259Z","shortid":"Zr03bQ6","inheritedReadPermissions":[],"inheritedEditPermissions":[],"$entitySet":"profiles"},"doDiffs":false,"timestamp":1754890186258,"id":"dyh2iscyagf17my","previousOperationId":null,"operationId":"nkcyfldbyvjggim"}
{"type":"log","level":"info","message":"Render request 1 queued for execution and waiting for available worker","previousOperationId":"nkcyfldbyvjggim","timestamp":1754890186258,"id":"ajvf2niep5qk9ks"}
{"type":"operationStart","subtype":"render","name":"informeSeleccion01","previousOperationId":"nkcyfldbyvjggim","timestamp":1754890186315,"id":"ptwxltizu6cyiy6","previousEventId":"dyh2iscyagf17my","operationId":"6dind5a9flpq59g"}
{"type":"log","timestamp":1754890186315,"level":"info","message":"Starting rendering request 1 (user: admin)","meta":{"rootId":"ruq6azp5h75p2pi","id":"ruq6azp5h75p2pi"},"id":"1zlbryuo905lahg","previousOperationId":"6dind5a9flpq59g"}
{"type":"log","timestamp":1754890186315,"level":"info","message":"Rendering template { name: informeSeleccion01, recipe: chrome-pdf, engine: handlebars, preview: true }","meta":{"rootId":"ruq6azp5h75p2pi","id":"ruq6azp5h75p2pi"},"id":"g2255uhnm1g8h4z","previousOperationId":"6dind5a9flpq59g"}
{"type":"log","timestamp":1754890186321,"level":"debug","message":"Adding sample data E7u1asv8p","meta":{"rootId":"ruq6azp5h75p2pi","id":"ruq6azp5h75p2pi"},"id":"aofbad5dwk3pbzy","previousOperationId":"6dind5a9flpq59g"}
{"type":"log","timestamp":1754890186331,"level":"debug","message":"Base url not specified, skipping its injection.","meta":{"rootId":"ruq6azp5h75p2pi","id":"ruq6azp5h75p2pi"},"id":"8de8wu0u64a8v0z","previousOperationId":"6dind5a9flpq59g"}
{"type":"operationStart","subtype":"engine","name":"handlebars","timestamp":1754890186332,"id":"4i2hqp1r4m5f1ld","previousEventId":"ptwxltizu6cyiy6","operationId":"kwnlf6202ftxnfa","previousOperationId":"6dind5a9flpq59g"}
{"type":"log","timestamp":1754890186332,"level":"debug","message":"Rendering engine handlebars","meta":{"rootId":"ruq6azp5h75p2pi","id":"ruq6azp5h75p2pi"},"id":"47osj39a9nq17ok","previousOperationId":"kwnlf6202ftxnfa"}
{"type":"operationEnd","operationId":"kwnlf6202ftxnfa","timestamp":1754890187088,"id":"v2fwgmkfglg99cg","previousEventId":"4i2hqp1r4m5f1ld","previousOperationId":"kwnlf6202ftxnfa"}
{"type":"operationStart","subtype":"recipe","name":"chrome-pdf","timestamp":1754890187089,"id":"o0qb3esgaubrojm","previousEventId":"v2fwgmkfglg99cg","operationId":"11v1kii57586ghi","previousOperationId":"kwnlf6202ftxnfa"}
{"type":"log","timestamp":1754890187089,"level":"debug","message":"Executing recipe chrome-pdf","meta":{"rootId":"ruq6azp5h75p2pi","id":"ruq6azp5h75p2pi"},"id":"pxv0vlqbthkadjd","previousOperationId":"11v1kii57586ghi"}
{"type":"log","timestamp":1754890188452,"level":"debug","message":"Converting with chrome Chrome/138.0.7204.157 using chrome-pool strategy","meta":{"rootId":"ruq6azp5h75p2pi","id":"ruq6azp5h75p2pi"},"id":"3h6ny0fzab4oh50","previousOperationId":"11v1kii57586ghi"}
{"type":"log","timestamp":1754890188605,"level":"debug","message":"Page request: GET (document) file:///app/temp/autocleanup/ddd40896-5bc5-4238-b4ea-e861b6f588a6-chrome-pdf.html","meta":{"rootId":"ruq6azp5h75p2pi","id":"ruq6azp5h75p2pi"},"id":"iemi26pd0th2a65","previousOperationId":"11v1kii57586ghi"}
{"type":"log","timestamp":1754890188631,"level":"debug","message":"Page request finished: GET (document) 200 file:///app/temp/autocleanup/ddd40896-5bc5-4238-b4ea-e861b6f588a6-chrome-pdf.html","meta":{"rootId":"ruq6azp5h75p2pi","id":"ruq6azp5h75p2pi"},"id":"q9zkl399m73mfmt","previousOperationId":"11v1kii57586ghi"}
{"type":"log","timestamp":1754890188689,"level":"debug","message":"Running chrome with params {\"printBackground\":true,\"timeout\":58976,\"margin\":{}}","meta":{"rootId":"ruq6azp5h75p2pi","id":"ruq6azp5h75p2pi"},"id":"gx255wabua1l2oi","previousOperationId":"11v1kii57586ghi"}
{"type":"operationEnd","operationId":"11v1kii57586ghi","timestamp":1754890188810,"id":"lslbt8i5i7byeg1","previousEventId":"o0qb3esgaubrojm","previousOperationId":"11v1kii57586ghi"}
{"type":"log","timestamp":1754890188811,"level":"debug","message":"Skipping storing report.","meta":{"rootId":"ruq6azp5h75p2pi","id":"ruq6azp5h75p2pi"},"id":"zdwu281idzcbubs","previousOperationId":"11v1kii57586ghi"}
{"type":"log","timestamp":1754890188812,"level":"info","message":"Rendering request 1 finished in 2555 ms","meta":{"rootId":"ruq6azp5h75p2pi","id":"ruq6azp5h75p2pi"},"id":"zmcg7sdf0o5gy1c","previousOperationId":"11v1kii57586ghi"}
{"type":"operationEnd","subtype":"render","operationId":"6dind5a9flpq59g","timestamp":1754890188812,"id":"xiumpm0lnbo1cw3","previousEventId":"lslbt8i5i7byeg1","previousOperationId":"11v1kii57586ghi"}
{"type":"operationEnd","doDiffs":false,"previousEventId":"dyh2iscyagf17my","previousOperationId":"nkcyfldbyvjggim","operationId":"nkcyfldbyvjggim","timestamp":1754890188832,"id":"m4w6pxdj0woetay"}
