{"type":"operationStart","subtype":"profile","data":{"_id":"ZY0rMUxffzztZRZp","timestamp":"2025-08-08T13:59:07.342Z","state":"queued","mode":"standard","creationDate":"2025-08-08T13:59:07.344Z","modificationDate":"2025-08-08T13:59:07.344Z","shortid":"wfD4Agj","inheritedReadPermissions":[],"inheritedEditPermissions":[],"$entitySet":"profiles"},"doDiffs":false,"timestamp":1754661547343,"id":"zk9m3ha0fn0cepg","previousOperationId":null,"operationId":"2957hu9j0vhxfcw"}
{"type":"log","level":"info","message":"Render request 6 queued for execution and waiting for available worker","previousOperationId":"2957hu9j0vhxfcw","timestamp":1754661547344,"id":"40lir8ode23c6mx"}
{"type":"operationStart","subtype":"render","name":"informe05","previousOperationId":"2957hu9j0vhxfcw","timestamp":1754661547369,"id":"h0hnt3sa67nnimk","previousEventId":"zk9m3ha0fn0cepg","operationId":"nm77tw40jvm49kc"}
{"type":"log","timestamp":1754661547369,"level":"info","message":"Starting rendering request 6 (user: admin)","meta":{"rootId":"8aornaedfonrpjx","id":"8aornaedfonrpjx"},"id":"g6tp0xr7zrmx6lm","previousOperationId":"nm77tw40jvm49kc"}
{"type":"log","timestamp":1754661547369,"level":"info","message":"Rendering template { name: informe05, recipe: chrome-pdf, engine: handlebars, preview: true }","meta":{"rootId":"8aornaedfonrpjx","id":"8aornaedfonrpjx"},"id":"p1zqod9lfr4stfx","previousOperationId":"nm77tw40jvm49kc"}
{"type":"log","timestamp":1754661547374,"level":"debug","message":"Inline data specified.","meta":{"rootId":"8aornaedfonrpjx","id":"8aornaedfonrpjx"},"id":"evuty3ba8x10s3k","previousOperationId":"nm77tw40jvm49kc"}
{"type":"log","timestamp":1754661547376,"level":"debug","message":"Base url not specified, skipping its injection.","meta":{"rootId":"8aornaedfonrpjx","id":"8aornaedfonrpjx"},"id":"6dh2vuvvpolxnfx","previousOperationId":"nm77tw40jvm49kc"}
{"type":"operationStart","subtype":"engine","name":"handlebars","timestamp":1754661547378,"id":"9h0xcek1ml82qlf","previousEventId":"h0hnt3sa67nnimk","operationId":"vlpr3nnzhomg23e","previousOperationId":"nm77tw40jvm49kc"}
{"type":"log","timestamp":1754661547378,"level":"debug","message":"Rendering engine handlebars","meta":{"rootId":"8aornaedfonrpjx","id":"8aornaedfonrpjx"},"id":"j7zxl9fcqwzcrii","previousOperationId":"vlpr3nnzhomg23e"}
{"type":"operationEnd","operationId":"vlpr3nnzhomg23e","timestamp":1754661547429,"id":"96gmfjkdz794vqo","previousEventId":"9h0xcek1ml82qlf","previousOperationId":"vlpr3nnzhomg23e"}
{"type":"operationStart","subtype":"recipe","name":"chrome-pdf","timestamp":1754661547429,"id":"pk5yiqqb97if83e","previousEventId":"96gmfjkdz794vqo","operationId":"wwywgsabqy0nqhd","previousOperationId":"vlpr3nnzhomg23e"}
{"type":"log","timestamp":1754661547429,"level":"debug","message":"Executing recipe chrome-pdf","meta":{"rootId":"8aornaedfonrpjx","id":"8aornaedfonrpjx"},"id":"1xmn8u5t846gkub","previousOperationId":"wwywgsabqy0nqhd"}
{"type":"log","timestamp":1754661547817,"level":"debug","message":"Converting with chrome Chrome/138.0.7204.157 using chrome-pool strategy","meta":{"rootId":"8aornaedfonrpjx","id":"8aornaedfonrpjx"},"id":"y5m3u19gcqmv002","previousOperationId":"wwywgsabqy0nqhd"}
{"type":"log","timestamp":1754661547919,"level":"debug","message":"Page request: GET (document) file:///app/temp/autocleanup/5c6c22ba-df18-4edc-9b3d-3146601c6944-chrome-pdf.html","meta":{"rootId":"8aornaedfonrpjx","id":"8aornaedfonrpjx"},"id":"fr1w5jqiuzihda1","previousOperationId":"wwywgsabqy0nqhd"}
{"type":"log","timestamp":1754661547938,"level":"debug","message":"Page request finished: GET (document) 200 file:///app/temp/autocleanup/5c6c22ba-df18-4edc-9b3d-3146601c6944-chrome-pdf.html","meta":{"rootId":"8aornaedfonrpjx","id":"8aornaedfonrpjx"},"id":"9lcn0758t0rb74r","previousOperationId":"wwywgsabqy0nqhd"}
{"type":"log","timestamp":1754661547977,"level":"debug","message":"Running chrome with params {\"printBackground\":true,\"timeout\":59805,\"margin\":{}}","meta":{"rootId":"8aornaedfonrpjx","id":"8aornaedfonrpjx"},"id":"yn1m0smozkbg057","previousOperationId":"wwywgsabqy0nqhd"}
{"type":"operationEnd","operationId":"wwywgsabqy0nqhd","timestamp":1754661548064,"id":"bulrnfs6wace83i","previousEventId":"pk5yiqqb97if83e","previousOperationId":"wwywgsabqy0nqhd"}
{"type":"log","timestamp":1754661548065,"level":"debug","message":"Skipping storing report.","meta":{"rootId":"8aornaedfonrpjx","id":"8aornaedfonrpjx"},"id":"hv4lnmzz4onjaw1","previousOperationId":"wwywgsabqy0nqhd"}
{"type":"log","timestamp":1754661548065,"level":"info","message":"Rendering request 6 finished in 723 ms","meta":{"rootId":"8aornaedfonrpjx","id":"8aornaedfonrpjx"},"id":"a3mntjlhjckgbck","previousOperationId":"wwywgsabqy0nqhd"}
{"type":"operationEnd","subtype":"render","operationId":"nm77tw40jvm49kc","timestamp":1754661548065,"id":"hc4w5g7l29de6pj","previousEventId":"bulrnfs6wace83i","previousOperationId":"wwywgsabqy0nqhd"}
{"type":"operationEnd","doDiffs":false,"previousEventId":"zk9m3ha0fn0cepg","previousOperationId":"2957hu9j0vhxfcw","operationId":"2957hu9j0vhxfcw","timestamp":1754661548067,"id":"4mn003cbyjr9jz6"}
