{"type":"operationStart","subtype":"profile","data":{"_id":"VMhIAaVvnfZxFvvS","timestamp":"2025-08-08T14:07:26.075Z","state":"queued","mode":"standard","creationDate":"2025-08-08T14:07:26.077Z","modificationDate":"2025-08-08T14:07:26.077Z","shortid":"Rm0lKf_","inheritedReadPermissions":[],"inheritedEditPermissions":[],"$entitySet":"profiles"},"doDiffs":false,"timestamp":1754662046076,"id":"tzxuiy1qusj7uu2","previousOperationId":null,"operationId":"x6c665y2t412487"}
{"type":"log","level":"info","message":"Render request 7 queued for execution and waiting for available worker","previousOperationId":"x6c665y2t412487","timestamp":1754662046076,"id":"ymo3fbog74xgjws"}
{"type":"operationStart","subtype":"render","name":"informe05","previousOperationId":"x6c665y2t412487","timestamp":1754662046100,"id":"tmc81rgnddjazrt","previousEventId":"tzxuiy1qusj7uu2","operationId":"njjv09hj52wqmxy"}
{"type":"log","timestamp":1754662046100,"level":"info","message":"Starting rendering request 7 (user: admin)","meta":{"rootId":"9lczmaitqzx61gg","id":"9lczmaitqzx61gg"},"id":"5zddes9bdou6qyq","previousOperationId":"njjv09hj52wqmxy"}
{"type":"log","timestamp":1754662046100,"level":"info","message":"Rendering template { name: informe05, recipe: chrome-pdf, engine: handlebars, preview: true }","meta":{"rootId":"9lczmaitqzx61gg","id":"9lczmaitqzx61gg"},"id":"pit4uddm2ss8hrl","previousOperationId":"njjv09hj52wqmxy"}
{"type":"log","timestamp":1754662046102,"level":"debug","message":"Inline data specified.","meta":{"rootId":"9lczmaitqzx61gg","id":"9lczmaitqzx61gg"},"id":"yq9xlnkkec5w2bl","previousOperationId":"njjv09hj52wqmxy"}
{"type":"log","timestamp":1754662046106,"level":"debug","message":"Base url not specified, skipping its injection.","meta":{"rootId":"9lczmaitqzx61gg","id":"9lczmaitqzx61gg"},"id":"0nc3vlezzh44q2z","previousOperationId":"njjv09hj52wqmxy"}
{"type":"operationStart","subtype":"engine","name":"handlebars","timestamp":1754662046106,"id":"l0viuj0yscin0bt","previousEventId":"tmc81rgnddjazrt","operationId":"3m4b0iuhl6itaxw","previousOperationId":"njjv09hj52wqmxy"}
{"type":"log","timestamp":1754662046106,"level":"debug","message":"Rendering engine handlebars","meta":{"rootId":"9lczmaitqzx61gg","id":"9lczmaitqzx61gg"},"id":"ytvha1ad64t5yrf","previousOperationId":"3m4b0iuhl6itaxw"}
{"type":"operationEnd","operationId":"3m4b0iuhl6itaxw","timestamp":1754662046185,"id":"wat0xmwa5a86hib","previousEventId":"l0viuj0yscin0bt","previousOperationId":"3m4b0iuhl6itaxw"}
{"type":"operationStart","subtype":"recipe","name":"chrome-pdf","timestamp":1754662046185,"id":"v5wse64h0lzxvby","previousEventId":"wat0xmwa5a86hib","operationId":"br1irun0mv0cx2d","previousOperationId":"3m4b0iuhl6itaxw"}
{"type":"log","timestamp":1754662046185,"level":"debug","message":"Executing recipe chrome-pdf","meta":{"rootId":"9lczmaitqzx61gg","id":"9lczmaitqzx61gg"},"id":"tnj1fi89ymjyccf","previousOperationId":"br1irun0mv0cx2d"}
{"type":"log","timestamp":1754662046188,"level":"debug","message":"Converting with chrome Chrome/138.0.7204.157 using chrome-pool strategy","meta":{"rootId":"9lczmaitqzx61gg","id":"9lczmaitqzx61gg"},"id":"pzazhwe9fdhki24","previousOperationId":"br1irun0mv0cx2d"}
{"type":"log","timestamp":1754662046235,"level":"debug","message":"Page request: GET (document) file:///app/temp/autocleanup/c18bf55d-a980-4098-8f7a-366a7b5d53eb-chrome-pdf.html","meta":{"rootId":"9lczmaitqzx61gg","id":"9lczmaitqzx61gg"},"id":"7vivksow9zj6gom","previousOperationId":"br1irun0mv0cx2d"}
{"type":"log","timestamp":1754662046248,"level":"debug","message":"Page request finished: GET (document) 200 file:///app/temp/autocleanup/c18bf55d-a980-4098-8f7a-366a7b5d53eb-chrome-pdf.html","meta":{"rootId":"9lczmaitqzx61gg","id":"9lczmaitqzx61gg"},"id":"ca4t00jqs1mnjg8","previousOperationId":"br1irun0mv0cx2d"}
{"type":"log","timestamp":1754662046285,"level":"debug","message":"Running chrome with params {\"printBackground\":true,\"timeout\":59888,\"margin\":{}}","meta":{"rootId":"9lczmaitqzx61gg","id":"9lczmaitqzx61gg"},"id":"b5ylqkndqfil8ta","previousOperationId":"br1irun0mv0cx2d"}
{"type":"operationEnd","operationId":"br1irun0mv0cx2d","timestamp":1754662046364,"id":"6i0nqzzip08ymxh","previousEventId":"v5wse64h0lzxvby","previousOperationId":"br1irun0mv0cx2d"}
{"type":"log","timestamp":1754662046364,"level":"debug","message":"Skipping storing report.","meta":{"rootId":"9lczmaitqzx61gg","id":"9lczmaitqzx61gg"},"id":"g849u9ivuqv81au","previousOperationId":"br1irun0mv0cx2d"}
{"type":"log","timestamp":1754662046364,"level":"info","message":"Rendering request 7 finished in 289 ms","meta":{"rootId":"9lczmaitqzx61gg","id":"9lczmaitqzx61gg"},"id":"huivatx7j1r1kvi","previousOperationId":"br1irun0mv0cx2d"}
{"type":"operationEnd","subtype":"render","operationId":"njjv09hj52wqmxy","timestamp":1754662046364,"id":"qe4x1567063jc2i","previousEventId":"6i0nqzzip08ymxh","previousOperationId":"br1irun0mv0cx2d"}
{"type":"operationEnd","doDiffs":false,"previousEventId":"tzxuiy1qusj7uu2","previousOperationId":"x6c665y2t412487","operationId":"x6c665y2t412487","timestamp":1754662046367,"id":"jjd78n2evxbdqf6"}
