{"type":"operationStart","subtype":"profile","data":{"_id":"fVOC4pY2oMp0eLOY","timestamp":"2025-08-07T10:48:20.075Z","state":"queued","mode":"standard","creationDate":"2025-08-07T10:48:20.076Z","modificationDate":"2025-08-07T10:48:20.076Z","shortid":"qu1bNuY","inheritedReadPermissions":[],"inheritedEditPermissions":[],"$entitySet":"profiles"},"doDiffs":false,"timestamp":1754563700076,"id":"sagegdxe0h9b3c6","previousOperationId":null,"operationId":"eavv52jeyq9tmjk"}
{"type":"log","level":"info","message":"Render request 5 queued for execution and waiting for available worker","previousOperationId":"eavv52jeyq9tmjk","timestamp":1754563700076,"id":"p3g4bui2c7ge0t0"}
{"type":"operationStart","subtype":"render","name":"sales-main","previousOperationId":"eavv52jeyq9tmjk","timestamp":1754563700101,"id":"v1nq8k8u5fu2ok2","previousEventId":"sagegdxe0h9b3c6","operationId":"12orrko3z88bp66"}
{"type":"log","timestamp":1754563700101,"level":"info","message":"Starting rendering request 5 (user: admin)","meta":{"rootId":"nv2aa19t8oq9c74","id":"nv2aa19t8oq9c74"},"id":"hgxv12bgyvppjqf","previousOperationId":"12orrko3z88bp66"}
{"type":"log","timestamp":1754563700101,"level":"info","message":"Rendering template { name: sales-main, recipe: html-to-xlsx, engine: handlebars, preview: true }","meta":{"rootId":"nv2aa19t8oq9c74","id":"nv2aa19t8oq9c74"},"id":"0x4keloh3fi6vwa","previousOperationId":"12orrko3z88bp66"}
{"type":"log","timestamp":1754563700102,"level":"debug","message":"Adding sample data B1lSTrt6NB","meta":{"rootId":"nv2aa19t8oq9c74","id":"nv2aa19t8oq9c74"},"id":"wuh7ob3c0oy20h9","previousOperationId":"12orrko3z88bp66"}
{"type":"log","timestamp":1754563700103,"level":"debug","message":"Base url not specified, skipping its injection.","meta":{"rootId":"nv2aa19t8oq9c74","id":"nv2aa19t8oq9c74"},"id":"bt87t5bk5i6jlvo","previousOperationId":"12orrko3z88bp66"}
{"type":"operationStart","subtype":"engine","name":"handlebars","timestamp":1754563700104,"id":"9bmhlr5lp6y82os","previousEventId":"v1nq8k8u5fu2ok2","operationId":"jqujxysja0pv92n","previousOperationId":"12orrko3z88bp66"}
{"type":"log","timestamp":1754563700104,"level":"debug","message":"Rendering engine handlebars","meta":{"rootId":"nv2aa19t8oq9c74","id":"nv2aa19t8oq9c74"},"id":"8bhqhjheljcdcn0","previousOperationId":"jqujxysja0pv92n"}
{"type":"operationEnd","operationId":"jqujxysja0pv92n","timestamp":1754563700118,"id":"5gqppwrixfgp9ld","previousEventId":"9bmhlr5lp6y82os","previousOperationId":"jqujxysja0pv92n"}
{"type":"operationStart","subtype":"recipe","name":"html-to-xlsx","timestamp":1754563700118,"id":"qyqlmp1ks36f1s9","previousEventId":"5gqppwrixfgp9ld","operationId":"n6ef6lw0h3n4lyn","previousOperationId":"jqujxysja0pv92n"}
{"type":"log","timestamp":1754563700118,"level":"debug","message":"Executing recipe html-to-xlsx","meta":{"rootId":"nv2aa19t8oq9c74","id":"nv2aa19t8oq9c74"},"id":"mi8iiallsx9kfxw","previousOperationId":"n6ef6lw0h3n4lyn"}
{"type":"log","timestamp":1754563700118,"level":"info","message":"html-to-xlsx generation is starting","meta":{"rootId":"nv2aa19t8oq9c74","id":"nv2aa19t8oq9c74"},"id":"l64lrs640mn36al","previousOperationId":"n6ef6lw0h3n4lyn"}
{"type":"log","timestamp":1754563700747,"level":"info","message":"html-to-xlsx generation was finished","meta":{"rootId":"nv2aa19t8oq9c74","id":"nv2aa19t8oq9c74"},"id":"5z7cgczi52rhs3f","previousOperationId":"n6ef6lw0h3n4lyn"}
{"type":"log","timestamp":1754563700747,"level":"debug","message":"preparing office preview","meta":{"rootId":"nv2aa19t8oq9c74","id":"nv2aa19t8oq9c74"},"id":"b296noosp2t7fig","previousOperationId":"n6ef6lw0h3n4lyn"}
{"type":"operationEnd","operationId":"n6ef6lw0h3n4lyn","timestamp":1754563700848,"id":"653wnew5lmryau4","previousEventId":"qyqlmp1ks36f1s9","previousOperationId":"n6ef6lw0h3n4lyn"}
{"type":"log","timestamp":1754563700848,"level":"debug","message":"Skipping storing report.","meta":{"rootId":"nv2aa19t8oq9c74","id":"nv2aa19t8oq9c74"},"id":"6d6v9hqx31h1z6i","previousOperationId":"n6ef6lw0h3n4lyn"}
{"type":"log","timestamp":1754563700848,"level":"info","message":"Rendering request 5 finished in 773 ms","meta":{"rootId":"nv2aa19t8oq9c74","id":"nv2aa19t8oq9c74"},"id":"kqwbmqd18tordxs","previousOperationId":"n6ef6lw0h3n4lyn"}
{"type":"operationEnd","subtype":"render","operationId":"12orrko3z88bp66","timestamp":1754563700848,"id":"hhl8q3nnovwtscz","previousEventId":"653wnew5lmryau4","previousOperationId":"n6ef6lw0h3n4lyn"}
{"type":"operationEnd","doDiffs":false,"previousEventId":"sagegdxe0h9b3c6","previousOperationId":"eavv52jeyq9tmjk","operationId":"eavv52jeyq9tmjk","timestamp":1754563700851,"id":"5t8fam9txsrsac4"}
