{"type":"operationStart","subtype":"profile","data":{"_id":"WoqW799XKZDpyLyS","timestamp":"2025-08-07T10:30:06.949Z","state":"queued","mode":"standard","creationDate":"2025-08-07T10:30:06.951Z","modificationDate":"2025-08-07T10:30:06.951Z","shortid":"l6lSNc6","inheritedReadPermissions":[],"inheritedEditPermissions":[],"$entitySet":"profiles"},"doDiffs":false,"timestamp":1754562606950,"id":"wdl1qtzd8v3fpe9","previousOperationId":null,"operationId":"7flurja76wxvuu8"}
{"type":"log","level":"info","message":"Render request 3 queued for execution and waiting for available worker","previousOperationId":"7flurja76wxvuu8","timestamp":1754562606951,"id":"rhu06zzizft5v0x"}
{"type":"operationStart","subtype":"render","name":"sales-main","previousOperationId":"7flurja76wxvuu8","timestamp":1754562606989,"id":"bvqzv97twe3cag8","previousEventId":"wdl1qtzd8v3fpe9","operationId":"gnzskahslxa6n24"}
{"type":"log","timestamp":1754562606989,"level":"info","message":"Starting rendering request 3 (user: admin)","meta":{"rootId":"uytomkkdp76jjw2","id":"uytomkkdp76jjw2"},"id":"51t1o6zlaxdcxu7","previousOperationId":"gnzskahslxa6n24"}
{"type":"log","timestamp":1754562606989,"level":"info","message":"Rendering template { name: sales-main, recipe: html-to-xlsx, engine: handlebars, preview: true }","meta":{"rootId":"uytomkkdp76jjw2","id":"uytomkkdp76jjw2"},"id":"xkqrlfw2x1qng8w","previousOperationId":"gnzskahslxa6n24"}
{"type":"log","timestamp":1754562606993,"level":"debug","message":"Adding sample data B1lSTrt6NB","meta":{"rootId":"uytomkkdp76jjw2","id":"uytomkkdp76jjw2"},"id":"x2ac7xtuo1hs6vb","previousOperationId":"gnzskahslxa6n24"}
{"type":"log","timestamp":1754562606996,"level":"debug","message":"Base url not specified, skipping its injection.","meta":{"rootId":"uytomkkdp76jjw2","id":"uytomkkdp76jjw2"},"id":"rpug0ogcivcwt3a","previousOperationId":"gnzskahslxa6n24"}
{"type":"operationStart","subtype":"engine","name":"handlebars","timestamp":1754562606996,"id":"qankuugmz6f8q1w","previousEventId":"bvqzv97twe3cag8","operationId":"0ux2xd44i1pe9ba","previousOperationId":"gnzskahslxa6n24"}
{"type":"log","timestamp":1754562606996,"level":"debug","message":"Rendering engine handlebars","meta":{"rootId":"uytomkkdp76jjw2","id":"uytomkkdp76jjw2"},"id":"s8uak5kimiu0h00","previousOperationId":"0ux2xd44i1pe9ba"}
{"type":"operationEnd","operationId":"0ux2xd44i1pe9ba","timestamp":1754562607039,"id":"edxmnuqyyt7ii9p","previousEventId":"qankuugmz6f8q1w","previousOperationId":"0ux2xd44i1pe9ba"}
{"type":"operationStart","subtype":"recipe","name":"html-to-xlsx","timestamp":1754562607039,"id":"2ggl087a03925um","previousEventId":"edxmnuqyyt7ii9p","operationId":"cd1u2ay5xq49ajg","previousOperationId":"0ux2xd44i1pe9ba"}
{"type":"log","timestamp":1754562607039,"level":"debug","message":"Executing recipe html-to-xlsx","meta":{"rootId":"uytomkkdp76jjw2","id":"uytomkkdp76jjw2"},"id":"kdy94zbq7g4wdby","previousOperationId":"cd1u2ay5xq49ajg"}
{"type":"log","timestamp":1754562607348,"level":"info","message":"html-to-xlsx generation is starting","meta":{"rootId":"uytomkkdp76jjw2","id":"uytomkkdp76jjw2"},"id":"2klagoevfh5sr2q","previousOperationId":"cd1u2ay5xq49ajg"}
{"type":"log","timestamp":1754562607885,"level":"info","message":"html-to-xlsx generation was finished","meta":{"rootId":"uytomkkdp76jjw2","id":"uytomkkdp76jjw2"},"id":"l6wghmmftki5smg","previousOperationId":"cd1u2ay5xq49ajg"}
{"type":"log","timestamp":1754562607916,"level":"debug","message":"preparing office preview","meta":{"rootId":"uytomkkdp76jjw2","id":"uytomkkdp76jjw2"},"id":"0z4z1lc39m7hwln","previousOperationId":"cd1u2ay5xq49ajg"}
{"type":"operationEnd","operationId":"cd1u2ay5xq49ajg","timestamp":1754562608135,"id":"3ot3gc5ly7jfp4e","previousEventId":"2ggl087a03925um","previousOperationId":"cd1u2ay5xq49ajg"}
{"type":"log","timestamp":1754562608135,"level":"debug","message":"Skipping storing report.","meta":{"rootId":"uytomkkdp76jjw2","id":"uytomkkdp76jjw2"},"id":"izfd45idrd0gqj5","previousOperationId":"cd1u2ay5xq49ajg"}
{"type":"log","timestamp":1754562608135,"level":"info","message":"Rendering request 3 finished in 1187 ms","meta":{"rootId":"uytomkkdp76jjw2","id":"uytomkkdp76jjw2"},"id":"62lof0989586q3v","previousOperationId":"cd1u2ay5xq49ajg"}
{"type":"operationEnd","subtype":"render","operationId":"gnzskahslxa6n24","timestamp":1754562608136,"id":"ht7ey7p1qs2at6e","previousEventId":"3ot3gc5ly7jfp4e","previousOperationId":"cd1u2ay5xq49ajg"}
{"type":"operationEnd","doDiffs":false,"previousEventId":"wdl1qtzd8v3fpe9","previousOperationId":"7flurja76wxvuu8","operationId":"7flurja76wxvuu8","timestamp":1754562608138,"id":"x6jaeztpx7h1031"}
