{"type":"operationStart","subtype":"profile","data":{"_id":"rBefqpU3tYz6ITDT","timestamp":"2025-08-11T08:42:14.805Z","state":"queued","mode":"standard","creationDate":"2025-08-11T08:42:14.807Z","modificationDate":"2025-08-11T08:42:14.807Z","shortid":"t0RYLxU","inheritedReadPermissions":[],"inheritedEditPermissions":[],"$entitySet":"profiles"},"doDiffs":false,"timestamp":1754901734806,"id":"b64z80gfd496swe","previousOperationId":null,"operationId":"86fqra5zots0fqz"}
{"type":"log","level":"info","message":"Render request 1 queued for execution and waiting for available worker","previousOperationId":"86fqra5zots0fqz","timestamp":1754901734807,"id":"91fgjyf6ahxv4iw"}
{"type":"operationStart","subtype":"render","name":"informeSeleccion005(clone)","previousOperationId":"86fqra5zots0fqz","timestamp":1754901734849,"id":"1j82mctigvqkst1","previousEventId":"b64z80gfd496swe","operationId":"6rldplqhuxbwvz8"}
{"type":"log","timestamp":1754901734849,"level":"info","message":"Starting rendering request 1 (user: admin)","meta":{"rootId":"1atved6mudu94z7","id":"1atved6mudu94z7"},"id":"g6r5qjzsi5bzb5l","previousOperationId":"6rldplqhuxbwvz8"}
{"type":"log","timestamp":1754901734850,"level":"info","message":"Rendering template { name: informeSeleccion005(clone), recipe: chrome-pdf, engine: handlebars, preview: true }","meta":{"rootId":"1atved6mudu94z7","id":"1atved6mudu94z7"},"id":"kjiwibr5hagp2hw","previousOperationId":"6rldplqhuxbwvz8"}
{"type":"log","timestamp":1754901734860,"level":"debug","message":"Adding sample data lgX13iX","meta":{"rootId":"1atved6mudu94z7","id":"1atved6mudu94z7"},"id":"kmtogg1s998iyd4","previousOperationId":"6rldplqhuxbwvz8"}
{"type":"log","timestamp":1754901734864,"level":"debug","message":"Base url not specified, skipping its injection.","meta":{"rootId":"1atved6mudu94z7","id":"1atved6mudu94z7"},"id":"hbftqjwwoos84o5","previousOperationId":"6rldplqhuxbwvz8"}
{"type":"operationStart","subtype":"engine","name":"handlebars","timestamp":1754901734865,"id":"3mphr6catjopfs6","previousEventId":"1j82mctigvqkst1","operationId":"op5ub9bkussg8z6","previousOperationId":"6rldplqhuxbwvz8"}
{"type":"log","timestamp":1754901734865,"level":"debug","message":"Rendering engine handlebars","meta":{"rootId":"1atved6mudu94z7","id":"1atved6mudu94z7"},"id":"473fgkttj200yde","previousOperationId":"op5ub9bkussg8z6"}
{"type":"operationEnd","operationId":"op5ub9bkussg8z6","timestamp":1754901735348,"id":"khnjebo4chzy1nx","previousEventId":"3mphr6catjopfs6","previousOperationId":"op5ub9bkussg8z6"}
{"type":"operationStart","subtype":"recipe","name":"chrome-pdf","timestamp":1754901735349,"id":"w4bjkzqsqq5ai8r","previousEventId":"khnjebo4chzy1nx","operationId":"tuqfqrjw1er90jg","previousOperationId":"op5ub9bkussg8z6"}
{"type":"log","timestamp":1754901735349,"level":"debug","message":"Executing recipe chrome-pdf","meta":{"rootId":"1atved6mudu94z7","id":"1atved6mudu94z7"},"id":"9tr11l9qzcltp3n","previousOperationId":"tuqfqrjw1er90jg"}
{"type":"log","timestamp":1754901736149,"level":"debug","message":"Converting with chrome Chrome/138.0.7204.157 using chrome-pool strategy","meta":{"rootId":"1atved6mudu94z7","id":"1atved6mudu94z7"},"id":"kf1xa33o6jmydkw","previousOperationId":"tuqfqrjw1er90jg"}
{"type":"log","timestamp":1754901736283,"level":"debug","message":"Page request: GET (document) file:///app/temp/autocleanup/9467aa54-5a46-455d-af2e-605e49c66fb6-chrome-pdf.html","meta":{"rootId":"1atved6mudu94z7","id":"1atved6mudu94z7"},"id":"8pu14117drfz9g7","previousOperationId":"tuqfqrjw1er90jg"}
{"type":"log","timestamp":1754901736301,"level":"debug","message":"Page request finished: GET (document) 200 file:///app/temp/autocleanup/9467aa54-5a46-455d-af2e-605e49c66fb6-chrome-pdf.html","meta":{"rootId":"1atved6mudu94z7","id":"1atved6mudu94z7"},"id":"4kz6i7044fqyl9y","previousOperationId":"tuqfqrjw1er90jg"}
{"type":"log","timestamp":1754901736348,"level":"debug","message":"Running chrome with params {\"printBackground\":true,\"timeout\":59357,\"margin\":{}}","meta":{"rootId":"1atved6mudu94z7","id":"1atved6mudu94z7"},"id":"bu8wsar3v3dfeia","previousOperationId":"tuqfqrjw1er90jg"}
{"type":"operationEnd","operationId":"tuqfqrjw1er90jg","timestamp":1754901736446,"id":"e9i5uind0rgr434","previousEventId":"w4bjkzqsqq5ai8r","previousOperationId":"tuqfqrjw1er90jg"}
{"type":"log","timestamp":1754901736447,"level":"debug","message":"Skipping storing report.","meta":{"rootId":"1atved6mudu94z7","id":"1atved6mudu94z7"},"id":"xjtjfboj094fn7d","previousOperationId":"tuqfqrjw1er90jg"}
{"type":"log","timestamp":1754901736447,"level":"info","message":"Rendering request 1 finished in 1643 ms","meta":{"rootId":"1atved6mudu94z7","id":"1atved6mudu94z7"},"id":"636qsbe4hipb3v5","previousOperationId":"tuqfqrjw1er90jg"}
{"type":"operationEnd","subtype":"render","operationId":"6rldplqhuxbwvz8","timestamp":1754901736447,"id":"swnxw4mvvaadcuw","previousEventId":"e9i5uind0rgr434","previousOperationId":"tuqfqrjw1er90jg"}
{"type":"operationEnd","doDiffs":false,"previousEventId":"b64z80gfd496swe","previousOperationId":"86fqra5zots0fqz","operationId":"86fqra5zots0fqz","timestamp":1754901736452,"id":"b50v7q2mwf8hcf4"}
