{"type":"operationStart","subtype":"profile","data":{"_id":"61MHPusGFqh4WFCQ","timestamp":"2025-08-08T14:17:17.675Z","state":"queued","mode":"standard","creationDate":"2025-08-08T14:17:17.677Z","modificationDate":"2025-08-08T14:17:17.677Z","shortid":"kxdLA1F","inheritedReadPermissions":[],"inheritedEditPermissions":[],"$entitySet":"profiles"},"doDiffs":false,"timestamp":1754662637676,"id":"u4lzaqh6e00fo2o","previousOperationId":null,"operationId":"h5u5yrkblvxe78p"}
{"type":"log","level":"info","message":"Render request 1 queued for execution and waiting for available worker","previousOperationId":"h5u5yrkblvxe78p","timestamp":1754662637677,"id":"lh936e5jpuds1xy"}
{"type":"operationStart","subtype":"render","name":"orders-main","previousOperationId":"h5u5yrkblvxe78p","timestamp":1754662637732,"id":"pmpy81vbs7rbki2","previousEventId":"u4lzaqh6e00fo2o","operationId":"7axe13qkvhgm7t5"}
{"type":"log","timestamp":1754662637732,"level":"info","message":"Starting rendering request 1 (user: admin)","meta":{"rootId":"n26ig7x76wsw237","id":"n26ig7x76wsw237"},"id":"nqsoo9882c5kjho","previousOperationId":"7axe13qkvhgm7t5"}
{"type":"log","timestamp":1754662637733,"level":"info","message":"Rendering template { name: orders-main, recipe: chrome-pdf, engine: handlebars, preview: true }","meta":{"rootId":"n26ig7x76wsw237","id":"n26ig7x76wsw237"},"id":"nb92dxvk00dqtu6","previousOperationId":"7axe13qkvhgm7t5"}
{"type":"log","timestamp":1754662637735,"level":"debug","message":"Data item not defined for this template.","meta":{"rootId":"n26ig7x76wsw237","id":"n26ig7x76wsw237"},"id":"r413torq4ho3svi","previousOperationId":"7axe13qkvhgm7t5"}
{"type":"log","timestamp":1754662637745,"level":"debug","message":"Executing script orders-script (beforeRender)","meta":{"rootId":"n26ig7x76wsw237","id":"n26ig7x76wsw237"},"id":"5e8id4j957345o4","previousOperationId":"7axe13qkvhgm7t5"}
{"type":"operationStart","subtype":"scriptsBeforeRender","name":"scripts beforeRender","timestamp":1754662637874,"id":"vmcozif7eqhucdv","previousEventId":"pmpy81vbs7rbki2","operationId":"821bjnv1sojakm8","previousOperationId":"7axe13qkvhgm7t5"}
{"type":"operationStart","subtype":"script","name":"scripts orders-script","previousOperationId":"821bjnv1sojakm8","timestamp":1754662637874,"id":"chhtz3g0dtffveo","previousEventId":"vmcozif7eqhucdv","operationId":"y5s4y3om74fkaif"}
{"type":"operationEnd","operationId":"y5s4y3om74fkaif","timestamp":1754662639571,"id":"luysabtn5z81kxm","previousEventId":"pmpy81vbs7rbki2","previousOperationId":"7axe13qkvhgm7t5"}
{"type":"operationEnd","operationId":"821bjnv1sojakm8","timestamp":1754662639571,"id":"pddauv9xj5zxwmm","previousEventId":"luysabtn5z81kxm","previousOperationId":"7axe13qkvhgm7t5"}
{"type":"log","timestamp":1754662639571,"level":"debug","message":"Base url not specified, skipping its injection.","meta":{"rootId":"n26ig7x76wsw237","id":"n26ig7x76wsw237"},"id":"yzzags4t80i0tn4","previousOperationId":"821bjnv1sojakm8"}
{"type":"operationStart","subtype":"engine","name":"handlebars","timestamp":1754662639571,"id":"rp4v08mf2x6qaco","previousEventId":"pddauv9xj5zxwmm","operationId":"dziucefrbtmkoea","previousOperationId":"821bjnv1sojakm8"}
{"type":"log","timestamp":1754662639571,"level":"debug","message":"Rendering engine handlebars","meta":{"rootId":"n26ig7x76wsw237","id":"n26ig7x76wsw237"},"id":"ccoy25cz3b1enhr","previousOperationId":"dziucefrbtmkoea"}
{"type":"log","timestamp":1754662639830,"level":"debug","message":"(console:log) Pdf utils adding group field, value: \"France\"","meta":{"userLevel":true,"rootId":"n26ig7x76wsw237","id":"n26ig7x76wsw237"},"id":"ihmytv3tc02neg4","previousOperationId":"dziucefrbtmkoea"}
{"type":"log","timestamp":1754662639831,"level":"debug","message":"(console:log) Pdf utils adding group field, value: \"Germany\"","meta":{"userLevel":true,"rootId":"n26ig7x76wsw237","id":"n26ig7x76wsw237"},"id":"xgulxd6kmprkzsf","previousOperationId":"dziucefrbtmkoea"}
{"type":"operationEnd","operationId":"dziucefrbtmkoea","timestamp":1754662639831,"id":"l8n51tv5wwxs64x","previousEventId":"rp4v08mf2x6qaco","previousOperationId":"dziucefrbtmkoea"}
{"type":"operationStart","subtype":"recipe","name":"chrome-pdf","timestamp":1754662639832,"id":"puseyqaj4mlsav4","previousEventId":"l8n51tv5wwxs64x","operationId":"0unze30q970zzfl","previousOperationId":"dziucefrbtmkoea"}
{"type":"log","timestamp":1754662639832,"level":"debug","message":"Executing recipe chrome-pdf","meta":{"rootId":"n26ig7x76wsw237","id":"n26ig7x76wsw237"},"id":"w5a8agtjehpd4v8","previousOperationId":"0unze30q970zzfl"}
{"type":"log","timestamp":1754662640248,"level":"debug","message":"Converting with chrome Chrome/138.0.7204.157 using chrome-pool strategy","meta":{"rootId":"n26ig7x76wsw237","id":"n26ig7x76wsw237"},"id":"49ryptjnt4den0x","previousOperationId":"0unze30q970zzfl"}
{"type":"log","timestamp":1754662640364,"level":"debug","message":"Page request: GET (document) file:///app/temp/autocleanup/dfcf282e-2c9e-4776-ba79-26c1764021fb-chrome-pdf.html","meta":{"rootId":"n26ig7x76wsw237","id":"n26ig7x76wsw237"},"id":"0lvrqlsw6rqxkdl","previousOperationId":"0unze30q970zzfl"}
{"type":"log","timestamp":1754662640378,"level":"debug","message":"Page request finished: GET (document) 200 file:///app/temp/autocleanup/dfcf282e-2c9e-4776-ba79-26c1764021fb-chrome-pdf.html","meta":{"rootId":"n26ig7x76wsw237","id":"n26ig7x76wsw237"},"id":"y6uxtgp5e934j86","previousOperationId":"0unze30q970zzfl"}
{"type":"log","timestamp":1754662640378,"level":"debug","message":"Page request: GET (stylesheet) https://cdnjs.cloudflare.com/ajax/libs/metro/4.1.5/css/metro.min.css","meta":{"rootId":"n26ig7x76wsw237","id":"n26ig7x76wsw237"},"id":"mp9upu43io1qzq2","previousOperationId":"0unze30q970zzfl"}
{"type":"log","timestamp":1754662640378,"level":"debug","message":"Page request: GET (script) https://cdnjs.cloudflare.com/ajax/libs/Chart.js/3.9.1/chart.min.js","meta":{"rootId":"n26ig7x76wsw237","id":"n26ig7x76wsw237"},"id":"b8x1am0kg7u8sgh","previousOperationId":"0unze30q970zzfl"}
{"type":"log","timestamp":1754662640804,"level":"debug","message":"Page request finished: GET (script) 200 https://cdnjs.cloudflare.com/ajax/libs/Chart.js/3.9.1/chart.min.js","meta":{"rootId":"n26ig7x76wsw237","id":"n26ig7x76wsw237"},"id":"frmg8i6820ghfh0","previousOperationId":"0unze30q970zzfl"}
{"type":"log","timestamp":1754662640925,"level":"debug","message":"Page request finished: GET (stylesheet) 200 https://cdnjs.cloudflare.com/ajax/libs/metro/4.1.5/css/metro.min.css","meta":{"rootId":"n26ig7x76wsw237","id":"n26ig7x76wsw237"},"id":"bliejwqr1f5i5lx","previousOperationId":"0unze30q970zzfl"}
{"type":"log","timestamp":1754662641012,"level":"debug","message":"Running chrome with params {\"printBackground\":true,\"marginTop\":\"4cm\",\"marginRight\":\"1.5cm\",\"marginBottom\":\"1.5cm\",\"marginLeft\":\"1.5cm\",\"waitForJS\":false,\"timeout\":57755,\"margin\":{\"top\":\"4cm\",\"right\":\"1.5cm\",\"bottom\":\"1.5cm\",\"left\":\"1.5cm\"}}","meta":{"rootId":"n26ig7x76wsw237","id":"n26ig7x76wsw237"},"id":"8h2i4dirc9mwz3x","previousOperationId":"0unze30q970zzfl"}
{"type":"operationEnd","operationId":"0unze30q970zzfl","timestamp":1754662641133,"id":"4s04e1h45vvp1u8","previousEventId":"puseyqaj4mlsav4","previousOperationId":"0unze30q970zzfl"}
{"type":"log","timestamp":1754662641133,"level":"info","message":"pdf-utils is starting pdf processing","meta":{"rootId":"n26ig7x76wsw237","id":"n26ig7x76wsw237"},"id":"7nt2z9g5e5ztiih","previousOperationId":"0unze30q970zzfl"}
{"type":"operationStart","subtype":"pdfUtils","name":"pdf utils","timestamp":1754662641291,"id":"b0eyuq7jupim0ma","previousEventId":"4s04e1h45vvp1u8","operationId":"s1d6kzdb7mqv3ft","previousOperationId":"0unze30q970zzfl"}
{"type":"log","timestamp":1754662641292,"level":"debug","message":"pdf-utils detected 1 pdf operation(s) to process","meta":{"rootId":"n26ig7x76wsw237","id":"n26ig7x76wsw237"},"id":"t7q7l0aw472wgdn","previousOperationId":"s1d6kzdb7mqv3ft"}
{"type":"log","timestamp":1754662641331,"level":"debug","message":"pdf-utils running pdf operation merge","meta":{"rootId":"n26ig7x76wsw237","id":"n26ig7x76wsw237"},"id":"shqp679aosyz3zx","previousOperationId":"s1d6kzdb7mqv3ft"}
{"type":"operationStart","subtype":"pdfUtilsMerge","name":"pdf utils merge","previousOperationId":"s1d6kzdb7mqv3ft","timestamp":1754662641331,"id":"nqyovnelmcerh4p","previousEventId":"b0eyuq7jupim0ma","operationId":"hffudmgps0g5o14"}
{"type":"operationStart","subtype":"render","name":"orders-header","previousOperationId":"hffudmgps0g5o14","timestamp":1754662641340,"id":"z60w27rb0hu5lzs","previousEventId":"nqyovnelmcerh4p","operationId":"mu8fbvp8z210m5s"}
{"type":"log","timestamp":1754662641340,"level":"info","message":"Starting rendering (child) request (user: admin)","meta":{"rootId":"n26ig7x76wsw237","id":"69zx2yplf0ridsk"},"id":"1ii7rly5kgjxb4k","previousOperationId":"mu8fbvp8z210m5s"}
{"type":"log","timestamp":1754662641340,"level":"info","message":"Rendering template { name: orders-header, recipe: chrome-pdf, engine: handlebars, preview: true }","meta":{"rootId":"n26ig7x76wsw237","id":"69zx2yplf0ridsk"},"id":"vjxm92mi2cl8fnc","previousOperationId":"mu8fbvp8z210m5s"}
{"type":"log","timestamp":1754662641340,"level":"debug","message":"Inline data specified.","meta":{"rootId":"n26ig7x76wsw237","id":"69zx2yplf0ridsk"},"id":"bl5492mqxp7tk2x","previousOperationId":"mu8fbvp8z210m5s"}
{"type":"log","timestamp":1754662641341,"level":"debug","message":"Base url not specified, skipping its injection.","meta":{"rootId":"n26ig7x76wsw237","id":"69zx2yplf0ridsk"},"id":"sfnk2op7zkgckjh","previousOperationId":"mu8fbvp8z210m5s"}
{"type":"operationStart","subtype":"engine","name":"handlebars","timestamp":1754662641341,"id":"jz60vj5ycwegqv6","previousEventId":"z60w27rb0hu5lzs","operationId":"8grll06y8afemzl","previousOperationId":"mu8fbvp8z210m5s"}
{"type":"log","timestamp":1754662641341,"level":"debug","message":"Rendering engine handlebars","meta":{"rootId":"n26ig7x76wsw237","id":"69zx2yplf0ridsk"},"id":"ix0fc466qrb7vdj","previousOperationId":"8grll06y8afemzl"}
{"type":"operationEnd","operationId":"8grll06y8afemzl","timestamp":1754662641371,"id":"wempxxl4a4kjy3a","previousEventId":"jz60vj5ycwegqv6","previousOperationId":"8grll06y8afemzl"}
{"type":"operationStart","subtype":"recipe","name":"chrome-pdf","timestamp":1754662641371,"id":"y6aqy3elf2nraml","previousEventId":"wempxxl4a4kjy3a","operationId":"tnucy3lqumm0q1x","previousOperationId":"8grll06y8afemzl"}
{"type":"log","timestamp":1754662641371,"level":"debug","message":"Executing recipe chrome-pdf","meta":{"rootId":"n26ig7x76wsw237","id":"69zx2yplf0ridsk"},"id":"o1fay2gifyzfc8a","previousOperationId":"tnucy3lqumm0q1x"}
{"type":"log","timestamp":1754662641373,"level":"debug","message":"Converting with chrome Chrome/138.0.7204.157 using chrome-pool strategy","meta":{"rootId":"n26ig7x76wsw237","id":"69zx2yplf0ridsk"},"id":"xnbghbw5tpe3v2j","previousOperationId":"tnucy3lqumm0q1x"}
{"type":"log","timestamp":1754662641420,"level":"debug","message":"Page request: GET (document) file:///app/temp/autocleanup/dd073a43-69c3-4ec8-9c68-51a113a62554-chrome-pdf.html","meta":{"rootId":"n26ig7x76wsw237","id":"69zx2yplf0ridsk"},"id":"ub80tyh4b9waz75","previousOperationId":"tnucy3lqumm0q1x"}
{"type":"log","timestamp":1754662641438,"level":"debug","message":"Page request: GET (stylesheet) https://cdnjs.cloudflare.com/ajax/libs/metro/4.1.5/css/metro.min.css","meta":{"rootId":"n26ig7x76wsw237","id":"69zx2yplf0ridsk"},"id":"9kue6c0b6kmiq32","previousOperationId":"tnucy3lqumm0q1x"}
{"type":"log","timestamp":1754662641442,"level":"debug","message":"Page request finished: GET (document) 200 file:///app/temp/autocleanup/dd073a43-69c3-4ec8-9c68-51a113a62554-chrome-pdf.html","meta":{"rootId":"n26ig7x76wsw237","id":"69zx2yplf0ridsk"},"id":"fhfvm7ecz4cqykh","previousOperationId":"tnucy3lqumm0q1x"}
{"type":"log","timestamp":1754662641455,"level":"debug","message":"Page request finished: GET (stylesheet) 200 https://cdnjs.cloudflare.com/ajax/libs/metro/4.1.5/css/metro.min.css","meta":{"rootId":"n26ig7x76wsw237","id":"69zx2yplf0ridsk"},"id":"sj1k5ikj7490b0n","previousOperationId":"tnucy3lqumm0q1x"}
{"type":"log","timestamp":1754662641468,"level":"debug","message":"Running chrome with params {\"printBackground\":true,\"marginTop\":\"1.5cm\",\"marginRight\":\"1.5cm\",\"marginLeft\":\"1.cm\",\"timeout\":56303,\"margin\":{\"top\":\"1.5cm\",\"right\":\"1.5cm\",\"left\":\"1.cm\"}}","meta":{"rootId":"n26ig7x76wsw237","id":"69zx2yplf0ridsk"},"id":"u6rk2go62bhjaw3","previousOperationId":"tnucy3lqumm0q1x"}
{"type":"operationEnd","operationId":"tnucy3lqumm0q1x","timestamp":1754662641501,"id":"rz74cab3ahmd00m","previousEventId":"y6aqy3elf2nraml","previousOperationId":"tnucy3lqumm0q1x"}
{"type":"log","timestamp":1754662641501,"level":"debug","message":"Skipping storing report.","meta":{"rootId":"n26ig7x76wsw237","id":"69zx2yplf0ridsk"},"id":"54wdlwecr4zkulj","previousOperationId":"tnucy3lqumm0q1x"}
{"type":"log","timestamp":1754662641501,"level":"info","message":"Rendering (child) request finished in 3826 ms","meta":{"rootId":"n26ig7x76wsw237","id":"69zx2yplf0ridsk"},"id":"gn114d2eqte39it","previousOperationId":"tnucy3lqumm0q1x"}
{"type":"operationEnd","subtype":"render","operationId":"mu8fbvp8z210m5s","timestamp":1754662641501,"id":"0dvzb5owb5onqke","previousEventId":"rz74cab3ahmd00m","previousOperationId":"tnucy3lqumm0q1x"}
{"type":"operationEnd","operationId":"hffudmgps0g5o14","timestamp":1754662641522,"id":"irdrwy9psocr8jx","previousEventId":"nqyovnelmcerh4p","previousOperationId":"hffudmgps0g5o14"}
{"type":"log","timestamp":1754662641522,"level":"debug","message":"pdf-utils postprocess start","meta":{"rootId":"n26ig7x76wsw237","id":"n26ig7x76wsw237"},"id":"scglly8c98nkwln","previousOperationId":"hffudmgps0g5o14"}
{"type":"log","timestamp":1754662641545,"level":"debug","message":"pdf-utils postprocess end","meta":{"rootId":"n26ig7x76wsw237","id":"n26ig7x76wsw237"},"id":"6ebvb6ozprhpl1u","previousOperationId":"hffudmgps0g5o14"}
{"type":"operationEnd","operationId":"s1d6kzdb7mqv3ft","timestamp":1754662641545,"id":"q4wqf2r5b011956","previousEventId":"irdrwy9psocr8jx","previousOperationId":"hffudmgps0g5o14"}
{"type":"log","timestamp":1754662641552,"level":"info","message":"pdf-utils pdf processing was finished","meta":{"rootId":"n26ig7x76wsw237","id":"n26ig7x76wsw237"},"id":"y4760c7d3om47k1","previousOperationId":"s1d6kzdb7mqv3ft"}
{"type":"log","timestamp":1754662641553,"level":"debug","message":"Skipping storing report.","meta":{"rootId":"n26ig7x76wsw237","id":"n26ig7x76wsw237"},"id":"tdu6md5obevfmk4","previousOperationId":"s1d6kzdb7mqv3ft"}
{"type":"log","timestamp":1754662641553,"level":"info","message":"Rendering request 1 finished in 3878 ms","meta":{"rootId":"n26ig7x76wsw237","id":"n26ig7x76wsw237"},"id":"cw6mezn0z4xql85","previousOperationId":"s1d6kzdb7mqv3ft"}
{"type":"operationEnd","subtype":"render","operationId":"7axe13qkvhgm7t5","timestamp":1754662641553,"id":"0epcnb3742n1kk1","previousEventId":"q4wqf2r5b011956","previousOperationId":"s1d6kzdb7mqv3ft"}
{"type":"operationEnd","doDiffs":false,"previousEventId":"u4lzaqh6e00fo2o","previousOperationId":"h5u5yrkblvxe78p","operationId":"h5u5yrkblvxe78p","timestamp":1754662641557,"id":"qzooc84o5zcsufz"}
