{"type":"operationStart","subtype":"profile","data":{"_id":"HA5G4dSOeuO4d4kK","timestamp":"2025-08-08T10:55:37.013Z","state":"queued","mode":"standard","creationDate":"2025-08-08T10:55:37.015Z","modificationDate":"2025-08-08T10:55:37.015Z","shortid":"foyj9WU","inheritedReadPermissions":[],"inheritedEditPermissions":[],"$entitySet":"profiles"},"doDiffs":false,"timestamp":1754650537014,"id":"3pljh51k97m8feb","previousOperationId":null,"operationId":"udvocg20tlm95h0"}
{"type":"log","level":"info","message":"Render request 1 queued for execution and waiting for available worker","previousOperationId":"udvocg20tlm95h0","timestamp":1754650537015,"id":"vd8h33yeuvdz45f"}
{"type":"operationStart","subtype":"render","name":"orders-main","previousOperationId":"udvocg20tlm95h0","timestamp":1754650537065,"id":"l5ae5obdzv8fkme","previousEventId":"3pljh51k97m8feb","operationId":"yj4fpen49wjds9g"}
{"type":"log","timestamp":1754650537066,"level":"info","message":"Starting rendering request 1 (user: admin)","meta":{"rootId":"w0kwr16v6you3t1","id":"w0kwr16v6you3t1"},"id":"fo0btfoibpd2ya3","previousOperationId":"yj4fpen49wjds9g"}
{"type":"log","timestamp":1754650537067,"level":"info","message":"Rendering template { name: orders-main, recipe: chrome-pdf, engine: handlebars, preview: true }","meta":{"rootId":"w0kwr16v6you3t1","id":"w0kwr16v6you3t1"},"id":"w9ezwrsk40g2zsx","previousOperationId":"yj4fpen49wjds9g"}
{"type":"log","timestamp":1754650537069,"level":"debug","message":"Data item not defined for this template.","meta":{"rootId":"w0kwr16v6you3t1","id":"w0kwr16v6you3t1"},"id":"8qltwy0mxxxhb8j","previousOperationId":"yj4fpen49wjds9g"}
{"type":"log","timestamp":1754650537077,"level":"debug","message":"Executing script orders-script (beforeRender)","meta":{"rootId":"w0kwr16v6you3t1","id":"w0kwr16v6you3t1"},"id":"furkufocqf4dwy0","previousOperationId":"yj4fpen49wjds9g"}
{"type":"operationStart","subtype":"scriptsBeforeRender","name":"scripts beforeRender","timestamp":1754650537321,"id":"f9gv7zuklbtilt2","previousEventId":"l5ae5obdzv8fkme","operationId":"g3if7shtfquxf06","previousOperationId":"yj4fpen49wjds9g"}
{"type":"operationStart","subtype":"script","name":"scripts orders-script","previousOperationId":"g3if7shtfquxf06","timestamp":1754650537321,"id":"y0ruw7hayjqgqbk","previousEventId":"f9gv7zuklbtilt2","operationId":"rzrtvt7ltf5cgaf"}
{"type":"operationEnd","operationId":"rzrtvt7ltf5cgaf","timestamp":1754650539716,"id":"uagr5xi35ij1ns8","previousEventId":"l5ae5obdzv8fkme","previousOperationId":"yj4fpen49wjds9g"}
{"type":"operationEnd","operationId":"g3if7shtfquxf06","timestamp":1754650539716,"id":"kwve5i7g2cynbkd","previousEventId":"uagr5xi35ij1ns8","previousOperationId":"yj4fpen49wjds9g"}
{"type":"log","timestamp":1754650539716,"level":"debug","message":"Base url not specified, skipping its injection.","meta":{"rootId":"w0kwr16v6you3t1","id":"w0kwr16v6you3t1"},"id":"75gq62ztf61rn51","previousOperationId":"g3if7shtfquxf06"}
{"type":"operationStart","subtype":"engine","name":"handlebars","timestamp":1754650539716,"id":"1ypjoernoua2a28","previousEventId":"kwve5i7g2cynbkd","operationId":"tb176hmbs3gus6w","previousOperationId":"g3if7shtfquxf06"}
{"type":"log","timestamp":1754650539716,"level":"debug","message":"Rendering engine handlebars","meta":{"rootId":"w0kwr16v6you3t1","id":"w0kwr16v6you3t1"},"id":"x441nxi1v3kevoi","previousOperationId":"tb176hmbs3gus6w"}
{"type":"log","timestamp":1754650540023,"level":"debug","message":"(console:log) Pdf utils adding group field, value: \"France\"","meta":{"userLevel":true,"rootId":"w0kwr16v6you3t1","id":"w0kwr16v6you3t1"},"id":"eo3y2f3eq23vb84","previousOperationId":"tb176hmbs3gus6w"}
{"type":"log","timestamp":1754650540025,"level":"debug","message":"(console:log) Pdf utils adding group field, value: \"Germany\"","meta":{"userLevel":true,"rootId":"w0kwr16v6you3t1","id":"w0kwr16v6you3t1"},"id":"uzmk2062zsqtsk4","previousOperationId":"tb176hmbs3gus6w"}
{"type":"operationEnd","operationId":"tb176hmbs3gus6w","timestamp":1754650540025,"id":"m1wxh8guqppt968","previousEventId":"1ypjoernoua2a28","previousOperationId":"tb176hmbs3gus6w"}
{"type":"operationStart","subtype":"recipe","name":"chrome-pdf","timestamp":1754650540026,"id":"95wnk2x3zvgimaf","previousEventId":"m1wxh8guqppt968","operationId":"0agu6j5q2k1fga1","previousOperationId":"tb176hmbs3gus6w"}
{"type":"log","timestamp":1754650540026,"level":"debug","message":"Executing recipe chrome-pdf","meta":{"rootId":"w0kwr16v6you3t1","id":"w0kwr16v6you3t1"},"id":"u9vm6umceg6idov","previousOperationId":"0agu6j5q2k1fga1"}
{"type":"log","timestamp":1754650540928,"level":"debug","message":"Converting with chrome Chrome/138.0.7204.157 using chrome-pool strategy","meta":{"rootId":"w0kwr16v6you3t1","id":"w0kwr16v6you3t1"},"id":"nuvtz19vmsy7ms5","previousOperationId":"0agu6j5q2k1fga1"}
{"type":"log","timestamp":1754650541029,"level":"debug","message":"Page request: GET (document) file:///app/temp/autocleanup/b086c955-f46e-47e5-b613-e0a1c86d13c7-chrome-pdf.html","meta":{"rootId":"w0kwr16v6you3t1","id":"w0kwr16v6you3t1"},"id":"aapmxjj74muift1","previousOperationId":"0agu6j5q2k1fga1"}
{"type":"log","timestamp":1754650541051,"level":"debug","message":"Page request finished: GET (document) 200 file:///app/temp/autocleanup/b086c955-f46e-47e5-b613-e0a1c86d13c7-chrome-pdf.html","meta":{"rootId":"w0kwr16v6you3t1","id":"w0kwr16v6you3t1"},"id":"wpc0vznnhvmko9p","previousOperationId":"0agu6j5q2k1fga1"}
{"type":"log","timestamp":1754650541055,"level":"debug","message":"Page request: GET (stylesheet) https://cdnjs.cloudflare.com/ajax/libs/metro/4.1.5/css/metro.min.css","meta":{"rootId":"w0kwr16v6you3t1","id":"w0kwr16v6you3t1"},"id":"53t1kscs3u7qtm6","previousOperationId":"0agu6j5q2k1fga1"}
{"type":"log","timestamp":1754650541059,"level":"debug","message":"Page request: GET (script) https://cdnjs.cloudflare.com/ajax/libs/Chart.js/3.9.1/chart.min.js","meta":{"rootId":"w0kwr16v6you3t1","id":"w0kwr16v6you3t1"},"id":"g78loitqkzneql5","previousOperationId":"0agu6j5q2k1fga1"}
{"type":"log","timestamp":1754650541295,"level":"debug","message":"Page request finished: GET (script) 200 https://cdnjs.cloudflare.com/ajax/libs/Chart.js/3.9.1/chart.min.js","meta":{"rootId":"w0kwr16v6you3t1","id":"w0kwr16v6you3t1"},"id":"gx0m1s8xh0kkfqz","previousOperationId":"0agu6j5q2k1fga1"}
{"type":"log","timestamp":1754650541303,"level":"debug","message":"Page request finished: GET (stylesheet) 200 https://cdnjs.cloudflare.com/ajax/libs/metro/4.1.5/css/metro.min.css","meta":{"rootId":"w0kwr16v6you3t1","id":"w0kwr16v6you3t1"},"id":"ubwpy7yjfs9ghb4","previousOperationId":"0agu6j5q2k1fga1"}
{"type":"log","timestamp":1754650541398,"level":"debug","message":"Running chrome with params {\"printBackground\":true,\"marginTop\":\"4cm\",\"marginRight\":\"1.5cm\",\"marginBottom\":\"1.5cm\",\"marginLeft\":\"1.5cm\",\"waitForJS\":false,\"timeout\":56828,\"margin\":{\"top\":\"4cm\",\"right\":\"1.5cm\",\"bottom\":\"1.5cm\",\"left\":\"1.5cm\"}}","meta":{"rootId":"w0kwr16v6you3t1","id":"w0kwr16v6you3t1"},"id":"504ywv2npt0vhzh","previousOperationId":"0agu6j5q2k1fga1"}
{"type":"operationEnd","operationId":"0agu6j5q2k1fga1","timestamp":1754650541522,"id":"hzpeimdqlv2u6hi","previousEventId":"95wnk2x3zvgimaf","previousOperationId":"0agu6j5q2k1fga1"}
{"type":"log","timestamp":1754650541522,"level":"info","message":"pdf-utils is starting pdf processing","meta":{"rootId":"w0kwr16v6you3t1","id":"w0kwr16v6you3t1"},"id":"xg44qhafi9um6v3","previousOperationId":"0agu6j5q2k1fga1"}
{"type":"operationStart","subtype":"pdfUtils","name":"pdf utils","timestamp":1754650541729,"id":"anrf48xyiv3fq72","previousEventId":"hzpeimdqlv2u6hi","operationId":"c5qf3hoqn3wxw0w","previousOperationId":"0agu6j5q2k1fga1"}
{"type":"log","timestamp":1754650541729,"level":"debug","message":"pdf-utils detected 1 pdf operation(s) to process","meta":{"rootId":"w0kwr16v6you3t1","id":"w0kwr16v6you3t1"},"id":"3gis98rlth305zg","previousOperationId":"c5qf3hoqn3wxw0w"}
{"type":"log","timestamp":1754650541758,"level":"debug","message":"pdf-utils running pdf operation merge","meta":{"rootId":"w0kwr16v6you3t1","id":"w0kwr16v6you3t1"},"id":"t1rpyiucssl6ve0","previousOperationId":"c5qf3hoqn3wxw0w"}
{"type":"operationStart","subtype":"pdfUtilsMerge","name":"pdf utils merge","previousOperationId":"c5qf3hoqn3wxw0w","timestamp":1754650541758,"id":"0dmfi03s6zygn5e","previousEventId":"anrf48xyiv3fq72","operationId":"7wu5p8wmy2mziog"}
{"type":"operationStart","subtype":"render","name":"orders-header","previousOperationId":"7wu5p8wmy2mziog","timestamp":1754650541759,"id":"iksm5hbaxbr162f","previousEventId":"0dmfi03s6zygn5e","operationId":"l8ezvsy9dxjn7l7"}
{"type":"log","timestamp":1754650541759,"level":"info","message":"Starting rendering (child) request (user: admin)","meta":{"rootId":"w0kwr16v6you3t1","id":"2p8r46dp7x6f55n"},"id":"o2adhcxkolr23zp","previousOperationId":"l8ezvsy9dxjn7l7"}
{"type":"log","timestamp":1754650541759,"level":"info","message":"Rendering template { name: orders-header, recipe: chrome-pdf, engine: handlebars, preview: true }","meta":{"rootId":"w0kwr16v6you3t1","id":"2p8r46dp7x6f55n"},"id":"oeuzzv3pavchkfp","previousOperationId":"l8ezvsy9dxjn7l7"}
{"type":"log","timestamp":1754650541760,"level":"debug","message":"Inline data specified.","meta":{"rootId":"w0kwr16v6you3t1","id":"2p8r46dp7x6f55n"},"id":"k996kq5pnrgyejm","previousOperationId":"l8ezvsy9dxjn7l7"}
{"type":"log","timestamp":1754650541777,"level":"debug","message":"Base url not specified, skipping its injection.","meta":{"rootId":"w0kwr16v6you3t1","id":"2p8r46dp7x6f55n"},"id":"qv20u94ny7qw7z2","previousOperationId":"l8ezvsy9dxjn7l7"}
{"type":"operationStart","subtype":"engine","name":"handlebars","timestamp":1754650541777,"id":"gidjie87bdgahlj","previousEventId":"iksm5hbaxbr162f","operationId":"7u167633yrbf8os","previousOperationId":"l8ezvsy9dxjn7l7"}
{"type":"log","timestamp":1754650541777,"level":"debug","message":"Rendering engine handlebars","meta":{"rootId":"w0kwr16v6you3t1","id":"2p8r46dp7x6f55n"},"id":"4avqjpiy7cysrau","previousOperationId":"7u167633yrbf8os"}
{"type":"operationEnd","operationId":"7u167633yrbf8os","timestamp":1754650541824,"id":"ehj6bps6nq5oxum","previousEventId":"gidjie87bdgahlj","previousOperationId":"7u167633yrbf8os"}
{"type":"operationStart","subtype":"recipe","name":"chrome-pdf","timestamp":1754650541824,"id":"w8a5ndzzr3vasde","previousEventId":"ehj6bps6nq5oxum","operationId":"l8hmaggvkpu8jm5","previousOperationId":"7u167633yrbf8os"}
{"type":"log","timestamp":1754650541824,"level":"debug","message":"Executing recipe chrome-pdf","meta":{"rootId":"w0kwr16v6you3t1","id":"2p8r46dp7x6f55n"},"id":"8a0gtxbbv6ie8qg","previousOperationId":"l8hmaggvkpu8jm5"}
{"type":"log","timestamp":1754650541825,"level":"debug","message":"Converting with chrome Chrome/138.0.7204.157 using chrome-pool strategy","meta":{"rootId":"w0kwr16v6you3t1","id":"2p8r46dp7x6f55n"},"id":"nm9jxv28syy2p1c","previousOperationId":"l8hmaggvkpu8jm5"}
{"type":"log","timestamp":1754650541868,"level":"debug","message":"Page request: GET (document) file:///app/temp/autocleanup/1c8c2a50-4931-497a-a0bf-8876b174aaa3-chrome-pdf.html","meta":{"rootId":"w0kwr16v6you3t1","id":"2p8r46dp7x6f55n"},"id":"ysiua7yco4o9x8o","previousOperationId":"l8hmaggvkpu8jm5"}
{"type":"log","timestamp":1754650541882,"level":"debug","message":"Page request finished: GET (document) 200 file:///app/temp/autocleanup/1c8c2a50-4931-497a-a0bf-8876b174aaa3-chrome-pdf.html","meta":{"rootId":"w0kwr16v6you3t1","id":"2p8r46dp7x6f55n"},"id":"thy7ju2l1injfog","previousOperationId":"l8hmaggvkpu8jm5"}
{"type":"log","timestamp":1754650541886,"level":"debug","message":"Page request: GET (stylesheet) https://cdnjs.cloudflare.com/ajax/libs/metro/4.1.5/css/metro.min.css","meta":{"rootId":"w0kwr16v6you3t1","id":"2p8r46dp7x6f55n"},"id":"peg1q3x9d0l8xic","previousOperationId":"l8hmaggvkpu8jm5"}
{"type":"log","timestamp":1754650541903,"level":"debug","message":"Page request finished: GET (stylesheet) 200 https://cdnjs.cloudflare.com/ajax/libs/metro/4.1.5/css/metro.min.css","meta":{"rootId":"w0kwr16v6you3t1","id":"2p8r46dp7x6f55n"},"id":"3deajexgs2ciob3","previousOperationId":"l8hmaggvkpu8jm5"}
{"type":"log","timestamp":1754650541909,"level":"debug","message":"Running chrome with params {\"printBackground\":true,\"marginTop\":\"1.5cm\",\"marginRight\":\"1.5cm\",\"marginLeft\":\"1.cm\",\"timeout\":55188,\"margin\":{\"top\":\"1.5cm\",\"right\":\"1.5cm\",\"left\":\"1.cm\"}}","meta":{"rootId":"w0kwr16v6you3t1","id":"2p8r46dp7x6f55n"},"id":"f1spqtkn7bf6uf0","previousOperationId":"l8hmaggvkpu8jm5"}
{"type":"operationEnd","operationId":"l8hmaggvkpu8jm5","timestamp":1754650541942,"id":"xh1jsqkdb3bj9l8","previousEventId":"w8a5ndzzr3vasde","previousOperationId":"l8hmaggvkpu8jm5"}
{"type":"log","timestamp":1754650541942,"level":"debug","message":"Skipping storing report.","meta":{"rootId":"w0kwr16v6you3t1","id":"2p8r46dp7x6f55n"},"id":"2r1x2rcxmaijcyp","previousOperationId":"l8hmaggvkpu8jm5"}
{"type":"log","timestamp":1754650541942,"level":"info","message":"Rendering (child) request finished in 4930 ms","meta":{"rootId":"w0kwr16v6you3t1","id":"2p8r46dp7x6f55n"},"id":"8w857vvyzqz52k1","previousOperationId":"l8hmaggvkpu8jm5"}
{"type":"operationEnd","subtype":"render","operationId":"l8ezvsy9dxjn7l7","timestamp":1754650541943,"id":"kt501vsbt32xvvp","previousEventId":"xh1jsqkdb3bj9l8","previousOperationId":"l8hmaggvkpu8jm5"}
{"type":"operationEnd","operationId":"7wu5p8wmy2mziog","timestamp":1754650541969,"id":"8hy2ov7ciyh60z0","previousEventId":"0dmfi03s6zygn5e","previousOperationId":"7wu5p8wmy2mziog"}
{"type":"log","timestamp":1754650541969,"level":"debug","message":"pdf-utils postprocess start","meta":{"rootId":"w0kwr16v6you3t1","id":"w0kwr16v6you3t1"},"id":"hgomrl2kwow37hs","previousOperationId":"7wu5p8wmy2mziog"}
{"type":"log","timestamp":1754650541999,"level":"debug","message":"pdf-utils postprocess end","meta":{"rootId":"w0kwr16v6you3t1","id":"w0kwr16v6you3t1"},"id":"dkeze90g8su3cak","previousOperationId":"7wu5p8wmy2mziog"}
{"type":"operationEnd","operationId":"c5qf3hoqn3wxw0w","timestamp":1754650542000,"id":"wze5srfnkpj2tri","previousEventId":"8hy2ov7ciyh60z0","previousOperationId":"7wu5p8wmy2mziog"}
{"type":"log","timestamp":1754650542002,"level":"info","message":"pdf-utils pdf processing was finished","meta":{"rootId":"w0kwr16v6you3t1","id":"w0kwr16v6you3t1"},"id":"kzxm2plmdhfwol7","previousOperationId":"c5qf3hoqn3wxw0w"}
{"type":"log","timestamp":1754650542002,"level":"debug","message":"Skipping storing report.","meta":{"rootId":"w0kwr16v6you3t1","id":"w0kwr16v6you3t1"},"id":"d4vpq25d5i3zd9m","previousOperationId":"c5qf3hoqn3wxw0w"}
{"type":"log","timestamp":1754650542002,"level":"info","message":"Rendering request 1 finished in 4990 ms","meta":{"rootId":"w0kwr16v6you3t1","id":"w0kwr16v6you3t1"},"id":"16bknuwhnt7x4ae","previousOperationId":"c5qf3hoqn3wxw0w"}
{"type":"operationEnd","subtype":"render","operationId":"yj4fpen49wjds9g","timestamp":1754650542002,"id":"g044umso840s5nx","previousEventId":"wze5srfnkpj2tri","previousOperationId":"c5qf3hoqn3wxw0w"}
{"type":"operationEnd","doDiffs":false,"previousEventId":"3pljh51k97m8feb","previousOperationId":"udvocg20tlm95h0","operationId":"udvocg20tlm95h0","timestamp":1754650542043,"id":"b2msju3gjv974ih"}
