{"type":"operationStart","subtype":"profile","data":{"_id":"DRU6mzQFF5Kz2ZJr","timestamp":"2025-08-07T10:29:54.665Z","state":"queued","mode":"standard","creationDate":"2025-08-07T10:29:54.667Z","modificationDate":"2025-08-07T10:29:54.667Z","shortid":"TqkT9zp","inheritedReadPermissions":[],"inheritedEditPermissions":[],"$entitySet":"profiles"},"doDiffs":false,"timestamp":1754562594667,"id":"0vvcec0l0dqhkzh","previousOperationId":null,"operationId":"k8pmmc13kpjencq"}
{"type":"log","level":"info","message":"Render request 2 queued for execution and waiting for available worker","previousOperationId":"k8pmmc13kpjencq","timestamp":1754562594667,"id":"h3voysj9czp9ndr"}
{"type":"operationStart","subtype":"render","name":"orders-main","previousOperationId":"k8pmmc13kpjencq","timestamp":1754562594692,"id":"mr3xttpk9xrkbfg","previousEventId":"0vvcec0l0dqhkzh","operationId":"2mzq8cedv8grtbz"}
{"type":"log","timestamp":1754562594693,"level":"info","message":"Starting rendering request 2 (user: admin)","meta":{"rootId":"zmy71lo2enmfvnm","id":"zmy71lo2enmfvnm"},"id":"q4ljmuvjqorlw4g","previousOperationId":"2mzq8cedv8grtbz"}
{"type":"log","timestamp":1754562594693,"level":"info","message":"Rendering template { name: orders-main, recipe: chrome-pdf, engine: handlebars, preview: true }","meta":{"rootId":"zmy71lo2enmfvnm","id":"zmy71lo2enmfvnm"},"id":"3nn3h9mdyud6cjs","previousOperationId":"2mzq8cedv8grtbz"}
{"type":"log","timestamp":1754562594694,"level":"debug","message":"Data item not defined for this template.","meta":{"rootId":"zmy71lo2enmfvnm","id":"zmy71lo2enmfvnm"},"id":"vq71og9iwar8kl3","previousOperationId":"2mzq8cedv8grtbz"}
{"type":"log","timestamp":1754562594697,"level":"debug","message":"Executing script orders-script (beforeRender)","meta":{"rootId":"zmy71lo2enmfvnm","id":"zmy71lo2enmfvnm"},"id":"kiarha86xebycui","previousOperationId":"2mzq8cedv8grtbz"}
{"type":"operationStart","subtype":"scriptsBeforeRender","name":"scripts beforeRender","timestamp":1754562594821,"id":"0oqs1jhebp3mjof","previousEventId":"mr3xttpk9xrkbfg","operationId":"wv1cgwqis0kz5j5","previousOperationId":"2mzq8cedv8grtbz"}
{"type":"operationStart","subtype":"script","name":"scripts orders-script","previousOperationId":"wv1cgwqis0kz5j5","timestamp":1754562594821,"id":"7n3iiztg4tes834","previousEventId":"0oqs1jhebp3mjof","operationId":"9xo7usdhicryh29"}
{"type":"operationEnd","operationId":"9xo7usdhicryh29","timestamp":1754562600073,"id":"m352mmko0wps0gg","previousEventId":"mr3xttpk9xrkbfg","previousOperationId":"2mzq8cedv8grtbz"}
{"type":"operationEnd","operationId":"wv1cgwqis0kz5j5","timestamp":1754562600073,"id":"xtcfn8yquqpvmaa","previousEventId":"m352mmko0wps0gg","previousOperationId":"2mzq8cedv8grtbz"}
{"type":"log","timestamp":1754562600074,"level":"debug","message":"Base url not specified, skipping its injection.","meta":{"rootId":"zmy71lo2enmfvnm","id":"zmy71lo2enmfvnm"},"id":"lkyquc3wahl9tns","previousOperationId":"wv1cgwqis0kz5j5"}
{"type":"operationStart","subtype":"engine","name":"handlebars","timestamp":1754562600074,"id":"53c9zbahtu89kb2","previousEventId":"xtcfn8yquqpvmaa","operationId":"olori65nl2kyovp","previousOperationId":"wv1cgwqis0kz5j5"}
{"type":"log","timestamp":1754562600074,"level":"debug","message":"Rendering engine handlebars","meta":{"rootId":"zmy71lo2enmfvnm","id":"zmy71lo2enmfvnm"},"id":"q5c49uyk3nuevd0","previousOperationId":"olori65nl2kyovp"}
{"type":"log","timestamp":1754562600300,"level":"debug","message":"(console:log) Pdf utils adding group field, value: \"France\"","meta":{"userLevel":true,"rootId":"zmy71lo2enmfvnm","id":"zmy71lo2enmfvnm"},"id":"7hkpagh0bjvmrx2","previousOperationId":"olori65nl2kyovp"}
{"type":"log","timestamp":1754562600300,"level":"debug","message":"(console:log) Pdf utils adding group field, value: \"Germany\"","meta":{"userLevel":true,"rootId":"zmy71lo2enmfvnm","id":"zmy71lo2enmfvnm"},"id":"kdjspael5mardrl","previousOperationId":"olori65nl2kyovp"}
{"type":"operationEnd","operationId":"olori65nl2kyovp","timestamp":1754562600301,"id":"2bqgrw5ifs4mea4","previousEventId":"53c9zbahtu89kb2","previousOperationId":"olori65nl2kyovp"}
{"type":"operationStart","subtype":"recipe","name":"chrome-pdf","timestamp":1754562600302,"id":"fih7b1zhwm9xnkg","previousEventId":"2bqgrw5ifs4mea4","operationId":"uol8yj4lrsq3wwa","previousOperationId":"olori65nl2kyovp"}
{"type":"log","timestamp":1754562600302,"level":"debug","message":"Executing recipe chrome-pdf","meta":{"rootId":"zmy71lo2enmfvnm","id":"zmy71lo2enmfvnm"},"id":"j6x1yxgif722x12","previousOperationId":"uol8yj4lrsq3wwa"}
{"type":"log","timestamp":1754562600726,"level":"debug","message":"Converting with chrome Chrome/138.0.7204.157 using chrome-pool strategy","meta":{"rootId":"zmy71lo2enmfvnm","id":"zmy71lo2enmfvnm"},"id":"hl54wn3qknpzodu","previousOperationId":"uol8yj4lrsq3wwa"}
{"type":"log","timestamp":1754562600794,"level":"debug","message":"Page request: GET (document) file:///tmp/jsreport/autocleanup/74c66d78-271f-43b6-9048-51caff54a5b3-chrome-pdf.html","meta":{"rootId":"zmy71lo2enmfvnm","id":"zmy71lo2enmfvnm"},"id":"32x1zcfsz5v2upt","previousOperationId":"uol8yj4lrsq3wwa"}
{"type":"log","timestamp":1754562600813,"level":"debug","message":"Page request finished: GET (document) 200 file:///tmp/jsreport/autocleanup/74c66d78-271f-43b6-9048-51caff54a5b3-chrome-pdf.html","meta":{"rootId":"zmy71lo2enmfvnm","id":"zmy71lo2enmfvnm"},"id":"jnij19r1x3a9njx","previousOperationId":"uol8yj4lrsq3wwa"}
{"type":"log","timestamp":1754562600818,"level":"debug","message":"Page request: GET (stylesheet) https://cdnjs.cloudflare.com/ajax/libs/metro/4.1.5/css/metro.min.css","meta":{"rootId":"zmy71lo2enmfvnm","id":"zmy71lo2enmfvnm"},"id":"5wancuej535yj3i","previousOperationId":"uol8yj4lrsq3wwa"}
{"type":"log","timestamp":1754562600819,"level":"debug","message":"Page request: GET (script) https://cdnjs.cloudflare.com/ajax/libs/Chart.js/3.9.1/chart.min.js","meta":{"rootId":"zmy71lo2enmfvnm","id":"zmy71lo2enmfvnm"},"id":"xkr75ain5tnl8gh","previousOperationId":"uol8yj4lrsq3wwa"}
{"type":"log","timestamp":1754562600900,"level":"debug","message":"Page request finished: GET (script) 200 https://cdnjs.cloudflare.com/ajax/libs/Chart.js/3.9.1/chart.min.js","meta":{"rootId":"zmy71lo2enmfvnm","id":"zmy71lo2enmfvnm"},"id":"vb7yq39etpmpmk6","previousOperationId":"uol8yj4lrsq3wwa"}
{"type":"log","timestamp":1754562600914,"level":"debug","message":"Page request finished: GET (stylesheet) 200 https://cdnjs.cloudflare.com/ajax/libs/metro/4.1.5/css/metro.min.css","meta":{"rootId":"zmy71lo2enmfvnm","id":"zmy71lo2enmfvnm"},"id":"swyidccx4ykas29","previousOperationId":"uol8yj4lrsq3wwa"}
{"type":"log","timestamp":1754562601012,"level":"debug","message":"Running chrome with params {\"printBackground\":true,\"marginTop\":\"4cm\",\"marginRight\":\"1.5cm\",\"marginBottom\":\"1.5cm\",\"marginLeft\":\"1.5cm\",\"waitForJS\":false,\"timeout\":54274,\"margin\":{\"top\":\"4cm\",\"right\":\"1.5cm\",\"bottom\":\"1.5cm\",\"left\":\"1.5cm\"}}","meta":{"rootId":"zmy71lo2enmfvnm","id":"zmy71lo2enmfvnm"},"id":"4mdh61yfe9sgrb4","previousOperationId":"uol8yj4lrsq3wwa"}
{"type":"operationEnd","operationId":"uol8yj4lrsq3wwa","timestamp":1754562601131,"id":"d246rsdkwg9mh6q","previousEventId":"fih7b1zhwm9xnkg","previousOperationId":"uol8yj4lrsq3wwa"}
{"type":"log","timestamp":1754562601131,"level":"info","message":"pdf-utils is starting pdf processing","meta":{"rootId":"zmy71lo2enmfvnm","id":"zmy71lo2enmfvnm"},"id":"oimjnwbwf29rz1h","previousOperationId":"uol8yj4lrsq3wwa"}
{"type":"operationStart","subtype":"pdfUtils","name":"pdf utils","timestamp":1754562601284,"id":"pjfyec2hg2hypzz","previousEventId":"d246rsdkwg9mh6q","operationId":"acvaa6m95qd2iuu","previousOperationId":"uol8yj4lrsq3wwa"}
{"type":"log","timestamp":1754562601284,"level":"debug","message":"pdf-utils detected 1 pdf operation(s) to process","meta":{"rootId":"zmy71lo2enmfvnm","id":"zmy71lo2enmfvnm"},"id":"pwitdqtozme6t67","previousOperationId":"acvaa6m95qd2iuu"}
{"type":"log","timestamp":1754562601315,"level":"debug","message":"pdf-utils running pdf operation merge","meta":{"rootId":"zmy71lo2enmfvnm","id":"zmy71lo2enmfvnm"},"id":"fijwouvf69zic04","previousOperationId":"acvaa6m95qd2iuu"}
{"type":"operationStart","subtype":"pdfUtilsMerge","name":"pdf utils merge","previousOperationId":"acvaa6m95qd2iuu","timestamp":1754562601315,"id":"vy2k8j9z85h57j7","previousEventId":"pjfyec2hg2hypzz","operationId":"2f9wag7paqnkedq"}
{"type":"operationStart","subtype":"render","name":"orders-header","previousOperationId":"2f9wag7paqnkedq","timestamp":1754562601316,"id":"g9vwo8kwog1a94d","previousEventId":"vy2k8j9z85h57j7","operationId":"n03ij67hvxcr5yr"}
{"type":"log","timestamp":1754562601317,"level":"info","message":"Starting rendering (child) request (user: admin)","meta":{"rootId":"zmy71lo2enmfvnm","id":"6xh6k8o81ihlkbs"},"id":"9he915fgs6rb4wr","previousOperationId":"n03ij67hvxcr5yr"}
{"type":"log","timestamp":1754562601317,"level":"info","message":"Rendering template { name: orders-header, recipe: chrome-pdf, engine: handlebars, preview: true }","meta":{"rootId":"zmy71lo2enmfvnm","id":"6xh6k8o81ihlkbs"},"id":"flvqee66ql0cm7f","previousOperationId":"n03ij67hvxcr5yr"}
{"type":"log","timestamp":1754562601344,"level":"debug","message":"Inline data specified.","meta":{"rootId":"zmy71lo2enmfvnm","id":"6xh6k8o81ihlkbs"},"id":"kc6ji6dz9bxle9y","previousOperationId":"n03ij67hvxcr5yr"}
{"type":"log","timestamp":1754562601345,"level":"debug","message":"Base url not specified, skipping its injection.","meta":{"rootId":"zmy71lo2enmfvnm","id":"6xh6k8o81ihlkbs"},"id":"rq3owbdr1snjeil","previousOperationId":"n03ij67hvxcr5yr"}
{"type":"operationStart","subtype":"engine","name":"handlebars","timestamp":1754562601346,"id":"nxrcshim4hya77y","previousEventId":"g9vwo8kwog1a94d","operationId":"1wtz3ngyrk6i71e","previousOperationId":"n03ij67hvxcr5yr"}
{"type":"log","timestamp":1754562601346,"level":"debug","message":"Rendering engine handlebars","meta":{"rootId":"zmy71lo2enmfvnm","id":"6xh6k8o81ihlkbs"},"id":"loeqqdkyzm7fpnp","previousOperationId":"1wtz3ngyrk6i71e"}
{"type":"operationEnd","operationId":"1wtz3ngyrk6i71e","timestamp":1754562601365,"id":"m71kqvoxbxysd4k","previousEventId":"nxrcshim4hya77y","previousOperationId":"1wtz3ngyrk6i71e"}
{"type":"operationStart","subtype":"recipe","name":"chrome-pdf","timestamp":1754562601365,"id":"ysh91evcr66tcoz","previousEventId":"m71kqvoxbxysd4k","operationId":"jhqfdivkpuyn6ai","previousOperationId":"1wtz3ngyrk6i71e"}
{"type":"log","timestamp":1754562601366,"level":"debug","message":"Executing recipe chrome-pdf","meta":{"rootId":"zmy71lo2enmfvnm","id":"6xh6k8o81ihlkbs"},"id":"42p12jzprl63nu7","previousOperationId":"jhqfdivkpuyn6ai"}
{"type":"log","timestamp":1754562601367,"level":"debug","message":"Converting with chrome Chrome/138.0.7204.157 using chrome-pool strategy","meta":{"rootId":"zmy71lo2enmfvnm","id":"6xh6k8o81ihlkbs"},"id":"wxqyfjw1tclxovw","previousOperationId":"jhqfdivkpuyn6ai"}
{"type":"log","timestamp":1754562601424,"level":"debug","message":"Page request: GET (document) file:///tmp/jsreport/autocleanup/c35509bf-6d92-4839-9a3a-9679fca115ea-chrome-pdf.html","meta":{"rootId":"zmy71lo2enmfvnm","id":"6xh6k8o81ihlkbs"},"id":"4hmn8h0on20agxj","previousOperationId":"jhqfdivkpuyn6ai"}
{"type":"log","timestamp":1754562601438,"level":"debug","message":"Page request finished: GET (document) 200 file:///tmp/jsreport/autocleanup/c35509bf-6d92-4839-9a3a-9679fca115ea-chrome-pdf.html","meta":{"rootId":"zmy71lo2enmfvnm","id":"6xh6k8o81ihlkbs"},"id":"6cmukvf187mpgs4","previousOperationId":"jhqfdivkpuyn6ai"}
{"type":"log","timestamp":1754562601438,"level":"debug","message":"Page request: GET (stylesheet) https://cdnjs.cloudflare.com/ajax/libs/metro/4.1.5/css/metro.min.css","meta":{"rootId":"zmy71lo2enmfvnm","id":"6xh6k8o81ihlkbs"},"id":"059efqh27ekcjy6","previousOperationId":"jhqfdivkpuyn6ai"}
{"type":"log","timestamp":1754562601454,"level":"debug","message":"Page request finished: GET (stylesheet) 200 https://cdnjs.cloudflare.com/ajax/libs/metro/4.1.5/css/metro.min.css","meta":{"rootId":"zmy71lo2enmfvnm","id":"6xh6k8o81ihlkbs"},"id":"puzh6o2vemg81mc","previousOperationId":"jhqfdivkpuyn6ai"}
{"type":"log","timestamp":1754562601462,"level":"debug","message":"Running chrome with params {\"printBackground\":true,\"marginTop\":\"1.5cm\",\"marginRight\":\"1.5cm\",\"marginLeft\":\"1.cm\",\"timeout\":53299,\"margin\":{\"top\":\"1.5cm\",\"right\":\"1.5cm\",\"left\":\"1.cm\"}}","meta":{"rootId":"zmy71lo2enmfvnm","id":"6xh6k8o81ihlkbs"},"id":"418ojrtlzauiygs","previousOperationId":"jhqfdivkpuyn6ai"}
{"type":"operationEnd","operationId":"jhqfdivkpuyn6ai","timestamp":1754562601494,"id":"rwmoqiro9s5lqnf","previousEventId":"ysh91evcr66tcoz","previousOperationId":"jhqfdivkpuyn6ai"}
{"type":"log","timestamp":1754562601494,"level":"debug","message":"Skipping storing report.","meta":{"rootId":"zmy71lo2enmfvnm","id":"6xh6k8o81ihlkbs"},"id":"gbstzz13oty43dr","previousOperationId":"jhqfdivkpuyn6ai"}
{"type":"log","timestamp":1754562601494,"level":"info","message":"Rendering (child) request finished in 6829 ms","meta":{"rootId":"zmy71lo2enmfvnm","id":"6xh6k8o81ihlkbs"},"id":"levm6yd7q6bvhlb","previousOperationId":"jhqfdivkpuyn6ai"}
{"type":"operationEnd","subtype":"render","operationId":"n03ij67hvxcr5yr","timestamp":1754562601494,"id":"v8niesgpgxvnoxy","previousEventId":"rwmoqiro9s5lqnf","previousOperationId":"jhqfdivkpuyn6ai"}
{"type":"operationEnd","operationId":"2f9wag7paqnkedq","timestamp":1754562601513,"id":"yn718ux4u2hhwuv","previousEventId":"vy2k8j9z85h57j7","previousOperationId":"2f9wag7paqnkedq"}
{"type":"log","timestamp":1754562601514,"level":"debug","message":"pdf-utils postprocess start","meta":{"rootId":"zmy71lo2enmfvnm","id":"zmy71lo2enmfvnm"},"id":"wtfex0wm29vgcke","previousOperationId":"2f9wag7paqnkedq"}
{"type":"log","timestamp":1754562601539,"level":"debug","message":"pdf-utils postprocess end","meta":{"rootId":"zmy71lo2enmfvnm","id":"zmy71lo2enmfvnm"},"id":"gx3j7s9pkork7yo","previousOperationId":"2f9wag7paqnkedq"}
{"type":"operationEnd","operationId":"acvaa6m95qd2iuu","timestamp":1754562601539,"id":"zwjwt3xv9u52kjp","previousEventId":"yn718ux4u2hhwuv","previousOperationId":"2f9wag7paqnkedq"}
{"type":"log","timestamp":1754562601552,"level":"info","message":"pdf-utils pdf processing was finished","meta":{"rootId":"zmy71lo2enmfvnm","id":"zmy71lo2enmfvnm"},"id":"uctlph045p7xjir","previousOperationId":"acvaa6m95qd2iuu"}
{"type":"log","timestamp":1754562601552,"level":"debug","message":"Skipping storing report.","meta":{"rootId":"zmy71lo2enmfvnm","id":"zmy71lo2enmfvnm"},"id":"10v35jp2dmhsdsx","previousOperationId":"acvaa6m95qd2iuu"}
{"type":"log","timestamp":1754562601552,"level":"info","message":"Rendering request 2 finished in 6887 ms","meta":{"rootId":"zmy71lo2enmfvnm","id":"zmy71lo2enmfvnm"},"id":"2sh9e0a1fr5q58w","previousOperationId":"acvaa6m95qd2iuu"}
{"type":"operationEnd","subtype":"render","operationId":"2mzq8cedv8grtbz","timestamp":1754562601552,"id":"c4ocdvibmqjuko5","previousEventId":"zwjwt3xv9u52kjp","previousOperationId":"acvaa6m95qd2iuu"}
{"type":"operationEnd","doDiffs":false,"previousEventId":"0vvcec0l0dqhkzh","previousOperationId":"k8pmmc13kpjencq","operationId":"k8pmmc13kpjencq","timestamp":1754562601556,"id":"g1j8jlbu8jc7wrk"}
