{"type":"operationStart","subtype":"profile","data":{"_id":"kgUmP7kQJC76UaUR","timestamp":"2025-08-07T14:51:56.669Z","state":"queued","mode":"standard","creationDate":"2025-08-07T14:51:56.670Z","modificationDate":"2025-08-07T14:51:56.670Z","shortid":"Eb_4iqr","inheritedReadPermissions":[],"inheritedEditPermissions":[],"$entitySet":"profiles"},"doDiffs":false,"timestamp":1754578316670,"id":"q702lrv0zcqk647","previousOperationId":null,"operationId":"l6nuqpyixmsauhj"}
{"type":"log","level":"info","message":"Render request 8 queued for execution and waiting for available worker","previousOperationId":"l6nuqpyixmsauhj","timestamp":1754578316670,"id":"y06mkc9xxcprru9"}
{"type":"operationStart","subtype":"render","name":"informeSeleccion01","previousOperationId":"l6nuqpyixmsauhj","timestamp":1754578316694,"id":"es8holvhphyzzck","previousEventId":"q702lrv0zcqk647","operationId":"i1zhn8f0lbq25n0"}
{"type":"log","timestamp":1754578316694,"level":"info","message":"Starting rendering request 8 (user: admin)","meta":{"rootId":"lsm67b40fgdkiu5","id":"lsm67b40fgdkiu5"},"id":"vo7ji4ifsgcx7eq","previousOperationId":"i1zhn8f0lbq25n0"}
{"type":"log","timestamp":1754578316694,"level":"info","message":"Rendering template { name: informeSeleccion01, recipe: chrome-pdf, engine: handlebars, preview: true }","meta":{"rootId":"lsm67b40fgdkiu5","id":"lsm67b40fgdkiu5"},"id":"3rn63h5m1nwmv00","previousOperationId":"i1zhn8f0lbq25n0"}
{"type":"log","timestamp":1754578316695,"level":"debug","message":"Inline data specified.","meta":{"rootId":"lsm67b40fgdkiu5","id":"lsm67b40fgdkiu5"},"id":"sq3an0cwz6ev8f5","previousOperationId":"i1zhn8f0lbq25n0"}
{"type":"log","timestamp":1754578316698,"level":"debug","message":"Base url not specified, skipping its injection.","meta":{"rootId":"lsm67b40fgdkiu5","id":"lsm67b40fgdkiu5"},"id":"58cdx8q40heojdn","previousOperationId":"i1zhn8f0lbq25n0"}
{"type":"operationStart","subtype":"engine","name":"handlebars","timestamp":1754578316698,"id":"0tbcm9n3ujokkr5","previousEventId":"es8holvhphyzzck","operationId":"am8hp6ei1h6ml1l","previousOperationId":"i1zhn8f0lbq25n0"}
{"type":"log","timestamp":1754578316698,"level":"debug","message":"Rendering engine handlebars","meta":{"rootId":"lsm67b40fgdkiu5","id":"lsm67b40fgdkiu5"},"id":"cera9s9zo4r8l49","previousOperationId":"am8hp6ei1h6ml1l"}
{"type":"operationEnd","operationId":"am8hp6ei1h6ml1l","timestamp":1754578316718,"id":"jv8s4b5my7qtc6c","previousEventId":"0tbcm9n3ujokkr5","previousOperationId":"am8hp6ei1h6ml1l"}
{"type":"operationStart","subtype":"recipe","name":"chrome-pdf","timestamp":1754578316719,"id":"scix7cvkah30pvq","previousEventId":"jv8s4b5my7qtc6c","operationId":"ca636hxm591xdmo","previousOperationId":"am8hp6ei1h6ml1l"}
{"type":"log","timestamp":1754578316719,"level":"debug","message":"Executing recipe chrome-pdf","meta":{"rootId":"lsm67b40fgdkiu5","id":"lsm67b40fgdkiu5"},"id":"7oi8e2ilotowmxd","previousOperationId":"ca636hxm591xdmo"}
{"type":"log","timestamp":1754578316724,"level":"debug","message":"Converting with chrome Chrome/138.0.7204.157 using chrome-pool strategy","meta":{"rootId":"lsm67b40fgdkiu5","id":"lsm67b40fgdkiu5"},"id":"a8uq80n1iwhddw8","previousOperationId":"ca636hxm591xdmo"}
{"type":"log","timestamp":1754578316774,"level":"debug","message":"Page request: GET (document) file:///app/temp/autocleanup/a32226c5-049f-4513-b574-7fc42f1d0583-chrome-pdf.html","meta":{"rootId":"lsm67b40fgdkiu5","id":"lsm67b40fgdkiu5"},"id":"ggvrja1damh9k0y","previousOperationId":"ca636hxm591xdmo"}
{"type":"log","timestamp":1754578316788,"level":"debug","message":"Page request finished: GET (document) 200 file:///app/temp/autocleanup/a32226c5-049f-4513-b574-7fc42f1d0583-chrome-pdf.html","meta":{"rootId":"lsm67b40fgdkiu5","id":"lsm67b40fgdkiu5"},"id":"pme2pme1bthjcoj","previousOperationId":"ca636hxm591xdmo"}
{"type":"log","timestamp":1754578316789,"level":"debug","message":"Page request: GET (image) https://www.grupompleo.com/sites/default/files/logo_0.png","meta":{"rootId":"lsm67b40fgdkiu5","id":"lsm67b40fgdkiu5"},"id":"ydtp1dnfjn2uwh3","previousOperationId":"ca636hxm591xdmo"}
{"type":"log","timestamp":1754578317259,"level":"warn","message":"Page request failed: GET (image) https://www.grupompleo.com/sites/default/files/logo_0.png, failure: net::ERR_BLOCKED_BY_ORB","meta":{"rootId":"lsm67b40fgdkiu5","id":"lsm67b40fgdkiu5"},"id":"s8isk9wkyvtpx39","previousOperationId":"ca636hxm591xdmo"}
{"type":"log","timestamp":1754578317269,"level":"debug","message":"Running chrome with params {\"printBackground\":true,\"timeout\":59946,\"margin\":{}}","meta":{"rootId":"lsm67b40fgdkiu5","id":"lsm67b40fgdkiu5"},"id":"5t2w5ayn5qp311l","previousOperationId":"ca636hxm591xdmo"}
{"type":"operationEnd","operationId":"ca636hxm591xdmo","timestamp":1754578317322,"id":"ak4r44ee9eeafd0","previousEventId":"scix7cvkah30pvq","previousOperationId":"ca636hxm591xdmo"}
{"type":"log","timestamp":1754578317322,"level":"debug","message":"Skipping storing report.","meta":{"rootId":"lsm67b40fgdkiu5","id":"lsm67b40fgdkiu5"},"id":"sroadc1epq0vmqr","previousOperationId":"ca636hxm591xdmo"}
{"type":"log","timestamp":1754578317322,"level":"info","message":"Rendering request 8 finished in 653 ms","meta":{"rootId":"lsm67b40fgdkiu5","id":"lsm67b40fgdkiu5"},"id":"8wucntqb9t063sf","previousOperationId":"ca636hxm591xdmo"}
{"type":"operationEnd","subtype":"render","operationId":"i1zhn8f0lbq25n0","timestamp":1754578317322,"id":"58dqol68bne7hqv","previousEventId":"ak4r44ee9eeafd0","previousOperationId":"ca636hxm591xdmo"}
{"type":"operationEnd","doDiffs":false,"previousEventId":"q702lrv0zcqk647","previousOperationId":"l6nuqpyixmsauhj","operationId":"l6nuqpyixmsauhj","timestamp":1754578317326,"id":"fegfpdf7oizsj74"}
