{"type":"operationStart","subtype":"profile","data":{"_id":"yB5fkG0OhU670VUG","timestamp":"2025-08-07T14:43:39.076Z","state":"queued","mode":"standard","creationDate":"2025-08-07T14:43:39.078Z","modificationDate":"2025-08-07T14:43:39.078Z","shortid":"zpoVwvl","inheritedReadPermissions":[],"inheritedEditPermissions":[],"$entitySet":"profiles"},"doDiffs":false,"timestamp":1754577819077,"id":"tewolmafp3ykkpo","previousOperationId":null,"operationId":"bsxsph7izmkhl4h"}
{"type":"log","level":"info","message":"Render request 5 queued for execution and waiting for available worker","previousOperationId":"bsxsph7izmkhl4h","timestamp":1754577819077,"id":"0wj7hws1nnllgic"}
{"type":"operationStart","subtype":"render","name":"informeSeleccion01","previousOperationId":"bsxsph7izmkhl4h","timestamp":1754577819099,"id":"z4dibmttqszwzbf","previousEventId":"tewolmafp3ykkpo","operationId":"34zv9tdv7l8fjc3"}
{"type":"log","timestamp":1754577819099,"level":"info","message":"Starting rendering request 5 (user: admin)","meta":{"rootId":"uga7qgyk27xzrnk","id":"uga7qgyk27xzrnk"},"id":"fwfaq55najar26t","previousOperationId":"34zv9tdv7l8fjc3"}
{"type":"log","timestamp":1754577819099,"level":"info","message":"Rendering template { name: informeSeleccion01, recipe: chrome-pdf, engine: handlebars, preview: true }","meta":{"rootId":"uga7qgyk27xzrnk","id":"uga7qgyk27xzrnk"},"id":"k7vfme0vxma2imz","previousOperationId":"34zv9tdv7l8fjc3"}
{"type":"log","timestamp":1754577819101,"level":"debug","message":"Inline data specified.","meta":{"rootId":"uga7qgyk27xzrnk","id":"uga7qgyk27xzrnk"},"id":"2lfxpr6pkq4dg6o","previousOperationId":"34zv9tdv7l8fjc3"}
{"type":"log","timestamp":1754577819103,"level":"debug","message":"Base url not specified, skipping its injection.","meta":{"rootId":"uga7qgyk27xzrnk","id":"uga7qgyk27xzrnk"},"id":"1x9metu09pdotbn","previousOperationId":"34zv9tdv7l8fjc3"}
{"type":"operationStart","subtype":"engine","name":"handlebars","timestamp":1754577819103,"id":"gjjyzmya206kprg","previousEventId":"z4dibmttqszwzbf","operationId":"e8si9z03dxir1gc","previousOperationId":"34zv9tdv7l8fjc3"}
{"type":"log","timestamp":1754577819103,"level":"debug","message":"Rendering engine handlebars","meta":{"rootId":"uga7qgyk27xzrnk","id":"uga7qgyk27xzrnk"},"id":"f2m1vmrycau543g","previousOperationId":"e8si9z03dxir1gc"}
{"type":"operationEnd","operationId":"e8si9z03dxir1gc","timestamp":1754577819156,"id":"hpg8api90qusoki","previousEventId":"gjjyzmya206kprg","previousOperationId":"e8si9z03dxir1gc"}
{"type":"operationStart","subtype":"recipe","name":"chrome-pdf","timestamp":1754577819156,"id":"vtev8itcanu7rho","previousEventId":"hpg8api90qusoki","operationId":"m6hszii1v1j4dct","previousOperationId":"e8si9z03dxir1gc"}
{"type":"log","timestamp":1754577819156,"level":"debug","message":"Executing recipe chrome-pdf","meta":{"rootId":"uga7qgyk27xzrnk","id":"uga7qgyk27xzrnk"},"id":"1pgqi3wuqepo4n6","previousOperationId":"m6hszii1v1j4dct"}
{"type":"log","timestamp":1754577819158,"level":"debug","message":"Converting with chrome Chrome/138.0.7204.157 using chrome-pool strategy","meta":{"rootId":"uga7qgyk27xzrnk","id":"uga7qgyk27xzrnk"},"id":"647px96gi70wmgd","previousOperationId":"m6hszii1v1j4dct"}
{"type":"log","timestamp":1754577819199,"level":"debug","message":"Page request: GET (document) file:///app/temp/autocleanup/22bb409d-dcc3-4d49-8850-592636936b0c-chrome-pdf.html","meta":{"rootId":"uga7qgyk27xzrnk","id":"uga7qgyk27xzrnk"},"id":"cipavzyi50vf2jq","previousOperationId":"m6hszii1v1j4dct"}
{"type":"log","timestamp":1754577819212,"level":"debug","message":"Page request: GET (image) https://www.grupompleo.com/sites/default/files/logo_0.png","meta":{"rootId":"uga7qgyk27xzrnk","id":"uga7qgyk27xzrnk"},"id":"oty9gasr01ifd28","previousOperationId":"m6hszii1v1j4dct"}
{"type":"log","timestamp":1754577819217,"level":"debug","message":"Page request finished: GET (document) 200 file:///app/temp/autocleanup/22bb409d-dcc3-4d49-8850-592636936b0c-chrome-pdf.html","meta":{"rootId":"uga7qgyk27xzrnk","id":"uga7qgyk27xzrnk"},"id":"8khrub9pgl9dhcz","previousOperationId":"m6hszii1v1j4dct"}
{"type":"log","timestamp":1754577819694,"level":"warn","message":"Page request failed: GET (image) https://www.grupompleo.com/sites/default/files/logo_0.png, failure: net::ERR_BLOCKED_BY_ORB","meta":{"rootId":"uga7qgyk27xzrnk","id":"uga7qgyk27xzrnk"},"id":"f4bgrvb4zyu6blf","previousOperationId":"m6hszii1v1j4dct"}
{"type":"log","timestamp":1754577819702,"level":"debug","message":"Running chrome with params {\"printBackground\":true,\"timeout\":59919,\"margin\":{}}","meta":{"rootId":"uga7qgyk27xzrnk","id":"uga7qgyk27xzrnk"},"id":"n6pjmcwo2gdkk6w","previousOperationId":"m6hszii1v1j4dct"}
{"type":"operationEnd","operationId":"m6hszii1v1j4dct","timestamp":1754577819746,"id":"n5a7uokt9k6mwhn","previousEventId":"vtev8itcanu7rho","previousOperationId":"m6hszii1v1j4dct"}
{"type":"log","timestamp":1754577819747,"level":"debug","message":"Skipping storing report.","meta":{"rootId":"uga7qgyk27xzrnk","id":"uga7qgyk27xzrnk"},"id":"pbqgxrk4igqo1gs","previousOperationId":"m6hszii1v1j4dct"}
{"type":"log","timestamp":1754577819747,"level":"info","message":"Rendering request 5 finished in 671 ms","meta":{"rootId":"uga7qgyk27xzrnk","id":"uga7qgyk27xzrnk"},"id":"y6va1925w342ykm","previousOperationId":"m6hszii1v1j4dct"}
{"type":"operationEnd","subtype":"render","operationId":"34zv9tdv7l8fjc3","timestamp":1754577819747,"id":"9zwoduypymj84hv","previousEventId":"n5a7uokt9k6mwhn","previousOperationId":"m6hszii1v1j4dct"}
{"type":"operationEnd","doDiffs":false,"previousEventId":"tewolmafp3ykkpo","previousOperationId":"bsxsph7izmkhl4h","operationId":"bsxsph7izmkhl4h","timestamp":1754577819750,"id":"5f0rr57ypbvciwo"}
