{"type":"operationStart","subtype":"profile","data":{"_id":"vu1T9fnxtxPapMQq","timestamp":"2025-08-07T14:36:45.954Z","state":"queued","mode":"standard","creationDate":"2025-08-07T14:36:45.955Z","modificationDate":"2025-08-07T14:36:45.955Z","shortid":"DyHC1Tq","inheritedReadPermissions":[],"inheritedEditPermissions":[],"$entitySet":"profiles"},"doDiffs":false,"timestamp":1754577405955,"id":"ke28gfe0xkik1ik","previousOperationId":null,"operationId":"jzucolflgt0yvip"}
{"type":"log","level":"info","message":"Render request 4 queued for execution and waiting for available worker","previousOperationId":"jzucolflgt0yvip","timestamp":1754577405955,"id":"4zley8qtcf1p205"}
{"type":"operationStart","subtype":"render","name":"informeSeleccion01","previousOperationId":"jzucolflgt0yvip","timestamp":1754577405978,"id":"t8aatpn35jyo5ga","previousEventId":"ke28gfe0xkik1ik","operationId":"qxfgf8htgaa1pw3"}
{"type":"log","timestamp":1754577405978,"level":"info","message":"Starting rendering request 4 (user: admin)","meta":{"rootId":"zflzdnx8b7i9wrh","id":"zflzdnx8b7i9wrh"},"id":"kxbqqfhrrnjoebx","previousOperationId":"qxfgf8htgaa1pw3"}
{"type":"log","timestamp":1754577405978,"level":"info","message":"Rendering template { name: informeSeleccion01, recipe: chrome-pdf, engine: handlebars, preview: true }","meta":{"rootId":"zflzdnx8b7i9wrh","id":"zflzdnx8b7i9wrh"},"id":"z8khckv4ikd8iqz","previousOperationId":"qxfgf8htgaa1pw3"}
{"type":"log","timestamp":1754577405983,"level":"debug","message":"Adding sample data KlWTuCx","meta":{"rootId":"zflzdnx8b7i9wrh","id":"zflzdnx8b7i9wrh"},"id":"ow9op730n83a1rp","previousOperationId":"qxfgf8htgaa1pw3"}
{"type":"log","timestamp":1754577405985,"level":"debug","message":"Base url not specified, skipping its injection.","meta":{"rootId":"zflzdnx8b7i9wrh","id":"zflzdnx8b7i9wrh"},"id":"uhxey9dkg0mzlty","previousOperationId":"qxfgf8htgaa1pw3"}
{"type":"operationStart","subtype":"engine","name":"handlebars","timestamp":1754577405985,"id":"34gxw892bku1lqf","previousEventId":"t8aatpn35jyo5ga","operationId":"65h7zxxulh2bj3l","previousOperationId":"qxfgf8htgaa1pw3"}
{"type":"log","timestamp":1754577405985,"level":"debug","message":"Rendering engine handlebars","meta":{"rootId":"zflzdnx8b7i9wrh","id":"zflzdnx8b7i9wrh"},"id":"1zvr9q5c4wbo0kc","previousOperationId":"65h7zxxulh2bj3l"}
{"type":"operationEnd","operationId":"65h7zxxulh2bj3l","timestamp":1754577406003,"id":"noatp292apw37pv","previousEventId":"34gxw892bku1lqf","previousOperationId":"65h7zxxulh2bj3l"}
{"type":"operationStart","subtype":"recipe","name":"chrome-pdf","timestamp":1754577406004,"id":"6c1n4q839dlivrc","previousEventId":"noatp292apw37pv","operationId":"frzpdn9x45oa7o0","previousOperationId":"65h7zxxulh2bj3l"}
{"type":"log","timestamp":1754577406004,"level":"debug","message":"Executing recipe chrome-pdf","meta":{"rootId":"zflzdnx8b7i9wrh","id":"zflzdnx8b7i9wrh"},"id":"bulilh9ve5l35zw","previousOperationId":"frzpdn9x45oa7o0"}
{"type":"log","timestamp":1754577406007,"level":"debug","message":"Converting with chrome Chrome/138.0.7204.157 using chrome-pool strategy","meta":{"rootId":"zflzdnx8b7i9wrh","id":"zflzdnx8b7i9wrh"},"id":"jow9cpyino5j43o","previousOperationId":"frzpdn9x45oa7o0"}
{"type":"log","timestamp":1754577406056,"level":"debug","message":"Page request: GET (document) file:///app/temp/autocleanup/0603f5ac-085a-4f64-a376-7473ef77050d-chrome-pdf.html","meta":{"rootId":"zflzdnx8b7i9wrh","id":"zflzdnx8b7i9wrh"},"id":"b4e9c9piylzmhwf","previousOperationId":"frzpdn9x45oa7o0"}
{"type":"log","timestamp":1754577406073,"level":"debug","message":"Page request: GET (image) https://www.grupompleo.com/sites/default/files/logo_0.png","meta":{"rootId":"zflzdnx8b7i9wrh","id":"zflzdnx8b7i9wrh"},"id":"gemzi41012cctpu","previousOperationId":"frzpdn9x45oa7o0"}
{"type":"log","timestamp":1754577406078,"level":"debug","message":"Page request finished: GET (document) 200 file:///app/temp/autocleanup/0603f5ac-085a-4f64-a376-7473ef77050d-chrome-pdf.html","meta":{"rootId":"zflzdnx8b7i9wrh","id":"zflzdnx8b7i9wrh"},"id":"in2dc50tiezcnxp","previousOperationId":"frzpdn9x45oa7o0"}
{"type":"log","timestamp":1754577406678,"level":"warn","message":"Page request failed: GET (image) https://www.grupompleo.com/sites/default/files/logo_0.png, failure: net::ERR_BLOCKED_BY_ORB","meta":{"rootId":"zflzdnx8b7i9wrh","id":"zflzdnx8b7i9wrh"},"id":"pr8d32jxsi9zd2o","previousOperationId":"frzpdn9x45oa7o0"}
{"type":"log","timestamp":1754577406683,"level":"debug","message":"Running chrome with params {\"printBackground\":true,\"timeout\":59948,\"margin\":{}}","meta":{"rootId":"zflzdnx8b7i9wrh","id":"zflzdnx8b7i9wrh"},"id":"z7e527jovixx2rm","previousOperationId":"frzpdn9x45oa7o0"}
{"type":"operationEnd","operationId":"frzpdn9x45oa7o0","timestamp":1754577406722,"id":"t1htjvlfyyypija","previousEventId":"6c1n4q839dlivrc","previousOperationId":"frzpdn9x45oa7o0"}
{"type":"log","timestamp":1754577406722,"level":"debug","message":"Skipping storing report.","meta":{"rootId":"zflzdnx8b7i9wrh","id":"zflzdnx8b7i9wrh"},"id":"ohmpb303r0bu7cu","previousOperationId":"frzpdn9x45oa7o0"}
{"type":"log","timestamp":1754577406722,"level":"info","message":"Rendering request 4 finished in 768 ms","meta":{"rootId":"zflzdnx8b7i9wrh","id":"zflzdnx8b7i9wrh"},"id":"z4qezlqhr5d0gb6","previousOperationId":"frzpdn9x45oa7o0"}
{"type":"operationEnd","subtype":"render","operationId":"qxfgf8htgaa1pw3","timestamp":1754577406722,"id":"w8s1cy95ht6tdj7","previousEventId":"t1htjvlfyyypija","previousOperationId":"frzpdn9x45oa7o0"}
{"type":"operationEnd","doDiffs":false,"previousEventId":"ke28gfe0xkik1ik","previousOperationId":"jzucolflgt0yvip","operationId":"jzucolflgt0yvip","timestamp":1754577406726,"id":"8vgzktm8m27r0e0"}
