{"type":"operationStart","subtype":"profile","data":{"_id":"yhk23iGhGRstZLrI","timestamp":"2025-08-07T14:00:13.424Z","state":"queued","mode":"standard","creationDate":"2025-08-07T14:00:13.426Z","modificationDate":"2025-08-07T14:00:13.426Z","shortid":"_EDVM5x","inheritedReadPermissions":[],"inheritedEditPermissions":[],"$entitySet":"profiles"},"doDiffs":false,"timestamp":1754575213425,"id":"0am0ecyodfhinz6","previousOperationId":null,"operationId":"qwuxc45cbqshup8"}
{"type":"log","level":"info","message":"Render request 2 queued for execution and waiting for available worker","previousOperationId":"qwuxc45cbqshup8","timestamp":1754575213426,"id":"jxlxzvcbpv6lhsu"}
{"type":"operationStart","subtype":"render","name":"informeSeleccion01","previousOperationId":"qwuxc45cbqshup8","timestamp":1754575213455,"id":"m9378ul7foa0bkw","previousEventId":"0am0ecyodfhinz6","operationId":"xnxrzgac7927km0"}
{"type":"log","timestamp":1754575213455,"level":"info","message":"Starting rendering request 2 (user: admin)","meta":{"rootId":"27un621xg4a0xgr","id":"27un621xg4a0xgr"},"id":"9ulht33ys81ahqt","previousOperationId":"xnxrzgac7927km0"}
{"type":"log","timestamp":1754575213456,"level":"info","message":"Rendering template { name: informeSeleccion01, recipe: chrome-pdf, engine: handlebars, preview: true }","meta":{"rootId":"27un621xg4a0xgr","id":"27un621xg4a0xgr"},"id":"2jn0p1uaw7o3f13","previousOperationId":"xnxrzgac7927km0"}
{"type":"log","timestamp":1754575213458,"level":"debug","message":"Adding sample data E7u1asv8p","meta":{"rootId":"27un621xg4a0xgr","id":"27un621xg4a0xgr"},"id":"cuteqfcnfr6f8qx","previousOperationId":"xnxrzgac7927km0"}
{"type":"log","timestamp":1754575213460,"level":"debug","message":"Base url not specified, skipping its injection.","meta":{"rootId":"27un621xg4a0xgr","id":"27un621xg4a0xgr"},"id":"423hceinbq5mw3f","previousOperationId":"xnxrzgac7927km0"}
{"type":"operationStart","subtype":"engine","name":"handlebars","timestamp":1754575213461,"id":"oeglj1ucn8e8rhz","previousEventId":"m9378ul7foa0bkw","operationId":"4jbbgxlrz1dfpub","previousOperationId":"xnxrzgac7927km0"}
{"type":"log","timestamp":1754575213461,"level":"debug","message":"Rendering engine handlebars","meta":{"rootId":"27un621xg4a0xgr","id":"27un621xg4a0xgr"},"id":"yp36441wblsn3cy","previousOperationId":"4jbbgxlrz1dfpub"}
{"type":"operationEnd","operationId":"4jbbgxlrz1dfpub","timestamp":1754575213826,"id":"srs45fx66jvhinr","previousEventId":"oeglj1ucn8e8rhz","previousOperationId":"4jbbgxlrz1dfpub"}
{"type":"operationStart","subtype":"recipe","name":"chrome-pdf","timestamp":1754575213827,"id":"ni0vvykxdik101s","previousEventId":"srs45fx66jvhinr","operationId":"d0mjia1km6nx0nc","previousOperationId":"4jbbgxlrz1dfpub"}
{"type":"log","timestamp":1754575213827,"level":"debug","message":"Executing recipe chrome-pdf","meta":{"rootId":"27un621xg4a0xgr","id":"27un621xg4a0xgr"},"id":"8a82mgkqwk3snf5","previousOperationId":"d0mjia1km6nx0nc"}
{"type":"log","timestamp":1754575214704,"level":"debug","message":"Converting with chrome Chrome/138.0.7204.157 using chrome-pool strategy","meta":{"rootId":"27un621xg4a0xgr","id":"27un621xg4a0xgr"},"id":"61yohdi57vmvfai","previousOperationId":"d0mjia1km6nx0nc"}
{"type":"log","timestamp":1754575214824,"level":"debug","message":"Page request: GET (document) file:///app/temp/autocleanup/d9eb5151-41ba-4c55-b2d5-34e25241578e-chrome-pdf.html","meta":{"rootId":"27un621xg4a0xgr","id":"27un621xg4a0xgr"},"id":"6a1ksldgc8g5z2g","previousOperationId":"d0mjia1km6nx0nc"}
{"type":"log","timestamp":1754575214846,"level":"debug","message":"Page request finished: GET (document) 200 file:///app/temp/autocleanup/d9eb5151-41ba-4c55-b2d5-34e25241578e-chrome-pdf.html","meta":{"rootId":"27un621xg4a0xgr","id":"27un621xg4a0xgr"},"id":"ymq7foyvgyav8j1","previousOperationId":"d0mjia1km6nx0nc"}
{"type":"log","timestamp":1754575214884,"level":"debug","message":"Running chrome with params {\"printBackground\":true,\"timeout\":59501,\"margin\":{}}","meta":{"rootId":"27un621xg4a0xgr","id":"27un621xg4a0xgr"},"id":"a9pfq54qqg60ttl","previousOperationId":"d0mjia1km6nx0nc"}
{"type":"operationEnd","operationId":"d0mjia1km6nx0nc","timestamp":1754575214977,"id":"i37h6ajcevq8q1c","previousEventId":"ni0vvykxdik101s","previousOperationId":"d0mjia1km6nx0nc"}
{"type":"log","timestamp":1754575214978,"level":"debug","message":"Skipping storing report.","meta":{"rootId":"27un621xg4a0xgr","id":"27un621xg4a0xgr"},"id":"5rg1m6hcz8zt873","previousOperationId":"d0mjia1km6nx0nc"}
{"type":"log","timestamp":1754575214978,"level":"info","message":"Rendering request 2 finished in 1554 ms","meta":{"rootId":"27un621xg4a0xgr","id":"27un621xg4a0xgr"},"id":"ueo6xqnyofvyzn0","previousOperationId":"d0mjia1km6nx0nc"}
{"type":"operationEnd","subtype":"render","operationId":"xnxrzgac7927km0","timestamp":1754575214978,"id":"pzfi12ckpowritq","previousEventId":"i37h6ajcevq8q1c","previousOperationId":"d0mjia1km6nx0nc"}
{"type":"operationEnd","doDiffs":false,"previousEventId":"0am0ecyodfhinz6","previousOperationId":"qwuxc45cbqshup8","operationId":"qwuxc45cbqshup8","timestamp":1754575214981,"id":"u8ruokxppcfyk4g"}
