{"type":"operationStart","subtype":"profile","data":{"_id":"hd17BbfEF3szqmEU","timestamp":"2025-08-07T14:49:28.646Z","state":"queued","mode":"standard","creationDate":"2025-08-07T14:49:28.648Z","modificationDate":"2025-08-07T14:49:28.648Z","shortid":"0mAPYrH","inheritedReadPermissions":[],"inheritedEditPermissions":[],"$entitySet":"profiles"},"doDiffs":false,"timestamp":1754578168647,"id":"z3aym5bo9i9t35d","previousOperationId":null,"operationId":"ak6z51avxfibz0l"}
{"type":"log","level":"info","message":"Render request 7 queued for execution and waiting for available worker","previousOperationId":"ak6z51avxfibz0l","timestamp":1754578168648,"id":"pbritynoskzov1m"}
{"type":"operationStart","subtype":"render","name":"informeSeleccion01","previousOperationId":"ak6z51avxfibz0l","timestamp":1754578168670,"id":"ph1xlf1ktdbpsnj","previousEventId":"z3aym5bo9i9t35d","operationId":"bdhojpz3s9sjqg2"}
{"type":"log","timestamp":1754578168670,"level":"info","message":"Starting rendering request 7 (user: admin)","meta":{"rootId":"8wfgby8lkhp1ijf","id":"8wfgby8lkhp1ijf"},"id":"acqjzi0qjq5eayv","previousOperationId":"bdhojpz3s9sjqg2"}
{"type":"log","timestamp":1754578168670,"level":"info","message":"Rendering template { name: informeSeleccion01, recipe: chrome-pdf, engine: handlebars, preview: true }","meta":{"rootId":"8wfgby8lkhp1ijf","id":"8wfgby8lkhp1ijf"},"id":"b4i1brpo53vnqia","previousOperationId":"bdhojpz3s9sjqg2"}
{"type":"log","timestamp":1754578168671,"level":"debug","message":"Inline data specified.","meta":{"rootId":"8wfgby8lkhp1ijf","id":"8wfgby8lkhp1ijf"},"id":"ssst0j0v61g3zq7","previousOperationId":"bdhojpz3s9sjqg2"}
{"type":"log","timestamp":1754578168672,"level":"debug","message":"Base url not specified, skipping its injection.","meta":{"rootId":"8wfgby8lkhp1ijf","id":"8wfgby8lkhp1ijf"},"id":"lm3lf3tw796syuq","previousOperationId":"bdhojpz3s9sjqg2"}
{"type":"operationStart","subtype":"engine","name":"handlebars","timestamp":1754578168672,"id":"1exg4k4r10r5a6g","previousEventId":"ph1xlf1ktdbpsnj","operationId":"wag4fi9p8gv874w","previousOperationId":"bdhojpz3s9sjqg2"}
{"type":"log","timestamp":1754578168672,"level":"debug","message":"Rendering engine handlebars","meta":{"rootId":"8wfgby8lkhp1ijf","id":"8wfgby8lkhp1ijf"},"id":"04h5ava2x3gcs92","previousOperationId":"wag4fi9p8gv874w"}
{"type":"operationEnd","operationId":"wag4fi9p8gv874w","timestamp":1754578168682,"id":"mqmg296r78vt080","previousEventId":"1exg4k4r10r5a6g","previousOperationId":"wag4fi9p8gv874w"}
{"type":"operationStart","subtype":"recipe","name":"chrome-pdf","timestamp":1754578168682,"id":"qn8302pljcrhsr2","previousEventId":"mqmg296r78vt080","operationId":"659oiibsnhg0bxw","previousOperationId":"wag4fi9p8gv874w"}
{"type":"log","timestamp":1754578168682,"level":"debug","message":"Executing recipe chrome-pdf","meta":{"rootId":"8wfgby8lkhp1ijf","id":"8wfgby8lkhp1ijf"},"id":"qvt1yp1pnj9aucg","previousOperationId":"659oiibsnhg0bxw"}
{"type":"log","timestamp":1754578168684,"level":"debug","message":"Converting with chrome Chrome/138.0.7204.157 using chrome-pool strategy","meta":{"rootId":"8wfgby8lkhp1ijf","id":"8wfgby8lkhp1ijf"},"id":"bwemxgh9zm0fdav","previousOperationId":"659oiibsnhg0bxw"}
{"type":"log","timestamp":1754578168742,"level":"debug","message":"Page request: GET (document) file:///app/temp/autocleanup/93392205-8452-4aba-9e69-83d891e77b84-chrome-pdf.html","meta":{"rootId":"8wfgby8lkhp1ijf","id":"8wfgby8lkhp1ijf"},"id":"6do0iizvnotlpg2","previousOperationId":"659oiibsnhg0bxw"}
{"type":"log","timestamp":1754578168753,"level":"debug","message":"Page request finished: GET (document) 200 file:///app/temp/autocleanup/93392205-8452-4aba-9e69-83d891e77b84-chrome-pdf.html","meta":{"rootId":"8wfgby8lkhp1ijf","id":"8wfgby8lkhp1ijf"},"id":"ofezww2adz1yjwv","previousOperationId":"659oiibsnhg0bxw"}
{"type":"log","timestamp":1754578168787,"level":"debug","message":"Running chrome with params {\"printBackground\":true,\"timeout\":59963,\"margin\":{}}","meta":{"rootId":"8wfgby8lkhp1ijf","id":"8wfgby8lkhp1ijf"},"id":"at6a8ogd7m8lauh","previousOperationId":"659oiibsnhg0bxw"}
{"type":"operationEnd","operationId":"659oiibsnhg0bxw","timestamp":1754578168864,"id":"b0dginhhpfvxn46","previousEventId":"qn8302pljcrhsr2","previousOperationId":"659oiibsnhg0bxw"}
{"type":"log","timestamp":1754578168864,"level":"debug","message":"Skipping storing report.","meta":{"rootId":"8wfgby8lkhp1ijf","id":"8wfgby8lkhp1ijf"},"id":"a2lnmih5t0n7emw","previousOperationId":"659oiibsnhg0bxw"}
{"type":"log","timestamp":1754578168864,"level":"info","message":"Rendering request 7 finished in 218 ms","meta":{"rootId":"8wfgby8lkhp1ijf","id":"8wfgby8lkhp1ijf"},"id":"uw2bzn5jlr7wygt","previousOperationId":"659oiibsnhg0bxw"}
{"type":"operationEnd","subtype":"render","operationId":"bdhojpz3s9sjqg2","timestamp":1754578168864,"id":"cilbuzwhbhg12ic","previousEventId":"b0dginhhpfvxn46","previousOperationId":"659oiibsnhg0bxw"}
{"type":"operationEnd","doDiffs":false,"previousEventId":"z3aym5bo9i9t35d","previousOperationId":"ak6z51avxfibz0l","operationId":"ak6z51avxfibz0l","timestamp":1754578168868,"id":"xupdjow789j4i4f"}
