{"type":"operationStart","subtype":"profile","data":{"_id":"Sm6JS71ucqgwF3MN","timestamp":"2025-08-07T15:17:25.946Z","state":"queued","mode":"standard","creationDate":"2025-08-07T15:17:25.947Z","modificationDate":"2025-08-07T15:17:25.947Z","shortid":"CWXW-bx","inheritedReadPermissions":[],"inheritedEditPermissions":[],"$entitySet":"profiles"},"doDiffs":false,"timestamp":1754579845947,"id":"3g0g5fjhte5en89","previousOperationId":null,"operationId":"emejxleas5ebu5x"}
{"type":"log","level":"info","message":"Render request 19 queued for execution and waiting for available worker","previousOperationId":"emejxleas5ebu5x","timestamp":1754579845947,"id":"yi8me72m8tpfcc3"}
{"type":"operationStart","subtype":"render","name":"informeSeleccion01","previousOperationId":"emejxleas5ebu5x","timestamp":1754579845967,"id":"u5r4gjcuqyrc50z","previousEventId":"3g0g5fjhte5en89","operationId":"enq3eyik7vfozpt"}
{"type":"log","timestamp":1754579845967,"level":"info","message":"Starting rendering request 19 (user: admin)","meta":{"rootId":"dx1zty5g9g4ke7m","id":"dx1zty5g9g4ke7m"},"id":"9f5exmqibcz85hp","previousOperationId":"enq3eyik7vfozpt"}
{"type":"log","timestamp":1754579845967,"level":"info","message":"Rendering template { name: informeSeleccion01, recipe: chrome-pdf, engine: handlebars, preview: true }","meta":{"rootId":"dx1zty5g9g4ke7m","id":"dx1zty5g9g4ke7m"},"id":"yauyp438lfilies","previousOperationId":"enq3eyik7vfozpt"}
{"type":"log","timestamp":1754579845969,"level":"debug","message":"Inline data specified.","meta":{"rootId":"dx1zty5g9g4ke7m","id":"dx1zty5g9g4ke7m"},"id":"0di08bj77uxjv1r","previousOperationId":"enq3eyik7vfozpt"}
{"type":"log","timestamp":1754579845970,"level":"debug","message":"Base url not specified, skipping its injection.","meta":{"rootId":"dx1zty5g9g4ke7m","id":"dx1zty5g9g4ke7m"},"id":"s2ui01j3t73ppdl","previousOperationId":"enq3eyik7vfozpt"}
{"type":"operationStart","subtype":"engine","name":"handlebars","timestamp":1754579845971,"id":"gvxwweyev6ki119","previousEventId":"u5r4gjcuqyrc50z","operationId":"k0yrfde5t9lo6lb","previousOperationId":"enq3eyik7vfozpt"}
{"type":"log","timestamp":1754579845971,"level":"debug","message":"Rendering engine handlebars","meta":{"rootId":"dx1zty5g9g4ke7m","id":"dx1zty5g9g4ke7m"},"id":"rf5gogbbalwwtxp","previousOperationId":"k0yrfde5t9lo6lb"}
{"type":"operationEnd","operationId":"k0yrfde5t9lo6lb","timestamp":1754579845980,"id":"0p48rle7zs607pq","previousEventId":"gvxwweyev6ki119","previousOperationId":"k0yrfde5t9lo6lb"}
{"type":"operationStart","subtype":"recipe","name":"chrome-pdf","timestamp":1754579845981,"id":"8kdnw2dd9l7hod2","previousEventId":"0p48rle7zs607pq","operationId":"t597w92uuma8b11","previousOperationId":"k0yrfde5t9lo6lb"}
{"type":"log","timestamp":1754579845981,"level":"debug","message":"Executing recipe chrome-pdf","meta":{"rootId":"dx1zty5g9g4ke7m","id":"dx1zty5g9g4ke7m"},"id":"yzmrg8sqo0xfjws","previousOperationId":"t597w92uuma8b11"}
{"type":"log","timestamp":1754579845983,"level":"debug","message":"Converting with chrome Chrome/138.0.7204.157 using chrome-pool strategy","meta":{"rootId":"dx1zty5g9g4ke7m","id":"dx1zty5g9g4ke7m"},"id":"4ujlv3k1h0jbm3f","previousOperationId":"t597w92uuma8b11"}
{"type":"log","timestamp":1754579846052,"level":"debug","message":"Page request: GET (document) file:///app/temp/autocleanup/bb4f1f64-1b66-4ded-a160-d6746b5ad590-chrome-pdf.html","meta":{"rootId":"dx1zty5g9g4ke7m","id":"dx1zty5g9g4ke7m"},"id":"737gobpqlxp4pu4","previousOperationId":"t597w92uuma8b11"}
{"type":"log","timestamp":1754579846074,"level":"debug","message":"Page request finished: GET (document) 200 file:///app/temp/autocleanup/bb4f1f64-1b66-4ded-a160-d6746b5ad590-chrome-pdf.html","meta":{"rootId":"dx1zty5g9g4ke7m","id":"dx1zty5g9g4ke7m"},"id":"fch0iteeg00y9yc","previousOperationId":"t597w92uuma8b11"}
{"type":"log","timestamp":1754579846092,"level":"debug","message":"Running chrome with params {\"printBackground\":true,\"timeout\":59964,\"margin\":{}}","meta":{"rootId":"dx1zty5g9g4ke7m","id":"dx1zty5g9g4ke7m"},"id":"510s55nxccu6g8y","previousOperationId":"t597w92uuma8b11"}
{"type":"operationEnd","operationId":"t597w92uuma8b11","timestamp":1754579846155,"id":"xnte1f53k6frd5n","previousEventId":"8kdnw2dd9l7hod2","previousOperationId":"t597w92uuma8b11"}
{"type":"log","timestamp":1754579846155,"level":"debug","message":"Skipping storing report.","meta":{"rootId":"dx1zty5g9g4ke7m","id":"dx1zty5g9g4ke7m"},"id":"gsr6uh1dhoz89cb","previousOperationId":"t597w92uuma8b11"}
{"type":"log","timestamp":1754579846155,"level":"info","message":"Rendering request 19 finished in 209 ms","meta":{"rootId":"dx1zty5g9g4ke7m","id":"dx1zty5g9g4ke7m"},"id":"sh95bhp4m8j7f38","previousOperationId":"t597w92uuma8b11"}
{"type":"operationEnd","subtype":"render","operationId":"enq3eyik7vfozpt","timestamp":1754579846155,"id":"vro5a3hxi642iim","previousEventId":"xnte1f53k6frd5n","previousOperationId":"t597w92uuma8b11"}
{"type":"operationEnd","doDiffs":false,"previousEventId":"3g0g5fjhte5en89","previousOperationId":"emejxleas5ebu5x","operationId":"emejxleas5ebu5x","timestamp":1754579846163,"id":"voyer3asktwzo77"}
