{"type":"operationStart","subtype":"profile","data":{"_id":"wkLJt7e7SlEiXs0Q","timestamp":"2025-08-07T15:12:21.709Z","state":"queued","mode":"standard","creationDate":"2025-08-07T15:12:21.710Z","modificationDate":"2025-08-07T15:12:21.710Z","shortid":"Qj19rGF","inheritedReadPermissions":[],"inheritedEditPermissions":[],"$entitySet":"profiles"},"doDiffs":false,"timestamp":1754579541710,"id":"mv36ide5dfzkvnn","previousOperationId":null,"operationId":"49yrnjyzvickwmt"}
{"type":"log","level":"info","message":"Render request 17 queued for execution and waiting for available worker","previousOperationId":"49yrnjyzvickwmt","timestamp":1754579541710,"id":"wm2ldfhh8p7gq99"}
{"type":"operationStart","subtype":"render","name":"informeSeleccion01","previousOperationId":"49yrnjyzvickwmt","timestamp":1754579541734,"id":"1wh0cmmrj3ml4i5","previousEventId":"mv36ide5dfzkvnn","operationId":"gj5iz8a2ozfxmnd"}
{"type":"log","timestamp":1754579541734,"level":"info","message":"Starting rendering request 17 (user: admin)","meta":{"rootId":"nvlsc7iq3zdoblj","id":"nvlsc7iq3zdoblj"},"id":"cktmy5st1jimvup","previousOperationId":"gj5iz8a2ozfxmnd"}
{"type":"log","timestamp":1754579541734,"level":"info","message":"Rendering template { name: informeSeleccion01, recipe: chrome-pdf, engine: handlebars, preview: true }","meta":{"rootId":"nvlsc7iq3zdoblj","id":"nvlsc7iq3zdoblj"},"id":"o1n38uilbr7iaqt","previousOperationId":"gj5iz8a2ozfxmnd"}
{"type":"log","timestamp":1754579541736,"level":"debug","message":"Inline data specified.","meta":{"rootId":"nvlsc7iq3zdoblj","id":"nvlsc7iq3zdoblj"},"id":"hn6gr0h6zwld0xl","previousOperationId":"gj5iz8a2ozfxmnd"}
{"type":"log","timestamp":1754579541736,"level":"debug","message":"Base url not specified, skipping its injection.","meta":{"rootId":"nvlsc7iq3zdoblj","id":"nvlsc7iq3zdoblj"},"id":"re2ex2k0nlpdtmg","previousOperationId":"gj5iz8a2ozfxmnd"}
{"type":"operationStart","subtype":"engine","name":"handlebars","timestamp":1754579541737,"id":"1z55ykrfcfr1w6b","previousEventId":"1wh0cmmrj3ml4i5","operationId":"uwph6yxh5q2g1a6","previousOperationId":"gj5iz8a2ozfxmnd"}
{"type":"log","timestamp":1754579541737,"level":"debug","message":"Rendering engine handlebars","meta":{"rootId":"nvlsc7iq3zdoblj","id":"nvlsc7iq3zdoblj"},"id":"nw4mypsbguqg5x9","previousOperationId":"uwph6yxh5q2g1a6"}
{"type":"operationEnd","operationId":"uwph6yxh5q2g1a6","timestamp":1754579541747,"id":"6vj6pygbhbebcf9","previousEventId":"1z55ykrfcfr1w6b","previousOperationId":"uwph6yxh5q2g1a6"}
{"type":"operationStart","subtype":"recipe","name":"chrome-pdf","timestamp":1754579541747,"id":"kargmmquja69xxg","previousEventId":"6vj6pygbhbebcf9","operationId":"m1k6f29jdrlupyl","previousOperationId":"uwph6yxh5q2g1a6"}
{"type":"log","timestamp":1754579541747,"level":"debug","message":"Executing recipe chrome-pdf","meta":{"rootId":"nvlsc7iq3zdoblj","id":"nvlsc7iq3zdoblj"},"id":"i9l0ivg4wcqffih","previousOperationId":"m1k6f29jdrlupyl"}
{"type":"log","timestamp":1754579541750,"level":"debug","message":"Converting with chrome Chrome/138.0.7204.157 using chrome-pool strategy","meta":{"rootId":"nvlsc7iq3zdoblj","id":"nvlsc7iq3zdoblj"},"id":"4e7zv8lj6gfuxqj","previousOperationId":"m1k6f29jdrlupyl"}
{"type":"log","timestamp":1754579541803,"level":"debug","message":"Page request: GET (document) file:///app/temp/autocleanup/bafb828e-7806-48fa-9ba1-ffd6ab8bc293-chrome-pdf.html","meta":{"rootId":"nvlsc7iq3zdoblj","id":"nvlsc7iq3zdoblj"},"id":"b4z2eaykuuqexsx","previousOperationId":"m1k6f29jdrlupyl"}
{"type":"log","timestamp":1754579541823,"level":"debug","message":"Page request finished: GET (document) 200 file:///app/temp/autocleanup/bafb828e-7806-48fa-9ba1-ffd6ab8bc293-chrome-pdf.html","meta":{"rootId":"nvlsc7iq3zdoblj","id":"nvlsc7iq3zdoblj"},"id":"9i7kdsu1ap6q4pn","previousOperationId":"m1k6f29jdrlupyl"}
{"type":"log","timestamp":1754579541852,"level":"debug","message":"Running chrome with params {\"printBackground\":true,\"timeout\":59961,\"margin\":{}}","meta":{"rootId":"nvlsc7iq3zdoblj","id":"nvlsc7iq3zdoblj"},"id":"dt9su67xfq5zeta","previousOperationId":"m1k6f29jdrlupyl"}
{"type":"operationEnd","operationId":"m1k6f29jdrlupyl","timestamp":1754579541921,"id":"ccay2fivi57k67c","previousEventId":"kargmmquja69xxg","previousOperationId":"m1k6f29jdrlupyl"}
{"type":"log","timestamp":1754579541921,"level":"debug","message":"Skipping storing report.","meta":{"rootId":"nvlsc7iq3zdoblj","id":"nvlsc7iq3zdoblj"},"id":"hmeq9nb954dm85w","previousOperationId":"m1k6f29jdrlupyl"}
{"type":"log","timestamp":1754579541921,"level":"info","message":"Rendering request 17 finished in 212 ms","meta":{"rootId":"nvlsc7iq3zdoblj","id":"nvlsc7iq3zdoblj"},"id":"d5ib95e598l3izh","previousOperationId":"m1k6f29jdrlupyl"}
{"type":"operationEnd","subtype":"render","operationId":"gj5iz8a2ozfxmnd","timestamp":1754579541921,"id":"wyfukz832jt7jf4","previousEventId":"ccay2fivi57k67c","previousOperationId":"m1k6f29jdrlupyl"}
{"type":"operationEnd","doDiffs":false,"previousEventId":"mv36ide5dfzkvnn","previousOperationId":"49yrnjyzvickwmt","operationId":"49yrnjyzvickwmt","timestamp":1754579541924,"id":"9iw413swv6detj0"}
