{"type":"operationStart","subtype":"profile","data":{"_id":"56izalNvHlNvihX7","timestamp":"2025-08-07T14:16:01.776Z","state":"queued","mode":"standard","creationDate":"2025-08-07T14:16:01.778Z","modificationDate":"2025-08-07T14:16:01.778Z","shortid":"M8lHTAe","inheritedReadPermissions":[],"inheritedEditPermissions":[],"$entitySet":"profiles"},"doDiffs":false,"timestamp":1754576161777,"id":"hxewrof5lssjw6s","previousOperationId":null,"operationId":"fw8yr7tdniqn4d7"}
{"type":"log","level":"info","message":"Render request 3 queued for execution and waiting for available worker","previousOperationId":"fw8yr7tdniqn4d7","timestamp":1754576161777,"id":"1chi7iwyyxyrdzq"}
{"type":"operationStart","subtype":"render","name":"informeSeleccion01","previousOperationId":"fw8yr7tdniqn4d7","timestamp":1754576161815,"id":"o8gi2bd6cuo0old","previousEventId":"hxewrof5lssjw6s","operationId":"yxxlj95tjqxyt19"}
{"type":"log","timestamp":1754576161815,"level":"info","message":"Starting rendering request 3 (user: admin)","meta":{"rootId":"scy4ibqs0du6twh","id":"scy4ibqs0du6twh"},"id":"m0278aptkzee5tv","previousOperationId":"yxxlj95tjqxyt19"}
{"type":"log","timestamp":1754576161815,"level":"info","message":"Rendering template { name: informeSeleccion01, recipe: chrome-pdf, engine: handlebars, preview: true }","meta":{"rootId":"scy4ibqs0du6twh","id":"scy4ibqs0du6twh"},"id":"i7xmto1l7n0gxsk","previousOperationId":"yxxlj95tjqxyt19"}
{"type":"log","timestamp":1754576161818,"level":"debug","message":"Adding sample data E7u1asv8p","meta":{"rootId":"scy4ibqs0du6twh","id":"scy4ibqs0du6twh"},"id":"bpomw7jftevj6r9","previousOperationId":"yxxlj95tjqxyt19"}
{"type":"log","timestamp":1754576161820,"level":"debug","message":"Base url not specified, skipping its injection.","meta":{"rootId":"scy4ibqs0du6twh","id":"scy4ibqs0du6twh"},"id":"82lg59cegselo7f","previousOperationId":"yxxlj95tjqxyt19"}
{"type":"operationStart","subtype":"engine","name":"handlebars","timestamp":1754576161821,"id":"z3i1xx0lzy3pr7v","previousEventId":"o8gi2bd6cuo0old","operationId":"s0ibynn61706ovb","previousOperationId":"yxxlj95tjqxyt19"}
{"type":"log","timestamp":1754576161821,"level":"debug","message":"Rendering engine handlebars","meta":{"rootId":"scy4ibqs0du6twh","id":"scy4ibqs0du6twh"},"id":"b2dwyj2w3a78is1","previousOperationId":"s0ibynn61706ovb"}
{"type":"operationEnd","operationId":"s0ibynn61706ovb","timestamp":1754576161874,"id":"dz5ewsalhpoj7s8","previousEventId":"z3i1xx0lzy3pr7v","previousOperationId":"s0ibynn61706ovb"}
{"type":"operationStart","subtype":"recipe","name":"chrome-pdf","timestamp":1754576161874,"id":"40dh1v3c22aqavb","previousEventId":"dz5ewsalhpoj7s8","operationId":"zxmx7nz39tp7xnk","previousOperationId":"s0ibynn61706ovb"}
{"type":"log","timestamp":1754576161874,"level":"debug","message":"Executing recipe chrome-pdf","meta":{"rootId":"scy4ibqs0du6twh","id":"scy4ibqs0du6twh"},"id":"qkwtir68ac9rnx9","previousOperationId":"zxmx7nz39tp7xnk"}
{"type":"log","timestamp":1754576162377,"level":"debug","message":"Converting with chrome Chrome/138.0.7204.157 using chrome-pool strategy","meta":{"rootId":"scy4ibqs0du6twh","id":"scy4ibqs0du6twh"},"id":"k4gwurjftisqfjr","previousOperationId":"zxmx7nz39tp7xnk"}
{"type":"log","timestamp":1754576162458,"level":"debug","message":"Page request: GET (document) file:///app/temp/autocleanup/541e71df-f64e-4d73-a6d8-cfc5617024aa-chrome-pdf.html","meta":{"rootId":"scy4ibqs0du6twh","id":"scy4ibqs0du6twh"},"id":"n1rzf4je8cnfecu","previousOperationId":"zxmx7nz39tp7xnk"}
{"type":"log","timestamp":1754576162483,"level":"debug","message":"Page request finished: GET (document) 200 file:///app/temp/autocleanup/541e71df-f64e-4d73-a6d8-cfc5617024aa-chrome-pdf.html","meta":{"rootId":"scy4ibqs0du6twh","id":"scy4ibqs0du6twh"},"id":"owiiur3khm1dsvr","previousOperationId":"zxmx7nz39tp7xnk"}
{"type":"log","timestamp":1754576162543,"level":"debug","message":"Running chrome with params {\"printBackground\":true,\"timeout\":59796,\"margin\":{}}","meta":{"rootId":"scy4ibqs0du6twh","id":"scy4ibqs0du6twh"},"id":"d6usv0o3zg65d3s","previousOperationId":"zxmx7nz39tp7xnk"}
{"type":"operationEnd","operationId":"zxmx7nz39tp7xnk","timestamp":1754576162637,"id":"h9h5oiihs0uzzd4","previousEventId":"40dh1v3c22aqavb","previousOperationId":"zxmx7nz39tp7xnk"}
{"type":"log","timestamp":1754576162637,"level":"debug","message":"Skipping storing report.","meta":{"rootId":"scy4ibqs0du6twh","id":"scy4ibqs0du6twh"},"id":"j6q4bzs9xoe4p35","previousOperationId":"zxmx7nz39tp7xnk"}
{"type":"log","timestamp":1754576162638,"level":"info","message":"Rendering request 3 finished in 862 ms","meta":{"rootId":"scy4ibqs0du6twh","id":"scy4ibqs0du6twh"},"id":"uhnudhkj3kg8o32","previousOperationId":"zxmx7nz39tp7xnk"}
{"type":"operationEnd","subtype":"render","operationId":"yxxlj95tjqxyt19","timestamp":1754576162638,"id":"txkifwu7sahjrsv","previousEventId":"h9h5oiihs0uzzd4","previousOperationId":"zxmx7nz39tp7xnk"}
{"type":"operationEnd","doDiffs":false,"previousEventId":"hxewrof5lssjw6s","previousOperationId":"fw8yr7tdniqn4d7","operationId":"fw8yr7tdniqn4d7","timestamp":1754576162640,"id":"puui0xgyym43yoi"}
