{"type":"operationStart","subtype":"profile","data":{"_id":"kFgXkcilLcp8Vacs","timestamp":"2025-08-07T15:17:17.768Z","state":"queued","mode":"standard","creationDate":"2025-08-07T15:17:17.769Z","modificationDate":"2025-08-07T15:17:17.769Z","shortid":"WTP_koT","inheritedReadPermissions":[],"inheritedEditPermissions":[],"$entitySet":"profiles"},"doDiffs":false,"timestamp":1754579837769,"id":"pxh8ppzsaw3bwlh","previousOperationId":null,"operationId":"mqsg1vlilmd6pch"}
{"type":"log","level":"info","message":"Render request 18 queued for execution and waiting for available worker","previousOperationId":"mqsg1vlilmd6pch","timestamp":1754579837769,"id":"83ja5b4nmsjohhi"}
{"type":"operationStart","subtype":"render","name":"informeSeleccion01","previousOperationId":"mqsg1vlilmd6pch","timestamp":1754579837789,"id":"n35qfuh75ychsks","previousEventId":"pxh8ppzsaw3bwlh","operationId":"2l4q8l0r45pgi92"}
{"type":"log","timestamp":1754579837789,"level":"info","message":"Starting rendering request 18 (user: admin)","meta":{"rootId":"sn38kl9pwlganf4","id":"sn38kl9pwlganf4"},"id":"je7ta9we88hy7jl","previousOperationId":"2l4q8l0r45pgi92"}
{"type":"log","timestamp":1754579837789,"level":"info","message":"Rendering template { name: informeSeleccion01, recipe: chrome-pdf, engine: handlebars, preview: true }","meta":{"rootId":"sn38kl9pwlganf4","id":"sn38kl9pwlganf4"},"id":"fjwoplubb5oea31","previousOperationId":"2l4q8l0r45pgi92"}
{"type":"log","timestamp":1754579837790,"level":"debug","message":"Inline data specified.","meta":{"rootId":"sn38kl9pwlganf4","id":"sn38kl9pwlganf4"},"id":"boxlgkihn0th6iz","previousOperationId":"2l4q8l0r45pgi92"}
{"type":"log","timestamp":1754579837791,"level":"debug","message":"Base url not specified, skipping its injection.","meta":{"rootId":"sn38kl9pwlganf4","id":"sn38kl9pwlganf4"},"id":"8gsn3qju02oddqi","previousOperationId":"2l4q8l0r45pgi92"}
{"type":"operationStart","subtype":"engine","name":"handlebars","timestamp":1754579837791,"id":"u2o2j7ryx7w7ez7","previousEventId":"n35qfuh75ychsks","operationId":"a78yifnztf303hm","previousOperationId":"2l4q8l0r45pgi92"}
{"type":"log","timestamp":1754579837791,"level":"debug","message":"Rendering engine handlebars","meta":{"rootId":"sn38kl9pwlganf4","id":"sn38kl9pwlganf4"},"id":"mjmhnlyy2ye0ofz","previousOperationId":"a78yifnztf303hm"}
{"type":"operationEnd","operationId":"a78yifnztf303hm","timestamp":1754579837800,"id":"4jm34w4grdq0gjy","previousEventId":"u2o2j7ryx7w7ez7","previousOperationId":"a78yifnztf303hm"}
{"type":"operationStart","subtype":"recipe","name":"chrome-pdf","timestamp":1754579837801,"id":"cmal8akjf2l9pt8","previousEventId":"4jm34w4grdq0gjy","operationId":"2bxs6wib1dtrptx","previousOperationId":"a78yifnztf303hm"}
{"type":"log","timestamp":1754579837801,"level":"debug","message":"Executing recipe chrome-pdf","meta":{"rootId":"sn38kl9pwlganf4","id":"sn38kl9pwlganf4"},"id":"bhjnrk5c78oi121","previousOperationId":"2bxs6wib1dtrptx"}
{"type":"log","timestamp":1754579837802,"level":"debug","message":"Converting with chrome Chrome/138.0.7204.157 using chrome-pool strategy","meta":{"rootId":"sn38kl9pwlganf4","id":"sn38kl9pwlganf4"},"id":"x80dh7pg5y80uv9","previousOperationId":"2bxs6wib1dtrptx"}
{"type":"log","timestamp":1754579837859,"level":"debug","message":"Page request: GET (document) file:///app/temp/autocleanup/d317c37a-ba5a-478c-8e25-bd4cb1586640-chrome-pdf.html","meta":{"rootId":"sn38kl9pwlganf4","id":"sn38kl9pwlganf4"},"id":"9ofk80gbu7eivg8","previousOperationId":"2bxs6wib1dtrptx"}
{"type":"log","timestamp":1754579837871,"level":"debug","message":"Page request finished: GET (document) 200 file:///app/temp/autocleanup/d317c37a-ba5a-478c-8e25-bd4cb1586640-chrome-pdf.html","meta":{"rootId":"sn38kl9pwlganf4","id":"sn38kl9pwlganf4"},"id":"vlre6o7437adsyb","previousOperationId":"2bxs6wib1dtrptx"}
{"type":"log","timestamp":1754579837906,"level":"debug","message":"Running chrome with params {\"printBackground\":true,\"timeout\":59967,\"margin\":{}}","meta":{"rootId":"sn38kl9pwlganf4","id":"sn38kl9pwlganf4"},"id":"ndm0uvncfnhjj1y","previousOperationId":"2bxs6wib1dtrptx"}
{"type":"operationEnd","operationId":"2bxs6wib1dtrptx","timestamp":1754579837971,"id":"6tmyms9j4dkc79e","previousEventId":"cmal8akjf2l9pt8","previousOperationId":"2bxs6wib1dtrptx"}
{"type":"log","timestamp":1754579837972,"level":"debug","message":"Skipping storing report.","meta":{"rootId":"sn38kl9pwlganf4","id":"sn38kl9pwlganf4"},"id":"5ey5tyqocb9qjjh","previousOperationId":"2bxs6wib1dtrptx"}
{"type":"log","timestamp":1754579837972,"level":"info","message":"Rendering request 18 finished in 204 ms","meta":{"rootId":"sn38kl9pwlganf4","id":"sn38kl9pwlganf4"},"id":"p6unp25kqg71cif","previousOperationId":"2bxs6wib1dtrptx"}
{"type":"operationEnd","subtype":"render","operationId":"2l4q8l0r45pgi92","timestamp":1754579837972,"id":"q15p51ac9e13lmi","previousEventId":"6tmyms9j4dkc79e","previousOperationId":"2bxs6wib1dtrptx"}
{"type":"operationEnd","doDiffs":false,"previousEventId":"pxh8ppzsaw3bwlh","previousOperationId":"mqsg1vlilmd6pch","operationId":"mqsg1vlilmd6pch","timestamp":1754579837974,"id":"nv6s4pfh04za8f9"}
