{"type":"operationStart","subtype":"profile","data":{"_id":"x390pLnYSC80RsI0","timestamp":"2025-08-07T14:48:52.227Z","state":"queued","mode":"standard","creationDate":"2025-08-07T14:48:52.228Z","modificationDate":"2025-08-07T14:48:52.228Z","shortid":"6fMo3BK","inheritedReadPermissions":[],"inheritedEditPermissions":[],"$entitySet":"profiles"},"doDiffs":false,"timestamp":1754578132228,"id":"83dc9jzboarg93a","previousOperationId":null,"operationId":"o9qh74q9ghp7r6r"}
{"type":"log","level":"info","message":"Render request 6 queued for execution and waiting for available worker","previousOperationId":"o9qh74q9ghp7r6r","timestamp":1754578132228,"id":"q57gmbsizdiwj4x"}
{"type":"operationStart","subtype":"render","name":"informeSeleccion01","previousOperationId":"o9qh74q9ghp7r6r","timestamp":1754578132250,"id":"qy0k4go3byoedft","previousEventId":"83dc9jzboarg93a","operationId":"tl2v4qcryulh40q"}
{"type":"log","timestamp":1754578132250,"level":"info","message":"Starting rendering request 6 (user: admin)","meta":{"rootId":"yvpba6wwqinfqig","id":"yvpba6wwqinfqig"},"id":"gkoajjanxpvuwjq","previousOperationId":"tl2v4qcryulh40q"}
{"type":"log","timestamp":1754578132250,"level":"info","message":"Rendering template { name: informeSeleccion01, recipe: chrome-pdf, engine: handlebars, preview: true }","meta":{"rootId":"yvpba6wwqinfqig","id":"yvpba6wwqinfqig"},"id":"i75fm7ym6ac1w1d","previousOperationId":"tl2v4qcryulh40q"}
{"type":"log","timestamp":1754578132251,"level":"debug","message":"Inline data specified.","meta":{"rootId":"yvpba6wwqinfqig","id":"yvpba6wwqinfqig"},"id":"8n23w9q1126pahm","previousOperationId":"tl2v4qcryulh40q"}
{"type":"log","timestamp":1754578132253,"level":"debug","message":"Base url not specified, skipping its injection.","meta":{"rootId":"yvpba6wwqinfqig","id":"yvpba6wwqinfqig"},"id":"6fgh2fuykust3p7","previousOperationId":"tl2v4qcryulh40q"}
{"type":"operationStart","subtype":"engine","name":"handlebars","timestamp":1754578132253,"id":"hhi7jtcgdwp12pg","previousEventId":"qy0k4go3byoedft","operationId":"3tpxmzuabohde16","previousOperationId":"tl2v4qcryulh40q"}
{"type":"log","timestamp":1754578132253,"level":"debug","message":"Rendering engine handlebars","meta":{"rootId":"yvpba6wwqinfqig","id":"yvpba6wwqinfqig"},"id":"7e4bgixk1swsod4","previousOperationId":"3tpxmzuabohde16"}
{"type":"operationEnd","operationId":"3tpxmzuabohde16","timestamp":1754578132313,"id":"kj17j4anmidqsom","previousEventId":"hhi7jtcgdwp12pg","previousOperationId":"3tpxmzuabohde16"}
{"type":"operationStart","subtype":"recipe","name":"chrome-pdf","timestamp":1754578132313,"id":"qaj9wwjjn8toudt","previousEventId":"kj17j4anmidqsom","operationId":"wl0w029mid1098c","previousOperationId":"3tpxmzuabohde16"}
{"type":"log","timestamp":1754578132313,"level":"debug","message":"Executing recipe chrome-pdf","meta":{"rootId":"yvpba6wwqinfqig","id":"yvpba6wwqinfqig"},"id":"5tijtfpyci5u9lv","previousOperationId":"wl0w029mid1098c"}
{"type":"log","timestamp":1754578132316,"level":"debug","message":"Converting with chrome Chrome/138.0.7204.157 using chrome-pool strategy","meta":{"rootId":"yvpba6wwqinfqig","id":"yvpba6wwqinfqig"},"id":"gakr1gfqe88om4t","previousOperationId":"wl0w029mid1098c"}
{"type":"log","timestamp":1754578132357,"level":"debug","message":"Page request: GET (document) file:///app/temp/autocleanup/629bf03e-ce29-4797-abee-9ca30ad29b21-chrome-pdf.html","meta":{"rootId":"yvpba6wwqinfqig","id":"yvpba6wwqinfqig"},"id":"ak048ui52amb5ik","previousOperationId":"wl0w029mid1098c"}
{"type":"log","timestamp":1754578132374,"level":"debug","message":"Page request finished: GET (document) 200 file:///app/temp/autocleanup/629bf03e-ce29-4797-abee-9ca30ad29b21-chrome-pdf.html","meta":{"rootId":"yvpba6wwqinfqig","id":"yvpba6wwqinfqig"},"id":"wi8nfono04j74sf","previousOperationId":"wl0w029mid1098c"}
{"type":"log","timestamp":1754578132398,"level":"debug","message":"Running chrome with params {\"printBackground\":true,\"timeout\":59912,\"margin\":{}}","meta":{"rootId":"yvpba6wwqinfqig","id":"yvpba6wwqinfqig"},"id":"mbn2aok91y8sfzy","previousOperationId":"wl0w029mid1098c"}
{"type":"operationEnd","operationId":"wl0w029mid1098c","timestamp":1754578132470,"id":"1u4j7cuj2eg66bx","previousEventId":"qaj9wwjjn8toudt","previousOperationId":"wl0w029mid1098c"}
{"type":"log","timestamp":1754578132470,"level":"debug","message":"Skipping storing report.","meta":{"rootId":"yvpba6wwqinfqig","id":"yvpba6wwqinfqig"},"id":"657ycqueifuiq2k","previousOperationId":"wl0w029mid1098c"}
{"type":"log","timestamp":1754578132470,"level":"info","message":"Rendering request 6 finished in 243 ms","meta":{"rootId":"yvpba6wwqinfqig","id":"yvpba6wwqinfqig"},"id":"k8gcex734cervum","previousOperationId":"wl0w029mid1098c"}
{"type":"operationEnd","subtype":"render","operationId":"tl2v4qcryulh40q","timestamp":1754578132470,"id":"zbwvb4eocapm1s4","previousEventId":"1u4j7cuj2eg66bx","previousOperationId":"wl0w029mid1098c"}
{"type":"operationEnd","doDiffs":false,"previousEventId":"83dc9jzboarg93a","previousOperationId":"o9qh74q9ghp7r6r","operationId":"o9qh74q9ghp7r6r","timestamp":1754578132473,"id":"jdz2i163z8yfm21"}
