{"type":"operationStart","subtype":"profile","data":{"_id":"4NWcqvrEYIW5WVoL","timestamp":"2025-08-07T15:09:34.935Z","state":"queued","mode":"standard","creationDate":"2025-08-07T15:09:34.936Z","modificationDate":"2025-08-07T15:09:34.936Z","shortid":"3UQatME","inheritedReadPermissions":[],"inheritedEditPermissions":[],"$entitySet":"profiles"},"doDiffs":false,"timestamp":1754579374936,"id":"4hat03cp5oncyo5","previousOperationId":null,"operationId":"r3d68cljr6noajs"}
{"type":"log","level":"info","message":"Render request 14 queued for execution and waiting for available worker","previousOperationId":"r3d68cljr6noajs","timestamp":1754579374936,"id":"onol5ksn44ykm1d"}
{"type":"operationStart","subtype":"render","name":"informeSeleccion01","previousOperationId":"r3d68cljr6noajs","timestamp":1754579374959,"id":"65n39evqe4ugsi1","previousEventId":"4hat03cp5oncyo5","operationId":"wxbwmld4xsaw0sk"}
{"type":"log","timestamp":1754579374959,"level":"info","message":"Starting rendering request 14 (user: admin)","meta":{"rootId":"z1lodzm6w8hb9ve","id":"z1lodzm6w8hb9ve"},"id":"entll0utizm4e5j","previousOperationId":"wxbwmld4xsaw0sk"}
{"type":"log","timestamp":1754579374959,"level":"info","message":"Rendering template { name: informeSeleccion01, recipe: chrome-pdf, engine: handlebars, preview: true }","meta":{"rootId":"z1lodzm6w8hb9ve","id":"z1lodzm6w8hb9ve"},"id":"abk80muxfpv7eo5","previousOperationId":"wxbwmld4xsaw0sk"}
{"type":"log","timestamp":1754579374961,"level":"debug","message":"Inline data specified.","meta":{"rootId":"z1lodzm6w8hb9ve","id":"z1lodzm6w8hb9ve"},"id":"iivwqqlhu8tgyiu","previousOperationId":"wxbwmld4xsaw0sk"}
{"type":"log","timestamp":1754579374963,"level":"debug","message":"Base url not specified, skipping its injection.","meta":{"rootId":"z1lodzm6w8hb9ve","id":"z1lodzm6w8hb9ve"},"id":"y97fr2thkglfyl8","previousOperationId":"wxbwmld4xsaw0sk"}
{"type":"operationStart","subtype":"engine","name":"handlebars","timestamp":1754579374963,"id":"kzdgw3rgp6rg1x0","previousEventId":"65n39evqe4ugsi1","operationId":"k4utxe61zsn4h4p","previousOperationId":"wxbwmld4xsaw0sk"}
{"type":"log","timestamp":1754579374963,"level":"debug","message":"Rendering engine handlebars","meta":{"rootId":"z1lodzm6w8hb9ve","id":"z1lodzm6w8hb9ve"},"id":"g7qzbdh0ajdc2cu","previousOperationId":"k4utxe61zsn4h4p"}
{"type":"operationEnd","operationId":"k4utxe61zsn4h4p","timestamp":1754579374973,"id":"79hua6tttn6ubbm","previousEventId":"kzdgw3rgp6rg1x0","previousOperationId":"k4utxe61zsn4h4p"}
{"type":"operationStart","subtype":"recipe","name":"chrome-pdf","timestamp":1754579374974,"id":"m535gcsltl3kwy4","previousEventId":"79hua6tttn6ubbm","operationId":"klye18zjlo9r4ry","previousOperationId":"k4utxe61zsn4h4p"}
{"type":"log","timestamp":1754579374974,"level":"debug","message":"Executing recipe chrome-pdf","meta":{"rootId":"z1lodzm6w8hb9ve","id":"z1lodzm6w8hb9ve"},"id":"4s4sd7e3kkqg521","previousOperationId":"klye18zjlo9r4ry"}
{"type":"log","timestamp":1754579374976,"level":"debug","message":"Converting with chrome Chrome/138.0.7204.157 using chrome-pool strategy","meta":{"rootId":"z1lodzm6w8hb9ve","id":"z1lodzm6w8hb9ve"},"id":"jcse7zr65pp22hh","previousOperationId":"klye18zjlo9r4ry"}
{"type":"log","timestamp":1754579375029,"level":"debug","message":"Page request: GET (document) file:///app/temp/autocleanup/14b1cc6b-4a07-4e37-bfb9-9e343ae88527-chrome-pdf.html","meta":{"rootId":"z1lodzm6w8hb9ve","id":"z1lodzm6w8hb9ve"},"id":"o01dijw3sjbf5s1","previousOperationId":"klye18zjlo9r4ry"}
{"type":"log","timestamp":1754579375045,"level":"debug","message":"Page request finished: GET (document) 200 file:///app/temp/autocleanup/14b1cc6b-4a07-4e37-bfb9-9e343ae88527-chrome-pdf.html","meta":{"rootId":"z1lodzm6w8hb9ve","id":"z1lodzm6w8hb9ve"},"id":"vtxj44s7eny9yll","previousOperationId":"klye18zjlo9r4ry"}
{"type":"log","timestamp":1754579375083,"level":"debug","message":"Running chrome with params {\"printBackground\":true,\"timeout\":59960,\"margin\":{}}","meta":{"rootId":"z1lodzm6w8hb9ve","id":"z1lodzm6w8hb9ve"},"id":"dis9dtpseo26qm8","previousOperationId":"klye18zjlo9r4ry"}
{"type":"operationEnd","operationId":"klye18zjlo9r4ry","timestamp":1754579375162,"id":"9p4xbxw521jk1fs","previousEventId":"m535gcsltl3kwy4","previousOperationId":"klye18zjlo9r4ry"}
{"type":"log","timestamp":1754579375162,"level":"debug","message":"Skipping storing report.","meta":{"rootId":"z1lodzm6w8hb9ve","id":"z1lodzm6w8hb9ve"},"id":"qvtr6dssdp1qrrr","previousOperationId":"klye18zjlo9r4ry"}
{"type":"log","timestamp":1754579375162,"level":"info","message":"Rendering request 14 finished in 227 ms","meta":{"rootId":"z1lodzm6w8hb9ve","id":"z1lodzm6w8hb9ve"},"id":"ndt7ta31c18suxr","previousOperationId":"klye18zjlo9r4ry"}
{"type":"operationEnd","subtype":"render","operationId":"wxbwmld4xsaw0sk","timestamp":1754579375162,"id":"1babbbrq4p2iybj","previousEventId":"9p4xbxw521jk1fs","previousOperationId":"klye18zjlo9r4ry"}
{"type":"operationEnd","doDiffs":false,"previousEventId":"4hat03cp5oncyo5","previousOperationId":"r3d68cljr6noajs","operationId":"r3d68cljr6noajs","timestamp":1754579375164,"id":"k5qovw9x5gsrm8j"}
