{"type":"operationStart","subtype":"profile","data":{"_id":"Qiuxcqh0P8Uthffp","timestamp":"2025-08-11T05:35:17.053Z","state":"queued","mode":"standard","creationDate":"2025-08-11T05:35:17.056Z","modificationDate":"2025-08-11T05:35:17.056Z","shortid":"b79KFJX","inheritedReadPermissions":[],"inheritedEditPermissions":[],"$entitySet":"profiles"},"doDiffs":false,"timestamp":1754890517055,"id":"v60bi9zbhokh8os","previousOperationId":null,"operationId":"r0w76pz5hfih2y2"}
{"type":"log","level":"info","message":"Render request 2 queued for execution and waiting for available worker","previousOperationId":"r0w76pz5hfih2y2","timestamp":1754890517055,"id":"jubbkrekqxzwupv"}
{"type":"operationStart","subtype":"render","name":"informeSeleccion02","previousOperationId":"r0w76pz5hfih2y2","timestamp":1754890517082,"id":"w930ck3kshci6pc","previousEventId":"v60bi9zbhokh8os","operationId":"s62je181s1aspif"}
{"type":"log","timestamp":1754890517083,"level":"info","message":"Starting rendering request 2 (user: admin)","meta":{"rootId":"cxvdn4pf94t1atb","id":"cxvdn4pf94t1atb"},"id":"uw4xe7mxoqgtsl5","previousOperationId":"s62je181s1aspif"}
{"type":"log","timestamp":1754890517083,"level":"info","message":"Rendering template { name: informeSeleccion02, recipe: chrome-pdf, engine: handlebars, preview: true }","meta":{"rootId":"cxvdn4pf94t1atb","id":"cxvdn4pf94t1atb"},"id":"geo2mkjyn28scqg","previousOperationId":"s62je181s1aspif"}
{"type":"log","timestamp":1754890517085,"level":"debug","message":"Adding sample data KlWTuCx","meta":{"rootId":"cxvdn4pf94t1atb","id":"cxvdn4pf94t1atb"},"id":"bocnruwd08yesio","previousOperationId":"s62je181s1aspif"}
{"type":"log","timestamp":1754890517088,"level":"debug","message":"Base url not specified, skipping its injection.","meta":{"rootId":"cxvdn4pf94t1atb","id":"cxvdn4pf94t1atb"},"id":"1a9zwudihbi3kf1","previousOperationId":"s62je181s1aspif"}
{"type":"operationStart","subtype":"engine","name":"handlebars","timestamp":1754890517088,"id":"fh855mjidnpwtyv","previousEventId":"w930ck3kshci6pc","operationId":"y8u69r12iw04az2","previousOperationId":"s62je181s1aspif"}
{"type":"log","timestamp":1754890517088,"level":"debug","message":"Rendering engine handlebars","meta":{"rootId":"cxvdn4pf94t1atb","id":"cxvdn4pf94t1atb"},"id":"t6x98sqdzbn0qst","previousOperationId":"y8u69r12iw04az2"}
{"type":"operationEnd","operationId":"y8u69r12iw04az2","timestamp":1754890517543,"id":"umwqxoioew8buw8","previousEventId":"fh855mjidnpwtyv","previousOperationId":"y8u69r12iw04az2"}
{"type":"operationStart","subtype":"recipe","name":"chrome-pdf","timestamp":1754890517544,"id":"l6txw3ikmt1cca3","previousEventId":"umwqxoioew8buw8","operationId":"f6vs8ibpql9d2jh","previousOperationId":"y8u69r12iw04az2"}
{"type":"log","timestamp":1754890517544,"level":"debug","message":"Executing recipe chrome-pdf","meta":{"rootId":"cxvdn4pf94t1atb","id":"cxvdn4pf94t1atb"},"id":"spn03ncdyir4njs","previousOperationId":"f6vs8ibpql9d2jh"}
{"type":"log","timestamp":1754890518076,"level":"debug","message":"Converting with chrome Chrome/138.0.7204.157 using chrome-pool strategy","meta":{"rootId":"cxvdn4pf94t1atb","id":"cxvdn4pf94t1atb"},"id":"l8hfyjpt1r40f57","previousOperationId":"f6vs8ibpql9d2jh"}
{"type":"log","timestamp":1754890518181,"level":"debug","message":"Page request: GET (document) file:///app/temp/autocleanup/73ee6736-441d-4f83-b860-58caed2251fc-chrome-pdf.html","meta":{"rootId":"cxvdn4pf94t1atb","id":"cxvdn4pf94t1atb"},"id":"rgv62otp5scyltn","previousOperationId":"f6vs8ibpql9d2jh"}
{"type":"log","timestamp":1754890518205,"level":"debug","message":"Page request finished: GET (document) 200 file:///app/temp/autocleanup/73ee6736-441d-4f83-b860-58caed2251fc-chrome-pdf.html","meta":{"rootId":"cxvdn4pf94t1atb","id":"cxvdn4pf94t1atb"},"id":"6cmdhmzh89hm3jw","previousOperationId":"f6vs8ibpql9d2jh"}
{"type":"log","timestamp":1754890518206,"level":"debug","message":"Page request: GET (image) file:///app/temp/autocleanup/34528.jpg","meta":{"rootId":"cxvdn4pf94t1atb","id":"cxvdn4pf94t1atb"},"id":"gs6rqokse1752wo","previousOperationId":"f6vs8ibpql9d2jh"}
{"type":"log","timestamp":1754890518226,"level":"warn","message":"Page request failed: GET (image) file:///app/temp/autocleanup/34528.jpg, failure: net::ERR_FILE_NOT_FOUND","meta":{"rootId":"cxvdn4pf94t1atb","id":"cxvdn4pf94t1atb"},"id":"awe8rcaitqouf5g","previousOperationId":"f6vs8ibpql9d2jh"}
{"type":"log","timestamp":1754890518227,"level":"debug","message":"(console:error) Failed to load resource: net::ERR_FILE_NOT_FOUND","meta":{"userLevel":true,"rootId":"cxvdn4pf94t1atb","id":"cxvdn4pf94t1atb"},"id":"5pmnq21e7mt3ekb","previousOperationId":"f6vs8ibpql9d2jh"}
{"type":"log","timestamp":1754890518243,"level":"debug","message":"Running chrome with params {\"printBackground\":true,\"timeout\":59354,\"margin\":{}}","meta":{"rootId":"cxvdn4pf94t1atb","id":"cxvdn4pf94t1atb"},"id":"vunc6arst7thj4n","previousOperationId":"f6vs8ibpql9d2jh"}
{"type":"operationEnd","operationId":"f6vs8ibpql9d2jh","timestamp":1754890518316,"id":"l9thyuoopmhjmke","previousEventId":"l6txw3ikmt1cca3","previousOperationId":"f6vs8ibpql9d2jh"}
{"type":"log","timestamp":1754890518317,"level":"debug","message":"Skipping storing report.","meta":{"rootId":"cxvdn4pf94t1atb","id":"cxvdn4pf94t1atb"},"id":"dbzm0usfsowr5ny","previousOperationId":"f6vs8ibpql9d2jh"}
{"type":"log","timestamp":1754890518317,"level":"info","message":"Rendering request 2 finished in 1267 ms","meta":{"rootId":"cxvdn4pf94t1atb","id":"cxvdn4pf94t1atb"},"id":"7fe5acu0eioixf6","previousOperationId":"f6vs8ibpql9d2jh"}
{"type":"operationEnd","subtype":"render","operationId":"s62je181s1aspif","timestamp":1754890518317,"id":"iuuimm3azniptun","previousEventId":"l9thyuoopmhjmke","previousOperationId":"f6vs8ibpql9d2jh"}
{"type":"operationEnd","doDiffs":false,"previousEventId":"v60bi9zbhokh8os","previousOperationId":"r0w76pz5hfih2y2","operationId":"r0w76pz5hfih2y2","timestamp":1754890518319,"id":"ugpqsb6s1p0ak22"}
