{"type":"operationStart","subtype":"profile","data":{"_id":"YYBg1mEONxJtZ5Gq","timestamp":"2025-08-11T09:00:22.273Z","state":"queued","mode":"standard","creationDate":"2025-08-11T09:00:22.274Z","modificationDate":"2025-08-11T09:00:22.274Z","shortid":"DzKT12D","inheritedReadPermissions":[],"inheritedEditPermissions":[],"$entitySet":"profiles"},"doDiffs":false,"timestamp":1754902822274,"id":"xbzfgvqbo7qd3mc","previousOperationId":null,"operationId":"vp68t7bksywezev"}
{"type":"log","level":"info","message":"Render request 2 queued for execution and waiting for available worker","previousOperationId":"vp68t7bksywezev","timestamp":1754902822274,"id":"3la1uharhfd79we"}
{"type":"operationStart","subtype":"render","name":"informeSeleccion02","previousOperationId":"vp68t7bksywezev","timestamp":1754902822315,"id":"z7ynluedz7p3hxx","previousEventId":"xbzfgvqbo7qd3mc","operationId":"3qv6bgwo8vmjp9z"}
{"type":"log","timestamp":1754902822315,"level":"info","message":"Starting rendering request 2 (user: admin)","meta":{"rootId":"nbgmhn1ehun5qvc","id":"nbgmhn1ehun5qvc"},"id":"k7e9c6jy747858u","previousOperationId":"3qv6bgwo8vmjp9z"}
{"type":"log","timestamp":1754902822316,"level":"info","message":"Rendering template { name: informeSeleccion02, recipe: chrome-pdf, engine: handlebars, preview: true }","meta":{"rootId":"nbgmhn1ehun5qvc","id":"nbgmhn1ehun5qvc"},"id":"bx2x6gueb3twzks","previousOperationId":"3qv6bgwo8vmjp9z"}
{"type":"log","timestamp":1754902822317,"level":"debug","message":"Adding sample data KlWTuCx","meta":{"rootId":"nbgmhn1ehun5qvc","id":"nbgmhn1ehun5qvc"},"id":"ds1982i7movs5gn","previousOperationId":"3qv6bgwo8vmjp9z"}
{"type":"log","timestamp":1754902822320,"level":"debug","message":"Base url not specified, skipping its injection.","meta":{"rootId":"nbgmhn1ehun5qvc","id":"nbgmhn1ehun5qvc"},"id":"mkzvl4dzuu94bli","previousOperationId":"3qv6bgwo8vmjp9z"}
{"type":"operationStart","subtype":"engine","name":"handlebars","timestamp":1754902822321,"id":"fylcmb5wvq620k9","previousEventId":"z7ynluedz7p3hxx","operationId":"y0q738csy1sxecl","previousOperationId":"3qv6bgwo8vmjp9z"}
{"type":"log","timestamp":1754902822321,"level":"debug","message":"Rendering engine handlebars","meta":{"rootId":"nbgmhn1ehun5qvc","id":"nbgmhn1ehun5qvc"},"id":"zvugox0q831e2to","previousOperationId":"y0q738csy1sxecl"}
{"type":"operationEnd","operationId":"y0q738csy1sxecl","timestamp":1754902822693,"id":"86zzmd1y5mvhg1p","previousEventId":"fylcmb5wvq620k9","previousOperationId":"y0q738csy1sxecl"}
{"type":"operationStart","subtype":"recipe","name":"chrome-pdf","timestamp":1754902822694,"id":"pkkzr2xo5jwq812","previousEventId":"86zzmd1y5mvhg1p","operationId":"sbvouhbl9mrtrp6","previousOperationId":"y0q738csy1sxecl"}
{"type":"log","timestamp":1754902822694,"level":"debug","message":"Executing recipe chrome-pdf","meta":{"rootId":"nbgmhn1ehun5qvc","id":"nbgmhn1ehun5qvc"},"id":"q8fc2seok0mic6z","previousOperationId":"sbvouhbl9mrtrp6"}
{"type":"log","timestamp":1754902823075,"level":"debug","message":"Converting with chrome Chrome/138.0.7204.157 using chrome-pool strategy","meta":{"rootId":"nbgmhn1ehun5qvc","id":"nbgmhn1ehun5qvc"},"id":"qtx22cm4hpzpp8c","previousOperationId":"sbvouhbl9mrtrp6"}
{"type":"log","timestamp":1754902823176,"level":"debug","message":"Page request: GET (document) file:///app/temp/autocleanup/19577417-a1b0-45f9-86a9-185fbd483d49-chrome-pdf.html","meta":{"rootId":"nbgmhn1ehun5qvc","id":"nbgmhn1ehun5qvc"},"id":"qnr0i42gzp1dvhl","previousOperationId":"sbvouhbl9mrtrp6"}
{"type":"log","timestamp":1754902823193,"level":"debug","message":"Page request finished: GET (document) 200 file:///app/temp/autocleanup/19577417-a1b0-45f9-86a9-185fbd483d49-chrome-pdf.html","meta":{"rootId":"nbgmhn1ehun5qvc","id":"nbgmhn1ehun5qvc"},"id":"1glftyv76r48s4d","previousOperationId":"sbvouhbl9mrtrp6"}
{"type":"log","timestamp":1754902823198,"level":"debug","message":"Page request: GET (image) file:///app/temp/autocleanup/34528.jpg","meta":{"rootId":"nbgmhn1ehun5qvc","id":"nbgmhn1ehun5qvc"},"id":"1lflf2ffjgc4xvo","previousOperationId":"sbvouhbl9mrtrp6"}
{"type":"log","timestamp":1754902823206,"level":"warn","message":"Page request failed: GET (image) file:///app/temp/autocleanup/34528.jpg, failure: net::ERR_FILE_NOT_FOUND","meta":{"rootId":"nbgmhn1ehun5qvc","id":"nbgmhn1ehun5qvc"},"id":"i5pntuqcu6i43ns","previousOperationId":"sbvouhbl9mrtrp6"}
{"type":"log","timestamp":1754902823207,"level":"debug","message":"(console:error) Failed to load resource: net::ERR_FILE_NOT_FOUND","meta":{"userLevel":true,"rootId":"nbgmhn1ehun5qvc","id":"nbgmhn1ehun5qvc"},"id":"28r6zwra6r89l5n","previousOperationId":"sbvouhbl9mrtrp6"}
{"type":"log","timestamp":1754902823217,"level":"debug","message":"Running chrome with params {\"printBackground\":true,\"timeout\":59492,\"margin\":{}}","meta":{"rootId":"nbgmhn1ehun5qvc","id":"nbgmhn1ehun5qvc"},"id":"y7swnfo067exq3u","previousOperationId":"sbvouhbl9mrtrp6"}
{"type":"operationEnd","operationId":"sbvouhbl9mrtrp6","timestamp":1754902823267,"id":"d1j65zjblcumgka","previousEventId":"pkkzr2xo5jwq812","previousOperationId":"sbvouhbl9mrtrp6"}
{"type":"log","timestamp":1754902823267,"level":"debug","message":"Skipping storing report.","meta":{"rootId":"nbgmhn1ehun5qvc","id":"nbgmhn1ehun5qvc"},"id":"yj09zs9la0w0cmz","previousOperationId":"sbvouhbl9mrtrp6"}
{"type":"log","timestamp":1754902823267,"level":"info","message":"Rendering request 2 finished in 994 ms","meta":{"rootId":"nbgmhn1ehun5qvc","id":"nbgmhn1ehun5qvc"},"id":"iinnowcbxwjp1ns","previousOperationId":"sbvouhbl9mrtrp6"}
{"type":"operationEnd","subtype":"render","operationId":"3qv6bgwo8vmjp9z","timestamp":1754902823267,"id":"yyx4mrixdmv0ud7","previousEventId":"d1j65zjblcumgka","previousOperationId":"sbvouhbl9mrtrp6"}
{"type":"operationEnd","doDiffs":false,"previousEventId":"xbzfgvqbo7qd3mc","previousOperationId":"vp68t7bksywezev","operationId":"vp68t7bksywezev","timestamp":1754902823280,"id":"wzntodm8ixkfxjn"}
