{"type":"operationStart","subtype":"profile","data":{"_id":"Y8Xb1ygASqWxL5g6","timestamp":"2025-08-11T05:48:41.904Z","state":"queued","mode":"standard","creationDate":"2025-08-11T05:48:41.906Z","modificationDate":"2025-08-11T05:48:41.906Z","shortid":"DnufcGT","inheritedReadPermissions":[],"inheritedEditPermissions":[],"$entitySet":"profiles"},"doDiffs":false,"timestamp":1754891321906,"id":"ue2thdpmecz9sew","previousOperationId":null,"operationId":"v0e3dxjvwn9eupz"}
{"type":"log","level":"info","message":"Render request 6 queued for execution and waiting for available worker","previousOperationId":"v0e3dxjvwn9eupz","timestamp":1754891321906,"id":"pr13b1gt7r06qnz"}
{"type":"operationStart","subtype":"render","name":"informeSeleccion005","previousOperationId":"v0e3dxjvwn9eupz","timestamp":1754891321927,"id":"xz36whby6cga1xq","previousEventId":"ue2thdpmecz9sew","operationId":"zc6di4mw8c1u9th"}
{"type":"log","timestamp":1754891321927,"level":"info","message":"Starting rendering request 6 (user: admin)","meta":{"rootId":"14z2aq89h3g48za","id":"14z2aq89h3g48za"},"id":"mjtvt3xjjegu52e","previousOperationId":"zc6di4mw8c1u9th"}
{"type":"log","timestamp":1754891321927,"level":"info","message":"Rendering template { name: informeSeleccion005, recipe: chrome-pdf, engine: handlebars, preview: true }","meta":{"rootId":"14z2aq89h3g48za","id":"14z2aq89h3g48za"},"id":"vy83fv4xgfjpnq0","previousOperationId":"zc6di4mw8c1u9th"}
{"type":"log","timestamp":1754891321929,"level":"debug","message":"Inline data specified.","meta":{"rootId":"14z2aq89h3g48za","id":"14z2aq89h3g48za"},"id":"n8ahi1sdcdhuvnz","previousOperationId":"zc6di4mw8c1u9th"}
{"type":"log","timestamp":1754891321931,"level":"debug","message":"Base url not specified, skipping its injection.","meta":{"rootId":"14z2aq89h3g48za","id":"14z2aq89h3g48za"},"id":"hlqxy5qlcqf4d93","previousOperationId":"zc6di4mw8c1u9th"}
{"type":"operationStart","subtype":"engine","name":"handlebars","timestamp":1754891321931,"id":"hyjofk17osd7vim","previousEventId":"xz36whby6cga1xq","operationId":"mbhj74zlycj7ej0","previousOperationId":"zc6di4mw8c1u9th"}
{"type":"log","timestamp":1754891321931,"level":"debug","message":"Rendering engine handlebars","meta":{"rootId":"14z2aq89h3g48za","id":"14z2aq89h3g48za"},"id":"ch4gmevqodavucw","previousOperationId":"mbhj74zlycj7ej0"}
{"type":"operationEnd","operationId":"mbhj74zlycj7ej0","timestamp":1754891321981,"id":"yi3fx0v8kuio8wg","previousEventId":"hyjofk17osd7vim","previousOperationId":"mbhj74zlycj7ej0"}
{"type":"operationStart","subtype":"recipe","name":"chrome-pdf","timestamp":1754891321982,"id":"m3nqh94dtv75026","previousEventId":"yi3fx0v8kuio8wg","operationId":"cewcn7cxbd0te9x","previousOperationId":"mbhj74zlycj7ej0"}
{"type":"log","timestamp":1754891321982,"level":"debug","message":"Executing recipe chrome-pdf","meta":{"rootId":"14z2aq89h3g48za","id":"14z2aq89h3g48za"},"id":"0zsb7de0ciomynq","previousOperationId":"cewcn7cxbd0te9x"}
{"type":"log","timestamp":1754891321984,"level":"debug","message":"Converting with chrome Chrome/138.0.7204.157 using chrome-pool strategy","meta":{"rootId":"14z2aq89h3g48za","id":"14z2aq89h3g48za"},"id":"43xraj69hzn2eym","previousOperationId":"cewcn7cxbd0te9x"}
{"type":"log","timestamp":1754891322035,"level":"debug","message":"Page request: GET (document) file:///app/temp/autocleanup/6f2e8a29-3251-4b69-9933-a0d360101f43-chrome-pdf.html","meta":{"rootId":"14z2aq89h3g48za","id":"14z2aq89h3g48za"},"id":"5yrj1pbp69fd7ys","previousOperationId":"cewcn7cxbd0te9x"}
{"type":"log","timestamp":1754891322055,"level":"debug","message":"Page request finished: GET (document) 200 file:///app/temp/autocleanup/6f2e8a29-3251-4b69-9933-a0d360101f43-chrome-pdf.html","meta":{"rootId":"14z2aq89h3g48za","id":"14z2aq89h3g48za"},"id":"9lbcs0rn2heoyrn","previousOperationId":"cewcn7cxbd0te9x"}
{"type":"log","timestamp":1754891322093,"level":"debug","message":"Running chrome with params {\"printBackground\":true,\"timeout\":59921,\"margin\":{}}","meta":{"rootId":"14z2aq89h3g48za","id":"14z2aq89h3g48za"},"id":"oy18ku4f5ty69le","previousOperationId":"cewcn7cxbd0te9x"}
{"type":"operationEnd","operationId":"cewcn7cxbd0te9x","timestamp":1754891322165,"id":"zbqgs497wnmf64f","previousEventId":"m3nqh94dtv75026","previousOperationId":"cewcn7cxbd0te9x"}
{"type":"log","timestamp":1754891322165,"level":"debug","message":"Skipping storing report.","meta":{"rootId":"14z2aq89h3g48za","id":"14z2aq89h3g48za"},"id":"y42ve1i0f3wsdnn","previousOperationId":"cewcn7cxbd0te9x"}
{"type":"log","timestamp":1754891322165,"level":"info","message":"Rendering request 6 finished in 261 ms","meta":{"rootId":"14z2aq89h3g48za","id":"14z2aq89h3g48za"},"id":"k1bmdl6w75jliwb","previousOperationId":"cewcn7cxbd0te9x"}
{"type":"operationEnd","subtype":"render","operationId":"zc6di4mw8c1u9th","timestamp":1754891322165,"id":"1hu6367l5pdbgq8","previousEventId":"zbqgs497wnmf64f","previousOperationId":"cewcn7cxbd0te9x"}
{"type":"operationEnd","doDiffs":false,"previousEventId":"ue2thdpmecz9sew","previousOperationId":"v0e3dxjvwn9eupz","operationId":"v0e3dxjvwn9eupz","timestamp":1754891322168,"id":"kifvt551h1iaoko"}
