{"type":"operationStart","subtype":"profile","data":{"_id":"GcSprELb7MJuEsOw","timestamp":"2025-08-11T05:39:45.344Z","state":"queued","mode":"standard","creationDate":"2025-08-11T05:39:45.345Z","modificationDate":"2025-08-11T05:39:45.345Z","shortid":"mFNnuZE","inheritedReadPermissions":[],"inheritedEditPermissions":[],"$entitySet":"profiles"},"doDiffs":false,"timestamp":1754890785345,"id":"udql727q7ukx4mj","previousOperationId":null,"operationId":"urui9vpwm4v6cmh"}
{"type":"log","level":"info","message":"Render request 5 queued for execution and waiting for available worker","previousOperationId":"urui9vpwm4v6cmh","timestamp":1754890785345,"id":"16bgnne88ti37ma"}
{"type":"operationStart","subtype":"render","name":"informeSeleccion005","previousOperationId":"urui9vpwm4v6cmh","timestamp":1754890785372,"id":"u990nqud97p65y4","previousEventId":"udql727q7ukx4mj","operationId":"anuy3kwxauvbqj7"}
{"type":"log","timestamp":1754890785372,"level":"info","message":"Starting rendering request 5 (user: admin)","meta":{"rootId":"4ai7ujna3avuc0k","id":"4ai7ujna3avuc0k"},"id":"9vd9mtgdxmhgvxc","previousOperationId":"anuy3kwxauvbqj7"}
{"type":"log","timestamp":1754890785372,"level":"info","message":"Rendering template { name: informeSeleccion005, recipe: chrome-pdf, engine: handlebars, preview: true }","meta":{"rootId":"4ai7ujna3avuc0k","id":"4ai7ujna3avuc0k"},"id":"kzbh73xkqn80ihj","previousOperationId":"anuy3kwxauvbqj7"}
{"type":"log","timestamp":1754890785373,"level":"debug","message":"Inline data specified.","meta":{"rootId":"4ai7ujna3avuc0k","id":"4ai7ujna3avuc0k"},"id":"vo8n93ylcgqk0sb","previousOperationId":"anuy3kwxauvbqj7"}
{"type":"log","timestamp":1754890785375,"level":"debug","message":"Base url not specified, skipping its injection.","meta":{"rootId":"4ai7ujna3avuc0k","id":"4ai7ujna3avuc0k"},"id":"xazucw4nokikot9","previousOperationId":"anuy3kwxauvbqj7"}
{"type":"operationStart","subtype":"engine","name":"handlebars","timestamp":1754890785376,"id":"amncp8e7ydhnfkx","previousEventId":"u990nqud97p65y4","operationId":"4unh1k49skdbp7x","previousOperationId":"anuy3kwxauvbqj7"}
{"type":"log","timestamp":1754890785376,"level":"debug","message":"Rendering engine handlebars","meta":{"rootId":"4ai7ujna3avuc0k","id":"4ai7ujna3avuc0k"},"id":"lc42p0hehqxvduq","previousOperationId":"4unh1k49skdbp7x"}
{"type":"operationEnd","operationId":"4unh1k49skdbp7x","timestamp":1754890785444,"id":"kbonjji2z237ool","previousEventId":"amncp8e7ydhnfkx","previousOperationId":"4unh1k49skdbp7x"}
{"type":"operationStart","subtype":"recipe","name":"chrome-pdf","timestamp":1754890785445,"id":"l9hzzpwpqfwj20s","previousEventId":"kbonjji2z237ool","operationId":"w6gzopaw44qny5l","previousOperationId":"4unh1k49skdbp7x"}
{"type":"log","timestamp":1754890785445,"level":"debug","message":"Executing recipe chrome-pdf","meta":{"rootId":"4ai7ujna3avuc0k","id":"4ai7ujna3avuc0k"},"id":"dp66eweuhcebx80","previousOperationId":"w6gzopaw44qny5l"}
{"type":"log","timestamp":1754890785446,"level":"debug","message":"Converting with chrome Chrome/138.0.7204.157 using chrome-pool strategy","meta":{"rootId":"4ai7ujna3avuc0k","id":"4ai7ujna3avuc0k"},"id":"ghgwaqom9a0x0g2","previousOperationId":"w6gzopaw44qny5l"}
{"type":"log","timestamp":1754890785495,"level":"debug","message":"Page request: GET (document) file:///app/temp/autocleanup/7ec1d869-960f-4029-bb98-3e6dc34ae65f-chrome-pdf.html","meta":{"rootId":"4ai7ujna3avuc0k","id":"4ai7ujna3avuc0k"},"id":"u7www17duc0e1ym","previousOperationId":"w6gzopaw44qny5l"}
{"type":"log","timestamp":1754890785508,"level":"debug","message":"Page request finished: GET (document) 200 file:///app/temp/autocleanup/7ec1d869-960f-4029-bb98-3e6dc34ae65f-chrome-pdf.html","meta":{"rootId":"4ai7ujna3avuc0k","id":"4ai7ujna3avuc0k"},"id":"xhf5m17s7cyr1cn","previousOperationId":"w6gzopaw44qny5l"}
{"type":"log","timestamp":1754890785541,"level":"debug","message":"Running chrome with params {\"printBackground\":true,\"timeout\":59899,\"margin\":{}}","meta":{"rootId":"4ai7ujna3avuc0k","id":"4ai7ujna3avuc0k"},"id":"g39vfnnwv09e1r1","previousOperationId":"w6gzopaw44qny5l"}
{"type":"operationEnd","operationId":"w6gzopaw44qny5l","timestamp":1754890785630,"id":"q9v0u6sgdi5qs5t","previousEventId":"l9hzzpwpqfwj20s","previousOperationId":"w6gzopaw44qny5l"}
{"type":"log","timestamp":1754890785630,"level":"debug","message":"Skipping storing report.","meta":{"rootId":"4ai7ujna3avuc0k","id":"4ai7ujna3avuc0k"},"id":"dph2en1wo633r0t","previousOperationId":"w6gzopaw44qny5l"}
{"type":"log","timestamp":1754890785630,"level":"info","message":"Rendering request 5 finished in 286 ms","meta":{"rootId":"4ai7ujna3avuc0k","id":"4ai7ujna3avuc0k"},"id":"1gihstcd0nltatm","previousOperationId":"w6gzopaw44qny5l"}
{"type":"operationEnd","subtype":"render","operationId":"anuy3kwxauvbqj7","timestamp":1754890785630,"id":"968ly654mt836d1","previousEventId":"q9v0u6sgdi5qs5t","previousOperationId":"w6gzopaw44qny5l"}
{"type":"operationEnd","doDiffs":false,"previousEventId":"udql727q7ukx4mj","previousOperationId":"urui9vpwm4v6cmh","operationId":"urui9vpwm4v6cmh","timestamp":1754890785632,"id":"li9hx6phbuwuf7z"}
