{"type":"operationStart","subtype":"profile","data":{"_id":"PhsrF28X0628sMz5","timestamp":"2025-08-11T07:49:58.197Z","state":"queued","mode":"standard","creationDate":"2025-08-11T07:49:58.199Z","modificationDate":"2025-08-11T07:49:58.199Z","shortid":"f1VNyg0","inheritedReadPermissions":[],"inheritedEditPermissions":[],"$entitySet":"profiles"},"doDiffs":false,"timestamp":1754898598198,"id":"2w3csw56p7iilpa","previousOperationId":null,"operationId":"6avo44m1zgm8hmw"}
{"type":"log","level":"info","message":"Render request 1 queued for execution and waiting for available worker","previousOperationId":"6avo44m1zgm8hmw","timestamp":1754898598199,"id":"j4tlrm79c01z6dc"}
{"type":"operationStart","subtype":"render","name":"informeSeleccion005","previousOperationId":"6avo44m1zgm8hmw","timestamp":1754898598240,"id":"bv9teb1x5kifcd6","previousEventId":"2w3csw56p7iilpa","operationId":"o04m1sjnsnft6ns"}
{"type":"log","timestamp":1754898598240,"level":"info","message":"Starting rendering request 1 (user: admin)","meta":{"rootId":"5mjz630d2cq8iv5","id":"5mjz630d2cq8iv5"},"id":"aoquybj60tq86ci","previousOperationId":"o04m1sjnsnft6ns"}
{"type":"log","timestamp":1754898598241,"level":"info","message":"Rendering template { name: informeSeleccion005, recipe: chrome-pdf, engine: handlebars, preview: true }","meta":{"rootId":"5mjz630d2cq8iv5","id":"5mjz630d2cq8iv5"},"id":"cius0wk017hxl5v","previousOperationId":"o04m1sjnsnft6ns"}
{"type":"log","timestamp":1754898598243,"level":"debug","message":"Adding sample data lgX13iX","meta":{"rootId":"5mjz630d2cq8iv5","id":"5mjz630d2cq8iv5"},"id":"1ckyd9nu54g8zms","previousOperationId":"o04m1sjnsnft6ns"}
{"type":"log","timestamp":1754898598247,"level":"debug","message":"Base url not specified, skipping its injection.","meta":{"rootId":"5mjz630d2cq8iv5","id":"5mjz630d2cq8iv5"},"id":"uj7u7s8gvdaig4t","previousOperationId":"o04m1sjnsnft6ns"}
{"type":"operationStart","subtype":"engine","name":"handlebars","timestamp":1754898598248,"id":"k9hdhxuptbv7tvh","previousEventId":"bv9teb1x5kifcd6","operationId":"3psthds11bntx23","previousOperationId":"o04m1sjnsnft6ns"}
{"type":"log","timestamp":1754898598248,"level":"debug","message":"Rendering engine handlebars","meta":{"rootId":"5mjz630d2cq8iv5","id":"5mjz630d2cq8iv5"},"id":"m62m7lghrei9rap","previousOperationId":"3psthds11bntx23"}
{"type":"operationEnd","operationId":"3psthds11bntx23","timestamp":1754898598751,"id":"m03bj2nsszcy407","previousEventId":"k9hdhxuptbv7tvh","previousOperationId":"3psthds11bntx23"}
{"type":"operationStart","subtype":"recipe","name":"chrome-pdf","timestamp":1754898598752,"id":"zpktxt3qruk74y2","previousEventId":"m03bj2nsszcy407","operationId":"uufua70yja5a0c1","previousOperationId":"3psthds11bntx23"}
{"type":"log","timestamp":1754898598752,"level":"debug","message":"Executing recipe chrome-pdf","meta":{"rootId":"5mjz630d2cq8iv5","id":"5mjz630d2cq8iv5"},"id":"6f4wimj51toyv6d","previousOperationId":"uufua70yja5a0c1"}
{"type":"log","timestamp":1754898599229,"level":"debug","message":"Converting with chrome Chrome/138.0.7204.157 using chrome-pool strategy","meta":{"rootId":"5mjz630d2cq8iv5","id":"5mjz630d2cq8iv5"},"id":"5r6ipwjyp4vszug","previousOperationId":"uufua70yja5a0c1"}
{"type":"log","timestamp":1754898599332,"level":"debug","message":"Page request: GET (document) file:///app/temp/autocleanup/b682a83a-3ca4-47d8-8b5d-7777b03bed6e-chrome-pdf.html","meta":{"rootId":"5mjz630d2cq8iv5","id":"5mjz630d2cq8iv5"},"id":"rto0zbxsb659i8g","previousOperationId":"uufua70yja5a0c1"}
{"type":"log","timestamp":1754898599346,"level":"debug","message":"Page request finished: GET (document) 200 file:///app/temp/autocleanup/b682a83a-3ca4-47d8-8b5d-7777b03bed6e-chrome-pdf.html","meta":{"rootId":"5mjz630d2cq8iv5","id":"5mjz630d2cq8iv5"},"id":"9plimi4aykir6m3","previousOperationId":"uufua70yja5a0c1"}
{"type":"log","timestamp":1754898599383,"level":"debug","message":"Running chrome with params {\"printBackground\":true,\"timeout\":59349,\"margin\":{}}","meta":{"rootId":"5mjz630d2cq8iv5","id":"5mjz630d2cq8iv5"},"id":"yxfrl5ix42rxmv3","previousOperationId":"uufua70yja5a0c1"}
{"type":"operationEnd","operationId":"uufua70yja5a0c1","timestamp":1754898599502,"id":"5lajzlhrae0zw05","previousEventId":"zpktxt3qruk74y2","previousOperationId":"uufua70yja5a0c1"}
{"type":"log","timestamp":1754898599502,"level":"debug","message":"Skipping storing report.","meta":{"rootId":"5mjz630d2cq8iv5","id":"5mjz630d2cq8iv5"},"id":"s619sle625hlhzs","previousOperationId":"uufua70yja5a0c1"}
{"type":"log","timestamp":1754898599502,"level":"info","message":"Rendering request 1 finished in 1305 ms","meta":{"rootId":"5mjz630d2cq8iv5","id":"5mjz630d2cq8iv5"},"id":"ttayd90p3xrj85b","previousOperationId":"uufua70yja5a0c1"}
{"type":"operationEnd","subtype":"render","operationId":"o04m1sjnsnft6ns","timestamp":1754898599503,"id":"idekuoxjw4ye61a","previousEventId":"5lajzlhrae0zw05","previousOperationId":"uufua70yja5a0c1"}
{"type":"operationEnd","doDiffs":false,"previousEventId":"2w3csw56p7iilpa","previousOperationId":"6avo44m1zgm8hmw","operationId":"6avo44m1zgm8hmw","timestamp":1754898599509,"id":"csktrzlht7oyrpx"}
