{"type":"operationStart","subtype":"profile","data":{"_id":"Yea72KZaKHl2PWS3","timestamp":"2025-08-11T13:15:02.328Z","state":"queued","mode":"standard","creationDate":"2025-08-11T13:15:02.329Z","modificationDate":"2025-08-11T13:15:02.329Z","shortid":"DZtKRM1","inheritedReadPermissions":[],"inheritedEditPermissions":[],"$entitySet":"profiles"},"doDiffs":false,"timestamp":1754918102328,"id":"hcq59psz9o5bptc","previousOperationId":null,"operationId":"in4zkq45g1kdaia"}
{"type":"log","level":"info","message":"Render request 1 queued for execution and waiting for available worker","previousOperationId":"in4zkq45g1kdaia","timestamp":1754918102329,"id":"3z56zwrs1trbrjy"}
{"type":"operationStart","subtype":"render","name":"informeSeleccion005","previousOperationId":"in4zkq45g1kdaia","timestamp":1754918102374,"id":"rr8a7ff2izf700g","previousEventId":"hcq59psz9o5bptc","operationId":"t2pddghbxzs6nyx"}
{"type":"log","timestamp":1754918102375,"level":"info","message":"Starting rendering request 1 (user: admin)","meta":{"rootId":"8kombaotgijhwmg","id":"8kombaotgijhwmg"},"id":"4v43s2hzyuuqmo6","previousOperationId":"t2pddghbxzs6nyx"}
{"type":"log","timestamp":1754918102375,"level":"info","message":"Rendering template { name: informeSeleccion005, recipe: chrome-pdf, engine: handlebars, preview: true }","meta":{"rootId":"8kombaotgijhwmg","id":"8kombaotgijhwmg"},"id":"ihgl9c3gmla2723","previousOperationId":"t2pddghbxzs6nyx"}
{"type":"log","timestamp":1754918102377,"level":"debug","message":"Inline data specified.","meta":{"rootId":"8kombaotgijhwmg","id":"8kombaotgijhwmg"},"id":"iucbz5ybp2ryepf","previousOperationId":"t2pddghbxzs6nyx"}
{"type":"log","timestamp":1754918102387,"level":"debug","message":"Base url not specified, skipping its injection.","meta":{"rootId":"8kombaotgijhwmg","id":"8kombaotgijhwmg"},"id":"5bnww0sr1b4dl0c","previousOperationId":"t2pddghbxzs6nyx"}
{"type":"operationStart","subtype":"engine","name":"handlebars","timestamp":1754918102387,"id":"t3p30u46jmtggu5","previousEventId":"rr8a7ff2izf700g","operationId":"nvru1esrpulnv9i","previousOperationId":"t2pddghbxzs6nyx"}
{"type":"log","timestamp":1754918102387,"level":"debug","message":"Rendering engine handlebars","meta":{"rootId":"8kombaotgijhwmg","id":"8kombaotgijhwmg"},"id":"2500dazfc7c2gux","previousOperationId":"nvru1esrpulnv9i"}
{"type":"operationEnd","operationId":"nvru1esrpulnv9i","timestamp":1754918102874,"id":"sf11txs3hldycz7","previousEventId":"t3p30u46jmtggu5","previousOperationId":"nvru1esrpulnv9i"}
{"type":"operationStart","subtype":"recipe","name":"chrome-pdf","timestamp":1754918102875,"id":"urectlc8j31s6h0","previousEventId":"sf11txs3hldycz7","operationId":"f1q14yst5e46ckd","previousOperationId":"nvru1esrpulnv9i"}
{"type":"log","timestamp":1754918102875,"level":"debug","message":"Executing recipe chrome-pdf","meta":{"rootId":"8kombaotgijhwmg","id":"8kombaotgijhwmg"},"id":"mgekkgvkht13t5u","previousOperationId":"f1q14yst5e46ckd"}
{"type":"log","timestamp":1754918103367,"level":"debug","message":"Converting with chrome Chrome/138.0.7204.157 using chrome-pool strategy","meta":{"rootId":"8kombaotgijhwmg","id":"8kombaotgijhwmg"},"id":"4byxol5rdqjh4wm","previousOperationId":"f1q14yst5e46ckd"}
{"type":"log","timestamp":1754918103456,"level":"debug","message":"Page request: GET (document) file:///app/temp/autocleanup/d587c67c-4a21-4d42-b10f-1ee988329970-chrome-pdf.html","meta":{"rootId":"8kombaotgijhwmg","id":"8kombaotgijhwmg"},"id":"llbjs08k41mdvh0","previousOperationId":"f1q14yst5e46ckd"}
{"type":"log","timestamp":1754918103470,"level":"debug","message":"Page request finished: GET (document) 200 file:///app/temp/autocleanup/d587c67c-4a21-4d42-b10f-1ee988329970-chrome-pdf.html","meta":{"rootId":"8kombaotgijhwmg","id":"8kombaotgijhwmg"},"id":"urws9ln0ldps3g9","previousOperationId":"f1q14yst5e46ckd"}
{"type":"log","timestamp":1754918103519,"level":"debug","message":"Running chrome with params {\"printBackground\":true,\"timeout\":59357,\"margin\":{}}","meta":{"rootId":"8kombaotgijhwmg","id":"8kombaotgijhwmg"},"id":"iilyjmio4ft3e2m","previousOperationId":"f1q14yst5e46ckd"}
{"type":"operationEnd","operationId":"f1q14yst5e46ckd","timestamp":1754918103632,"id":"inmq8cwcs48rdwu","previousEventId":"urectlc8j31s6h0","previousOperationId":"f1q14yst5e46ckd"}
{"type":"log","timestamp":1754918103633,"level":"debug","message":"Skipping storing report.","meta":{"rootId":"8kombaotgijhwmg","id":"8kombaotgijhwmg"},"id":"hqg3ybysu9c593u","previousOperationId":"f1q14yst5e46ckd"}
{"type":"log","timestamp":1754918103633,"level":"info","message":"Rendering request 1 finished in 1306 ms","meta":{"rootId":"8kombaotgijhwmg","id":"8kombaotgijhwmg"},"id":"a2tcmsn5ip1qsi7","previousOperationId":"f1q14yst5e46ckd"}
{"type":"operationEnd","subtype":"render","operationId":"t2pddghbxzs6nyx","timestamp":1754918103633,"id":"z542i7znvymiz8p","previousEventId":"inmq8cwcs48rdwu","previousOperationId":"f1q14yst5e46ckd"}
{"type":"operationEnd","doDiffs":false,"previousEventId":"hcq59psz9o5bptc","previousOperationId":"in4zkq45g1kdaia","operationId":"in4zkq45g1kdaia","timestamp":1754918103639,"id":"rrblm8tswuljpy8"}
