{"type":"operationStart","subtype":"profile","data":{"_id":"YhKALrAA4zTIXch4","timestamp":"2025-08-11T10:23:54.016Z","state":"queued","mode":"standard","creationDate":"2025-08-11T10:23:54.018Z","modificationDate":"2025-08-11T10:23:54.018Z","shortid":"Myy_s5I","inheritedReadPermissions":[],"inheritedEditPermissions":[],"$entitySet":"profiles"},"doDiffs":false,"timestamp":1754907834017,"id":"ej0vqb30getvxw0","previousOperationId":null,"operationId":"pjn3wsql85lw09c"}
{"type":"log","level":"info","message":"Render request 1 queued for execution and waiting for available worker","previousOperationId":"pjn3wsql85lw09c","timestamp":1754907834017,"id":"0435dyntm32ncvg"}
{"type":"operationStart","subtype":"render","name":"informeSeleccion005","previousOperationId":"pjn3wsql85lw09c","timestamp":1754907834060,"id":"7u42g15noj4wni6","previousEventId":"ej0vqb30getvxw0","operationId":"ealflijppornnda"}
{"type":"log","timestamp":1754907834061,"level":"info","message":"Starting rendering request 1 (user: admin)","meta":{"rootId":"9ai7iyiicjl2fhx","id":"9ai7iyiicjl2fhx"},"id":"grg63q4tac3jli0","previousOperationId":"ealflijppornnda"}
{"type":"log","timestamp":1754907834061,"level":"info","message":"Rendering template { name: informeSeleccion005, recipe: chrome-pdf, engine: handlebars, preview: true }","meta":{"rootId":"9ai7iyiicjl2fhx","id":"9ai7iyiicjl2fhx"},"id":"qj2cs6hexo0iwxj","previousOperationId":"ealflijppornnda"}
{"type":"log","timestamp":1754907834070,"level":"debug","message":"Adding sample data lgX13iX","meta":{"rootId":"9ai7iyiicjl2fhx","id":"9ai7iyiicjl2fhx"},"id":"7329hb9c6zipjof","previousOperationId":"ealflijppornnda"}
{"type":"log","timestamp":1754907834074,"level":"debug","message":"Base url not specified, skipping its injection.","meta":{"rootId":"9ai7iyiicjl2fhx","id":"9ai7iyiicjl2fhx"},"id":"cm1ruifzfid88m6","previousOperationId":"ealflijppornnda"}
{"type":"operationStart","subtype":"engine","name":"handlebars","timestamp":1754907834075,"id":"i8sa7dhes142ged","previousEventId":"7u42g15noj4wni6","operationId":"9i6pfz7anamciu4","previousOperationId":"ealflijppornnda"}
{"type":"log","timestamp":1754907834075,"level":"debug","message":"Rendering engine handlebars","meta":{"rootId":"9ai7iyiicjl2fhx","id":"9ai7iyiicjl2fhx"},"id":"3ecrbj9ikjcnz46","previousOperationId":"9i6pfz7anamciu4"}
{"type":"operationEnd","operationId":"9i6pfz7anamciu4","timestamp":1754907834493,"id":"0zzxd3t9xjjdote","previousEventId":"i8sa7dhes142ged","previousOperationId":"9i6pfz7anamciu4"}
{"type":"operationStart","subtype":"recipe","name":"chrome-pdf","timestamp":1754907834494,"id":"fk2g0nawr3aa8z5","previousEventId":"0zzxd3t9xjjdote","operationId":"y12kygm8ww262fk","previousOperationId":"9i6pfz7anamciu4"}
{"type":"log","timestamp":1754907834494,"level":"debug","message":"Executing recipe chrome-pdf","meta":{"rootId":"9ai7iyiicjl2fhx","id":"9ai7iyiicjl2fhx"},"id":"q1yvv2tpq7no0rh","previousOperationId":"y12kygm8ww262fk"}
{"type":"log","timestamp":1754907834882,"level":"debug","message":"Converting with chrome Chrome/138.0.7204.157 using chrome-pool strategy","meta":{"rootId":"9ai7iyiicjl2fhx","id":"9ai7iyiicjl2fhx"},"id":"fmun6reos1i61cm","previousOperationId":"y12kygm8ww262fk"}
{"type":"log","timestamp":1754907834971,"level":"debug","message":"Page request: GET (document) file:///app/temp/autocleanup/3a6ef9b4-4394-4923-9896-1938fdeb854c-chrome-pdf.html","meta":{"rootId":"9ai7iyiicjl2fhx","id":"9ai7iyiicjl2fhx"},"id":"6vz2g5b3zwkn3ee","previousOperationId":"y12kygm8ww262fk"}
{"type":"log","timestamp":1754907834986,"level":"debug","message":"Page request finished: GET (document) 200 file:///app/temp/autocleanup/3a6ef9b4-4394-4923-9896-1938fdeb854c-chrome-pdf.html","meta":{"rootId":"9ai7iyiicjl2fhx","id":"9ai7iyiicjl2fhx"},"id":"dlvyu1k5zios6zy","previousOperationId":"y12kygm8ww262fk"}
{"type":"log","timestamp":1754907835020,"level":"debug","message":"Running chrome with params {\"printBackground\":true,\"timeout\":59431,\"margin\":{}}","meta":{"rootId":"9ai7iyiicjl2fhx","id":"9ai7iyiicjl2fhx"},"id":"q6znjjtcjalge1r","previousOperationId":"y12kygm8ww262fk"}
{"type":"operationEnd","operationId":"y12kygm8ww262fk","timestamp":1754907835104,"id":"ovxlcw9wp65r81h","previousEventId":"fk2g0nawr3aa8z5","previousOperationId":"y12kygm8ww262fk"}
{"type":"log","timestamp":1754907835104,"level":"debug","message":"Skipping storing report.","meta":{"rootId":"9ai7iyiicjl2fhx","id":"9ai7iyiicjl2fhx"},"id":"cu0xp54gjvjfswb","previousOperationId":"y12kygm8ww262fk"}
{"type":"log","timestamp":1754907835104,"level":"info","message":"Rendering request 1 finished in 1089 ms","meta":{"rootId":"9ai7iyiicjl2fhx","id":"9ai7iyiicjl2fhx"},"id":"3bxtr0vt77nlg68","previousOperationId":"y12kygm8ww262fk"}
{"type":"operationEnd","subtype":"render","operationId":"ealflijppornnda","timestamp":1754907835104,"id":"9869hpx8e93ucf6","previousEventId":"ovxlcw9wp65r81h","previousOperationId":"y12kygm8ww262fk"}
{"type":"operationEnd","doDiffs":false,"previousEventId":"ej0vqb30getvxw0","previousOperationId":"pjn3wsql85lw09c","operationId":"pjn3wsql85lw09c","timestamp":1754907835110,"id":"22urblrv53zqlz7"}
