{"type":"operationStart","subtype":"profile","data":{"_id":"9ByfEbzBklDM8sXl","timestamp":"2025-08-08T14:21:15.132Z","state":"queued","mode":"standard","creationDate":"2025-08-08T14:21:15.134Z","modificationDate":"2025-08-08T14:21:15.134Z","shortid":"O5THhm7","inheritedReadPermissions":[],"inheritedEditPermissions":[],"$entitySet":"profiles"},"doDiffs":false,"timestamp":1754662875134,"id":"exfu9azyfqmqyzq","previousOperationId":null,"operationId":"rnwdtio5ewxupqj"}
{"type":"log","level":"info","message":"Render request 2 queued for execution and waiting for available worker","previousOperationId":"rnwdtio5ewxupqj","timestamp":1754662875134,"id":"ltii3wn2timyst9"}
{"type":"operationStart","subtype":"render","name":"informeSeleccion005","previousOperationId":"rnwdtio5ewxupqj","timestamp":1754662875162,"id":"p5qk613ecv8qfxt","previousEventId":"exfu9azyfqmqyzq","operationId":"7jdt7osvb2tcids"}
{"type":"log","timestamp":1754662875163,"level":"info","message":"Starting rendering request 2 (user: admin)","meta":{"rootId":"easty06i5isd6v9","id":"easty06i5isd6v9"},"id":"kdyozf1csijb0k7","previousOperationId":"7jdt7osvb2tcids"}
{"type":"log","timestamp":1754662875163,"level":"info","message":"Rendering template { name: informeSeleccion005, recipe: chrome-pdf, engine: handlebars, preview: true }","meta":{"rootId":"easty06i5isd6v9","id":"easty06i5isd6v9"},"id":"69ltophscg064l7","previousOperationId":"7jdt7osvb2tcids"}
{"type":"log","timestamp":1754662875165,"level":"debug","message":"Adding sample data lgX13iX","meta":{"rootId":"easty06i5isd6v9","id":"easty06i5isd6v9"},"id":"xq5a1rwcmeuxlvm","previousOperationId":"7jdt7osvb2tcids"}
{"type":"log","timestamp":1754662875168,"level":"debug","message":"Base url not specified, skipping its injection.","meta":{"rootId":"easty06i5isd6v9","id":"easty06i5isd6v9"},"id":"p1tltrlsta3w2mw","previousOperationId":"7jdt7osvb2tcids"}
{"type":"operationStart","subtype":"engine","name":"handlebars","timestamp":1754662875169,"id":"5lj6skhmydwdfx6","previousEventId":"p5qk613ecv8qfxt","operationId":"nqk0gr0l8tiks55","previousOperationId":"7jdt7osvb2tcids"}
{"type":"log","timestamp":1754662875169,"level":"debug","message":"Rendering engine handlebars","meta":{"rootId":"easty06i5isd6v9","id":"easty06i5isd6v9"},"id":"8f9lbuk0f9rtt1z","previousOperationId":"nqk0gr0l8tiks55"}
{"type":"operationEnd","operationId":"nqk0gr0l8tiks55","timestamp":1754662875573,"id":"cp3llw62i1mi2zm","previousEventId":"5lj6skhmydwdfx6","previousOperationId":"nqk0gr0l8tiks55"}
{"type":"operationStart","subtype":"recipe","name":"chrome-pdf","timestamp":1754662875574,"id":"3w4vkmsnuhuheai","previousEventId":"cp3llw62i1mi2zm","operationId":"r1t9ypz44jgpx39","previousOperationId":"nqk0gr0l8tiks55"}
{"type":"log","timestamp":1754662875574,"level":"debug","message":"Executing recipe chrome-pdf","meta":{"rootId":"easty06i5isd6v9","id":"easty06i5isd6v9"},"id":"xblepaqn4qt36d1","previousOperationId":"r1t9ypz44jgpx39"}
{"type":"log","timestamp":1754662875989,"level":"debug","message":"Converting with chrome Chrome/138.0.7204.157 using chrome-pool strategy","meta":{"rootId":"easty06i5isd6v9","id":"easty06i5isd6v9"},"id":"jitw02nqjm7ecg5","previousOperationId":"r1t9ypz44jgpx39"}
{"type":"log","timestamp":1754662876080,"level":"debug","message":"Page request: GET (document) file:///app/temp/autocleanup/6029d438-8115-4ffe-9dd3-682be0ca3359-chrome-pdf.html","meta":{"rootId":"easty06i5isd6v9","id":"easty06i5isd6v9"},"id":"pjm75sef1729d1d","previousOperationId":"r1t9ypz44jgpx39"}
{"type":"log","timestamp":1754662876095,"level":"debug","message":"Page request finished: GET (document) 200 file:///app/temp/autocleanup/6029d438-8115-4ffe-9dd3-682be0ca3359-chrome-pdf.html","meta":{"rootId":"easty06i5isd6v9","id":"easty06i5isd6v9"},"id":"ubqp285cdbh4dlk","previousOperationId":"r1t9ypz44jgpx39"}
{"type":"log","timestamp":1754662876131,"level":"debug","message":"Running chrome with params {\"printBackground\":true,\"timeout\":59465,\"margin\":{}}","meta":{"rootId":"easty06i5isd6v9","id":"easty06i5isd6v9"},"id":"7x19x5058zybvu2","previousOperationId":"r1t9ypz44jgpx39"}
{"type":"operationEnd","operationId":"r1t9ypz44jgpx39","timestamp":1754662876219,"id":"luzjq131amfalpe","previousEventId":"3w4vkmsnuhuheai","previousOperationId":"r1t9ypz44jgpx39"}
{"type":"log","timestamp":1754662876220,"level":"debug","message":"Skipping storing report.","meta":{"rootId":"easty06i5isd6v9","id":"easty06i5isd6v9"},"id":"sefo4s5vjfq9sch","previousOperationId":"r1t9ypz44jgpx39"}
{"type":"log","timestamp":1754662876220,"level":"info","message":"Rendering request 2 finished in 1088 ms","meta":{"rootId":"easty06i5isd6v9","id":"easty06i5isd6v9"},"id":"gj4ew3sgeek1pzg","previousOperationId":"r1t9ypz44jgpx39"}
{"type":"operationEnd","subtype":"render","operationId":"7jdt7osvb2tcids","timestamp":1754662876220,"id":"p55to8cph81t8ac","previousEventId":"luzjq131amfalpe","previousOperationId":"r1t9ypz44jgpx39"}
{"type":"operationEnd","doDiffs":false,"previousEventId":"exfu9azyfqmqyzq","previousOperationId":"rnwdtio5ewxupqj","operationId":"rnwdtio5ewxupqj","timestamp":1754662876223,"id":"96ad62ve6e024wn"}
