{"type":"operationStart","subtype":"profile","data":{"_id":"wqMz2SHotBwQZd2W","timestamp":"2025-08-11T09:12:24.293Z","state":"queued","mode":"standard","creationDate":"2025-08-11T09:12:24.296Z","modificationDate":"2025-08-11T09:12:24.296Z","shortid":"ttGlm54","inheritedReadPermissions":[],"inheritedEditPermissions":[],"$entitySet":"profiles"},"doDiffs":false,"timestamp":1754903544294,"id":"eeqpj6hyue53boz","previousOperationId":null,"operationId":"3pcnax1hrj0yhze"}
{"type":"log","level":"info","message":"Render request 1 queued for execution and waiting for available worker","previousOperationId":"3pcnax1hrj0yhze","timestamp":1754903544295,"id":"zb91ktskunlufvo"}
{"type":"operationStart","subtype":"render","name":"informeSeleccion005","previousOperationId":"3pcnax1hrj0yhze","timestamp":1754903544341,"id":"0ibdp18fcclesu2","previousEventId":"eeqpj6hyue53boz","operationId":"as2q1cathm68whx"}
{"type":"log","timestamp":1754903544341,"level":"info","message":"Starting rendering request 1 (user: admin)","meta":{"rootId":"exxh2cne2u5prtl","id":"exxh2cne2u5prtl"},"id":"aety9bmvgj9d15m","previousOperationId":"as2q1cathm68whx"}
{"type":"log","timestamp":1754903544342,"level":"info","message":"Rendering template { name: informeSeleccion005, recipe: chrome-pdf, engine: handlebars, preview: true }","meta":{"rootId":"exxh2cne2u5prtl","id":"exxh2cne2u5prtl"},"id":"mvhix7e64fj4ffn","previousOperationId":"as2q1cathm68whx"}
{"type":"log","timestamp":1754903544346,"level":"debug","message":"Adding sample data lgX13iX","meta":{"rootId":"exxh2cne2u5prtl","id":"exxh2cne2u5prtl"},"id":"lgkyrrdg0mlmab9","previousOperationId":"as2q1cathm68whx"}
{"type":"log","timestamp":1754903544357,"level":"debug","message":"Base url not specified, skipping its injection.","meta":{"rootId":"exxh2cne2u5prtl","id":"exxh2cne2u5prtl"},"id":"utme0iu8b3zbtps","previousOperationId":"as2q1cathm68whx"}
{"type":"operationStart","subtype":"engine","name":"handlebars","timestamp":1754903544358,"id":"2n7itdvxx4cfg9o","previousEventId":"0ibdp18fcclesu2","operationId":"386dmawnd0vrsyp","previousOperationId":"as2q1cathm68whx"}
{"type":"log","timestamp":1754903544358,"level":"debug","message":"Rendering engine handlebars","meta":{"rootId":"exxh2cne2u5prtl","id":"exxh2cne2u5prtl"},"id":"0wjrrk7n6xs3q8w","previousOperationId":"386dmawnd0vrsyp"}
{"type":"operationEnd","operationId":"386dmawnd0vrsyp","timestamp":1754903544753,"id":"8e9tyuq0yv0mv9c","previousEventId":"2n7itdvxx4cfg9o","previousOperationId":"386dmawnd0vrsyp"}
{"type":"operationStart","subtype":"recipe","name":"chrome-pdf","timestamp":1754903544754,"id":"i2618xg6rootz0i","previousEventId":"8e9tyuq0yv0mv9c","operationId":"6mtpvom2okfzkwr","previousOperationId":"386dmawnd0vrsyp"}
{"type":"log","timestamp":1754903544754,"level":"debug","message":"Executing recipe chrome-pdf","meta":{"rootId":"exxh2cne2u5prtl","id":"exxh2cne2u5prtl"},"id":"sy91vtvz4zlvyvc","previousOperationId":"6mtpvom2okfzkwr"}
{"type":"log","timestamp":1754903545149,"level":"debug","message":"Converting with chrome Chrome/138.0.7204.157 using chrome-pool strategy","meta":{"rootId":"exxh2cne2u5prtl","id":"exxh2cne2u5prtl"},"id":"a8b30v70sztwtfs","previousOperationId":"6mtpvom2okfzkwr"}
{"type":"log","timestamp":1754903545258,"level":"debug","message":"Page request: GET (document) file:///app/temp/autocleanup/4a46eb5e-18f9-42fb-bc39-863abcf26b7e-chrome-pdf.html","meta":{"rootId":"exxh2cne2u5prtl","id":"exxh2cne2u5prtl"},"id":"45s0afnd00q9f8t","previousOperationId":"6mtpvom2okfzkwr"}
{"type":"log","timestamp":1754903545274,"level":"debug","message":"Page request finished: GET (document) 200 file:///app/temp/autocleanup/4a46eb5e-18f9-42fb-bc39-863abcf26b7e-chrome-pdf.html","meta":{"rootId":"exxh2cne2u5prtl","id":"exxh2cne2u5prtl"},"id":"byk047fjiwvp2uq","previousOperationId":"6mtpvom2okfzkwr"}
{"type":"log","timestamp":1754903545306,"level":"debug","message":"Running chrome with params {\"printBackground\":true,\"timeout\":59447,\"margin\":{}}","meta":{"rootId":"exxh2cne2u5prtl","id":"exxh2cne2u5prtl"},"id":"nwfh1htu1wnetkj","previousOperationId":"6mtpvom2okfzkwr"}
{"type":"operationEnd","operationId":"6mtpvom2okfzkwr","timestamp":1754903545385,"id":"qaakvqrzzlrtojc","previousEventId":"i2618xg6rootz0i","previousOperationId":"6mtpvom2okfzkwr"}
{"type":"log","timestamp":1754903545386,"level":"debug","message":"Skipping storing report.","meta":{"rootId":"exxh2cne2u5prtl","id":"exxh2cne2u5prtl"},"id":"g2vz1ychbxun9ng","previousOperationId":"6mtpvom2okfzkwr"}
{"type":"log","timestamp":1754903545386,"level":"info","message":"Rendering request 1 finished in 1093 ms","meta":{"rootId":"exxh2cne2u5prtl","id":"exxh2cne2u5prtl"},"id":"z29ualp6fsbiwo5","previousOperationId":"6mtpvom2okfzkwr"}
{"type":"operationEnd","subtype":"render","operationId":"as2q1cathm68whx","timestamp":1754903545386,"id":"klf0fl5pr3qk48h","previousEventId":"qaakvqrzzlrtojc","previousOperationId":"6mtpvom2okfzkwr"}
{"type":"operationEnd","doDiffs":false,"previousEventId":"eeqpj6hyue53boz","previousOperationId":"3pcnax1hrj0yhze","operationId":"3pcnax1hrj0yhze","timestamp":1754903545389,"id":"spwc4n8bacd88cz"}
