{"type":"operationStart","subtype":"profile","data":{"_id":"SKcHIzri1BQHMJpG","timestamp":"2025-08-11T10:26:44.636Z","state":"queued","mode":"standard","creationDate":"2025-08-11T10:26:44.638Z","modificationDate":"2025-08-11T10:26:44.638Z","shortid":"RNLQKq4","inheritedReadPermissions":[],"inheritedEditPermissions":[],"$entitySet":"profiles"},"doDiffs":false,"timestamp":1754908004638,"id":"h7777rxk5ou8bnn","previousOperationId":null,"operationId":"alci3m7xf32uyxs"}
{"type":"log","level":"info","message":"Render request 1 queued for execution and waiting for available worker","previousOperationId":"alci3m7xf32uyxs","timestamp":1754908004638,"id":"ilcgnwvq65un0wd"}
{"type":"operationStart","subtype":"render","name":"informeSeleccion005","previousOperationId":"alci3m7xf32uyxs","timestamp":1754908004679,"id":"azway6v5fz41yy2","previousEventId":"h7777rxk5ou8bnn","operationId":"mhbmhv2z29dcr3y"}
{"type":"log","timestamp":1754908004679,"level":"info","message":"Starting rendering request 1 (user: admin)","meta":{"rootId":"m78n6ysuggwtc73","id":"m78n6ysuggwtc73"},"id":"8xf8tdjasnrozgc","previousOperationId":"mhbmhv2z29dcr3y"}
{"type":"log","timestamp":1754908004680,"level":"info","message":"Rendering template { name: informeSeleccion005, recipe: chrome-pdf, engine: handlebars, preview: true }","meta":{"rootId":"m78n6ysuggwtc73","id":"m78n6ysuggwtc73"},"id":"s6bkl8txg0rl9p1","previousOperationId":"mhbmhv2z29dcr3y"}
{"type":"log","timestamp":1754908004682,"level":"debug","message":"Adding sample data lgX13iX","meta":{"rootId":"m78n6ysuggwtc73","id":"m78n6ysuggwtc73"},"id":"e54nvyko0s23bjw","previousOperationId":"mhbmhv2z29dcr3y"}
{"type":"log","timestamp":1754908004693,"level":"debug","message":"Base url not specified, skipping its injection.","meta":{"rootId":"m78n6ysuggwtc73","id":"m78n6ysuggwtc73"},"id":"nmqpya0ll249a6k","previousOperationId":"mhbmhv2z29dcr3y"}
{"type":"operationStart","subtype":"engine","name":"handlebars","timestamp":1754908004695,"id":"9m0onuqarlnwroa","previousEventId":"azway6v5fz41yy2","operationId":"etso7630awbscid","previousOperationId":"mhbmhv2z29dcr3y"}
{"type":"log","timestamp":1754908004695,"level":"debug","message":"Rendering engine handlebars","meta":{"rootId":"m78n6ysuggwtc73","id":"m78n6ysuggwtc73"},"id":"10cvoarv08pbswx","previousOperationId":"etso7630awbscid"}
{"type":"operationEnd","operationId":"etso7630awbscid","timestamp":1754908005072,"id":"5n2hxyd8kr12l7c","previousEventId":"9m0onuqarlnwroa","previousOperationId":"etso7630awbscid"}
{"type":"operationStart","subtype":"recipe","name":"chrome-pdf","timestamp":1754908005073,"id":"9wvib6lgs3fbw6x","previousEventId":"5n2hxyd8kr12l7c","operationId":"hhz7bi5frobaka0","previousOperationId":"etso7630awbscid"}
{"type":"log","timestamp":1754908005073,"level":"debug","message":"Executing recipe chrome-pdf","meta":{"rootId":"m78n6ysuggwtc73","id":"m78n6ysuggwtc73"},"id":"9fng3bph1t7ur2p","previousOperationId":"hhz7bi5frobaka0"}
{"type":"log","timestamp":1754908005458,"level":"debug","message":"Converting with chrome Chrome/138.0.7204.157 using chrome-pool strategy","meta":{"rootId":"m78n6ysuggwtc73","id":"m78n6ysuggwtc73"},"id":"30m5hoxzivlp3a1","previousOperationId":"hhz7bi5frobaka0"}
{"type":"log","timestamp":1754908005537,"level":"debug","message":"Page request: GET (document) file:///app/temp/autocleanup/d14f4eb7-d2e9-478c-9455-f60a37b4a753-chrome-pdf.html","meta":{"rootId":"m78n6ysuggwtc73","id":"m78n6ysuggwtc73"},"id":"5zplre1loahacjo","previousOperationId":"hhz7bi5frobaka0"}
{"type":"log","timestamp":1754908005558,"level":"debug","message":"Page request finished: GET (document) 200 file:///app/temp/autocleanup/d14f4eb7-d2e9-478c-9455-f60a37b4a753-chrome-pdf.html","meta":{"rootId":"m78n6ysuggwtc73","id":"m78n6ysuggwtc73"},"id":"vw7330acek7uaej","previousOperationId":"hhz7bi5frobaka0"}
{"type":"log","timestamp":1754908005576,"level":"debug","message":"Running chrome with params {\"printBackground\":true,\"timeout\":59469,\"margin\":{}}","meta":{"rootId":"m78n6ysuggwtc73","id":"m78n6ysuggwtc73"},"id":"hjqzlf0r8pilxd5","previousOperationId":"hhz7bi5frobaka0"}
{"type":"operationEnd","operationId":"hhz7bi5frobaka0","timestamp":1754908005680,"id":"330o5wlfi3j6qpu","previousEventId":"9wvib6lgs3fbw6x","previousOperationId":"hhz7bi5frobaka0"}
{"type":"log","timestamp":1754908005680,"level":"debug","message":"Skipping storing report.","meta":{"rootId":"m78n6ysuggwtc73","id":"m78n6ysuggwtc73"},"id":"yga1hvxs3lmithr","previousOperationId":"hhz7bi5frobaka0"}
{"type":"log","timestamp":1754908005680,"level":"info","message":"Rendering request 1 finished in 1044 ms","meta":{"rootId":"m78n6ysuggwtc73","id":"m78n6ysuggwtc73"},"id":"i6d5nn4z9mljlcm","previousOperationId":"hhz7bi5frobaka0"}
{"type":"operationEnd","subtype":"render","operationId":"mhbmhv2z29dcr3y","timestamp":1754908005680,"id":"nxr0iaemnn2wedm","previousEventId":"330o5wlfi3j6qpu","previousOperationId":"hhz7bi5frobaka0"}
{"type":"operationEnd","doDiffs":false,"previousEventId":"h7777rxk5ou8bnn","previousOperationId":"alci3m7xf32uyxs","operationId":"alci3m7xf32uyxs","timestamp":1754908005683,"id":"siu8usoineff91a"}
