{"type":"operationStart","subtype":"profile","data":{"_id":"fxl42dkLrsLHNbPr","timestamp":"2025-08-11T11:20:32.567Z","state":"queued","mode":"standard","creationDate":"2025-08-11T11:20:32.569Z","modificationDate":"2025-08-11T11:20:32.569Z","shortid":"vfAwBBo","inheritedReadPermissions":[],"inheritedEditPermissions":[],"$entitySet":"profiles"},"doDiffs":false,"timestamp":1754911232568,"id":"ont111tv6routbl","previousOperationId":null,"operationId":"jyffojbjt06frbb"}
{"type":"log","level":"info","message":"Render request 1 queued for execution and waiting for available worker","previousOperationId":"jyffojbjt06frbb","timestamp":1754911232569,"id":"3sfvtbkn0yjcb2i"}
{"type":"operationStart","subtype":"render","name":"informeSeleccion005","previousOperationId":"jyffojbjt06frbb","timestamp":1754911232622,"id":"d6glewhhxz2nqj6","previousEventId":"ont111tv6routbl","operationId":"drx7govkml1udvc"}
{"type":"log","timestamp":1754911232622,"level":"info","message":"Starting rendering request 1 (user: admin)","meta":{"rootId":"muz718xn0d1fj19","id":"muz718xn0d1fj19"},"id":"w5r01i32hoit8ay","previousOperationId":"drx7govkml1udvc"}
{"type":"log","timestamp":1754911232622,"level":"info","message":"Rendering template { name: informeSeleccion005, recipe: chrome-pdf, engine: handlebars, preview: true }","meta":{"rootId":"muz718xn0d1fj19","id":"muz718xn0d1fj19"},"id":"belmbcv7f0wcj28","previousOperationId":"drx7govkml1udvc"}
{"type":"log","timestamp":1754911232625,"level":"debug","message":"Adding sample data lgX13iX","meta":{"rootId":"muz718xn0d1fj19","id":"muz718xn0d1fj19"},"id":"mu8s24artnup8wa","previousOperationId":"drx7govkml1udvc"}
{"type":"log","timestamp":1754911232628,"level":"debug","message":"Base url not specified, skipping its injection.","meta":{"rootId":"muz718xn0d1fj19","id":"muz718xn0d1fj19"},"id":"naz0fuw2ohdy3e2","previousOperationId":"drx7govkml1udvc"}
{"type":"operationStart","subtype":"engine","name":"handlebars","timestamp":1754911232630,"id":"uzd14oz9zemxte3","previousEventId":"d6glewhhxz2nqj6","operationId":"upwqisoto0c4ez3","previousOperationId":"drx7govkml1udvc"}
{"type":"log","timestamp":1754911232630,"level":"debug","message":"Rendering engine handlebars","meta":{"rootId":"muz718xn0d1fj19","id":"muz718xn0d1fj19"},"id":"uxpv0wnjspvjyab","previousOperationId":"upwqisoto0c4ez3"}
{"type":"operationEnd","operationId":"upwqisoto0c4ez3","timestamp":1754911233030,"id":"pn74y6zffr76hhv","previousEventId":"uzd14oz9zemxte3","previousOperationId":"upwqisoto0c4ez3"}
{"type":"operationStart","subtype":"recipe","name":"chrome-pdf","timestamp":1754911233030,"id":"git3evwifl1ib7e","previousEventId":"pn74y6zffr76hhv","operationId":"4ghy4ckmwyb0xc6","previousOperationId":"upwqisoto0c4ez3"}
{"type":"log","timestamp":1754911233031,"level":"debug","message":"Executing recipe chrome-pdf","meta":{"rootId":"muz718xn0d1fj19","id":"muz718xn0d1fj19"},"id":"ruw4h46zkudybpy","previousOperationId":"4ghy4ckmwyb0xc6"}
{"type":"log","timestamp":1754911233441,"level":"debug","message":"Converting with chrome Chrome/138.0.7204.157 using chrome-pool strategy","meta":{"rootId":"muz718xn0d1fj19","id":"muz718xn0d1fj19"},"id":"q233v0dl6q3btrh","previousOperationId":"4ghy4ckmwyb0xc6"}
{"type":"log","timestamp":1754911233537,"level":"debug","message":"Page request: GET (document) file:///app/temp/autocleanup/767e700c-7277-4300-80df-f4240f42f445-chrome-pdf.html","meta":{"rootId":"muz718xn0d1fj19","id":"muz718xn0d1fj19"},"id":"apkqj8rsac1c212","previousOperationId":"4ghy4ckmwyb0xc6"}
{"type":"log","timestamp":1754911233559,"level":"debug","message":"Page request finished: GET (document) 200 file:///app/temp/autocleanup/767e700c-7277-4300-80df-f4240f42f445-chrome-pdf.html","meta":{"rootId":"muz718xn0d1fj19","id":"muz718xn0d1fj19"},"id":"444jclyvknkigkd","previousOperationId":"4ghy4ckmwyb0xc6"}
{"type":"log","timestamp":1754911233595,"level":"debug","message":"Running chrome with params {\"printBackground\":true,\"timeout\":59439,\"margin\":{}}","meta":{"rootId":"muz718xn0d1fj19","id":"muz718xn0d1fj19"},"id":"kdu105ybk9dfw0j","previousOperationId":"4ghy4ckmwyb0xc6"}
{"type":"operationEnd","operationId":"4ghy4ckmwyb0xc6","timestamp":1754911233702,"id":"unapyn6zcmd5oah","previousEventId":"git3evwifl1ib7e","previousOperationId":"4ghy4ckmwyb0xc6"}
{"type":"log","timestamp":1754911233703,"level":"debug","message":"Skipping storing report.","meta":{"rootId":"muz718xn0d1fj19","id":"muz718xn0d1fj19"},"id":"mdvpnil9tb0lc11","previousOperationId":"4ghy4ckmwyb0xc6"}
{"type":"log","timestamp":1754911233703,"level":"info","message":"Rendering request 1 finished in 1136 ms","meta":{"rootId":"muz718xn0d1fj19","id":"muz718xn0d1fj19"},"id":"okuibkuf63f6hzd","previousOperationId":"4ghy4ckmwyb0xc6"}
{"type":"operationEnd","subtype":"render","operationId":"drx7govkml1udvc","timestamp":1754911233703,"id":"zh1zsol5ph2q0iu","previousEventId":"unapyn6zcmd5oah","previousOperationId":"4ghy4ckmwyb0xc6"}
{"type":"operationEnd","doDiffs":false,"previousEventId":"ont111tv6routbl","previousOperationId":"jyffojbjt06frbb","operationId":"jyffojbjt06frbb","timestamp":1754911233710,"id":"f84y9eovn6gqv7m"}
