{"type":"operationStart","subtype":"profile","data":{"_id":"OjbpNQeGQ5c5lDT3","timestamp":"2025-08-11T11:17:00.529Z","state":"queued","mode":"standard","creationDate":"2025-08-11T11:17:00.531Z","modificationDate":"2025-08-11T11:17:00.531Z","shortid":"7ECpVGe","inheritedReadPermissions":[],"inheritedEditPermissions":[],"$entitySet":"profiles"},"doDiffs":false,"timestamp":1754911020530,"id":"4c31xcs1vmgx692","previousOperationId":null,"operationId":"20ur8hw9e8ixyk7"}
{"type":"log","level":"info","message":"Render request 1 queued for execution and waiting for available worker","previousOperationId":"20ur8hw9e8ixyk7","timestamp":1754911020530,"id":"fnzddr5p8tye4v4"}
{"type":"operationStart","subtype":"render","name":"informeSeleccion005","previousOperationId":"20ur8hw9e8ixyk7","timestamp":1754911020572,"id":"zs4s0698180igqv","previousEventId":"4c31xcs1vmgx692","operationId":"9rlyxlcg5l9xf3k"}
{"type":"log","timestamp":1754911020573,"level":"info","message":"Starting rendering request 1 (user: admin)","meta":{"rootId":"r3j3ecutiqx9ute","id":"r3j3ecutiqx9ute"},"id":"sj8p6y5o3vomonu","previousOperationId":"9rlyxlcg5l9xf3k"}
{"type":"log","timestamp":1754911020573,"level":"info","message":"Rendering template { name: informeSeleccion005, recipe: chrome-pdf, engine: handlebars, preview: true }","meta":{"rootId":"r3j3ecutiqx9ute","id":"r3j3ecutiqx9ute"},"id":"q4vlcd70ubwdkmh","previousOperationId":"9rlyxlcg5l9xf3k"}
{"type":"log","timestamp":1754911020575,"level":"debug","message":"Adding sample data lgX13iX","meta":{"rootId":"r3j3ecutiqx9ute","id":"r3j3ecutiqx9ute"},"id":"ispu69z5x9waw0p","previousOperationId":"9rlyxlcg5l9xf3k"}
{"type":"log","timestamp":1754911020584,"level":"debug","message":"Base url not specified, skipping its injection.","meta":{"rootId":"r3j3ecutiqx9ute","id":"r3j3ecutiqx9ute"},"id":"razlrmq1we49rt0","previousOperationId":"9rlyxlcg5l9xf3k"}
{"type":"operationStart","subtype":"engine","name":"handlebars","timestamp":1754911020586,"id":"kbde5fj9aqzpr8o","previousEventId":"zs4s0698180igqv","operationId":"ac07c2no3nebgxs","previousOperationId":"9rlyxlcg5l9xf3k"}
{"type":"log","timestamp":1754911020586,"level":"debug","message":"Rendering engine handlebars","meta":{"rootId":"r3j3ecutiqx9ute","id":"r3j3ecutiqx9ute"},"id":"59v8huwtu9vkcbn","previousOperationId":"ac07c2no3nebgxs"}
{"type":"operationEnd","operationId":"ac07c2no3nebgxs","timestamp":1754911021088,"id":"zkfv5cklecc2nu8","previousEventId":"kbde5fj9aqzpr8o","previousOperationId":"ac07c2no3nebgxs"}
{"type":"operationStart","subtype":"recipe","name":"chrome-pdf","timestamp":1754911021089,"id":"00mvs9szvfs4ahx","previousEventId":"zkfv5cklecc2nu8","operationId":"aunm0m8t1j5fp6o","previousOperationId":"ac07c2no3nebgxs"}
{"type":"log","timestamp":1754911021089,"level":"debug","message":"Executing recipe chrome-pdf","meta":{"rootId":"r3j3ecutiqx9ute","id":"r3j3ecutiqx9ute"},"id":"k9o74tyx72l3kpj","previousOperationId":"aunm0m8t1j5fp6o"}
{"type":"log","timestamp":1754911021575,"level":"debug","message":"Converting with chrome Chrome/138.0.7204.157 using chrome-pool strategy","meta":{"rootId":"r3j3ecutiqx9ute","id":"r3j3ecutiqx9ute"},"id":"3145ktmuybm6kx9","previousOperationId":"aunm0m8t1j5fp6o"}
{"type":"log","timestamp":1754911021678,"level":"debug","message":"Page request: GET (document) file:///app/temp/autocleanup/5e98be52-4c4e-4b3a-af7f-d5ce2b2b34f0-chrome-pdf.html","meta":{"rootId":"r3j3ecutiqx9ute","id":"r3j3ecutiqx9ute"},"id":"hkr4sk16jwwmvha","previousOperationId":"aunm0m8t1j5fp6o"}
{"type":"log","timestamp":1754911021702,"level":"debug","message":"Page request finished: GET (document) 200 file:///app/temp/autocleanup/5e98be52-4c4e-4b3a-af7f-d5ce2b2b34f0-chrome-pdf.html","meta":{"rootId":"r3j3ecutiqx9ute","id":"r3j3ecutiqx9ute"},"id":"7ml4j28qzt3dvgu","previousOperationId":"aunm0m8t1j5fp6o"}
{"type":"log","timestamp":1754911021736,"level":"debug","message":"Running chrome with params {\"printBackground\":true,\"timeout\":59340,\"margin\":{}}","meta":{"rootId":"r3j3ecutiqx9ute","id":"r3j3ecutiqx9ute"},"id":"ahagc4q6tayji0i","previousOperationId":"aunm0m8t1j5fp6o"}
{"type":"operationEnd","operationId":"aunm0m8t1j5fp6o","timestamp":1754911021864,"id":"yp544fqpknosh70","previousEventId":"00mvs9szvfs4ahx","previousOperationId":"aunm0m8t1j5fp6o"}
{"type":"log","timestamp":1754911021865,"level":"debug","message":"Skipping storing report.","meta":{"rootId":"r3j3ecutiqx9ute","id":"r3j3ecutiqx9ute"},"id":"lzncnx0y4js28v5","previousOperationId":"aunm0m8t1j5fp6o"}
{"type":"log","timestamp":1754911021865,"level":"info","message":"Rendering request 1 finished in 1337 ms","meta":{"rootId":"r3j3ecutiqx9ute","id":"r3j3ecutiqx9ute"},"id":"2voajs34d0v53zb","previousOperationId":"aunm0m8t1j5fp6o"}
{"type":"operationEnd","subtype":"render","operationId":"9rlyxlcg5l9xf3k","timestamp":1754911021865,"id":"vuqxmjsk5irwolu","previousEventId":"yp544fqpknosh70","previousOperationId":"aunm0m8t1j5fp6o"}
{"type":"operationEnd","doDiffs":false,"previousEventId":"4c31xcs1vmgx692","previousOperationId":"20ur8hw9e8ixyk7","operationId":"20ur8hw9e8ixyk7","timestamp":1754911021869,"id":"57n4hr7865bu9ki"}
