{"type":"operationStart","subtype":"profile","data":{"_id":"YvMAMbDiW3u4C62e","timestamp":"2025-08-11T09:00:48.512Z","state":"queued","mode":"standard","creationDate":"2025-08-11T09:00:48.513Z","modificationDate":"2025-08-11T09:00:48.513Z","shortid":"58vbXW5","inheritedReadPermissions":[],"inheritedEditPermissions":[],"$entitySet":"profiles"},"doDiffs":false,"timestamp":1754902848513,"id":"iwhssc9fr9llb1d","previousOperationId":null,"operationId":"03jre9s4eo4q39x"}
{"type":"log","level":"info","message":"Render request 4 queued for execution and waiting for available worker","previousOperationId":"03jre9s4eo4q39x","timestamp":1754902848513,"id":"a9ygxkcavd5njml"}
{"type":"operationStart","subtype":"render","name":"informeSeleccion005","previousOperationId":"03jre9s4eo4q39x","timestamp":1754902848538,"id":"r62k9isghcr1i4n","previousEventId":"iwhssc9fr9llb1d","operationId":"9zz8nworhvku67c"}
{"type":"log","timestamp":1754902848538,"level":"info","message":"Starting rendering request 4 (user: admin)","meta":{"rootId":"sdgydcxftlu3kok","id":"sdgydcxftlu3kok"},"id":"s7xskt5d2f2x524","previousOperationId":"9zz8nworhvku67c"}
{"type":"log","timestamp":1754902848538,"level":"info","message":"Rendering template { name: informeSeleccion005, recipe: chrome-pdf, engine: handlebars, preview: true }","meta":{"rootId":"sdgydcxftlu3kok","id":"sdgydcxftlu3kok"},"id":"p1o013ex8e1cria","previousOperationId":"9zz8nworhvku67c"}
{"type":"log","timestamp":1754902848539,"level":"debug","message":"Adding sample data lgX13iX","meta":{"rootId":"sdgydcxftlu3kok","id":"sdgydcxftlu3kok"},"id":"lkmp9ynf7xer7la","previousOperationId":"9zz8nworhvku67c"}
{"type":"log","timestamp":1754902848542,"level":"debug","message":"Base url not specified, skipping its injection.","meta":{"rootId":"sdgydcxftlu3kok","id":"sdgydcxftlu3kok"},"id":"luqm5x2n45l53r5","previousOperationId":"9zz8nworhvku67c"}
{"type":"operationStart","subtype":"engine","name":"handlebars","timestamp":1754902848543,"id":"w1zj9ujujjpxin3","previousEventId":"r62k9isghcr1i4n","operationId":"15ao92rk6c5yrtt","previousOperationId":"9zz8nworhvku67c"}
{"type":"log","timestamp":1754902848543,"level":"debug","message":"Rendering engine handlebars","meta":{"rootId":"sdgydcxftlu3kok","id":"sdgydcxftlu3kok"},"id":"qg0im6if7htlnpv","previousOperationId":"15ao92rk6c5yrtt"}
{"type":"operationEnd","operationId":"15ao92rk6c5yrtt","timestamp":1754902848599,"id":"94k4vb448liobd9","previousEventId":"w1zj9ujujjpxin3","previousOperationId":"15ao92rk6c5yrtt"}
{"type":"operationStart","subtype":"recipe","name":"chrome-pdf","timestamp":1754902848603,"id":"433jjhcoslhct01","previousEventId":"94k4vb448liobd9","operationId":"2sxhixoahoeaikg","previousOperationId":"15ao92rk6c5yrtt"}
{"type":"log","timestamp":1754902848603,"level":"debug","message":"Executing recipe chrome-pdf","meta":{"rootId":"sdgydcxftlu3kok","id":"sdgydcxftlu3kok"},"id":"1dt3ft8h255ukaj","previousOperationId":"2sxhixoahoeaikg"}
{"type":"log","timestamp":1754902848606,"level":"debug","message":"Converting with chrome Chrome/138.0.7204.157 using chrome-pool strategy","meta":{"rootId":"sdgydcxftlu3kok","id":"sdgydcxftlu3kok"},"id":"zm05y1z5v9u8gfn","previousOperationId":"2sxhixoahoeaikg"}
{"type":"log","timestamp":1754902848657,"level":"debug","message":"Page request: GET (document) file:///app/temp/autocleanup/26eee6f3-b9e9-4eb4-9a82-0dbb0d2f5380-chrome-pdf.html","meta":{"rootId":"sdgydcxftlu3kok","id":"sdgydcxftlu3kok"},"id":"odglmnxgv36l0dd","previousOperationId":"2sxhixoahoeaikg"}
{"type":"log","timestamp":1754902848671,"level":"debug","message":"Page request finished: GET (document) 200 file:///app/temp/autocleanup/26eee6f3-b9e9-4eb4-9a82-0dbb0d2f5380-chrome-pdf.html","meta":{"rootId":"sdgydcxftlu3kok","id":"sdgydcxftlu3kok"},"id":"zkzu0515vh8j9g6","previousOperationId":"2sxhixoahoeaikg"}
{"type":"log","timestamp":1754902848712,"level":"debug","message":"Running chrome with params {\"printBackground\":true,\"timeout\":59905,\"margin\":{}}","meta":{"rootId":"sdgydcxftlu3kok","id":"sdgydcxftlu3kok"},"id":"kntbra96i2p5rqk","previousOperationId":"2sxhixoahoeaikg"}
{"type":"operationEnd","operationId":"2sxhixoahoeaikg","timestamp":1754902848782,"id":"k1h3hgohmdun9xt","previousEventId":"433jjhcoslhct01","previousOperationId":"2sxhixoahoeaikg"}
{"type":"log","timestamp":1754902848782,"level":"debug","message":"Skipping storing report.","meta":{"rootId":"sdgydcxftlu3kok","id":"sdgydcxftlu3kok"},"id":"d3md1cdx89p3n78","previousOperationId":"2sxhixoahoeaikg"}
{"type":"log","timestamp":1754902848782,"level":"info","message":"Rendering request 4 finished in 271 ms","meta":{"rootId":"sdgydcxftlu3kok","id":"sdgydcxftlu3kok"},"id":"qgqzny273qwkmgc","previousOperationId":"2sxhixoahoeaikg"}
{"type":"operationEnd","subtype":"render","operationId":"9zz8nworhvku67c","timestamp":1754902848782,"id":"myqh5bygip6ssh2","previousEventId":"k1h3hgohmdun9xt","previousOperationId":"2sxhixoahoeaikg"}
{"type":"operationEnd","doDiffs":false,"previousEventId":"iwhssc9fr9llb1d","previousOperationId":"03jre9s4eo4q39x","operationId":"03jre9s4eo4q39x","timestamp":1754902848784,"id":"5kq55ry1if9t7vu"}
