{"type":"operationStart","subtype":"profile","data":{"_id":"lgdxWPrPevQW6IZD","timestamp":"2025-08-11T09:25:55.632Z","state":"queued","mode":"standard","creationDate":"2025-08-11T09:25:55.634Z","modificationDate":"2025-08-11T09:25:55.634Z","shortid":"qJTsFOj","inheritedReadPermissions":[],"inheritedEditPermissions":[],"$entitySet":"profiles"},"doDiffs":false,"timestamp":1754904355633,"id":"5np3umuht6707jc","previousOperationId":null,"operationId":"nsr2wcof2rfo3ip"}
{"type":"log","level":"info","message":"Render request 2 queued for execution and waiting for available worker","previousOperationId":"nsr2wcof2rfo3ip","timestamp":1754904355634,"id":"22n1ygy7r3j33su"}
{"type":"operationStart","subtype":"render","name":"informeSeleccion005","previousOperationId":"nsr2wcof2rfo3ip","timestamp":1754904355657,"id":"7rxp2efkywn0h5m","previousEventId":"5np3umuht6707jc","operationId":"s6slupua6f40azl"}
{"type":"log","timestamp":1754904355658,"level":"info","message":"Starting rendering request 2 (user: admin)","meta":{"rootId":"vnrus1ea5qb56fc","id":"vnrus1ea5qb56fc"},"id":"dgqmwfi54qpxzub","previousOperationId":"s6slupua6f40azl"}
{"type":"log","timestamp":1754904355658,"level":"info","message":"Rendering template { name: informeSeleccion005, recipe: chrome-pdf, engine: handlebars, preview: true }","meta":{"rootId":"vnrus1ea5qb56fc","id":"vnrus1ea5qb56fc"},"id":"5xlp8xbwp9hkn81","previousOperationId":"s6slupua6f40azl"}
{"type":"log","timestamp":1754904355661,"level":"debug","message":"Adding sample data lgX13iX","meta":{"rootId":"vnrus1ea5qb56fc","id":"vnrus1ea5qb56fc"},"id":"tdi4xaye2hlavqq","previousOperationId":"s6slupua6f40azl"}
{"type":"log","timestamp":1754904355666,"level":"debug","message":"Base url not specified, skipping its injection.","meta":{"rootId":"vnrus1ea5qb56fc","id":"vnrus1ea5qb56fc"},"id":"a8vuly1kpdj20bq","previousOperationId":"s6slupua6f40azl"}
{"type":"operationStart","subtype":"engine","name":"handlebars","timestamp":1754904355666,"id":"drtyjcidhx8tb4d","previousEventId":"7rxp2efkywn0h5m","operationId":"meyqb3b8r4a3lp1","previousOperationId":"s6slupua6f40azl"}
{"type":"log","timestamp":1754904355666,"level":"debug","message":"Rendering engine handlebars","meta":{"rootId":"vnrus1ea5qb56fc","id":"vnrus1ea5qb56fc"},"id":"bzat51r7ugu5mwn","previousOperationId":"meyqb3b8r4a3lp1"}
{"type":"operationEnd","operationId":"meyqb3b8r4a3lp1","timestamp":1754904356048,"id":"nk2j4g6kbev3u7h","previousEventId":"drtyjcidhx8tb4d","previousOperationId":"meyqb3b8r4a3lp1"}
{"type":"operationStart","subtype":"recipe","name":"chrome-pdf","timestamp":1754904356049,"id":"ge33hq3wnp1uc17","previousEventId":"nk2j4g6kbev3u7h","operationId":"hjpn0iasm6df8lz","previousOperationId":"meyqb3b8r4a3lp1"}
{"type":"log","timestamp":1754904356049,"level":"debug","message":"Executing recipe chrome-pdf","meta":{"rootId":"vnrus1ea5qb56fc","id":"vnrus1ea5qb56fc"},"id":"0azpjc5q8cuk8oa","previousOperationId":"hjpn0iasm6df8lz"}
{"type":"log","timestamp":1754904356498,"level":"debug","message":"Converting with chrome Chrome/138.0.7204.157 using chrome-pool strategy","meta":{"rootId":"vnrus1ea5qb56fc","id":"vnrus1ea5qb56fc"},"id":"43k1bfgyhts3ag0","previousOperationId":"hjpn0iasm6df8lz"}
{"type":"log","timestamp":1754904356588,"level":"debug","message":"Page request: GET (document) file:///app/temp/autocleanup/f3e09c91-e61c-4ee7-a7c5-b1495d892f42-chrome-pdf.html","meta":{"rootId":"vnrus1ea5qb56fc","id":"vnrus1ea5qb56fc"},"id":"ye9fcew0iznkg8l","previousOperationId":"hjpn0iasm6df8lz"}
{"type":"log","timestamp":1754904356607,"level":"debug","message":"Page request finished: GET (document) 200 file:///app/temp/autocleanup/f3e09c91-e61c-4ee7-a7c5-b1495d892f42-chrome-pdf.html","meta":{"rootId":"vnrus1ea5qb56fc","id":"vnrus1ea5qb56fc"},"id":"6q2m1s7u2aaak0w","previousOperationId":"hjpn0iasm6df8lz"}
{"type":"log","timestamp":1754904356640,"level":"debug","message":"Running chrome with params {\"printBackground\":true,\"timeout\":59459,\"margin\":{}}","meta":{"rootId":"vnrus1ea5qb56fc","id":"vnrus1ea5qb56fc"},"id":"otpfn34l3elrxck","previousOperationId":"hjpn0iasm6df8lz"}
{"type":"operationEnd","operationId":"hjpn0iasm6df8lz","timestamp":1754904356737,"id":"lwgtjzk7qvnxy2t","previousEventId":"ge33hq3wnp1uc17","previousOperationId":"hjpn0iasm6df8lz"}
{"type":"log","timestamp":1754904356738,"level":"debug","message":"Skipping storing report.","meta":{"rootId":"vnrus1ea5qb56fc","id":"vnrus1ea5qb56fc"},"id":"q2b07yc7bpq79jt","previousOperationId":"hjpn0iasm6df8lz"}
{"type":"log","timestamp":1754904356738,"level":"info","message":"Rendering request 2 finished in 1106 ms","meta":{"rootId":"vnrus1ea5qb56fc","id":"vnrus1ea5qb56fc"},"id":"pnq85j4c5vkb2fa","previousOperationId":"hjpn0iasm6df8lz"}
{"type":"operationEnd","subtype":"render","operationId":"s6slupua6f40azl","timestamp":1754904356738,"id":"qujehcxjenzhe9x","previousEventId":"lwgtjzk7qvnxy2t","previousOperationId":"hjpn0iasm6df8lz"}
{"type":"operationEnd","doDiffs":false,"previousEventId":"5np3umuht6707jc","previousOperationId":"nsr2wcof2rfo3ip","operationId":"nsr2wcof2rfo3ip","timestamp":1754904356744,"id":"bd3jak7eiltenmo"}
