{"type":"operationStart","subtype":"profile","data":{"_id":"fVB6wQvuulnOd4G9","timestamp":"2025-08-11T10:27:35.986Z","state":"queued","mode":"standard","creationDate":"2025-08-11T10:27:35.987Z","modificationDate":"2025-08-11T10:27:35.987Z","shortid":"bmXtDVq","inheritedReadPermissions":[],"inheritedEditPermissions":[],"$entitySet":"profiles"},"doDiffs":false,"timestamp":1754908055987,"id":"qu4krsdm5731jt5","previousOperationId":null,"operationId":"r9lv2lyl0ygb99c"}
{"type":"log","level":"info","message":"Render request 2 queued for execution and waiting for available worker","previousOperationId":"r9lv2lyl0ygb99c","timestamp":1754908055987,"id":"vhgm2b7n6ldnnhg"}
{"type":"operationStart","subtype":"render","name":"informeSeleccion005","previousOperationId":"r9lv2lyl0ygb99c","timestamp":1754908056016,"id":"m0f9uoiu3ih5qle","previousEventId":"qu4krsdm5731jt5","operationId":"bv065lk1tefomuz"}
{"type":"log","timestamp":1754908056016,"level":"info","message":"Starting rendering request 2 (user: admin)","meta":{"rootId":"xknuq5s0l8u7kno","id":"xknuq5s0l8u7kno"},"id":"j8u2phx0pdakhsp","previousOperationId":"bv065lk1tefomuz"}
{"type":"log","timestamp":1754908056016,"level":"info","message":"Rendering template { name: informeSeleccion005, recipe: chrome-pdf, engine: handlebars, preview: true }","meta":{"rootId":"xknuq5s0l8u7kno","id":"xknuq5s0l8u7kno"},"id":"632py21el2gjkqu","previousOperationId":"bv065lk1tefomuz"}
{"type":"log","timestamp":1754908056019,"level":"debug","message":"Adding sample data lgX13iX","meta":{"rootId":"xknuq5s0l8u7kno","id":"xknuq5s0l8u7kno"},"id":"sulvrva0fqlnd0z","previousOperationId":"bv065lk1tefomuz"}
{"type":"log","timestamp":1754908056022,"level":"debug","message":"Base url not specified, skipping its injection.","meta":{"rootId":"xknuq5s0l8u7kno","id":"xknuq5s0l8u7kno"},"id":"hapghoevzfuz12c","previousOperationId":"bv065lk1tefomuz"}
{"type":"operationStart","subtype":"engine","name":"handlebars","timestamp":1754908056022,"id":"m8rhl7nesdxqv6q","previousEventId":"m0f9uoiu3ih5qle","operationId":"rq09er2qo929txl","previousOperationId":"bv065lk1tefomuz"}
{"type":"log","timestamp":1754908056022,"level":"debug","message":"Rendering engine handlebars","meta":{"rootId":"xknuq5s0l8u7kno","id":"xknuq5s0l8u7kno"},"id":"51hh7zoyogwb5xl","previousOperationId":"rq09er2qo929txl"}
{"type":"operationEnd","operationId":"rq09er2qo929txl","timestamp":1754908056453,"id":"wpqwua75tiszdqo","previousEventId":"m8rhl7nesdxqv6q","previousOperationId":"rq09er2qo929txl"}
{"type":"operationStart","subtype":"recipe","name":"chrome-pdf","timestamp":1754908056454,"id":"o7em4o66edrnqt0","previousEventId":"wpqwua75tiszdqo","operationId":"3g1z8mx55zj8ros","previousOperationId":"rq09er2qo929txl"}
{"type":"log","timestamp":1754908056454,"level":"debug","message":"Executing recipe chrome-pdf","meta":{"rootId":"xknuq5s0l8u7kno","id":"xknuq5s0l8u7kno"},"id":"gnp42vf81iifua0","previousOperationId":"3g1z8mx55zj8ros"}
{"type":"log","timestamp":1754908056820,"level":"debug","message":"Converting with chrome Chrome/138.0.7204.157 using chrome-pool strategy","meta":{"rootId":"xknuq5s0l8u7kno","id":"xknuq5s0l8u7kno"},"id":"c49sfu7nms8vhzu","previousOperationId":"3g1z8mx55zj8ros"}
{"type":"log","timestamp":1754908056934,"level":"debug","message":"Page request: GET (document) file:///app/temp/autocleanup/f0ac756f-3f80-47ba-a7ba-be3444ae5cce-chrome-pdf.html","meta":{"rootId":"xknuq5s0l8u7kno","id":"xknuq5s0l8u7kno"},"id":"jpw1ig59bfs101r","previousOperationId":"3g1z8mx55zj8ros"}
{"type":"log","timestamp":1754908056951,"level":"debug","message":"Page request finished: GET (document) 200 file:///app/temp/autocleanup/f0ac756f-3f80-47ba-a7ba-be3444ae5cce-chrome-pdf.html","meta":{"rootId":"xknuq5s0l8u7kno","id":"xknuq5s0l8u7kno"},"id":"zw4n8z403k7lt7w","previousOperationId":"3g1z8mx55zj8ros"}
{"type":"log","timestamp":1754908056997,"level":"debug","message":"Running chrome with params {\"printBackground\":true,\"timeout\":59441,\"margin\":{}}","meta":{"rootId":"xknuq5s0l8u7kno","id":"xknuq5s0l8u7kno"},"id":"8knlo77s5gbnh64","previousOperationId":"3g1z8mx55zj8ros"}
{"type":"operationEnd","operationId":"3g1z8mx55zj8ros","timestamp":1754908057094,"id":"9orx16cpff0qadv","previousEventId":"o7em4o66edrnqt0","previousOperationId":"3g1z8mx55zj8ros"}
{"type":"log","timestamp":1754908057095,"level":"debug","message":"Skipping storing report.","meta":{"rootId":"xknuq5s0l8u7kno","id":"xknuq5s0l8u7kno"},"id":"99hjny69207ew7r","previousOperationId":"3g1z8mx55zj8ros"}
{"type":"log","timestamp":1754908057095,"level":"info","message":"Rendering request 2 finished in 1109 ms","meta":{"rootId":"xknuq5s0l8u7kno","id":"xknuq5s0l8u7kno"},"id":"t0tadzbzvunxnlq","previousOperationId":"3g1z8mx55zj8ros"}
{"type":"operationEnd","subtype":"render","operationId":"bv065lk1tefomuz","timestamp":1754908057095,"id":"7mw3erm6ndr5dzz","previousEventId":"9orx16cpff0qadv","previousOperationId":"3g1z8mx55zj8ros"}
{"type":"operationEnd","doDiffs":false,"previousEventId":"qu4krsdm5731jt5","previousOperationId":"r9lv2lyl0ygb99c","operationId":"r9lv2lyl0ygb99c","timestamp":1754908057098,"id":"c3y0uncds7izgzz"}
