{"type":"operationStart","subtype":"profile","data":{"_id":"BF1iynLX9SDvaMe9","timestamp":"2025-08-08T13:22:52.656Z","state":"queued","mode":"standard","creationDate":"2025-08-08T13:22:52.658Z","modificationDate":"2025-08-08T13:22:52.658Z","shortid":"7mbPOLT","inheritedReadPermissions":[],"inheritedEditPermissions":[],"$entitySet":"profiles"},"doDiffs":false,"timestamp":1754659372657,"id":"f65fv3za1aoqswr","previousOperationId":null,"operationId":"lv20iilkgy94hur"}
{"type":"log","level":"info","message":"Render request 9 queued for execution and waiting for available worker","previousOperationId":"lv20iilkgy94hur","timestamp":1754659372657,"id":"1i9rrwq13ep4esa"}
{"type":"operationStart","subtype":"render","name":"informeSeleccion005","previousOperationId":"lv20iilkgy94hur","timestamp":1754659372680,"id":"ip3o6e3bzvbq3dc","previousEventId":"f65fv3za1aoqswr","operationId":"j3hxifl7zb7cwtj"}
{"type":"log","timestamp":1754659372680,"level":"info","message":"Starting rendering request 9 (user: admin)","meta":{"rootId":"y6v1oq8v98fmx41","id":"y6v1oq8v98fmx41"},"id":"x4ht54tgnyvendx","previousOperationId":"j3hxifl7zb7cwtj"}
{"type":"log","timestamp":1754659372680,"level":"info","message":"Rendering template { name: informeSeleccion005, recipe: chrome-pdf, engine: handlebars, preview: true }","meta":{"rootId":"y6v1oq8v98fmx41","id":"y6v1oq8v98fmx41"},"id":"7dp3ih1ez2ipwvs","previousOperationId":"j3hxifl7zb7cwtj"}
{"type":"log","timestamp":1754659372685,"level":"debug","message":"Inline data specified.","meta":{"rootId":"y6v1oq8v98fmx41","id":"y6v1oq8v98fmx41"},"id":"ub502whplc3stc7","previousOperationId":"j3hxifl7zb7cwtj"}
{"type":"log","timestamp":1754659372690,"level":"debug","message":"Base url not specified, skipping its injection.","meta":{"rootId":"y6v1oq8v98fmx41","id":"y6v1oq8v98fmx41"},"id":"tb7um0mgpnzor1u","previousOperationId":"j3hxifl7zb7cwtj"}
{"type":"operationStart","subtype":"engine","name":"handlebars","timestamp":1754659372690,"id":"okqtlq7c746ds07","previousEventId":"ip3o6e3bzvbq3dc","operationId":"zjhmmfkzcnsmte9","previousOperationId":"j3hxifl7zb7cwtj"}
{"type":"log","timestamp":1754659372690,"level":"debug","message":"Rendering engine handlebars","meta":{"rootId":"y6v1oq8v98fmx41","id":"y6v1oq8v98fmx41"},"id":"ex7l7dewsznzbfs","previousOperationId":"zjhmmfkzcnsmte9"}
{"type":"log","timestamp":1754659372705,"level":"debug","message":"(console:log) GRUPOMPLEO Handlebars helpers registered successfully","meta":{"userLevel":true,"rootId":"y6v1oq8v98fmx41","id":"y6v1oq8v98fmx41"},"id":"30uz2b1r5t0upec","previousOperationId":"zjhmmfkzcnsmte9"}
{"type":"operationEnd","operationId":"zjhmmfkzcnsmte9","timestamp":1754659372742,"id":"vxw62lr5volybo7","previousEventId":"okqtlq7c746ds07","previousOperationId":"zjhmmfkzcnsmte9"}
{"type":"operationStart","subtype":"recipe","name":"chrome-pdf","timestamp":1754659372743,"id":"ky78u4qw7ltes54","previousEventId":"vxw62lr5volybo7","operationId":"oj58cbcwbj64d65","previousOperationId":"zjhmmfkzcnsmte9"}
{"type":"log","timestamp":1754659372743,"level":"debug","message":"Executing recipe chrome-pdf","meta":{"rootId":"y6v1oq8v98fmx41","id":"y6v1oq8v98fmx41"},"id":"vk230ehqw0swx7y","previousOperationId":"oj58cbcwbj64d65"}
{"type":"log","timestamp":1754659372745,"level":"debug","message":"Converting with chrome Chrome/138.0.7204.157 using chrome-pool strategy","meta":{"rootId":"y6v1oq8v98fmx41","id":"y6v1oq8v98fmx41"},"id":"o6kexbtphi9kly5","previousOperationId":"oj58cbcwbj64d65"}
{"type":"log","timestamp":1754659372787,"level":"debug","message":"Page request: GET (document) file:///app/temp/autocleanup/c5d2e4aa-5564-442e-ab10-4182074ec2f0-chrome-pdf.html","meta":{"rootId":"y6v1oq8v98fmx41","id":"y6v1oq8v98fmx41"},"id":"cp400on7hnewy8d","previousOperationId":"oj58cbcwbj64d65"}
{"type":"log","timestamp":1754659372806,"level":"debug","message":"Page request finished: GET (document) 200 file:///app/temp/autocleanup/c5d2e4aa-5564-442e-ab10-4182074ec2f0-chrome-pdf.html","meta":{"rootId":"y6v1oq8v98fmx41","id":"y6v1oq8v98fmx41"},"id":"8fzcb3lrip42itk","previousOperationId":"oj58cbcwbj64d65"}
{"type":"log","timestamp":1754659372806,"level":"debug","message":"Page request: GET (stylesheet) https://fonts.googleapis.com/css2?family=Inter:wght@300;400;500;600;700&display=swap","meta":{"rootId":"y6v1oq8v98fmx41","id":"y6v1oq8v98fmx41"},"id":"cz7dsoj87otf77c","previousOperationId":"oj58cbcwbj64d65"}
{"type":"log","timestamp":1754659373133,"level":"debug","message":"Page request finished: GET (stylesheet) 200 https://fonts.googleapis.com/css2?family=Inter:wght@300;400;500;600;700&display=swap","meta":{"rootId":"y6v1oq8v98fmx41","id":"y6v1oq8v98fmx41"},"id":"u4tx2av6ja9pm6i","previousOperationId":"oj58cbcwbj64d65"}
{"type":"log","timestamp":1754659373178,"level":"debug","message":"Page request: GET (font) https://fonts.gstatic.com/s/inter/v19/UcC73FwrK3iLTeHuS_nVMrMxCp50SjIa1ZL7.woff2","meta":{"rootId":"y6v1oq8v98fmx41","id":"y6v1oq8v98fmx41"},"id":"3a2hyfzfqwf8o6m","previousOperationId":"oj58cbcwbj64d65"}
{"type":"log","timestamp":1754659373183,"level":"debug","message":"Running chrome with params {\"printBackground\":true,\"timeout\":59912,\"margin\":{}}","meta":{"rootId":"y6v1oq8v98fmx41","id":"y6v1oq8v98fmx41"},"id":"8xt559j63a0t0rz","previousOperationId":"oj58cbcwbj64d65"}
{"type":"log","timestamp":1754659373208,"level":"debug","message":"Page request finished: GET (font) 200 https://fonts.gstatic.com/s/inter/v19/UcC73FwrK3iLTeHuS_nVMrMxCp50SjIa1ZL7.woff2","meta":{"rootId":"y6v1oq8v98fmx41","id":"y6v1oq8v98fmx41"},"id":"jacxis7d4bg9jt5","previousOperationId":"oj58cbcwbj64d65"}
{"type":"operationEnd","operationId":"oj58cbcwbj64d65","timestamp":1754659373598,"id":"pmn3fo2d8euaock","previousEventId":"ky78u4qw7ltes54","previousOperationId":"oj58cbcwbj64d65"}
{"type":"log","timestamp":1754659373598,"level":"debug","message":"Skipping storing report.","meta":{"rootId":"y6v1oq8v98fmx41","id":"y6v1oq8v98fmx41"},"id":"qirq5onfl9rcr67","previousOperationId":"oj58cbcwbj64d65"}
{"type":"log","timestamp":1754659373598,"level":"info","message":"Rendering request 9 finished in 942 ms","meta":{"rootId":"y6v1oq8v98fmx41","id":"y6v1oq8v98fmx41"},"id":"aywyflqfkrhdugz","previousOperationId":"oj58cbcwbj64d65"}
{"type":"operationEnd","subtype":"render","operationId":"j3hxifl7zb7cwtj","timestamp":1754659373598,"id":"rgo0jb801dofh1w","previousEventId":"pmn3fo2d8euaock","previousOperationId":"oj58cbcwbj64d65"}
{"type":"operationEnd","doDiffs":false,"previousEventId":"f65fv3za1aoqswr","previousOperationId":"lv20iilkgy94hur","operationId":"lv20iilkgy94hur","timestamp":1754659373600,"id":"74na1eed80kkbo1"}
