{"type":"operationStart","subtype":"profile","data":{"_id":"lx7wQEjt083TsOqh","timestamp":"2025-08-11T10:43:16.758Z","state":"queued","mode":"standard","creationDate":"2025-08-11T10:43:16.761Z","modificationDate":"2025-08-11T10:43:16.761Z","shortid":"BmG3oWg","inheritedReadPermissions":[],"inheritedEditPermissions":[],"$entitySet":"profiles"},"doDiffs":false,"timestamp":1754908996759,"id":"fqosi046e4o8gyy","previousOperationId":null,"operationId":"gp0of08d0cfk69p"}
{"type":"log","level":"info","message":"Render request 1 queued for execution and waiting for available worker","previousOperationId":"gp0of08d0cfk69p","timestamp":1754908996760,"id":"rxz5904oniy3akr"}
{"type":"operationStart","subtype":"render","name":"informeSeleccion005","previousOperationId":"gp0of08d0cfk69p","timestamp":1754908996816,"id":"leis72qjzez6fp0","previousEventId":"fqosi046e4o8gyy","operationId":"6lhzwrwo5h43la5"}
{"type":"log","timestamp":1754908996816,"level":"info","message":"Starting rendering request 1 (user: admin)","meta":{"rootId":"ybnyec06px60tqu","id":"ybnyec06px60tqu"},"id":"7kfqbtzhiwha36v","previousOperationId":"6lhzwrwo5h43la5"}
{"type":"log","timestamp":1754908996817,"level":"info","message":"Rendering template { name: informeSeleccion005, recipe: chrome-pdf, engine: handlebars, preview: true }","meta":{"rootId":"ybnyec06px60tqu","id":"ybnyec06px60tqu"},"id":"4gugsnnkzt34f04","previousOperationId":"6lhzwrwo5h43la5"}
{"type":"log","timestamp":1754908996819,"level":"debug","message":"Adding sample data lgX13iX","meta":{"rootId":"ybnyec06px60tqu","id":"ybnyec06px60tqu"},"id":"40xzf6yv2kylqbm","previousOperationId":"6lhzwrwo5h43la5"}
{"type":"log","timestamp":1754908996824,"level":"debug","message":"Base url not specified, skipping its injection.","meta":{"rootId":"ybnyec06px60tqu","id":"ybnyec06px60tqu"},"id":"l12cm1ltu963lmy","previousOperationId":"6lhzwrwo5h43la5"}
{"type":"operationStart","subtype":"engine","name":"handlebars","timestamp":1754908996825,"id":"iq3oankweb4oma3","previousEventId":"leis72qjzez6fp0","operationId":"9zc6vqe1s1aqyny","previousOperationId":"6lhzwrwo5h43la5"}
{"type":"log","timestamp":1754908996825,"level":"debug","message":"Rendering engine handlebars","meta":{"rootId":"ybnyec06px60tqu","id":"ybnyec06px60tqu"},"id":"s3z6yh2y3f77i5w","previousOperationId":"9zc6vqe1s1aqyny"}
{"type":"operationEnd","operationId":"9zc6vqe1s1aqyny","timestamp":1754908997216,"id":"yastulfqp3f1025","previousEventId":"iq3oankweb4oma3","previousOperationId":"9zc6vqe1s1aqyny"}
{"type":"operationStart","subtype":"recipe","name":"chrome-pdf","timestamp":1754908997217,"id":"k1nizyygspq2iqj","previousEventId":"yastulfqp3f1025","operationId":"meonqilmkd1xgtj","previousOperationId":"9zc6vqe1s1aqyny"}
{"type":"log","timestamp":1754908997217,"level":"debug","message":"Executing recipe chrome-pdf","meta":{"rootId":"ybnyec06px60tqu","id":"ybnyec06px60tqu"},"id":"bmubd4a0gsee45o","previousOperationId":"meonqilmkd1xgtj"}
{"type":"log","timestamp":1754908997612,"level":"debug","message":"Converting with chrome Chrome/138.0.7204.157 using chrome-pool strategy","meta":{"rootId":"ybnyec06px60tqu","id":"ybnyec06px60tqu"},"id":"b32hvpu9aalsajf","previousOperationId":"meonqilmkd1xgtj"}
{"type":"log","timestamp":1754908997697,"level":"debug","message":"Page request: GET (document) file:///app/temp/autocleanup/4fcf5089-08d5-4148-b2de-a49ef68ddade-chrome-pdf.html","meta":{"rootId":"ybnyec06px60tqu","id":"ybnyec06px60tqu"},"id":"cyjr50zic6eqstp","previousOperationId":"meonqilmkd1xgtj"}
{"type":"log","timestamp":1754908997713,"level":"debug","message":"Page request finished: GET (document) 200 file:///app/temp/autocleanup/4fcf5089-08d5-4148-b2de-a49ef68ddade-chrome-pdf.html","meta":{"rootId":"ybnyec06px60tqu","id":"ybnyec06px60tqu"},"id":"ujvgcs4z724ix5n","previousOperationId":"meonqilmkd1xgtj"}
{"type":"log","timestamp":1754908997757,"level":"debug","message":"Running chrome with params {\"printBackground\":true,\"timeout\":59443,\"margin\":{}}","meta":{"rootId":"ybnyec06px60tqu","id":"ybnyec06px60tqu"},"id":"rbl13aj6poa4u7q","previousOperationId":"meonqilmkd1xgtj"}
{"type":"operationEnd","operationId":"meonqilmkd1xgtj","timestamp":1754908997848,"id":"p38y9804iy9jvtn","previousEventId":"k1nizyygspq2iqj","previousOperationId":"meonqilmkd1xgtj"}
{"type":"log","timestamp":1754908997848,"level":"debug","message":"Skipping storing report.","meta":{"rootId":"ybnyec06px60tqu","id":"ybnyec06px60tqu"},"id":"qopzvo7kccer8d7","previousOperationId":"meonqilmkd1xgtj"}
{"type":"log","timestamp":1754908997849,"level":"info","message":"Rendering request 1 finished in 1091 ms","meta":{"rootId":"ybnyec06px60tqu","id":"ybnyec06px60tqu"},"id":"j0s1dnxvw6fbd17","previousOperationId":"meonqilmkd1xgtj"}
{"type":"operationEnd","subtype":"render","operationId":"6lhzwrwo5h43la5","timestamp":1754908997849,"id":"5aocm3gdmgiglza","previousEventId":"p38y9804iy9jvtn","previousOperationId":"meonqilmkd1xgtj"}
{"type":"operationEnd","doDiffs":false,"previousEventId":"fqosi046e4o8gyy","previousOperationId":"gp0of08d0cfk69p","operationId":"gp0of08d0cfk69p","timestamp":1754908997852,"id":"y0tzflqqaaguuz7"}
