{"type":"operationStart","subtype":"profile","data":{"_id":"dxXiCDdG3P1Nd4bl","timestamp":"2025-08-11T05:36:35.964Z","state":"queued","mode":"standard","creationDate":"2025-08-11T05:36:35.967Z","modificationDate":"2025-08-11T05:36:35.967Z","shortid":"ZRgVuai","inheritedReadPermissions":[],"inheritedEditPermissions":[],"$entitySet":"profiles"},"doDiffs":false,"timestamp":1754890595966,"id":"1fs572h3bq88yb7","previousOperationId":null,"operationId":"ci9tybk400dyc8u"}
{"type":"log","level":"info","message":"Render request 4 queued for execution and waiting for available worker","previousOperationId":"ci9tybk400dyc8u","timestamp":1754890595966,"id":"9g8m96x9iocbuc8"}
{"type":"operationStart","subtype":"render","name":"informeSeleccion004","previousOperationId":"ci9tybk400dyc8u","timestamp":1754890595993,"id":"qsxdkk1eqmab2jg","previousEventId":"1fs572h3bq88yb7","operationId":"si8x5j9z6t1own9"}
{"type":"log","timestamp":1754890595994,"level":"info","message":"Starting rendering request 4 (user: admin)","meta":{"rootId":"291b82vennvdgpe","id":"291b82vennvdgpe"},"id":"64ua14ajg2v9go8","previousOperationId":"si8x5j9z6t1own9"}
{"type":"log","timestamp":1754890595994,"level":"info","message":"Rendering template { name: informeSeleccion004, recipe: chrome-pdf, engine: handlebars, preview: true }","meta":{"rootId":"291b82vennvdgpe","id":"291b82vennvdgpe"},"id":"koqh01qstb7uqys","previousOperationId":"si8x5j9z6t1own9"}
{"type":"log","timestamp":1754890595996,"level":"debug","message":"Inline data specified.","meta":{"rootId":"291b82vennvdgpe","id":"291b82vennvdgpe"},"id":"jb0binmo0ru87gt","previousOperationId":"si8x5j9z6t1own9"}
{"type":"log","timestamp":1754890595998,"level":"debug","message":"Base url not specified, skipping its injection.","meta":{"rootId":"291b82vennvdgpe","id":"291b82vennvdgpe"},"id":"bp7y5np42untt1c","previousOperationId":"si8x5j9z6t1own9"}
{"type":"operationStart","subtype":"engine","name":"handlebars","timestamp":1754890595998,"id":"1quuz61agzkvay2","previousEventId":"qsxdkk1eqmab2jg","operationId":"ta0tpawcn0doobb","previousOperationId":"si8x5j9z6t1own9"}
{"type":"log","timestamp":1754890595998,"level":"debug","message":"Rendering engine handlebars","meta":{"rootId":"291b82vennvdgpe","id":"291b82vennvdgpe"},"id":"q7yhb40tnwmemfu","previousOperationId":"ta0tpawcn0doobb"}
{"type":"log","timestamp":1754890596070,"level":"debug","message":"(console:log) GRUPOMPLEO Handlebars helpers registered successfully","meta":{"userLevel":true,"rootId":"291b82vennvdgpe","id":"291b82vennvdgpe"},"id":"xcpz317shuq5bhf","previousOperationId":"ta0tpawcn0doobb"}
{"type":"operationEnd","operationId":"ta0tpawcn0doobb","timestamp":1754890596150,"id":"ohba95mu4x8a16z","previousEventId":"1quuz61agzkvay2","previousOperationId":"ta0tpawcn0doobb"}
{"type":"operationStart","subtype":"recipe","name":"chrome-pdf","timestamp":1754890596151,"id":"3dldc7sa4djzghl","previousEventId":"ohba95mu4x8a16z","operationId":"d76nvilvboi0nmj","previousOperationId":"ta0tpawcn0doobb"}
{"type":"log","timestamp":1754890596151,"level":"debug","message":"Executing recipe chrome-pdf","meta":{"rootId":"291b82vennvdgpe","id":"291b82vennvdgpe"},"id":"t5rhzjdm45rqkqt","previousOperationId":"d76nvilvboi0nmj"}
{"type":"log","timestamp":1754890596153,"level":"debug","message":"Converting with chrome Chrome/138.0.7204.157 using chrome-pool strategy","meta":{"rootId":"291b82vennvdgpe","id":"291b82vennvdgpe"},"id":"8bmoilnvl6a1ycy","previousOperationId":"d76nvilvboi0nmj"}
{"type":"log","timestamp":1754890596196,"level":"debug","message":"Page request: GET (document) file:///app/temp/autocleanup/95a42c07-5efa-4a9e-9199-a697067b61c0-chrome-pdf.html","meta":{"rootId":"291b82vennvdgpe","id":"291b82vennvdgpe"},"id":"15csov56qjdpwnp","previousOperationId":"d76nvilvboi0nmj"}
{"type":"log","timestamp":1754890596209,"level":"debug","message":"Page request finished: GET (document) 200 file:///app/temp/autocleanup/95a42c07-5efa-4a9e-9199-a697067b61c0-chrome-pdf.html","meta":{"rootId":"291b82vennvdgpe","id":"291b82vennvdgpe"},"id":"pwllc5qr8bnp7ok","previousOperationId":"d76nvilvboi0nmj"}
{"type":"log","timestamp":1754890596210,"level":"debug","message":"Page request: GET (stylesheet) https://fonts.googleapis.com/css2?family=Inter:wght@300;400;500;600;700&display=swap","meta":{"rootId":"291b82vennvdgpe","id":"291b82vennvdgpe"},"id":"7snj7pziso5ovq9","previousOperationId":"d76nvilvboi0nmj"}
{"type":"log","timestamp":1754890596388,"level":"debug","message":"Page request finished: GET (stylesheet) 200 https://fonts.googleapis.com/css2?family=Inter:wght@300;400;500;600;700&display=swap","meta":{"rootId":"291b82vennvdgpe","id":"291b82vennvdgpe"},"id":"rutoqunve2qjcl5","previousOperationId":"d76nvilvboi0nmj"}
{"type":"log","timestamp":1754890596475,"level":"debug","message":"Page request: GET (font) https://fonts.gstatic.com/s/inter/v19/UcC73FwrK3iLTeHuS_nVMrMxCp50SjIa1ZL7.woff2","meta":{"rootId":"291b82vennvdgpe","id":"291b82vennvdgpe"},"id":"19yg8aw6k6qcbcr","previousOperationId":"d76nvilvboi0nmj"}
{"type":"log","timestamp":1754890596480,"level":"debug","message":"Page request: GET (font) https://fonts.gstatic.com/s/inter/v19/UcC73FwrK3iLTeHuS_nVMrMxCp50SjIa1ZL7.woff2","meta":{"rootId":"291b82vennvdgpe","id":"291b82vennvdgpe"},"id":"l00lfw8vhj6ayez","previousOperationId":"d76nvilvboi0nmj"}
{"type":"log","timestamp":1754890596594,"level":"debug","message":"Page request finished: GET (font) 200 https://fonts.gstatic.com/s/inter/v19/UcC73FwrK3iLTeHuS_nVMrMxCp50SjIa1ZL7.woff2","meta":{"rootId":"291b82vennvdgpe","id":"291b82vennvdgpe"},"id":"9ww1o8qpz0xwa0i","previousOperationId":"d76nvilvboi0nmj"}
{"type":"log","timestamp":1754890596604,"level":"debug","message":"Running chrome with params {\"printBackground\":true,\"timeout\":59811,\"margin\":{}}","meta":{"rootId":"291b82vennvdgpe","id":"291b82vennvdgpe"},"id":"z8jv8y40oo4xrae","previousOperationId":"d76nvilvboi0nmj"}
{"type":"operationEnd","operationId":"d76nvilvboi0nmj","timestamp":1754890597212,"id":"bvxxfafoca0c2r7","previousEventId":"3dldc7sa4djzghl","previousOperationId":"d76nvilvboi0nmj"}
{"type":"log","timestamp":1754890597212,"level":"debug","message":"Skipping storing report.","meta":{"rootId":"291b82vennvdgpe","id":"291b82vennvdgpe"},"id":"qf98behscjnni8h","previousOperationId":"d76nvilvboi0nmj"}
{"type":"log","timestamp":1754890597212,"level":"info","message":"Rendering request 4 finished in 1249 ms","meta":{"rootId":"291b82vennvdgpe","id":"291b82vennvdgpe"},"id":"abv2h3byfo6s9j8","previousOperationId":"d76nvilvboi0nmj"}
{"type":"operationEnd","subtype":"render","operationId":"si8x5j9z6t1own9","timestamp":1754890597212,"id":"0lza6z4v8y3go5n","previousEventId":"bvxxfafoca0c2r7","previousOperationId":"d76nvilvboi0nmj"}
{"type":"operationEnd","doDiffs":false,"previousEventId":"1fs572h3bq88yb7","previousOperationId":"ci9tybk400dyc8u","operationId":"ci9tybk400dyc8u","timestamp":1754890597215,"id":"lu9dl7logvcmzwh"}
