{"type":"operationStart","subtype":"profile","data":{"_id":"73keMzlwL0nP2Tl6","timestamp":"2025-08-08T13:49:42.936Z","state":"queued","mode":"standard","creationDate":"2025-08-08T13:49:42.937Z","modificationDate":"2025-08-08T13:49:42.937Z","shortid":"heQPQ0k","inheritedReadPermissions":[],"inheritedEditPermissions":[],"$entitySet":"profiles"},"doDiffs":false,"timestamp":1754660982936,"id":"bmc46t6r8xzkm6n","previousOperationId":null,"operationId":"rlj8zgkpdhc3903"}
{"type":"log","level":"info","message":"Render request 2 queued for execution and waiting for available worker","previousOperationId":"rlj8zgkpdhc3903","timestamp":1754660982937,"id":"38brleqy6cijwt0"}
{"type":"operationStart","subtype":"render","name":"informeSeleccion004","previousOperationId":"rlj8zgkpdhc3903","timestamp":1754660982961,"id":"ik5j20fq38ep1r1","previousEventId":"bmc46t6r8xzkm6n","operationId":"n12k0pvmwkkqe0r"}
{"type":"log","timestamp":1754660982961,"level":"info","message":"Starting rendering request 2 (user: admin)","meta":{"rootId":"3uous1d8hnzjgc7","id":"3uous1d8hnzjgc7"},"id":"5fj8c8jcbbwwqlu","previousOperationId":"n12k0pvmwkkqe0r"}
{"type":"log","timestamp":1754660982962,"level":"info","message":"Rendering template { name: informeSeleccion004, recipe: chrome-pdf, engine: handlebars, preview: true }","meta":{"rootId":"3uous1d8hnzjgc7","id":"3uous1d8hnzjgc7"},"id":"lyiwhfhy2zgk0sx","previousOperationId":"n12k0pvmwkkqe0r"}
{"type":"log","timestamp":1754660982964,"level":"debug","message":"Adding sample data lgX13iX","meta":{"rootId":"3uous1d8hnzjgc7","id":"3uous1d8hnzjgc7"},"id":"u7xtgaewszvt14l","previousOperationId":"n12k0pvmwkkqe0r"}
{"type":"log","timestamp":1754660982968,"level":"debug","message":"Base url not specified, skipping its injection.","meta":{"rootId":"3uous1d8hnzjgc7","id":"3uous1d8hnzjgc7"},"id":"90llk8urnfu6mx3","previousOperationId":"n12k0pvmwkkqe0r"}
{"type":"operationStart","subtype":"engine","name":"handlebars","timestamp":1754660982968,"id":"l2seoff1rfeaa9e","previousEventId":"ik5j20fq38ep1r1","operationId":"5a2lfg7r6e4dmmt","previousOperationId":"n12k0pvmwkkqe0r"}
{"type":"log","timestamp":1754660982968,"level":"debug","message":"Rendering engine handlebars","meta":{"rootId":"3uous1d8hnzjgc7","id":"3uous1d8hnzjgc7"},"id":"mmvj0kti62qgpgc","previousOperationId":"5a2lfg7r6e4dmmt"}
{"type":"log","timestamp":1754660983349,"level":"debug","message":"(console:log) GRUPOMPLEO Handlebars helpers registered successfully","meta":{"userLevel":true,"rootId":"3uous1d8hnzjgc7","id":"3uous1d8hnzjgc7"},"id":"i22atgcl0oaf5ho","previousOperationId":"5a2lfg7r6e4dmmt"}
{"type":"operationEnd","operationId":"5a2lfg7r6e4dmmt","timestamp":1754660983394,"id":"lfht5iej2m07isf","previousEventId":"l2seoff1rfeaa9e","previousOperationId":"5a2lfg7r6e4dmmt"}
{"type":"operationStart","subtype":"recipe","name":"chrome-pdf","timestamp":1754660983395,"id":"tty1adrz0n9s1ks","previousEventId":"lfht5iej2m07isf","operationId":"o8812hws61l0i5e","previousOperationId":"5a2lfg7r6e4dmmt"}
{"type":"log","timestamp":1754660983395,"level":"debug","message":"Executing recipe chrome-pdf","meta":{"rootId":"3uous1d8hnzjgc7","id":"3uous1d8hnzjgc7"},"id":"d26cihvqvnxk9qa","previousOperationId":"o8812hws61l0i5e"}
{"type":"log","timestamp":1754660983904,"level":"debug","message":"Converting with chrome Chrome/138.0.7204.157 using chrome-pool strategy","meta":{"rootId":"3uous1d8hnzjgc7","id":"3uous1d8hnzjgc7"},"id":"odu5f4oqp026xye","previousOperationId":"o8812hws61l0i5e"}
{"type":"log","timestamp":1754660983999,"level":"debug","message":"Page request: GET (document) file:///app/temp/autocleanup/f536efa1-8d4c-4dbd-99d9-66de559e2af1-chrome-pdf.html","meta":{"rootId":"3uous1d8hnzjgc7","id":"3uous1d8hnzjgc7"},"id":"8l9lj81xgz7lgx5","previousOperationId":"o8812hws61l0i5e"}
{"type":"log","timestamp":1754660984015,"level":"debug","message":"Page request: GET (stylesheet) https://fonts.googleapis.com/css2?family=Inter:wght@300;400;500;600;700&display=swap","meta":{"rootId":"3uous1d8hnzjgc7","id":"3uous1d8hnzjgc7"},"id":"vtyvlcyn6eltsc8","previousOperationId":"o8812hws61l0i5e"}
{"type":"log","timestamp":1754660984018,"level":"debug","message":"Page request finished: GET (document) 200 file:///app/temp/autocleanup/f536efa1-8d4c-4dbd-99d9-66de559e2af1-chrome-pdf.html","meta":{"rootId":"3uous1d8hnzjgc7","id":"3uous1d8hnzjgc7"},"id":"27b37gqwtbmikxb","previousOperationId":"o8812hws61l0i5e"}
{"type":"log","timestamp":1754660984332,"level":"debug","message":"Page request finished: GET (stylesheet) 200 https://fonts.googleapis.com/css2?family=Inter:wght@300;400;500;600;700&display=swap","meta":{"rootId":"3uous1d8hnzjgc7","id":"3uous1d8hnzjgc7"},"id":"qj4dd0tz2njsmpx","previousOperationId":"o8812hws61l0i5e"}
{"type":"log","timestamp":1754660984334,"level":"debug","message":"Page request: GET (font) https://fonts.gstatic.com/s/inter/v19/UcC73FwrK3iLTeHuS_nVMrMxCp50SjIa1ZL7.woff2","meta":{"rootId":"3uous1d8hnzjgc7","id":"3uous1d8hnzjgc7"},"id":"vuicc0dknq0hwti","previousOperationId":"o8812hws61l0i5e"}
{"type":"log","timestamp":1754660984413,"level":"debug","message":"Page request: GET (font) https://fonts.gstatic.com/s/inter/v19/UcC73FwrK3iLTeHuS_nVMrMxCp50SjIa1ZL7.woff2","meta":{"rootId":"3uous1d8hnzjgc7","id":"3uous1d8hnzjgc7"},"id":"z0q9kon1tdjhx7p","previousOperationId":"o8812hws61l0i5e"}
{"type":"log","timestamp":1754660984595,"level":"debug","message":"Page request finished: GET (font) 200 https://fonts.gstatic.com/s/inter/v19/UcC73FwrK3iLTeHuS_nVMrMxCp50SjIa1ZL7.woff2","meta":{"rootId":"3uous1d8hnzjgc7","id":"3uous1d8hnzjgc7"},"id":"f9r3y8uhy69df6g","previousOperationId":"o8812hws61l0i5e"}
{"type":"log","timestamp":1754660984613,"level":"debug","message":"Running chrome with params {\"printBackground\":true,\"timeout\":59437,\"margin\":{}}","meta":{"rootId":"3uous1d8hnzjgc7","id":"3uous1d8hnzjgc7"},"id":"r753delkaw99pwx","previousOperationId":"o8812hws61l0i5e"}
{"type":"operationEnd","operationId":"o8812hws61l0i5e","timestamp":1754660985213,"id":"gpi2d75vr1x79p4","previousEventId":"tty1adrz0n9s1ks","previousOperationId":"o8812hws61l0i5e"}
{"type":"log","timestamp":1754660985214,"level":"debug","message":"Skipping storing report.","meta":{"rootId":"3uous1d8hnzjgc7","id":"3uous1d8hnzjgc7"},"id":"gm5ihs8u000ldud","previousOperationId":"o8812hws61l0i5e"}
{"type":"log","timestamp":1754660985214,"level":"info","message":"Rendering request 2 finished in 2278 ms","meta":{"rootId":"3uous1d8hnzjgc7","id":"3uous1d8hnzjgc7"},"id":"31d3dfsxtuzqku8","previousOperationId":"o8812hws61l0i5e"}
{"type":"operationEnd","subtype":"render","operationId":"n12k0pvmwkkqe0r","timestamp":1754660985214,"id":"vwqyd9kkg3zyi1c","previousEventId":"gpi2d75vr1x79p4","previousOperationId":"o8812hws61l0i5e"}
{"type":"operationEnd","doDiffs":false,"previousEventId":"bmc46t6r8xzkm6n","previousOperationId":"rlj8zgkpdhc3903","operationId":"rlj8zgkpdhc3903","timestamp":1754660985221,"id":"tkdhowz55fjnkjy"}
