{"type":"operationStart","subtype":"profile","data":{"_id":"mEaNtnwN1f8w7rd2","timestamp":"2025-08-08T13:16:52.419Z","state":"queued","mode":"standard","creationDate":"2025-08-08T13:16:52.420Z","modificationDate":"2025-08-08T13:16:52.420Z","shortid":"r9fbADi","inheritedReadPermissions":[],"inheritedEditPermissions":[],"$entitySet":"profiles"},"doDiffs":false,"timestamp":1754659012420,"id":"tiqh32wks5zsb0t","previousOperationId":null,"operationId":"q1soim29ryla8n8"}
{"type":"log","level":"info","message":"Render request 8 queued for execution and waiting for available worker","previousOperationId":"q1soim29ryla8n8","timestamp":1754659012420,"id":"sc7s63hap4ielim"}
{"type":"operationStart","subtype":"render","name":"informeSeleccion004","previousOperationId":"q1soim29ryla8n8","timestamp":1754659012447,"id":"zj0umj3lixk8ocb","previousEventId":"tiqh32wks5zsb0t","operationId":"w2ekkjm8wouuu51"}
{"type":"log","timestamp":1754659012447,"level":"info","message":"Starting rendering request 8 (user: admin)","meta":{"rootId":"eezk9jdcsy2qt4v","id":"eezk9jdcsy2qt4v"},"id":"ia3xez863jcys5x","previousOperationId":"w2ekkjm8wouuu51"}
{"type":"log","timestamp":1754659012447,"level":"info","message":"Rendering template { name: informeSeleccion004, recipe: chrome-pdf, engine: handlebars, preview: true }","meta":{"rootId":"eezk9jdcsy2qt4v","id":"eezk9jdcsy2qt4v"},"id":"dwy1yo5l0uw690n","previousOperationId":"w2ekkjm8wouuu51"}
{"type":"log","timestamp":1754659012448,"level":"debug","message":"Inline data specified.","meta":{"rootId":"eezk9jdcsy2qt4v","id":"eezk9jdcsy2qt4v"},"id":"jn19pe5r4gfboyy","previousOperationId":"w2ekkjm8wouuu51"}
{"type":"log","timestamp":1754659012450,"level":"debug","message":"Base url not specified, skipping its injection.","meta":{"rootId":"eezk9jdcsy2qt4v","id":"eezk9jdcsy2qt4v"},"id":"oh52toaxnpknlvg","previousOperationId":"w2ekkjm8wouuu51"}
{"type":"operationStart","subtype":"engine","name":"handlebars","timestamp":1754659012451,"id":"2kcn1xjfn7e8fne","previousEventId":"zj0umj3lixk8ocb","operationId":"cze2z8d3auzvodm","previousOperationId":"w2ekkjm8wouuu51"}
{"type":"log","timestamp":1754659012451,"level":"debug","message":"Rendering engine handlebars","meta":{"rootId":"eezk9jdcsy2qt4v","id":"eezk9jdcsy2qt4v"},"id":"s2lshvtyobtccgf","previousOperationId":"cze2z8d3auzvodm"}
{"type":"log","timestamp":1754659012525,"level":"debug","message":"(console:log) GRUPOMPLEO Handlebars helpers registered successfully","meta":{"userLevel":true,"rootId":"eezk9jdcsy2qt4v","id":"eezk9jdcsy2qt4v"},"id":"3dlgmo7u53d5sqv","previousOperationId":"cze2z8d3auzvodm"}
{"type":"operationEnd","operationId":"cze2z8d3auzvodm","timestamp":1754659012570,"id":"oqt1gcljq9kviwn","previousEventId":"2kcn1xjfn7e8fne","previousOperationId":"cze2z8d3auzvodm"}
{"type":"operationStart","subtype":"recipe","name":"chrome-pdf","timestamp":1754659012571,"id":"0maqoj75q38h8n5","previousEventId":"oqt1gcljq9kviwn","operationId":"nekbel4k4txpg2g","previousOperationId":"cze2z8d3auzvodm"}
{"type":"log","timestamp":1754659012571,"level":"debug","message":"Executing recipe chrome-pdf","meta":{"rootId":"eezk9jdcsy2qt4v","id":"eezk9jdcsy2qt4v"},"id":"wtaahxcsq4mbmmz","previousOperationId":"nekbel4k4txpg2g"}
{"type":"log","timestamp":1754659012581,"level":"debug","message":"Converting with chrome Chrome/138.0.7204.157 using chrome-pool strategy","meta":{"rootId":"eezk9jdcsy2qt4v","id":"eezk9jdcsy2qt4v"},"id":"ha71dr3u0vcl15t","previousOperationId":"nekbel4k4txpg2g"}
{"type":"log","timestamp":1754659012639,"level":"debug","message":"Page request: GET (document) file:///app/temp/autocleanup/922e32fa-6d6a-4552-846d-3ceccfaa5abe-chrome-pdf.html","meta":{"rootId":"eezk9jdcsy2qt4v","id":"eezk9jdcsy2qt4v"},"id":"8jruibfxxcpccj6","previousOperationId":"nekbel4k4txpg2g"}
{"type":"log","timestamp":1754659012658,"level":"debug","message":"Page request finished: GET (document) 200 file:///app/temp/autocleanup/922e32fa-6d6a-4552-846d-3ceccfaa5abe-chrome-pdf.html","meta":{"rootId":"eezk9jdcsy2qt4v","id":"eezk9jdcsy2qt4v"},"id":"kdl1kge90tfy0ps","previousOperationId":"nekbel4k4txpg2g"}
{"type":"log","timestamp":1754659012659,"level":"debug","message":"Page request: GET (stylesheet) https://fonts.googleapis.com/css2?family=Inter:wght@300;400;500;600;700&display=swap","meta":{"rootId":"eezk9jdcsy2qt4v","id":"eezk9jdcsy2qt4v"},"id":"kqbnt6o94rk4dvv","previousOperationId":"nekbel4k4txpg2g"}
{"type":"log","timestamp":1754659013022,"level":"debug","message":"Page request finished: GET (stylesheet) 200 https://fonts.googleapis.com/css2?family=Inter:wght@300;400;500;600;700&display=swap","meta":{"rootId":"eezk9jdcsy2qt4v","id":"eezk9jdcsy2qt4v"},"id":"xd6imawm97iz0kn","previousOperationId":"nekbel4k4txpg2g"}
{"type":"log","timestamp":1754659013030,"level":"debug","message":"Page request: GET (font) https://fonts.gstatic.com/s/inter/v19/UcC73FwrK3iLTeHuS_nVMrMxCp50SjIa1ZL7.woff2","meta":{"rootId":"eezk9jdcsy2qt4v","id":"eezk9jdcsy2qt4v"},"id":"7jhrcsma7yovcgh","previousOperationId":"nekbel4k4txpg2g"}
{"type":"log","timestamp":1754659013102,"level":"debug","message":"Page request: GET (font) https://fonts.gstatic.com/s/inter/v19/UcC73FwrK3iLTeHuS_nVMrMxCp50SjIa1ZL7.woff2","meta":{"rootId":"eezk9jdcsy2qt4v","id":"eezk9jdcsy2qt4v"},"id":"h5fwsapywahqyqr","previousOperationId":"nekbel4k4txpg2g"}
{"type":"log","timestamp":1754659013291,"level":"debug","message":"Page request finished: GET (font) 200 https://fonts.gstatic.com/s/inter/v19/UcC73FwrK3iLTeHuS_nVMrMxCp50SjIa1ZL7.woff2","meta":{"rootId":"eezk9jdcsy2qt4v","id":"eezk9jdcsy2qt4v"},"id":"j5lr6v4c626g0lk","previousOperationId":"nekbel4k4txpg2g"}
{"type":"log","timestamp":1754659013320,"level":"debug","message":"Running chrome with params {\"printBackground\":true,\"timeout\":59839,\"margin\":{}}","meta":{"rootId":"eezk9jdcsy2qt4v","id":"eezk9jdcsy2qt4v"},"id":"urb7qhn196ln26d","previousOperationId":"nekbel4k4txpg2g"}
{"type":"operationEnd","operationId":"nekbel4k4txpg2g","timestamp":1754659013915,"id":"n0uzu3z7l4r2c7z","previousEventId":"0maqoj75q38h8n5","previousOperationId":"nekbel4k4txpg2g"}
{"type":"log","timestamp":1754659013915,"level":"debug","message":"Skipping storing report.","meta":{"rootId":"eezk9jdcsy2qt4v","id":"eezk9jdcsy2qt4v"},"id":"4jdmz3qx1gr8l2t","previousOperationId":"nekbel4k4txpg2g"}
{"type":"log","timestamp":1754659013917,"level":"info","message":"Rendering request 8 finished in 1498 ms","meta":{"rootId":"eezk9jdcsy2qt4v","id":"eezk9jdcsy2qt4v"},"id":"j2o8r8nelfgh7qx","previousOperationId":"nekbel4k4txpg2g"}
{"type":"operationEnd","subtype":"render","operationId":"w2ekkjm8wouuu51","timestamp":1754659013917,"id":"8jyket8nbfgb3k7","previousEventId":"n0uzu3z7l4r2c7z","previousOperationId":"nekbel4k4txpg2g"}
{"type":"operationEnd","doDiffs":false,"previousEventId":"tiqh32wks5zsb0t","previousOperationId":"q1soim29ryla8n8","operationId":"q1soim29ryla8n8","timestamp":1754659013926,"id":"332ofymiss0du0a"}
