{"type":"operationStart","subtype":"profile","data":{"_id":"uxob8yTu4Cjl0hC5","timestamp":"2025-08-11T06:51:43.025Z","state":"queued","mode":"standard","creationDate":"2025-08-11T06:51:43.027Z","modificationDate":"2025-08-11T06:51:43.027Z","shortid":"hnLwu6q","inheritedReadPermissions":[],"inheritedEditPermissions":[],"$entitySet":"profiles"},"doDiffs":false,"timestamp":1754895103026,"id":"f7j4qg2zmyjcrbe","previousOperationId":null,"operationId":"5v7iyquilx9ji8o"}
{"type":"log","level":"info","message":"Render request 1 queued for execution and waiting for available worker","previousOperationId":"5v7iyquilx9ji8o","timestamp":1754895103027,"id":"qvwm3aatue070ck"}
{"type":"operationStart","subtype":"render","name":"informeSeleccion004","previousOperationId":"5v7iyquilx9ji8o","timestamp":1754895103069,"id":"lx0kpk4ko37f5nc","previousEventId":"f7j4qg2zmyjcrbe","operationId":"qo1g3u6t20j57ee"}
{"type":"log","timestamp":1754895103069,"level":"info","message":"Starting rendering request 1 (user: admin)","meta":{"rootId":"jozg1oz56etxny8","id":"jozg1oz56etxny8"},"id":"m9y6mmrxc99hu0k","previousOperationId":"qo1g3u6t20j57ee"}
{"type":"log","timestamp":1754895103070,"level":"info","message":"Rendering template { name: informeSeleccion004, recipe: chrome-pdf, engine: handlebars, preview: true }","meta":{"rootId":"jozg1oz56etxny8","id":"jozg1oz56etxny8"},"id":"met05of2jpw5449","previousOperationId":"qo1g3u6t20j57ee"}
{"type":"log","timestamp":1754895103072,"level":"debug","message":"Adding sample data lgX13iX","meta":{"rootId":"jozg1oz56etxny8","id":"jozg1oz56etxny8"},"id":"dehxd1a0t5g1wwk","previousOperationId":"qo1g3u6t20j57ee"}
{"type":"log","timestamp":1754895103086,"level":"debug","message":"Base url not specified, skipping its injection.","meta":{"rootId":"jozg1oz56etxny8","id":"jozg1oz56etxny8"},"id":"gwjnasn9k5u6d25","previousOperationId":"qo1g3u6t20j57ee"}
{"type":"operationStart","subtype":"engine","name":"handlebars","timestamp":1754895103087,"id":"gidkakes2lka9fp","previousEventId":"lx0kpk4ko37f5nc","operationId":"3ktgx7ej3t5y6t6","previousOperationId":"qo1g3u6t20j57ee"}
{"type":"log","timestamp":1754895103087,"level":"debug","message":"Rendering engine handlebars","meta":{"rootId":"jozg1oz56etxny8","id":"jozg1oz56etxny8"},"id":"kdx2qe0lofba498","previousOperationId":"3ktgx7ej3t5y6t6"}
{"type":"operationEnd","operationId":"3ktgx7ej3t5y6t6","timestamp":1754895103484,"id":"czyefl4taciblx4","previousEventId":"gidkakes2lka9fp","previousOperationId":"3ktgx7ej3t5y6t6"}
{"type":"operationStart","subtype":"recipe","name":"chrome-pdf","timestamp":1754895103484,"id":"perx7dr66vc2dkh","previousEventId":"czyefl4taciblx4","operationId":"mg1qsisia5f7tqm","previousOperationId":"3ktgx7ej3t5y6t6"}
{"type":"log","timestamp":1754895103484,"level":"debug","message":"Executing recipe chrome-pdf","meta":{"rootId":"jozg1oz56etxny8","id":"jozg1oz56etxny8"},"id":"nhptofq8qkyznxx","previousOperationId":"mg1qsisia5f7tqm"}
{"type":"log","timestamp":1754895103890,"level":"debug","message":"Converting with chrome Chrome/138.0.7204.157 using chrome-pool strategy","meta":{"rootId":"jozg1oz56etxny8","id":"jozg1oz56etxny8"},"id":"2ipr259kly38ist","previousOperationId":"mg1qsisia5f7tqm"}
{"type":"log","timestamp":1754895103961,"level":"debug","message":"Page request: GET (document) file:///app/temp/autocleanup/31f25909-a8ae-4f4f-9939-0c7193688f01-chrome-pdf.html","meta":{"rootId":"jozg1oz56etxny8","id":"jozg1oz56etxny8"},"id":"c0pykdyx44z5wj8","previousOperationId":"mg1qsisia5f7tqm"}
{"type":"log","timestamp":1754895103981,"level":"debug","message":"Page request finished: GET (document) 200 file:///app/temp/autocleanup/31f25909-a8ae-4f4f-9939-0c7193688f01-chrome-pdf.html","meta":{"rootId":"jozg1oz56etxny8","id":"jozg1oz56etxny8"},"id":"ifwg1lwbhx4c5zo","previousOperationId":"mg1qsisia5f7tqm"}
{"type":"log","timestamp":1754895103982,"level":"debug","message":"Page request: GET (stylesheet) https://fonts.googleapis.com/css2?family=Inter:wght@300;400;600&display=swap","meta":{"rootId":"jozg1oz56etxny8","id":"jozg1oz56etxny8"},"id":"fy12lf1n05t24r7","previousOperationId":"mg1qsisia5f7tqm"}
{"type":"log","timestamp":1754895104226,"level":"debug","message":"Page request finished: GET (stylesheet) 200 https://fonts.googleapis.com/css2?family=Inter:wght@300;400;600&display=swap","meta":{"rootId":"jozg1oz56etxny8","id":"jozg1oz56etxny8"},"id":"8x88vjt296wn8l0","previousOperationId":"mg1qsisia5f7tqm"}
{"type":"log","timestamp":1754895104238,"level":"debug","message":"Running chrome with params {\"printBackground\":true,\"timeout\":59450,\"margin\":{}}","meta":{"rootId":"jozg1oz56etxny8","id":"jozg1oz56etxny8"},"id":"c6fctdmcmow8zf7","previousOperationId":"mg1qsisia5f7tqm"}
{"type":"operationEnd","operationId":"mg1qsisia5f7tqm","timestamp":1754895104269,"id":"eg7r29vrd0xj2ns","previousEventId":"perx7dr66vc2dkh","previousOperationId":"mg1qsisia5f7tqm"}
{"type":"log","timestamp":1754895104270,"level":"debug","message":"Skipping storing report.","meta":{"rootId":"jozg1oz56etxny8","id":"jozg1oz56etxny8"},"id":"axl5sl251bzy5tj","previousOperationId":"mg1qsisia5f7tqm"}
{"type":"log","timestamp":1754895104270,"level":"info","message":"Rendering request 1 finished in 1246 ms","meta":{"rootId":"jozg1oz56etxny8","id":"jozg1oz56etxny8"},"id":"q32acaze9revjvg","previousOperationId":"mg1qsisia5f7tqm"}
{"type":"operationEnd","subtype":"render","operationId":"qo1g3u6t20j57ee","timestamp":1754895104270,"id":"hyx53vldxm9gu2z","previousEventId":"eg7r29vrd0xj2ns","previousOperationId":"mg1qsisia5f7tqm"}
{"type":"operationEnd","doDiffs":false,"previousEventId":"f7j4qg2zmyjcrbe","previousOperationId":"5v7iyquilx9ji8o","operationId":"5v7iyquilx9ji8o","timestamp":1754895104280,"id":"k1xdkjm73ck6mai"}
