{"type":"operationStart","subtype":"profile","data":{"_id":"4dkJtrAyunIwlsjg","timestamp":"2025-08-08T13:42:07.235Z","state":"queued","mode":"standard","creationDate":"2025-08-08T13:42:07.237Z","modificationDate":"2025-08-08T13:42:07.237Z","shortid":"zIUbwgf","inheritedReadPermissions":[],"inheritedEditPermissions":[],"$entitySet":"profiles"},"doDiffs":false,"timestamp":1754660527236,"id":"4zzluinaa51t7f6","previousOperationId":null,"operationId":"6sxhobcr4q53dqv"}
{"type":"log","level":"info","message":"Render request 10 queued for execution and waiting for available worker","previousOperationId":"6sxhobcr4q53dqv","timestamp":1754660527236,"id":"si29yla04z740pu"}
{"type":"operationStart","subtype":"render","name":"informeSeleccion004","previousOperationId":"6sxhobcr4q53dqv","timestamp":1754660527264,"id":"wr5m7j1615wtibp","previousEventId":"4zzluinaa51t7f6","operationId":"yzqs1lbbs714dlo"}
{"type":"log","timestamp":1754660527264,"level":"info","message":"Starting rendering request 10 (user: admin)","meta":{"rootId":"nx8633dydsl3v4r","id":"nx8633dydsl3v4r"},"id":"czmx6wvbyc2tj4g","previousOperationId":"yzqs1lbbs714dlo"}
{"type":"log","timestamp":1754660527264,"level":"info","message":"Rendering template { name: informeSeleccion004, recipe: chrome-pdf, engine: handlebars, preview: true }","meta":{"rootId":"nx8633dydsl3v4r","id":"nx8633dydsl3v4r"},"id":"zv9rijp4prb73w9","previousOperationId":"yzqs1lbbs714dlo"}
{"type":"log","timestamp":1754660527266,"level":"debug","message":"Adding sample data lgX13iX","meta":{"rootId":"nx8633dydsl3v4r","id":"nx8633dydsl3v4r"},"id":"mxd0rigegzvm19w","previousOperationId":"yzqs1lbbs714dlo"}
{"type":"log","timestamp":1754660527269,"level":"debug","message":"Base url not specified, skipping its injection.","meta":{"rootId":"nx8633dydsl3v4r","id":"nx8633dydsl3v4r"},"id":"s8915tle1tjpyan","previousOperationId":"yzqs1lbbs714dlo"}
{"type":"operationStart","subtype":"engine","name":"handlebars","timestamp":1754660527269,"id":"soytshj6locsp5s","previousEventId":"wr5m7j1615wtibp","operationId":"rc4w9hwy7at2x85","previousOperationId":"yzqs1lbbs714dlo"}
{"type":"log","timestamp":1754660527269,"level":"debug","message":"Rendering engine handlebars","meta":{"rootId":"nx8633dydsl3v4r","id":"nx8633dydsl3v4r"},"id":"0fp6rty4bakst4b","previousOperationId":"rc4w9hwy7at2x85"}
{"type":"log","timestamp":1754660527278,"level":"debug","message":"(console:log) GRUPOMPLEO Handlebars helpers registered successfully","meta":{"userLevel":true,"rootId":"nx8633dydsl3v4r","id":"nx8633dydsl3v4r"},"id":"83v42rqo82ui7r0","previousOperationId":"rc4w9hwy7at2x85"}
{"type":"operationEnd","operationId":"rc4w9hwy7at2x85","timestamp":1754660527282,"id":"0ew9rqjajucfcue","previousEventId":"soytshj6locsp5s","previousOperationId":"rc4w9hwy7at2x85"}
{"type":"operationStart","subtype":"recipe","name":"chrome-pdf","timestamp":1754660527284,"id":"6tcxq6zhvxj1lps","previousEventId":"0ew9rqjajucfcue","operationId":"tz2puhk91oi4wvz","previousOperationId":"rc4w9hwy7at2x85"}
{"type":"log","timestamp":1754660527284,"level":"debug","message":"Executing recipe chrome-pdf","meta":{"rootId":"nx8633dydsl3v4r","id":"nx8633dydsl3v4r"},"id":"l8wh965tsm9hr3o","previousOperationId":"tz2puhk91oi4wvz"}
{"type":"log","timestamp":1754660527285,"level":"debug","message":"Converting with chrome Chrome/138.0.7204.157 using chrome-pool strategy","meta":{"rootId":"nx8633dydsl3v4r","id":"nx8633dydsl3v4r"},"id":"0k3lyqygsi1pofe","previousOperationId":"tz2puhk91oi4wvz"}
{"type":"log","timestamp":1754660527334,"level":"debug","message":"Page request: GET (document) file:///app/temp/autocleanup/76ba2965-252c-4a57-a7a2-6a199f544c71-chrome-pdf.html","meta":{"rootId":"nx8633dydsl3v4r","id":"nx8633dydsl3v4r"},"id":"wn5lpei2bzbwkaa","previousOperationId":"tz2puhk91oi4wvz"}
{"type":"log","timestamp":1754660527347,"level":"debug","message":"Page request finished: GET (document) 200 file:///app/temp/autocleanup/76ba2965-252c-4a57-a7a2-6a199f544c71-chrome-pdf.html","meta":{"rootId":"nx8633dydsl3v4r","id":"nx8633dydsl3v4r"},"id":"cd339zef2753vvs","previousOperationId":"tz2puhk91oi4wvz"}
{"type":"log","timestamp":1754660527347,"level":"debug","message":"Page request: GET (stylesheet) https://fonts.googleapis.com/css2?family=Inter:wght@300;400;500;600;700&display=swap","meta":{"rootId":"nx8633dydsl3v4r","id":"nx8633dydsl3v4r"},"id":"y8aarlccf1wt1g5","previousOperationId":"tz2puhk91oi4wvz"}
{"type":"log","timestamp":1754660527356,"level":"debug","message":"Page request finished: GET (stylesheet) 200 https://fonts.googleapis.com/css2?family=Inter:wght@300;400;500;600;700&display=swap","meta":{"rootId":"nx8633dydsl3v4r","id":"nx8633dydsl3v4r"},"id":"26jidejc8b1mv96","previousOperationId":"tz2puhk91oi4wvz"}
{"type":"log","timestamp":1754660527411,"level":"debug","message":"Page request: GET (font) https://fonts.gstatic.com/s/inter/v19/UcC73FwrK3iLTeHuS_nVMrMxCp50SjIa1ZL7.woff2","meta":{"rootId":"nx8633dydsl3v4r","id":"nx8633dydsl3v4r"},"id":"r8b4o8hplq8kjfz","previousOperationId":"tz2puhk91oi4wvz"}
{"type":"log","timestamp":1754660527425,"level":"debug","message":"Page request finished: GET (font) 200 https://fonts.gstatic.com/s/inter/v19/UcC73FwrK3iLTeHuS_nVMrMxCp50SjIa1ZL7.woff2","meta":{"rootId":"nx8633dydsl3v4r","id":"nx8633dydsl3v4r"},"id":"6d3bdcb8ebyftkq","previousOperationId":"tz2puhk91oi4wvz"}
{"type":"log","timestamp":1754660527437,"level":"debug","message":"Running chrome with params {\"printBackground\":true,\"timeout\":59950,\"margin\":{}}","meta":{"rootId":"nx8633dydsl3v4r","id":"nx8633dydsl3v4r"},"id":"zywy4ybja8lgkbb","previousOperationId":"tz2puhk91oi4wvz"}
{"type":"operationEnd","operationId":"tz2puhk91oi4wvz","timestamp":1754660528108,"id":"msjvehxlmiy6h5p","previousEventId":"6tcxq6zhvxj1lps","previousOperationId":"tz2puhk91oi4wvz"}
{"type":"log","timestamp":1754660528108,"level":"debug","message":"Skipping storing report.","meta":{"rootId":"nx8633dydsl3v4r","id":"nx8633dydsl3v4r"},"id":"skwqts0pnqy6xz6","previousOperationId":"tz2puhk91oi4wvz"}
{"type":"log","timestamp":1754660528108,"level":"info","message":"Rendering request 10 finished in 873 ms","meta":{"rootId":"nx8633dydsl3v4r","id":"nx8633dydsl3v4r"},"id":"6m3y3afrqkt66q4","previousOperationId":"tz2puhk91oi4wvz"}
{"type":"operationEnd","subtype":"render","operationId":"yzqs1lbbs714dlo","timestamp":1754660528108,"id":"d5qx2qh9kuzldil","previousEventId":"msjvehxlmiy6h5p","previousOperationId":"tz2puhk91oi4wvz"}
{"type":"operationEnd","doDiffs":false,"previousEventId":"4zzluinaa51t7f6","previousOperationId":"6sxhobcr4q53dqv","operationId":"6sxhobcr4q53dqv","timestamp":1754660528110,"id":"w61xd68xdmmqmjz"}
