{"type":"operationStart","subtype":"profile","data":{"_id":"asgvA2w62GnhjckV","timestamp":"2025-08-11T05:48:48.810Z","state":"queued","mode":"standard","creationDate":"2025-08-11T05:48:48.812Z","modificationDate":"2025-08-11T05:48:48.812Z","shortid":"SDrln5a","inheritedReadPermissions":[],"inheritedEditPermissions":[],"$entitySet":"profiles"},"doDiffs":false,"timestamp":1754891328811,"id":"oewc1bpzjdl97cb","previousOperationId":null,"operationId":"7pb9ef37w1i6brj"}
{"type":"log","level":"info","message":"Render request 7 queued for execution and waiting for available worker","previousOperationId":"7pb9ef37w1i6brj","timestamp":1754891328811,"id":"60jyo39rg5h4zkb"}
{"type":"operationStart","subtype":"render","name":"informeSeleccion004","previousOperationId":"7pb9ef37w1i6brj","timestamp":1754891328841,"id":"p3sks39p41vz7s0","previousEventId":"oewc1bpzjdl97cb","operationId":"6x8fj9evh065r4w"}
{"type":"log","timestamp":1754891328841,"level":"info","message":"Starting rendering request 7 (user: admin)","meta":{"rootId":"sg6jg5kumauxnvg","id":"sg6jg5kumauxnvg"},"id":"i86k6p7hsp7l8v0","previousOperationId":"6x8fj9evh065r4w"}
{"type":"log","timestamp":1754891328841,"level":"info","message":"Rendering template { name: informeSeleccion004, recipe: chrome-pdf, engine: handlebars, preview: true }","meta":{"rootId":"sg6jg5kumauxnvg","id":"sg6jg5kumauxnvg"},"id":"t0sq769yju6uf2i","previousOperationId":"6x8fj9evh065r4w"}
{"type":"log","timestamp":1754891328842,"level":"debug","message":"Inline data specified.","meta":{"rootId":"sg6jg5kumauxnvg","id":"sg6jg5kumauxnvg"},"id":"irad4v46zm7chkx","previousOperationId":"6x8fj9evh065r4w"}
{"type":"log","timestamp":1754891328844,"level":"debug","message":"Base url not specified, skipping its injection.","meta":{"rootId":"sg6jg5kumauxnvg","id":"sg6jg5kumauxnvg"},"id":"7sjg6vmvnv1ha4n","previousOperationId":"6x8fj9evh065r4w"}
{"type":"operationStart","subtype":"engine","name":"handlebars","timestamp":1754891328844,"id":"kcqvdhjy9e30i39","previousEventId":"p3sks39p41vz7s0","operationId":"aya9jttf0m3kc5x","previousOperationId":"6x8fj9evh065r4w"}
{"type":"log","timestamp":1754891328844,"level":"debug","message":"Rendering engine handlebars","meta":{"rootId":"sg6jg5kumauxnvg","id":"sg6jg5kumauxnvg"},"id":"hxsi3p9q1odzg8x","previousOperationId":"aya9jttf0m3kc5x"}
{"type":"log","timestamp":1754891328913,"level":"debug","message":"(console:log) GRUPOMPLEO Handlebars helpers registered successfully","meta":{"userLevel":true,"rootId":"sg6jg5kumauxnvg","id":"sg6jg5kumauxnvg"},"id":"sws2mn7qxk7ufoq","previousOperationId":"aya9jttf0m3kc5x"}
{"type":"operationEnd","operationId":"aya9jttf0m3kc5x","timestamp":1754891328937,"id":"710jerqx105sxk4","previousEventId":"kcqvdhjy9e30i39","previousOperationId":"aya9jttf0m3kc5x"}
{"type":"operationStart","subtype":"recipe","name":"chrome-pdf","timestamp":1754891328938,"id":"6uxyg3htcyx35s5","previousEventId":"710jerqx105sxk4","operationId":"xjufe8g89zsywzv","previousOperationId":"aya9jttf0m3kc5x"}
{"type":"log","timestamp":1754891328938,"level":"debug","message":"Executing recipe chrome-pdf","meta":{"rootId":"sg6jg5kumauxnvg","id":"sg6jg5kumauxnvg"},"id":"bju2i9pdtt69kou","previousOperationId":"xjufe8g89zsywzv"}
{"type":"log","timestamp":1754891328941,"level":"debug","message":"Converting with chrome Chrome/138.0.7204.157 using chrome-pool strategy","meta":{"rootId":"sg6jg5kumauxnvg","id":"sg6jg5kumauxnvg"},"id":"9m9zdrq54b3akot","previousOperationId":"xjufe8g89zsywzv"}
{"type":"log","timestamp":1754891328999,"level":"debug","message":"Page request: GET (document) file:///app/temp/autocleanup/4092e3b2-b270-44f9-8cab-12159d5f3a90-chrome-pdf.html","meta":{"rootId":"sg6jg5kumauxnvg","id":"sg6jg5kumauxnvg"},"id":"orm56497zqnfn61","previousOperationId":"xjufe8g89zsywzv"}
{"type":"log","timestamp":1754891329015,"level":"debug","message":"Page request finished: GET (document) 200 file:///app/temp/autocleanup/4092e3b2-b270-44f9-8cab-12159d5f3a90-chrome-pdf.html","meta":{"rootId":"sg6jg5kumauxnvg","id":"sg6jg5kumauxnvg"},"id":"j9shgt9juw497ab","previousOperationId":"xjufe8g89zsywzv"}
{"type":"log","timestamp":1754891329016,"level":"debug","message":"Page request: GET (stylesheet) https://fonts.googleapis.com/css2?family=Inter:wght@300;400;500;600;700&display=swap","meta":{"rootId":"sg6jg5kumauxnvg","id":"sg6jg5kumauxnvg"},"id":"fi1zucnae4ezzpx","previousOperationId":"xjufe8g89zsywzv"}
{"type":"log","timestamp":1754891329197,"level":"debug","message":"Page request finished: GET (stylesheet) 200 https://fonts.googleapis.com/css2?family=Inter:wght@300;400;500;600;700&display=swap","meta":{"rootId":"sg6jg5kumauxnvg","id":"sg6jg5kumauxnvg"},"id":"72yx3no8ukdgfk6","previousOperationId":"xjufe8g89zsywzv"}
{"type":"log","timestamp":1754891329197,"level":"debug","message":"Page request: GET (font) https://fonts.gstatic.com/s/inter/v19/UcC73FwrK3iLTeHuS_nVMrMxCp50SjIa1ZL7.woff2","meta":{"rootId":"sg6jg5kumauxnvg","id":"sg6jg5kumauxnvg"},"id":"zaeiwc4hp2a4usf","previousOperationId":"xjufe8g89zsywzv"}
{"type":"log","timestamp":1754891329257,"level":"debug","message":"Page request finished: GET (font) 200 https://fonts.gstatic.com/s/inter/v19/UcC73FwrK3iLTeHuS_nVMrMxCp50SjIa1ZL7.woff2","meta":{"rootId":"sg6jg5kumauxnvg","id":"sg6jg5kumauxnvg"},"id":"g5ztt9ngb609fmk","previousOperationId":"xjufe8g89zsywzv"}
{"type":"log","timestamp":1754891329277,"level":"debug","message":"Running chrome with params {\"printBackground\":true,\"timeout\":59870,\"margin\":{}}","meta":{"rootId":"sg6jg5kumauxnvg","id":"sg6jg5kumauxnvg"},"id":"4hyidxkcjw0ipdx","previousOperationId":"xjufe8g89zsywzv"}
{"type":"operationEnd","operationId":"xjufe8g89zsywzv","timestamp":1754891329881,"id":"2nrtxnnm85xc582","previousEventId":"6uxyg3htcyx35s5","previousOperationId":"xjufe8g89zsywzv"}
{"type":"log","timestamp":1754891329881,"level":"debug","message":"Skipping storing report.","meta":{"rootId":"sg6jg5kumauxnvg","id":"sg6jg5kumauxnvg"},"id":"2rdp9pg5smpqaql","previousOperationId":"xjufe8g89zsywzv"}
{"type":"log","timestamp":1754891329881,"level":"info","message":"Rendering request 7 finished in 1071 ms","meta":{"rootId":"sg6jg5kumauxnvg","id":"sg6jg5kumauxnvg"},"id":"sfw449j862ox81q","previousOperationId":"xjufe8g89zsywzv"}
{"type":"operationEnd","subtype":"render","operationId":"6x8fj9evh065r4w","timestamp":1754891329881,"id":"iacpsr0g7abl3le","previousEventId":"2nrtxnnm85xc582","previousOperationId":"xjufe8g89zsywzv"}
{"type":"operationEnd","doDiffs":false,"previousEventId":"oewc1bpzjdl97cb","previousOperationId":"7pb9ef37w1i6brj","operationId":"7pb9ef37w1i6brj","timestamp":1754891329885,"id":"jq0f63k9ndsolfc"}
