{"type":"operationStart","subtype":"profile","data":{"_id":"QZU8dWGfgILX2zAI","timestamp":"2025-08-11T09:00:28.350Z","state":"queued","mode":"standard","creationDate":"2025-08-11T09:00:28.351Z","modificationDate":"2025-08-11T09:00:28.351Z","shortid":"HJFDGVY","inheritedReadPermissions":[],"inheritedEditPermissions":[],"$entitySet":"profiles"},"doDiffs":false,"timestamp":1754902828351,"id":"zeqlw2fyh3wrqgp","previousOperationId":null,"operationId":"nlanr7huqv62x0x"}
{"type":"log","level":"info","message":"Render request 3 queued for execution and waiting for available worker","previousOperationId":"nlanr7huqv62x0x","timestamp":1754902828351,"id":"ouzr9fwgfyngchx"}
{"type":"operationStart","subtype":"render","name":"informeSeleccion003","previousOperationId":"nlanr7huqv62x0x","timestamp":1754902828376,"id":"dphm7e25otidc1b","previousEventId":"zeqlw2fyh3wrqgp","operationId":"1l2hg65ehpzm6tu"}
{"type":"log","timestamp":1754902828376,"level":"info","message":"Starting rendering request 3 (user: admin)","meta":{"rootId":"v5xcgi50ivl4jlm","id":"v5xcgi50ivl4jlm"},"id":"21eh15iltezjki1","previousOperationId":"1l2hg65ehpzm6tu"}
{"type":"log","timestamp":1754902828376,"level":"info","message":"Rendering template { name: informeSeleccion003, recipe: chrome-pdf, engine: handlebars, preview: true }","meta":{"rootId":"v5xcgi50ivl4jlm","id":"v5xcgi50ivl4jlm"},"id":"7h904s8f67bsjfb","previousOperationId":"1l2hg65ehpzm6tu"}
{"type":"log","timestamp":1754902828377,"level":"debug","message":"Adding sample data lgX13iX","meta":{"rootId":"v5xcgi50ivl4jlm","id":"v5xcgi50ivl4jlm"},"id":"1swu2rpur45p855","previousOperationId":"1l2hg65ehpzm6tu"}
{"type":"log","timestamp":1754902828381,"level":"debug","message":"Base url not specified, skipping its injection.","meta":{"rootId":"v5xcgi50ivl4jlm","id":"v5xcgi50ivl4jlm"},"id":"wvwbgp3pb6z09kv","previousOperationId":"1l2hg65ehpzm6tu"}
{"type":"operationStart","subtype":"engine","name":"handlebars","timestamp":1754902828381,"id":"3klqh2tg5chip8t","previousEventId":"dphm7e25otidc1b","operationId":"f4g6kmk1bkm69s3","previousOperationId":"1l2hg65ehpzm6tu"}
{"type":"log","timestamp":1754902828381,"level":"debug","message":"Rendering engine handlebars","meta":{"rootId":"v5xcgi50ivl4jlm","id":"v5xcgi50ivl4jlm"},"id":"cuqay0f5hnpdgif","previousOperationId":"f4g6kmk1bkm69s3"}
{"type":"operationEnd","operationId":"f4g6kmk1bkm69s3","timestamp":1754902828425,"id":"gaaaz0tqamjmf2k","previousEventId":"3klqh2tg5chip8t","previousOperationId":"f4g6kmk1bkm69s3"}
{"type":"operationStart","subtype":"recipe","name":"chrome-pdf","timestamp":1754902828427,"id":"7wpmvxab940u695","previousEventId":"gaaaz0tqamjmf2k","operationId":"lfkl9u1ljg4m1aj","previousOperationId":"f4g6kmk1bkm69s3"}
{"type":"log","timestamp":1754902828427,"level":"debug","message":"Executing recipe chrome-pdf","meta":{"rootId":"v5xcgi50ivl4jlm","id":"v5xcgi50ivl4jlm"},"id":"4u5ji7kpz9czize","previousOperationId":"lfkl9u1ljg4m1aj"}
{"type":"log","timestamp":1754902828429,"level":"debug","message":"Converting with chrome Chrome/138.0.7204.157 using chrome-pool strategy","meta":{"rootId":"v5xcgi50ivl4jlm","id":"v5xcgi50ivl4jlm"},"id":"98t9lh375eolgin","previousOperationId":"lfkl9u1ljg4m1aj"}
{"type":"log","timestamp":1754902828476,"level":"debug","message":"Page request: GET (document) file:///app/temp/autocleanup/c2e4c943-2830-44aa-9914-3ae4d65ad499-chrome-pdf.html","meta":{"rootId":"v5xcgi50ivl4jlm","id":"v5xcgi50ivl4jlm"},"id":"evvf7nd1ahhqn7b","previousOperationId":"lfkl9u1ljg4m1aj"}
{"type":"log","timestamp":1754902828490,"level":"debug","message":"Page request finished: GET (document) 200 file:///app/temp/autocleanup/c2e4c943-2830-44aa-9914-3ae4d65ad499-chrome-pdf.html","meta":{"rootId":"v5xcgi50ivl4jlm","id":"v5xcgi50ivl4jlm"},"id":"gfyucj6j2qbdxd6","previousOperationId":"lfkl9u1ljg4m1aj"}
{"type":"log","timestamp":1754902828493,"level":"debug","message":"Page request: GET (stylesheet) https://fonts.googleapis.com/css2?family=Inter:wght@300;400;500;600&display=swap","meta":{"rootId":"v5xcgi50ivl4jlm","id":"v5xcgi50ivl4jlm"},"id":"e8q8xfmnhf162i1","previousOperationId":"lfkl9u1ljg4m1aj"}
{"type":"log","timestamp":1754902828493,"level":"debug","message":"Page request: GET (image) file:///app/temp/autocleanup/34528.jpg","meta":{"rootId":"v5xcgi50ivl4jlm","id":"v5xcgi50ivl4jlm"},"id":"vj7ufewte7tnk0n","previousOperationId":"lfkl9u1ljg4m1aj"}
{"type":"log","timestamp":1754902828499,"level":"warn","message":"Page request failed: GET (image) file:///app/temp/autocleanup/34528.jpg, failure: net::ERR_FILE_NOT_FOUND","meta":{"rootId":"v5xcgi50ivl4jlm","id":"v5xcgi50ivl4jlm"},"id":"c5rtj0v6kb71lfo","previousOperationId":"lfkl9u1ljg4m1aj"}
{"type":"log","timestamp":1754902828500,"level":"debug","message":"(console:error) Failed to load resource: net::ERR_FILE_NOT_FOUND","meta":{"userLevel":true,"rootId":"v5xcgi50ivl4jlm","id":"v5xcgi50ivl4jlm"},"id":"yzcxvc9qu5wbsqf","previousOperationId":"lfkl9u1ljg4m1aj"}
{"type":"log","timestamp":1754902828749,"level":"debug","message":"Page request finished: GET (stylesheet) 200 https://fonts.googleapis.com/css2?family=Inter:wght@300;400;500;600&display=swap","meta":{"rootId":"v5xcgi50ivl4jlm","id":"v5xcgi50ivl4jlm"},"id":"37n1cg7crbx2bge","previousOperationId":"lfkl9u1ljg4m1aj"}
{"type":"log","timestamp":1754902828791,"level":"debug","message":"Page request: GET (font) https://fonts.gstatic.com/s/inter/v19/UcC73FwrK3iLTeHuS_nVMrMxCp50SjIa1ZL7.woff2","meta":{"rootId":"v5xcgi50ivl4jlm","id":"v5xcgi50ivl4jlm"},"id":"xb1qs948gz98w39","previousOperationId":"lfkl9u1ljg4m1aj"}
{"type":"log","timestamp":1754902828809,"level":"debug","message":"Running chrome with params {\"printBackground\":true,\"timeout\":59922,\"margin\":{}}","meta":{"rootId":"v5xcgi50ivl4jlm","id":"v5xcgi50ivl4jlm"},"id":"5ae187q4qxkm9br","previousOperationId":"lfkl9u1ljg4m1aj"}
{"type":"log","timestamp":1754902828810,"level":"debug","message":"Page request: GET (font) https://fonts.gstatic.com/s/inter/v19/UcC73FwrK3iLTeHuS_nVMrMxCp50SjIa1ZL7.woff2","meta":{"rootId":"v5xcgi50ivl4jlm","id":"v5xcgi50ivl4jlm"},"id":"v8u2d9ezuo00iht","previousOperationId":"lfkl9u1ljg4m1aj"}
{"type":"log","timestamp":1754902829026,"level":"debug","message":"Page request finished: GET (font) 200 https://fonts.gstatic.com/s/inter/v19/UcC73FwrK3iLTeHuS_nVMrMxCp50SjIa1ZL7.woff2","meta":{"rootId":"v5xcgi50ivl4jlm","id":"v5xcgi50ivl4jlm"},"id":"ru5ku93dxsc14gl","previousOperationId":"lfkl9u1ljg4m1aj"}
{"type":"operationEnd","operationId":"lfkl9u1ljg4m1aj","timestamp":1754902829280,"id":"hs4kjruhkmm343s","previousEventId":"7wpmvxab940u695","previousOperationId":"lfkl9u1ljg4m1aj"}
{"type":"log","timestamp":1754902829280,"level":"debug","message":"Skipping storing report.","meta":{"rootId":"v5xcgi50ivl4jlm","id":"v5xcgi50ivl4jlm"},"id":"an008ymsrci0o38","previousOperationId":"lfkl9u1ljg4m1aj"}
{"type":"log","timestamp":1754902829280,"level":"info","message":"Rendering request 3 finished in 930 ms","meta":{"rootId":"v5xcgi50ivl4jlm","id":"v5xcgi50ivl4jlm"},"id":"e0be1amtrljne10","previousOperationId":"lfkl9u1ljg4m1aj"}
{"type":"operationEnd","subtype":"render","operationId":"1l2hg65ehpzm6tu","timestamp":1754902829280,"id":"cz765qxwblrfmmr","previousEventId":"hs4kjruhkmm343s","previousOperationId":"lfkl9u1ljg4m1aj"}
{"type":"operationEnd","doDiffs":false,"previousEventId":"zeqlw2fyh3wrqgp","previousOperationId":"nlanr7huqv62x0x","operationId":"nlanr7huqv62x0x","timestamp":1754902829283,"id":"qmbypqkv6bf69vg"}
