{"type":"operationStart","subtype":"profile","data":{"_id":"68OpkkousYX6bZc0","timestamp":"2025-08-11T05:35:52.720Z","state":"queued","mode":"standard","creationDate":"2025-08-11T05:35:52.722Z","modificationDate":"2025-08-11T05:35:52.722Z","shortid":"VWMaW1e","inheritedReadPermissions":[],"inheritedEditPermissions":[],"$entitySet":"profiles"},"doDiffs":false,"timestamp":1754890552721,"id":"ttmxafnz57aaq96","previousOperationId":null,"operationId":"b0h0ovlqrp7qh0s"}
{"type":"log","level":"info","message":"Render request 3 queued for execution and waiting for available worker","previousOperationId":"b0h0ovlqrp7qh0s","timestamp":1754890552721,"id":"ic33vyed05e8l1e"}
{"type":"operationStart","subtype":"render","name":"informeSeleccion003","previousOperationId":"b0h0ovlqrp7qh0s","timestamp":1754890552745,"id":"q6dzbjwgbnzzj5x","previousEventId":"ttmxafnz57aaq96","operationId":"n1tkfoj7ai7cbji"}
{"type":"log","timestamp":1754890552745,"level":"info","message":"Starting rendering request 3 (user: admin)","meta":{"rootId":"vojc7p3dado27iy","id":"vojc7p3dado27iy"},"id":"y25kph90dbc3t26","previousOperationId":"n1tkfoj7ai7cbji"}
{"type":"log","timestamp":1754890552746,"level":"info","message":"Rendering template { name: informeSeleccion003, recipe: chrome-pdf, engine: handlebars, preview: true }","meta":{"rootId":"vojc7p3dado27iy","id":"vojc7p3dado27iy"},"id":"dwvni2d145r6eqz","previousOperationId":"n1tkfoj7ai7cbji"}
{"type":"log","timestamp":1754890552747,"level":"debug","message":"Inline data specified.","meta":{"rootId":"vojc7p3dado27iy","id":"vojc7p3dado27iy"},"id":"22rsq48jzhpy6ou","previousOperationId":"n1tkfoj7ai7cbji"}
{"type":"log","timestamp":1754890552750,"level":"debug","message":"Base url not specified, skipping its injection.","meta":{"rootId":"vojc7p3dado27iy","id":"vojc7p3dado27iy"},"id":"jsx5trwom0t5mu1","previousOperationId":"n1tkfoj7ai7cbji"}
{"type":"operationStart","subtype":"engine","name":"handlebars","timestamp":1754890552750,"id":"z8iap30yuekryfs","previousEventId":"q6dzbjwgbnzzj5x","operationId":"tbo4ppg17hsalup","previousOperationId":"n1tkfoj7ai7cbji"}
{"type":"log","timestamp":1754890552750,"level":"debug","message":"Rendering engine handlebars","meta":{"rootId":"vojc7p3dado27iy","id":"vojc7p3dado27iy"},"id":"8rebpg1yjx0qe3l","previousOperationId":"tbo4ppg17hsalup"}
{"type":"operationEnd","operationId":"tbo4ppg17hsalup","timestamp":1754890552794,"id":"mcdrzdwqfhzy6vn","previousEventId":"z8iap30yuekryfs","previousOperationId":"tbo4ppg17hsalup"}
{"type":"operationStart","subtype":"recipe","name":"chrome-pdf","timestamp":1754890552795,"id":"nob2afz1sezk1df","previousEventId":"mcdrzdwqfhzy6vn","operationId":"hxgb1t2v2hezo4t","previousOperationId":"tbo4ppg17hsalup"}
{"type":"log","timestamp":1754890552795,"level":"debug","message":"Executing recipe chrome-pdf","meta":{"rootId":"vojc7p3dado27iy","id":"vojc7p3dado27iy"},"id":"959bmey2tp2uw7m","previousOperationId":"hxgb1t2v2hezo4t"}
{"type":"log","timestamp":1754890552798,"level":"debug","message":"Converting with chrome Chrome/138.0.7204.157 using chrome-pool strategy","meta":{"rootId":"vojc7p3dado27iy","id":"vojc7p3dado27iy"},"id":"22yffg30cr7qxhr","previousOperationId":"hxgb1t2v2hezo4t"}
{"type":"log","timestamp":1754890552853,"level":"debug","message":"Page request: GET (document) file:///app/temp/autocleanup/0bec27bd-ac45-46ae-aabf-b02267a69fdd-chrome-pdf.html","meta":{"rootId":"vojc7p3dado27iy","id":"vojc7p3dado27iy"},"id":"reoqz2lyx8p8i7s","previousOperationId":"hxgb1t2v2hezo4t"}
{"type":"log","timestamp":1754890552868,"level":"debug","message":"Page request finished: GET (document) 200 file:///app/temp/autocleanup/0bec27bd-ac45-46ae-aabf-b02267a69fdd-chrome-pdf.html","meta":{"rootId":"vojc7p3dado27iy","id":"vojc7p3dado27iy"},"id":"kiknlt7fjrwpsx9","previousOperationId":"hxgb1t2v2hezo4t"}
{"type":"log","timestamp":1754890552869,"level":"debug","message":"Page request: GET (stylesheet) https://fonts.googleapis.com/css2?family=Inter:wght@300;400;500;600&display=swap","meta":{"rootId":"vojc7p3dado27iy","id":"vojc7p3dado27iy"},"id":"ipo4hhh4ypzcu5u","previousOperationId":"hxgb1t2v2hezo4t"}
{"type":"log","timestamp":1754890552869,"level":"debug","message":"Page request: GET (image) file:///app/temp/autocleanup/34528.jpg","meta":{"rootId":"vojc7p3dado27iy","id":"vojc7p3dado27iy"},"id":"8tsisgfjpwcv1ym","previousOperationId":"hxgb1t2v2hezo4t"}
{"type":"log","timestamp":1754890552875,"level":"warn","message":"Page request failed: GET (image) file:///app/temp/autocleanup/34528.jpg, failure: net::ERR_FILE_NOT_FOUND","meta":{"rootId":"vojc7p3dado27iy","id":"vojc7p3dado27iy"},"id":"uqhb1t9fwpms099","previousOperationId":"hxgb1t2v2hezo4t"}
{"type":"log","timestamp":1754890552875,"level":"debug","message":"(console:error) Failed to load resource: net::ERR_FILE_NOT_FOUND","meta":{"userLevel":true,"rootId":"vojc7p3dado27iy","id":"vojc7p3dado27iy"},"id":"71sap0ng9rkequ0","previousOperationId":"hxgb1t2v2hezo4t"}
{"type":"log","timestamp":1754890553055,"level":"debug","message":"Page request finished: GET (stylesheet) 200 https://fonts.googleapis.com/css2?family=Inter:wght@300;400;500;600&display=swap","meta":{"rootId":"vojc7p3dado27iy","id":"vojc7p3dado27iy"},"id":"itywb03z6dfbv3t","previousOperationId":"hxgb1t2v2hezo4t"}
{"type":"log","timestamp":1754890553137,"level":"debug","message":"Page request: GET (font) https://fonts.gstatic.com/s/inter/v19/UcC73FwrK3iLTeHuS_nVMrMxCp50SjIa1ZL7.woff2","meta":{"rootId":"vojc7p3dado27iy","id":"vojc7p3dado27iy"},"id":"isg9ek8eubb8ni5","previousOperationId":"hxgb1t2v2hezo4t"}
{"type":"log","timestamp":1754890553165,"level":"debug","message":"Running chrome with params {\"printBackground\":true,\"timeout\":59923,\"margin\":{}}","meta":{"rootId":"vojc7p3dado27iy","id":"vojc7p3dado27iy"},"id":"jd2wk5ci6nwvpm8","previousOperationId":"hxgb1t2v2hezo4t"}
{"type":"log","timestamp":1754890553166,"level":"debug","message":"Page request: GET (font) https://fonts.gstatic.com/s/inter/v19/UcC73FwrK3iLTeHuS_nVMrMxCp50SjIa1ZL7.woff2","meta":{"rootId":"vojc7p3dado27iy","id":"vojc7p3dado27iy"},"id":"kxygoro4uqa8ofr","previousOperationId":"hxgb1t2v2hezo4t"}
{"type":"log","timestamp":1754890553311,"level":"debug","message":"Page request finished: GET (font) 200 https://fonts.gstatic.com/s/inter/v19/UcC73FwrK3iLTeHuS_nVMrMxCp50SjIa1ZL7.woff2","meta":{"rootId":"vojc7p3dado27iy","id":"vojc7p3dado27iy"},"id":"a1yyii8t6kclicg","previousOperationId":"hxgb1t2v2hezo4t"}
{"type":"operationEnd","operationId":"hxgb1t2v2hezo4t","timestamp":1754890553589,"id":"8nexd29923dabb0","previousEventId":"nob2afz1sezk1df","previousOperationId":"hxgb1t2v2hezo4t"}
{"type":"log","timestamp":1754890553589,"level":"debug","message":"Skipping storing report.","meta":{"rootId":"vojc7p3dado27iy","id":"vojc7p3dado27iy"},"id":"uccoxvut9ra9pfq","previousOperationId":"hxgb1t2v2hezo4t"}
{"type":"log","timestamp":1754890553589,"level":"info","message":"Rendering request 3 finished in 869 ms","meta":{"rootId":"vojc7p3dado27iy","id":"vojc7p3dado27iy"},"id":"85ows8my9zrdd7b","previousOperationId":"hxgb1t2v2hezo4t"}
{"type":"operationEnd","subtype":"render","operationId":"n1tkfoj7ai7cbji","timestamp":1754890553589,"id":"yljmjn4twwjbzta","previousEventId":"8nexd29923dabb0","previousOperationId":"hxgb1t2v2hezo4t"}
{"type":"operationEnd","doDiffs":false,"previousEventId":"ttmxafnz57aaq96","previousOperationId":"b0h0ovlqrp7qh0s","operationId":"b0h0ovlqrp7qh0s","timestamp":1754890553592,"id":"dhq3ffxiggg7dtl"}
