{"type":"operationStart","subtype":"profile","data":{"_id":"YPggZnR5u00Y45og","timestamp":"2025-08-08T11:00:26.475Z","state":"queued","mode":"standard","creationDate":"2025-08-08T11:00:26.476Z","modificationDate":"2025-08-08T11:00:26.476Z","shortid":"oQzS_to","inheritedReadPermissions":[],"inheritedEditPermissions":[],"$entitySet":"profiles"},"doDiffs":false,"timestamp":1754650826476,"id":"x1mffi2vefmyb5d","previousOperationId":null,"operationId":"pulrqngwrbo9957"}
{"type":"log","level":"info","message":"Render request 5 queued for execution and waiting for available worker","previousOperationId":"pulrqngwrbo9957","timestamp":1754650826476,"id":"mybg4skvmvmt72z"}
{"type":"operationStart","subtype":"render","name":"informeSeleccion003","previousOperationId":"pulrqngwrbo9957","timestamp":1754650826517,"id":"7tcxs2fjaje2k7c","previousEventId":"x1mffi2vefmyb5d","operationId":"4hdr9342d5xsecs"}
{"type":"log","timestamp":1754650826518,"level":"info","message":"Starting rendering request 5 (user: admin)","meta":{"rootId":"4m5d8runqfda4f7","id":"4m5d8runqfda4f7"},"id":"37wip9rf48aii25","previousOperationId":"4hdr9342d5xsecs"}
{"type":"log","timestamp":1754650826518,"level":"info","message":"Rendering template { name: informeSeleccion003, recipe: chrome-pdf, engine: handlebars, preview: true }","meta":{"rootId":"4m5d8runqfda4f7","id":"4m5d8runqfda4f7"},"id":"ngvjcu9xsp0kqla","previousOperationId":"4hdr9342d5xsecs"}
{"type":"log","timestamp":1754650826519,"level":"debug","message":"Inline data specified.","meta":{"rootId":"4m5d8runqfda4f7","id":"4m5d8runqfda4f7"},"id":"6edizg0x9ilesh9","previousOperationId":"4hdr9342d5xsecs"}
{"type":"log","timestamp":1754650826523,"level":"debug","message":"Base url not specified, skipping its injection.","meta":{"rootId":"4m5d8runqfda4f7","id":"4m5d8runqfda4f7"},"id":"q9pdvgoqqk5sqbq","previousOperationId":"4hdr9342d5xsecs"}
{"type":"operationStart","subtype":"engine","name":"handlebars","timestamp":1754650826523,"id":"s6k2gphe5klicyr","previousEventId":"7tcxs2fjaje2k7c","operationId":"w2yklmcmfgs3y9r","previousOperationId":"4hdr9342d5xsecs"}
{"type":"log","timestamp":1754650826523,"level":"debug","message":"Rendering engine handlebars","meta":{"rootId":"4m5d8runqfda4f7","id":"4m5d8runqfda4f7"},"id":"j90kfutrbl4axt3","previousOperationId":"w2yklmcmfgs3y9r"}
{"type":"operationEnd","operationId":"w2yklmcmfgs3y9r","timestamp":1754650826560,"id":"5grnlwk3bkvgrg7","previousEventId":"s6k2gphe5klicyr","previousOperationId":"w2yklmcmfgs3y9r"}
{"type":"operationStart","subtype":"recipe","name":"chrome-pdf","timestamp":1754650826561,"id":"bfwrd7x6cqqoraz","previousEventId":"5grnlwk3bkvgrg7","operationId":"mmkl0h2jyqw3bb9","previousOperationId":"w2yklmcmfgs3y9r"}
{"type":"log","timestamp":1754650826561,"level":"debug","message":"Executing recipe chrome-pdf","meta":{"rootId":"4m5d8runqfda4f7","id":"4m5d8runqfda4f7"},"id":"r82hu5nvcws1r89","previousOperationId":"mmkl0h2jyqw3bb9"}
{"type":"log","timestamp":1754650826563,"level":"debug","message":"Converting with chrome Chrome/138.0.7204.157 using chrome-pool strategy","meta":{"rootId":"4m5d8runqfda4f7","id":"4m5d8runqfda4f7"},"id":"9rm2ozdoklp8w4a","previousOperationId":"mmkl0h2jyqw3bb9"}
{"type":"log","timestamp":1754650826611,"level":"debug","message":"Page request: GET (document) file:///app/temp/autocleanup/7068ec70-7aae-47a4-86f8-62a5598c5487-chrome-pdf.html","meta":{"rootId":"4m5d8runqfda4f7","id":"4m5d8runqfda4f7"},"id":"eje84ukh81elz0x","previousOperationId":"mmkl0h2jyqw3bb9"}
{"type":"log","timestamp":1754650826627,"level":"debug","message":"Page request finished: GET (document) 200 file:///app/temp/autocleanup/7068ec70-7aae-47a4-86f8-62a5598c5487-chrome-pdf.html","meta":{"rootId":"4m5d8runqfda4f7","id":"4m5d8runqfda4f7"},"id":"dpeo5f0s1gdzt17","previousOperationId":"mmkl0h2jyqw3bb9"}
{"type":"log","timestamp":1754650826628,"level":"debug","message":"Page request: GET (stylesheet) https://fonts.googleapis.com/css2?family=Inter:wght@300;400;500;600&display=swap","meta":{"rootId":"4m5d8runqfda4f7","id":"4m5d8runqfda4f7"},"id":"bze4sqosvgpwldq","previousOperationId":"mmkl0h2jyqw3bb9"}
{"type":"log","timestamp":1754650826629,"level":"debug","message":"Page request: GET (image) file:///app/temp/autocleanup/34528.jpg","meta":{"rootId":"4m5d8runqfda4f7","id":"4m5d8runqfda4f7"},"id":"20dlpc584dpg87a","previousOperationId":"mmkl0h2jyqw3bb9"}
{"type":"log","timestamp":1754650826636,"level":"warn","message":"Page request failed: GET (image) file:///app/temp/autocleanup/34528.jpg, failure: net::ERR_FILE_NOT_FOUND","meta":{"rootId":"4m5d8runqfda4f7","id":"4m5d8runqfda4f7"},"id":"s2ecj7omsz5hbm1","previousOperationId":"mmkl0h2jyqw3bb9"}
{"type":"log","timestamp":1754650826636,"level":"debug","message":"(console:error) Failed to load resource: net::ERR_FILE_NOT_FOUND","meta":{"userLevel":true,"rootId":"4m5d8runqfda4f7","id":"4m5d8runqfda4f7"},"id":"x0woetzhn9wicod","previousOperationId":"mmkl0h2jyqw3bb9"}
{"type":"log","timestamp":1754650827025,"level":"debug","message":"Page request finished: GET (stylesheet) 200 https://fonts.googleapis.com/css2?family=Inter:wght@300;400;500;600&display=swap","meta":{"rootId":"4m5d8runqfda4f7","id":"4m5d8runqfda4f7"},"id":"qee7nmnjmvvy59f","previousOperationId":"mmkl0h2jyqw3bb9"}
{"type":"log","timestamp":1754650827080,"level":"debug","message":"Page request: GET (font) https://fonts.gstatic.com/s/inter/v19/UcC73FwrK3iLTeHuS_nVMrMxCp50SjIa1ZL7.woff2","meta":{"rootId":"4m5d8runqfda4f7","id":"4m5d8runqfda4f7"},"id":"r0n24elyczk1c5b","previousOperationId":"mmkl0h2jyqw3bb9"}
{"type":"log","timestamp":1754650827084,"level":"debug","message":"Page request: GET (font) https://fonts.gstatic.com/s/inter/v19/UcC73FwrK3iLTeHuS_nVMrMxCp50SjIa1ZL7.woff2","meta":{"rootId":"4m5d8runqfda4f7","id":"4m5d8runqfda4f7"},"id":"zmbhoparlcg788u","previousOperationId":"mmkl0h2jyqw3bb9"}
{"type":"log","timestamp":1754650827084,"level":"debug","message":"Running chrome with params {\"printBackground\":true,\"timeout\":59913,\"margin\":{}}","meta":{"rootId":"4m5d8runqfda4f7","id":"4m5d8runqfda4f7"},"id":"umr79mjslzjeohz","previousOperationId":"mmkl0h2jyqw3bb9"}
{"type":"log","timestamp":1754650827239,"level":"debug","message":"Page request finished: GET (font) 200 https://fonts.gstatic.com/s/inter/v19/UcC73FwrK3iLTeHuS_nVMrMxCp50SjIa1ZL7.woff2","meta":{"rootId":"4m5d8runqfda4f7","id":"4m5d8runqfda4f7"},"id":"5589uy6lwbd55i8","previousOperationId":"mmkl0h2jyqw3bb9"}
{"type":"operationEnd","operationId":"mmkl0h2jyqw3bb9","timestamp":1754650827477,"id":"j7h71mfnolbwq02","previousEventId":"bfwrd7x6cqqoraz","previousOperationId":"mmkl0h2jyqw3bb9"}
{"type":"log","timestamp":1754650827477,"level":"debug","message":"Skipping storing report.","meta":{"rootId":"4m5d8runqfda4f7","id":"4m5d8runqfda4f7"},"id":"mjyr3jauk89dkd6","previousOperationId":"mmkl0h2jyqw3bb9"}
{"type":"log","timestamp":1754650827477,"level":"info","message":"Rendering request 5 finished in 1002 ms","meta":{"rootId":"4m5d8runqfda4f7","id":"4m5d8runqfda4f7"},"id":"bwf4ywm8xwcstkz","previousOperationId":"mmkl0h2jyqw3bb9"}
{"type":"operationEnd","subtype":"render","operationId":"4hdr9342d5xsecs","timestamp":1754650827477,"id":"9xz9qx458tby46z","previousEventId":"j7h71mfnolbwq02","previousOperationId":"mmkl0h2jyqw3bb9"}
{"type":"operationEnd","doDiffs":false,"previousEventId":"x1mffi2vefmyb5d","previousOperationId":"pulrqngwrbo9957","operationId":"pulrqngwrbo9957","timestamp":1754650827480,"id":"h5ebuy4gve2fbkr"}
