{"type":"operationStart","subtype":"profile","data":{"_id":"jFA7JJi0veufjpxf","timestamp":"2025-08-07T15:17:30.338Z","state":"queued","mode":"standard","creationDate":"2025-08-07T15:17:30.340Z","modificationDate":"2025-08-07T15:17:30.340Z","shortid":"6QYk8ua","inheritedReadPermissions":[],"inheritedEditPermissions":[],"$entitySet":"profiles"},"doDiffs":false,"timestamp":1754579850340,"id":"lmtyvknv1gicppc","previousOperationId":null,"operationId":"3jqf61omayqnsvi"}
{"type":"log","level":"info","message":"Render request 20 queued for execution and waiting for available worker","previousOperationId":"3jqf61omayqnsvi","timestamp":1754579850340,"id":"7k7lv9h9gjvqdn4"}
{"type":"operationStart","subtype":"render","name":"informeSeleccion02","previousOperationId":"3jqf61omayqnsvi","timestamp":1754579850364,"id":"w1x07o2kzczrtzp","previousEventId":"lmtyvknv1gicppc","operationId":"cpwjuckyl2aurzu"}
{"type":"log","timestamp":1754579850364,"level":"info","message":"Starting rendering request 20 (user: admin)","meta":{"rootId":"6v29sjvqma92xi9","id":"6v29sjvqma92xi9"},"id":"430buruk3qela7w","previousOperationId":"cpwjuckyl2aurzu"}
{"type":"log","timestamp":1754579850364,"level":"info","message":"Rendering template { name: informeSeleccion02, recipe: chrome-pdf, engine: handlebars, preview: true }","meta":{"rootId":"6v29sjvqma92xi9","id":"6v29sjvqma92xi9"},"id":"qfuei9e9xc5syh8","previousOperationId":"cpwjuckyl2aurzu"}
{"type":"log","timestamp":1754579850372,"level":"debug","message":"Inline data specified.","meta":{"rootId":"6v29sjvqma92xi9","id":"6v29sjvqma92xi9"},"id":"hminy9xsh55mv29","previousOperationId":"cpwjuckyl2aurzu"}
{"type":"log","timestamp":1754579850374,"level":"debug","message":"Base url not specified, skipping its injection.","meta":{"rootId":"6v29sjvqma92xi9","id":"6v29sjvqma92xi9"},"id":"3wvz1qlmx8xxhgp","previousOperationId":"cpwjuckyl2aurzu"}
{"type":"operationStart","subtype":"engine","name":"handlebars","timestamp":1754579850374,"id":"lb2ylxutoi0c6yi","previousEventId":"w1x07o2kzczrtzp","operationId":"pya0rhrax3xdy35","previousOperationId":"cpwjuckyl2aurzu"}
{"type":"log","timestamp":1754579850374,"level":"debug","message":"Rendering engine handlebars","meta":{"rootId":"6v29sjvqma92xi9","id":"6v29sjvqma92xi9"},"id":"htgbrrh8bnicyac","previousOperationId":"pya0rhrax3xdy35"}
{"type":"operationEnd","operationId":"pya0rhrax3xdy35","timestamp":1754579850389,"id":"v96mntjeujriruq","previousEventId":"lb2ylxutoi0c6yi","previousOperationId":"pya0rhrax3xdy35"}
{"type":"operationStart","subtype":"recipe","name":"chrome-pdf","timestamp":1754579850390,"id":"i0hjf9virogz40t","previousEventId":"v96mntjeujriruq","operationId":"q0m10yoof73m9i6","previousOperationId":"pya0rhrax3xdy35"}
{"type":"log","timestamp":1754579850390,"level":"debug","message":"Executing recipe chrome-pdf","meta":{"rootId":"6v29sjvqma92xi9","id":"6v29sjvqma92xi9"},"id":"8oh4k37jmgd14y4","previousOperationId":"q0m10yoof73m9i6"}
{"type":"log","timestamp":1754579850392,"level":"debug","message":"Converting with chrome Chrome/138.0.7204.157 using chrome-pool strategy","meta":{"rootId":"6v29sjvqma92xi9","id":"6v29sjvqma92xi9"},"id":"kqhfjfq08afywj2","previousOperationId":"q0m10yoof73m9i6"}
{"type":"log","timestamp":1754579850456,"level":"debug","message":"Page request: GET (document) file:///app/temp/autocleanup/14342faa-7d61-4c1a-a55f-dc5988234646-chrome-pdf.html","meta":{"rootId":"6v29sjvqma92xi9","id":"6v29sjvqma92xi9"},"id":"v5oyyljj7bs8apt","previousOperationId":"q0m10yoof73m9i6"}
{"type":"log","timestamp":1754579850472,"level":"debug","message":"Page request finished: GET (document) 200 file:///app/temp/autocleanup/14342faa-7d61-4c1a-a55f-dc5988234646-chrome-pdf.html","meta":{"rootId":"6v29sjvqma92xi9","id":"6v29sjvqma92xi9"},"id":"r0vk6lqnqhizf5c","previousOperationId":"q0m10yoof73m9i6"}
{"type":"log","timestamp":1754579850473,"level":"debug","message":"Page request: GET (image) file:///app/temp/autocleanup/34528.jpg","meta":{"rootId":"6v29sjvqma92xi9","id":"6v29sjvqma92xi9"},"id":"qi2qoy7928motlj","previousOperationId":"q0m10yoof73m9i6"}
{"type":"log","timestamp":1754579850485,"level":"warn","message":"Page request failed: GET (image) file:///app/temp/autocleanup/34528.jpg, failure: net::ERR_FILE_NOT_FOUND","meta":{"rootId":"6v29sjvqma92xi9","id":"6v29sjvqma92xi9"},"id":"q1dfwxtv2yquokn","previousOperationId":"q0m10yoof73m9i6"}
{"type":"log","timestamp":1754579850485,"level":"debug","message":"(console:error) Failed to load resource: net::ERR_FILE_NOT_FOUND","meta":{"userLevel":true,"rootId":"6v29sjvqma92xi9","id":"6v29sjvqma92xi9"},"id":"2uwijyhac3n118o","previousOperationId":"q0m10yoof73m9i6"}
{"type":"log","timestamp":1754579850493,"level":"debug","message":"Running chrome with params {\"printBackground\":true,\"timeout\":59947,\"margin\":{}}","meta":{"rootId":"6v29sjvqma92xi9","id":"6v29sjvqma92xi9"},"id":"itgvsq3t3paxt6z","previousOperationId":"q0m10yoof73m9i6"}
{"type":"operationEnd","operationId":"q0m10yoof73m9i6","timestamp":1754579850546,"id":"kuqtzj47a7c7wq1","previousEventId":"i0hjf9virogz40t","previousOperationId":"q0m10yoof73m9i6"}
{"type":"log","timestamp":1754579850546,"level":"debug","message":"Skipping storing report.","meta":{"rootId":"6v29sjvqma92xi9","id":"6v29sjvqma92xi9"},"id":"bouiz92hhgn9i7u","previousOperationId":"q0m10yoof73m9i6"}
{"type":"log","timestamp":1754579850546,"level":"info","message":"Rendering request 20 finished in 208 ms","meta":{"rootId":"6v29sjvqma92xi9","id":"6v29sjvqma92xi9"},"id":"7wgaby1abuklq9q","previousOperationId":"q0m10yoof73m9i6"}
{"type":"operationEnd","subtype":"render","operationId":"cpwjuckyl2aurzu","timestamp":1754579850546,"id":"1f72fd97nswhtp2","previousEventId":"kuqtzj47a7c7wq1","previousOperationId":"q0m10yoof73m9i6"}
{"type":"operationEnd","doDiffs":false,"previousEventId":"lmtyvknv1gicppc","previousOperationId":"3jqf61omayqnsvi","operationId":"3jqf61omayqnsvi","timestamp":1754579850549,"id":"4ffe1j6rkb7l5jm"}
