{"type":"operationStart","subtype":"profile","data":{"_id":"bDenQE3im7nwiHHC","timestamp":"2025-08-07T15:09:17.280Z","state":"queued","mode":"standard","creationDate":"2025-08-07T15:09:17.281Z","modificationDate":"2025-08-07T15:09:17.281Z","shortid":"20-PuFs","inheritedReadPermissions":[],"inheritedEditPermissions":[],"$entitySet":"profiles"},"doDiffs":false,"timestamp":1754579357280,"id":"g9vlsuy5hlp09w4","previousOperationId":null,"operationId":"ohmtkck88ivkiys"}
{"type":"log","level":"info","message":"Render request 12 queued for execution and waiting for available worker","previousOperationId":"ohmtkck88ivkiys","timestamp":1754579357280,"id":"aqiy0rc0mxiiaxq"}
{"type":"operationStart","subtype":"render","name":"informeSeleccion02","previousOperationId":"ohmtkck88ivkiys","timestamp":1754579357306,"id":"0k8djlp3w1ybg76","previousEventId":"g9vlsuy5hlp09w4","operationId":"p1cn26w7n0bpl8b"}
{"type":"log","timestamp":1754579357306,"level":"info","message":"Starting rendering request 12 (user: admin)","meta":{"rootId":"7lt8x567bz4mpqh","id":"7lt8x567bz4mpqh"},"id":"779623l7vjyyf0t","previousOperationId":"p1cn26w7n0bpl8b"}
{"type":"log","timestamp":1754579357306,"level":"info","message":"Rendering template { name: informeSeleccion02, recipe: chrome-pdf, engine: handlebars, preview: true }","meta":{"rootId":"7lt8x567bz4mpqh","id":"7lt8x567bz4mpqh"},"id":"knuoljgwsbjj2b6","previousOperationId":"p1cn26w7n0bpl8b"}
{"type":"log","timestamp":1754579357308,"level":"debug","message":"Inline data specified.","meta":{"rootId":"7lt8x567bz4mpqh","id":"7lt8x567bz4mpqh"},"id":"s0yyrzxa04esv89","previousOperationId":"p1cn26w7n0bpl8b"}
{"type":"log","timestamp":1754579357310,"level":"debug","message":"Base url not specified, skipping its injection.","meta":{"rootId":"7lt8x567bz4mpqh","id":"7lt8x567bz4mpqh"},"id":"nbt0jfjb4b47zs4","previousOperationId":"p1cn26w7n0bpl8b"}
{"type":"operationStart","subtype":"engine","name":"handlebars","timestamp":1754579357310,"id":"bo17pfix6t9nr5j","previousEventId":"0k8djlp3w1ybg76","operationId":"c85r0vnbpuw4nzj","previousOperationId":"p1cn26w7n0bpl8b"}
{"type":"log","timestamp":1754579357311,"level":"debug","message":"Rendering engine handlebars","meta":{"rootId":"7lt8x567bz4mpqh","id":"7lt8x567bz4mpqh"},"id":"4vhaq1cltoy5vpo","previousOperationId":"c85r0vnbpuw4nzj"}
{"type":"operationEnd","operationId":"c85r0vnbpuw4nzj","timestamp":1754579357325,"id":"ey25fks80xzr0zk","previousEventId":"bo17pfix6t9nr5j","previousOperationId":"c85r0vnbpuw4nzj"}
{"type":"operationStart","subtype":"recipe","name":"chrome-pdf","timestamp":1754579357326,"id":"o65u15qmlmxl8cw","previousEventId":"ey25fks80xzr0zk","operationId":"yriqyxy6sb5wsh9","previousOperationId":"c85r0vnbpuw4nzj"}
{"type":"log","timestamp":1754579357326,"level":"debug","message":"Executing recipe chrome-pdf","meta":{"rootId":"7lt8x567bz4mpqh","id":"7lt8x567bz4mpqh"},"id":"ywfai3pp29ces1o","previousOperationId":"yriqyxy6sb5wsh9"}
{"type":"log","timestamp":1754579357334,"level":"debug","message":"Converting with chrome Chrome/138.0.7204.157 using chrome-pool strategy","meta":{"rootId":"7lt8x567bz4mpqh","id":"7lt8x567bz4mpqh"},"id":"dydz5t7lfe1t42o","previousOperationId":"yriqyxy6sb5wsh9"}
{"type":"log","timestamp":1754579357395,"level":"debug","message":"Page request: GET (document) file:///app/temp/autocleanup/e0b6397a-5d99-4002-9ce1-8f1e9e2514e6-chrome-pdf.html","meta":{"rootId":"7lt8x567bz4mpqh","id":"7lt8x567bz4mpqh"},"id":"p2wiw01b4015cx1","previousOperationId":"yriqyxy6sb5wsh9"}
{"type":"log","timestamp":1754579357412,"level":"debug","message":"Page request: GET (image) file:///app/temp/autocleanup/34528.jpg","meta":{"rootId":"7lt8x567bz4mpqh","id":"7lt8x567bz4mpqh"},"id":"qcerb7riu20osr6","previousOperationId":"yriqyxy6sb5wsh9"}
{"type":"log","timestamp":1754579357413,"level":"debug","message":"Page request finished: GET (document) 200 file:///app/temp/autocleanup/e0b6397a-5d99-4002-9ce1-8f1e9e2514e6-chrome-pdf.html","meta":{"rootId":"7lt8x567bz4mpqh","id":"7lt8x567bz4mpqh"},"id":"5oh1osv5fvuteo1","previousOperationId":"yriqyxy6sb5wsh9"}
{"type":"log","timestamp":1754579357415,"level":"warn","message":"Page request failed: GET (image) file:///app/temp/autocleanup/34528.jpg, failure: net::ERR_FILE_NOT_FOUND","meta":{"rootId":"7lt8x567bz4mpqh","id":"7lt8x567bz4mpqh"},"id":"uoq0kp7mtmir536","previousOperationId":"yriqyxy6sb5wsh9"}
{"type":"log","timestamp":1754579357415,"level":"debug","message":"(console:error) Failed to load resource: net::ERR_FILE_NOT_FOUND","meta":{"userLevel":true,"rootId":"7lt8x567bz4mpqh","id":"7lt8x567bz4mpqh"},"id":"x23c4yb79aouk5q","previousOperationId":"yriqyxy6sb5wsh9"}
{"type":"log","timestamp":1754579357427,"level":"debug","message":"Running chrome with params {\"printBackground\":true,\"timeout\":59949,\"margin\":{}}","meta":{"rootId":"7lt8x567bz4mpqh","id":"7lt8x567bz4mpqh"},"id":"gi9mpf3i86cwm3o","previousOperationId":"yriqyxy6sb5wsh9"}
{"type":"operationEnd","operationId":"yriqyxy6sb5wsh9","timestamp":1754579357484,"id":"2t03ed38g41d25e","previousEventId":"o65u15qmlmxl8cw","previousOperationId":"yriqyxy6sb5wsh9"}
{"type":"log","timestamp":1754579357484,"level":"debug","message":"Skipping storing report.","meta":{"rootId":"7lt8x567bz4mpqh","id":"7lt8x567bz4mpqh"},"id":"0a7tu22fkip7cy5","previousOperationId":"yriqyxy6sb5wsh9"}
{"type":"log","timestamp":1754579357484,"level":"info","message":"Rendering request 12 finished in 205 ms","meta":{"rootId":"7lt8x567bz4mpqh","id":"7lt8x567bz4mpqh"},"id":"u4qqbngmg815g3w","previousOperationId":"yriqyxy6sb5wsh9"}
{"type":"operationEnd","subtype":"render","operationId":"p1cn26w7n0bpl8b","timestamp":1754579357484,"id":"im3x0hi1ovr43oh","previousEventId":"2t03ed38g41d25e","previousOperationId":"yriqyxy6sb5wsh9"}
{"type":"operationEnd","doDiffs":false,"previousEventId":"g9vlsuy5hlp09w4","previousOperationId":"ohmtkck88ivkiys","operationId":"ohmtkck88ivkiys","timestamp":1754579357486,"id":"l8qw3f30kmri47n"}
