{"type":"operationStart","subtype":"profile","data":{"_id":"Bt4TmreWGY0xD1Hc","timestamp":"2025-08-07T14:57:13.920Z","state":"queued","mode":"standard","creationDate":"2025-08-07T14:57:13.922Z","modificationDate":"2025-08-07T14:57:13.922Z","shortid":"KT497PO","inheritedReadPermissions":[],"inheritedEditPermissions":[],"$entitySet":"profiles"},"doDiffs":false,"timestamp":1754578633921,"id":"7a3ojik53h21mkf","previousOperationId":null,"operationId":"1vy96t68gbpoanh"}
{"type":"log","level":"info","message":"Render request 9 queued for execution and waiting for available worker","previousOperationId":"1vy96t68gbpoanh","timestamp":1754578633921,"id":"045zn26bol989ls"}
{"type":"operationStart","subtype":"render","name":"informeSeleccion02","previousOperationId":"1vy96t68gbpoanh","timestamp":1754578633947,"id":"h2ds0aqhiiob1yi","previousEventId":"7a3ojik53h21mkf","operationId":"eh24izifu9tml1o"}
{"type":"log","timestamp":1754578633947,"level":"info","message":"Starting rendering request 9 (user: admin)","meta":{"rootId":"fdpqkxqvmn0pfl7","id":"fdpqkxqvmn0pfl7"},"id":"kp5hnexwo4s4zry","previousOperationId":"eh24izifu9tml1o"}
{"type":"log","timestamp":1754578633947,"level":"info","message":"Rendering template { name: informeSeleccion02, recipe: chrome-pdf, engine: handlebars, preview: true }","meta":{"rootId":"fdpqkxqvmn0pfl7","id":"fdpqkxqvmn0pfl7"},"id":"13ml3891tdtz0g5","previousOperationId":"eh24izifu9tml1o"}
{"type":"log","timestamp":1754578633948,"level":"debug","message":"Inline data specified.","meta":{"rootId":"fdpqkxqvmn0pfl7","id":"fdpqkxqvmn0pfl7"},"id":"oiv0h5fochv7lr1","previousOperationId":"eh24izifu9tml1o"}
{"type":"log","timestamp":1754578633949,"level":"debug","message":"Base url not specified, skipping its injection.","meta":{"rootId":"fdpqkxqvmn0pfl7","id":"fdpqkxqvmn0pfl7"},"id":"tfykpdfh9e7tqzk","previousOperationId":"eh24izifu9tml1o"}
{"type":"operationStart","subtype":"engine","name":"handlebars","timestamp":1754578633949,"id":"ii9n4pn56e9bhcq","previousEventId":"h2ds0aqhiiob1yi","operationId":"2wvittz6omwd5cn","previousOperationId":"eh24izifu9tml1o"}
{"type":"log","timestamp":1754578633949,"level":"debug","message":"Rendering engine handlebars","meta":{"rootId":"fdpqkxqvmn0pfl7","id":"fdpqkxqvmn0pfl7"},"id":"5neq1hewis319e1","previousOperationId":"2wvittz6omwd5cn"}
{"type":"operationEnd","operationId":"2wvittz6omwd5cn","timestamp":1754578633966,"id":"h51z9asqo6e3ims","previousEventId":"ii9n4pn56e9bhcq","previousOperationId":"2wvittz6omwd5cn"}
{"type":"operationStart","subtype":"recipe","name":"chrome-pdf","timestamp":1754578633967,"id":"1o6lip04pchsje3","previousEventId":"h51z9asqo6e3ims","operationId":"aeoitp6myosduj4","previousOperationId":"2wvittz6omwd5cn"}
{"type":"log","timestamp":1754578633967,"level":"debug","message":"Executing recipe chrome-pdf","meta":{"rootId":"fdpqkxqvmn0pfl7","id":"fdpqkxqvmn0pfl7"},"id":"ttxkjkgy1ztiub3","previousOperationId":"aeoitp6myosduj4"}
{"type":"log","timestamp":1754578633969,"level":"debug","message":"Converting with chrome Chrome/138.0.7204.157 using chrome-pool strategy","meta":{"rootId":"fdpqkxqvmn0pfl7","id":"fdpqkxqvmn0pfl7"},"id":"m98o0y237jjr3ru","previousOperationId":"aeoitp6myosduj4"}
{"type":"log","timestamp":1754578634019,"level":"debug","message":"Page request: GET (document) file:///app/temp/autocleanup/f3a793fe-15c2-44f7-96ca-73fd8a1f1916-chrome-pdf.html","meta":{"rootId":"fdpqkxqvmn0pfl7","id":"fdpqkxqvmn0pfl7"},"id":"uylu3ypmrihz5r9","previousOperationId":"aeoitp6myosduj4"}
{"type":"log","timestamp":1754578634039,"level":"debug","message":"Page request finished: GET (document) 200 file:///app/temp/autocleanup/f3a793fe-15c2-44f7-96ca-73fd8a1f1916-chrome-pdf.html","meta":{"rootId":"fdpqkxqvmn0pfl7","id":"fdpqkxqvmn0pfl7"},"id":"3d1j80y29sar21v","previousOperationId":"aeoitp6myosduj4"}
{"type":"log","timestamp":1754578634044,"level":"debug","message":"Page request: GET (image) file:///app/temp/autocleanup/34528.jpg","meta":{"rootId":"fdpqkxqvmn0pfl7","id":"fdpqkxqvmn0pfl7"},"id":"vx9srbmbifpe73i","previousOperationId":"aeoitp6myosduj4"}
{"type":"log","timestamp":1754578634050,"level":"warn","message":"Page request failed: GET (image) file:///app/temp/autocleanup/34528.jpg, failure: net::ERR_FILE_NOT_FOUND","meta":{"rootId":"fdpqkxqvmn0pfl7","id":"fdpqkxqvmn0pfl7"},"id":"atlxq4g0ednqr2z","previousOperationId":"aeoitp6myosduj4"}
{"type":"log","timestamp":1754578634051,"level":"debug","message":"(console:error) Failed to load resource: net::ERR_FILE_NOT_FOUND","meta":{"userLevel":true,"rootId":"fdpqkxqvmn0pfl7","id":"fdpqkxqvmn0pfl7"},"id":"l0wfmcdvjha7puy","previousOperationId":"aeoitp6myosduj4"}
{"type":"log","timestamp":1754578634063,"level":"debug","message":"Running chrome with params {\"printBackground\":true,\"timeout\":59952,\"margin\":{}}","meta":{"rootId":"fdpqkxqvmn0pfl7","id":"fdpqkxqvmn0pfl7"},"id":"3n4573tx6issy7f","previousOperationId":"aeoitp6myosduj4"}
{"type":"operationEnd","operationId":"aeoitp6myosduj4","timestamp":1754578634112,"id":"rr405wxbvumh2a1","previousEventId":"1o6lip04pchsje3","previousOperationId":"aeoitp6myosduj4"}
{"type":"log","timestamp":1754578634112,"level":"debug","message":"Skipping storing report.","meta":{"rootId":"fdpqkxqvmn0pfl7","id":"fdpqkxqvmn0pfl7"},"id":"7xb4ocwws07uqrf","previousOperationId":"aeoitp6myosduj4"}
{"type":"log","timestamp":1754578634112,"level":"info","message":"Rendering request 9 finished in 192 ms","meta":{"rootId":"fdpqkxqvmn0pfl7","id":"fdpqkxqvmn0pfl7"},"id":"ys04eqk0a74qvp3","previousOperationId":"aeoitp6myosduj4"}
{"type":"operationEnd","subtype":"render","operationId":"eh24izifu9tml1o","timestamp":1754578634112,"id":"nkfw4ftasd4o53p","previousEventId":"rr405wxbvumh2a1","previousOperationId":"aeoitp6myosduj4"}
{"type":"operationEnd","doDiffs":false,"previousEventId":"7a3ojik53h21mkf","previousOperationId":"1vy96t68gbpoanh","operationId":"1vy96t68gbpoanh","timestamp":1754578634117,"id":"utribgqnj2agdci"}
