{"type":"operationStart","subtype":"profile","data":{"_id":"CpJduj70V5u8iwJA","timestamp":"2025-08-07T15:04:36.648Z","state":"queued","mode":"standard","creationDate":"2025-08-07T15:04:36.650Z","modificationDate":"2025-08-07T15:04:36.650Z","shortid":"EKCopiv","inheritedReadPermissions":[],"inheritedEditPermissions":[],"$entitySet":"profiles"},"doDiffs":false,"timestamp":1754579076649,"id":"y18i6rnt822vao8","previousOperationId":null,"operationId":"n70sjxkhut45lgj"}
{"type":"log","level":"info","message":"Render request 10 queued for execution and waiting for available worker","previousOperationId":"n70sjxkhut45lgj","timestamp":1754579076649,"id":"p97crh1f39c92qk"}
{"type":"operationStart","subtype":"render","name":"informeSeleccion02","previousOperationId":"n70sjxkhut45lgj","timestamp":1754579076680,"id":"vi7w583wmb1z6gh","previousEventId":"y18i6rnt822vao8","operationId":"fftv3rhwgcvvdrg"}
{"type":"log","timestamp":1754579076680,"level":"info","message":"Starting rendering request 10 (user: admin)","meta":{"rootId":"fu64smmihf1xlek","id":"fu64smmihf1xlek"},"id":"o7ja0vv7cfem19l","previousOperationId":"fftv3rhwgcvvdrg"}
{"type":"log","timestamp":1754579076681,"level":"info","message":"Rendering template { name: informeSeleccion02, recipe: chrome-pdf, engine: handlebars, preview: true }","meta":{"rootId":"fu64smmihf1xlek","id":"fu64smmihf1xlek"},"id":"wto1wvmk9sxszle","previousOperationId":"fftv3rhwgcvvdrg"}
{"type":"log","timestamp":1754579076682,"level":"debug","message":"Inline data specified.","meta":{"rootId":"fu64smmihf1xlek","id":"fu64smmihf1xlek"},"id":"4z2cokvqurvspty","previousOperationId":"fftv3rhwgcvvdrg"}
{"type":"log","timestamp":1754579076687,"level":"debug","message":"Base url not specified, skipping its injection.","meta":{"rootId":"fu64smmihf1xlek","id":"fu64smmihf1xlek"},"id":"pwohqfaiv9o212i","previousOperationId":"fftv3rhwgcvvdrg"}
{"type":"operationStart","subtype":"engine","name":"handlebars","timestamp":1754579076687,"id":"zqm6uw7cag8qdg4","previousEventId":"vi7w583wmb1z6gh","operationId":"cibixr9emd0c2z4","previousOperationId":"fftv3rhwgcvvdrg"}
{"type":"log","timestamp":1754579076687,"level":"debug","message":"Rendering engine handlebars","meta":{"rootId":"fu64smmihf1xlek","id":"fu64smmihf1xlek"},"id":"rsxkvnlgxm2ovs8","previousOperationId":"cibixr9emd0c2z4"}
{"type":"operationEnd","operationId":"cibixr9emd0c2z4","timestamp":1754579076709,"id":"lvltwvov8t59tne","previousEventId":"zqm6uw7cag8qdg4","previousOperationId":"cibixr9emd0c2z4"}
{"type":"operationStart","subtype":"recipe","name":"chrome-pdf","timestamp":1754579076709,"id":"3e0wivgtznmmkf4","previousEventId":"lvltwvov8t59tne","operationId":"wftv3nbt32eujaw","previousOperationId":"cibixr9emd0c2z4"}
{"type":"log","timestamp":1754579076709,"level":"debug","message":"Executing recipe chrome-pdf","meta":{"rootId":"fu64smmihf1xlek","id":"fu64smmihf1xlek"},"id":"bvdyk3ra97cbrjn","previousOperationId":"wftv3nbt32eujaw"}
{"type":"log","timestamp":1754579076711,"level":"debug","message":"Converting with chrome Chrome/138.0.7204.157 using chrome-pool strategy","meta":{"rootId":"fu64smmihf1xlek","id":"fu64smmihf1xlek"},"id":"r5vdv6n3l528sm1","previousOperationId":"wftv3nbt32eujaw"}
{"type":"log","timestamp":1754579076757,"level":"debug","message":"Page request: GET (document) file:///app/temp/autocleanup/e6080769-e6d9-4274-956a-36d7c1ca6ff5-chrome-pdf.html","meta":{"rootId":"fu64smmihf1xlek","id":"fu64smmihf1xlek"},"id":"craicnjje4wrxoy","previousOperationId":"wftv3nbt32eujaw"}
{"type":"log","timestamp":1754579076772,"level":"debug","message":"Page request finished: GET (document) 200 file:///app/temp/autocleanup/e6080769-e6d9-4274-956a-36d7c1ca6ff5-chrome-pdf.html","meta":{"rootId":"fu64smmihf1xlek","id":"fu64smmihf1xlek"},"id":"5yj6f84wep03c2c","previousOperationId":"wftv3nbt32eujaw"}
{"type":"log","timestamp":1754579076772,"level":"debug","message":"Page request: GET (image) https://mi-servidor.com/fotos/34528.jpg","meta":{"rootId":"fu64smmihf1xlek","id":"fu64smmihf1xlek"},"id":"tynrxhe56lda79k","previousOperationId":"wftv3nbt32eujaw"}
{"type":"log","timestamp":1754579076882,"level":"warn","message":"Page request failed: GET (image) https://mi-servidor.com/fotos/34528.jpg, failure: net::ERR_NAME_NOT_RESOLVED","meta":{"rootId":"fu64smmihf1xlek","id":"fu64smmihf1xlek"},"id":"c5bd2stt5i82geb","previousOperationId":"wftv3nbt32eujaw"}
{"type":"log","timestamp":1754579076882,"level":"debug","message":"(console:error) Failed to load resource: net::ERR_NAME_NOT_RESOLVED","meta":{"userLevel":true,"rootId":"fu64smmihf1xlek","id":"fu64smmihf1xlek"},"id":"cy46hvyqq5zqhww","previousOperationId":"wftv3nbt32eujaw"}
{"type":"log","timestamp":1754579076888,"level":"debug","message":"Running chrome with params {\"printBackground\":true,\"timeout\":59938,\"margin\":{}}","meta":{"rootId":"fu64smmihf1xlek","id":"fu64smmihf1xlek"},"id":"smwy50vnx51bup6","previousOperationId":"wftv3nbt32eujaw"}
{"type":"operationEnd","operationId":"wftv3nbt32eujaw","timestamp":1754579076931,"id":"9zg4dj9rnyotvpx","previousEventId":"3e0wivgtznmmkf4","previousOperationId":"wftv3nbt32eujaw"}
{"type":"log","timestamp":1754579076931,"level":"debug","message":"Skipping storing report.","meta":{"rootId":"fu64smmihf1xlek","id":"fu64smmihf1xlek"},"id":"i46ibhle18vwsu0","previousOperationId":"wftv3nbt32eujaw"}
{"type":"log","timestamp":1754579076931,"level":"info","message":"Rendering request 10 finished in 283 ms","meta":{"rootId":"fu64smmihf1xlek","id":"fu64smmihf1xlek"},"id":"n7gwlems3pdo0tp","previousOperationId":"wftv3nbt32eujaw"}
{"type":"operationEnd","subtype":"render","operationId":"fftv3rhwgcvvdrg","timestamp":1754579076931,"id":"wd4r6no2gq80a02","previousEventId":"9zg4dj9rnyotvpx","previousOperationId":"wftv3nbt32eujaw"}
{"type":"operationEnd","doDiffs":false,"previousEventId":"y18i6rnt822vao8","previousOperationId":"n70sjxkhut45lgj","operationId":"n70sjxkhut45lgj","timestamp":1754579076933,"id":"mcshzh3qoljdqzo"}
