{"type":"operationStart","subtype":"profile","data":{"_id":"jMbAEpu8SuLDjLfz","timestamp":"2025-08-08T10:55:49.415Z","state":"queued","mode":"standard","creationDate":"2025-08-08T10:55:49.417Z","modificationDate":"2025-08-08T10:55:49.417Z","shortid":"tsmY-4c","inheritedReadPermissions":[],"inheritedEditPermissions":[],"$entitySet":"profiles"},"doDiffs":false,"timestamp":1754650549417,"id":"kot9h1pckdyefwj","previousOperationId":null,"operationId":"wr6c7egltgagrdj"}
{"type":"log","level":"info","message":"Render request 2 queued for execution and waiting for available worker","previousOperationId":"wr6c7egltgagrdj","timestamp":1754650549417,"id":"fn8unybw2k0ou23"}
{"type":"operationStart","subtype":"render","name":"informeSeleccion02","previousOperationId":"wr6c7egltgagrdj","timestamp":1754650549458,"id":"1ztrehss5cwskmt","previousEventId":"kot9h1pckdyefwj","operationId":"pig2wdbq7youduw"}
{"type":"log","timestamp":1754650549458,"level":"info","message":"Starting rendering request 2 (user: admin)","meta":{"rootId":"gudsp2v514how1b","id":"gudsp2v514how1b"},"id":"4tb2pxtgy9ms34d","previousOperationId":"pig2wdbq7youduw"}
{"type":"log","timestamp":1754650549458,"level":"info","message":"Rendering template { name: informeSeleccion02, recipe: chrome-pdf, engine: handlebars, preview: true }","meta":{"rootId":"gudsp2v514how1b","id":"gudsp2v514how1b"},"id":"054noxhh35ajz80","previousOperationId":"pig2wdbq7youduw"}
{"type":"log","timestamp":1754650549460,"level":"debug","message":"Inline data specified.","meta":{"rootId":"gudsp2v514how1b","id":"gudsp2v514how1b"},"id":"fk38q54po3pmczy","previousOperationId":"pig2wdbq7youduw"}
{"type":"log","timestamp":1754650549466,"level":"debug","message":"Base url not specified, skipping its injection.","meta":{"rootId":"gudsp2v514how1b","id":"gudsp2v514how1b"},"id":"jkwegsknnjth956","previousOperationId":"pig2wdbq7youduw"}
{"type":"operationStart","subtype":"engine","name":"handlebars","timestamp":1754650549467,"id":"85mdnt5bcrs91d0","previousEventId":"1ztrehss5cwskmt","operationId":"q1unrsaky2uf4s5","previousOperationId":"pig2wdbq7youduw"}
{"type":"log","timestamp":1754650549467,"level":"debug","message":"Rendering engine handlebars","meta":{"rootId":"gudsp2v514how1b","id":"gudsp2v514how1b"},"id":"ptn7i29y4zyduf1","previousOperationId":"q1unrsaky2uf4s5"}
{"type":"operationEnd","operationId":"q1unrsaky2uf4s5","timestamp":1754650549867,"id":"przokypse6cbkqu","previousEventId":"85mdnt5bcrs91d0","previousOperationId":"q1unrsaky2uf4s5"}
{"type":"operationStart","subtype":"recipe","name":"chrome-pdf","timestamp":1754650549868,"id":"xmd5ijopdj5q8zj","previousEventId":"przokypse6cbkqu","operationId":"if19ec1nwtvmhf7","previousOperationId":"q1unrsaky2uf4s5"}
{"type":"log","timestamp":1754650549868,"level":"debug","message":"Executing recipe chrome-pdf","meta":{"rootId":"gudsp2v514how1b","id":"gudsp2v514how1b"},"id":"50yqge6h8fqil80","previousOperationId":"if19ec1nwtvmhf7"}
{"type":"log","timestamp":1754650550282,"level":"debug","message":"Converting with chrome Chrome/138.0.7204.157 using chrome-pool strategy","meta":{"rootId":"gudsp2v514how1b","id":"gudsp2v514how1b"},"id":"zlwqf8r5kikvbkr","previousOperationId":"if19ec1nwtvmhf7"}
{"type":"log","timestamp":1754650550366,"level":"debug","message":"Page request: GET (document) file:///app/temp/autocleanup/d7156ae7-3228-413f-b55f-c80224264bd6-chrome-pdf.html","meta":{"rootId":"gudsp2v514how1b","id":"gudsp2v514how1b"},"id":"utb5r44qvxcjnd5","previousOperationId":"if19ec1nwtvmhf7"}
{"type":"log","timestamp":1754650550387,"level":"debug","message":"Page request finished: GET (document) 200 file:///app/temp/autocleanup/d7156ae7-3228-413f-b55f-c80224264bd6-chrome-pdf.html","meta":{"rootId":"gudsp2v514how1b","id":"gudsp2v514how1b"},"id":"rfjoi3wjx875v0b","previousOperationId":"if19ec1nwtvmhf7"}
{"type":"log","timestamp":1754650550388,"level":"debug","message":"Page request: GET (image) file:///app/temp/autocleanup/34528.jpg","meta":{"rootId":"gudsp2v514how1b","id":"gudsp2v514how1b"},"id":"knhqdrsdv04n96k","previousOperationId":"if19ec1nwtvmhf7"}
{"type":"log","timestamp":1754650550401,"level":"warn","message":"Page request failed: GET (image) file:///app/temp/autocleanup/34528.jpg, failure: net::ERR_FILE_NOT_FOUND","meta":{"rootId":"gudsp2v514how1b","id":"gudsp2v514how1b"},"id":"dea5mr88txmtknt","previousOperationId":"if19ec1nwtvmhf7"}
{"type":"log","timestamp":1754650550402,"level":"debug","message":"(console:error) Failed to load resource: net::ERR_FILE_NOT_FOUND","meta":{"userLevel":true,"rootId":"gudsp2v514how1b","id":"gudsp2v514how1b"},"id":"ln0tpl8zcqdihbr","previousOperationId":"if19ec1nwtvmhf7"}
{"type":"log","timestamp":1754650550410,"level":"debug","message":"Running chrome with params {\"printBackground\":true,\"timeout\":59457,\"margin\":{}}","meta":{"rootId":"gudsp2v514how1b","id":"gudsp2v514how1b"},"id":"wf3emiscqeyu075","previousOperationId":"if19ec1nwtvmhf7"}
{"type":"operationEnd","operationId":"if19ec1nwtvmhf7","timestamp":1754650550473,"id":"fga1oqh63vm6p7n","previousEventId":"xmd5ijopdj5q8zj","previousOperationId":"if19ec1nwtvmhf7"}
{"type":"log","timestamp":1754650550473,"level":"debug","message":"Skipping storing report.","meta":{"rootId":"gudsp2v514how1b","id":"gudsp2v514how1b"},"id":"w5wxt3jp7vf83ho","previousOperationId":"if19ec1nwtvmhf7"}
{"type":"log","timestamp":1754650550473,"level":"info","message":"Rendering request 2 finished in 1058 ms","meta":{"rootId":"gudsp2v514how1b","id":"gudsp2v514how1b"},"id":"tewhmile9yqxbg3","previousOperationId":"if19ec1nwtvmhf7"}
{"type":"operationEnd","subtype":"render","operationId":"pig2wdbq7youduw","timestamp":1754650550474,"id":"m7crof87lyrbyv2","previousEventId":"fga1oqh63vm6p7n","previousOperationId":"if19ec1nwtvmhf7"}
{"type":"operationEnd","doDiffs":false,"previousEventId":"kot9h1pckdyefwj","previousOperationId":"wr6c7egltgagrdj","operationId":"wr6c7egltgagrdj","timestamp":1754650550476,"id":"zi93urppttnmk7x"}
