{"type":"operationStart","subtype":"profile","data":{"_id":"iSNnpZAZ3MzuPoR1","timestamp":"2025-08-07T15:10:25.461Z","state":"queued","mode":"standard","creationDate":"2025-08-07T15:10:25.463Z","modificationDate":"2025-08-07T15:10:25.463Z","shortid":"oIl8hxK","inheritedReadPermissions":[],"inheritedEditPermissions":[],"$entitySet":"profiles"},"doDiffs":false,"timestamp":1754579425462,"id":"5c5faz3pcvtahl9","previousOperationId":null,"operationId":"zn4t4o5oinypc5z"}
{"type":"log","level":"info","message":"Render request 16 queued for execution and waiting for available worker","previousOperationId":"zn4t4o5oinypc5z","timestamp":1754579425462,"id":"5k5bhdssh4v0aj8"}
{"type":"operationStart","subtype":"render","name":"informeSeleccion02","previousOperationId":"zn4t4o5oinypc5z","timestamp":1754579425484,"id":"z55mfz9f3kqqx3a","previousEventId":"5c5faz3pcvtahl9","operationId":"e2gw5ktw243b9gd"}
{"type":"log","timestamp":1754579425484,"level":"info","message":"Starting rendering request 16 (user: admin)","meta":{"rootId":"kufj2j4atgqj7me","id":"kufj2j4atgqj7me"},"id":"dqdydecc11mv57t","previousOperationId":"e2gw5ktw243b9gd"}
{"type":"log","timestamp":1754579425484,"level":"info","message":"Rendering template { name: informeSeleccion02, recipe: chrome-pdf, engine: handlebars, preview: true }","meta":{"rootId":"kufj2j4atgqj7me","id":"kufj2j4atgqj7me"},"id":"n4x4515a1qe64qc","previousOperationId":"e2gw5ktw243b9gd"}
{"type":"log","timestamp":1754579425485,"level":"debug","message":"Inline data specified.","meta":{"rootId":"kufj2j4atgqj7me","id":"kufj2j4atgqj7me"},"id":"qx1jo6kipbhv4s3","previousOperationId":"e2gw5ktw243b9gd"}
{"type":"log","timestamp":1754579425487,"level":"debug","message":"Base url not specified, skipping its injection.","meta":{"rootId":"kufj2j4atgqj7me","id":"kufj2j4atgqj7me"},"id":"6h1int4ex13osbh","previousOperationId":"e2gw5ktw243b9gd"}
{"type":"operationStart","subtype":"engine","name":"handlebars","timestamp":1754579425487,"id":"o1mr6qtq3g5weg2","previousEventId":"z55mfz9f3kqqx3a","operationId":"7cznz9x9lqo0l81","previousOperationId":"e2gw5ktw243b9gd"}
{"type":"log","timestamp":1754579425487,"level":"debug","message":"Rendering engine handlebars","meta":{"rootId":"kufj2j4atgqj7me","id":"kufj2j4atgqj7me"},"id":"t7mrte2omh48p3t","previousOperationId":"7cznz9x9lqo0l81"}
{"type":"operationEnd","operationId":"7cznz9x9lqo0l81","timestamp":1754579425500,"id":"rtdwa5p6ajr2ely","previousEventId":"o1mr6qtq3g5weg2","previousOperationId":"7cznz9x9lqo0l81"}
{"type":"operationStart","subtype":"recipe","name":"chrome-pdf","timestamp":1754579425500,"id":"cqmtlolki887hkt","previousEventId":"rtdwa5p6ajr2ely","operationId":"xwwhjv0nns7tq7x","previousOperationId":"7cznz9x9lqo0l81"}
{"type":"log","timestamp":1754579425500,"level":"debug","message":"Executing recipe chrome-pdf","meta":{"rootId":"kufj2j4atgqj7me","id":"kufj2j4atgqj7me"},"id":"w8wmqkdqy871kip","previousOperationId":"xwwhjv0nns7tq7x"}
{"type":"log","timestamp":1754579425507,"level":"debug","message":"Converting with chrome Chrome/138.0.7204.157 using chrome-pool strategy","meta":{"rootId":"kufj2j4atgqj7me","id":"kufj2j4atgqj7me"},"id":"al41ro9ltya9qwm","previousOperationId":"xwwhjv0nns7tq7x"}
{"type":"log","timestamp":1754579425559,"level":"debug","message":"Page request: GET (document) file:///app/temp/autocleanup/9c11ed3a-3bb5-4fc0-8409-48cffbe162af-chrome-pdf.html","meta":{"rootId":"kufj2j4atgqj7me","id":"kufj2j4atgqj7me"},"id":"n15zmpd7m7wr54d","previousOperationId":"xwwhjv0nns7tq7x"}
{"type":"log","timestamp":1754579425576,"level":"debug","message":"Page request finished: GET (document) 200 file:///app/temp/autocleanup/9c11ed3a-3bb5-4fc0-8409-48cffbe162af-chrome-pdf.html","meta":{"rootId":"kufj2j4atgqj7me","id":"kufj2j4atgqj7me"},"id":"avu2p6zaw5531rm","previousOperationId":"xwwhjv0nns7tq7x"}
{"type":"log","timestamp":1754579425581,"level":"debug","message":"Page request: GET (image) file:///app/temp/autocleanup/34528.jpg","meta":{"rootId":"kufj2j4atgqj7me","id":"kufj2j4atgqj7me"},"id":"ryzdodw3lly0kfb","previousOperationId":"xwwhjv0nns7tq7x"}
{"type":"log","timestamp":1754579425586,"level":"warn","message":"Page request failed: GET (image) file:///app/temp/autocleanup/34528.jpg, failure: net::ERR_FILE_NOT_FOUND","meta":{"rootId":"kufj2j4atgqj7me","id":"kufj2j4atgqj7me"},"id":"g4qpbgrwtod7v0z","previousOperationId":"xwwhjv0nns7tq7x"}
{"type":"log","timestamp":1754579425586,"level":"debug","message":"(console:error) Failed to load resource: net::ERR_FILE_NOT_FOUND","meta":{"userLevel":true,"rootId":"kufj2j4atgqj7me","id":"kufj2j4atgqj7me"},"id":"ha5r4dt7t93412h","previousOperationId":"xwwhjv0nns7tq7x"}
{"type":"log","timestamp":1754579425596,"level":"debug","message":"Running chrome with params {\"printBackground\":true,\"timeout\":59955,\"margin\":{}}","meta":{"rootId":"kufj2j4atgqj7me","id":"kufj2j4atgqj7me"},"id":"gf05pdhok25459o","previousOperationId":"xwwhjv0nns7tq7x"}
{"type":"operationEnd","operationId":"xwwhjv0nns7tq7x","timestamp":1754579425646,"id":"mv98asquzr6jerh","previousEventId":"cqmtlolki887hkt","previousOperationId":"xwwhjv0nns7tq7x"}
{"type":"log","timestamp":1754579425646,"level":"debug","message":"Skipping storing report.","meta":{"rootId":"kufj2j4atgqj7me","id":"kufj2j4atgqj7me"},"id":"lnpgegnyj8ldly8","previousOperationId":"xwwhjv0nns7tq7x"}
{"type":"log","timestamp":1754579425646,"level":"info","message":"Rendering request 16 finished in 185 ms","meta":{"rootId":"kufj2j4atgqj7me","id":"kufj2j4atgqj7me"},"id":"1xrtpk9e0lafb5g","previousOperationId":"xwwhjv0nns7tq7x"}
{"type":"operationEnd","subtype":"render","operationId":"e2gw5ktw243b9gd","timestamp":1754579425646,"id":"7hpqhcuvvyi6rau","previousEventId":"mv98asquzr6jerh","previousOperationId":"xwwhjv0nns7tq7x"}
{"type":"operationEnd","doDiffs":false,"previousEventId":"5c5faz3pcvtahl9","previousOperationId":"zn4t4o5oinypc5z","operationId":"zn4t4o5oinypc5z","timestamp":1754579425648,"id":"fdprt7ejig0uvpl"}
