{"type":"operationStart","subtype":"profile","data":{"_id":"wYMB3fzsqtkkdIWl","timestamp":"2025-08-07T15:05:05.430Z","state":"queued","mode":"standard","creationDate":"2025-08-07T15:05:05.431Z","modificationDate":"2025-08-07T15:05:05.431Z","shortid":"9AGDXZq","inheritedReadPermissions":[],"inheritedEditPermissions":[],"$entitySet":"profiles"},"doDiffs":false,"timestamp":1754579105431,"id":"lwad5bbj8l6vapt","previousOperationId":null,"operationId":"orefw1pe0redvhx"}
{"type":"log","level":"info","message":"Render request 11 queued for execution and waiting for available worker","previousOperationId":"orefw1pe0redvhx","timestamp":1754579105431,"id":"xqbx66x3zkx2x38"}
{"type":"operationStart","subtype":"render","name":"informeSeleccion02","previousOperationId":"orefw1pe0redvhx","timestamp":1754579105453,"id":"37dawh9k3nuv93c","previousEventId":"lwad5bbj8l6vapt","operationId":"sufinyct5mbx0vz"}
{"type":"log","timestamp":1754579105453,"level":"info","message":"Starting rendering request 11 (user: admin)","meta":{"rootId":"q2z2j5qt37k79ot","id":"q2z2j5qt37k79ot"},"id":"p2rtyv2yf4hr241","previousOperationId":"sufinyct5mbx0vz"}
{"type":"log","timestamp":1754579105453,"level":"info","message":"Rendering template { name: informeSeleccion02, recipe: chrome-pdf, engine: handlebars, preview: true }","meta":{"rootId":"q2z2j5qt37k79ot","id":"q2z2j5qt37k79ot"},"id":"535m0m1adavlj7q","previousOperationId":"sufinyct5mbx0vz"}
{"type":"log","timestamp":1754579105454,"level":"debug","message":"Inline data specified.","meta":{"rootId":"q2z2j5qt37k79ot","id":"q2z2j5qt37k79ot"},"id":"5gjqykapzl6stqm","previousOperationId":"sufinyct5mbx0vz"}
{"type":"log","timestamp":1754579105456,"level":"debug","message":"Base url not specified, skipping its injection.","meta":{"rootId":"q2z2j5qt37k79ot","id":"q2z2j5qt37k79ot"},"id":"5lejemubusrdybx","previousOperationId":"sufinyct5mbx0vz"}
{"type":"operationStart","subtype":"engine","name":"handlebars","timestamp":1754579105457,"id":"6oj4ceze10q2p6b","previousEventId":"37dawh9k3nuv93c","operationId":"u9e12qj9j5y1n8h","previousOperationId":"sufinyct5mbx0vz"}
{"type":"log","timestamp":1754579105457,"level":"debug","message":"Rendering engine handlebars","meta":{"rootId":"q2z2j5qt37k79ot","id":"q2z2j5qt37k79ot"},"id":"rytqpv68dzgyffk","previousOperationId":"u9e12qj9j5y1n8h"}
{"type":"operationEnd","operationId":"u9e12qj9j5y1n8h","timestamp":1754579105470,"id":"hg9nw8up72kdpn9","previousEventId":"6oj4ceze10q2p6b","previousOperationId":"u9e12qj9j5y1n8h"}
{"type":"operationStart","subtype":"recipe","name":"chrome-pdf","timestamp":1754579105470,"id":"dyzjlol5qqs73gz","previousEventId":"hg9nw8up72kdpn9","operationId":"gjzsp7qd4jvvy4k","previousOperationId":"u9e12qj9j5y1n8h"}
{"type":"log","timestamp":1754579105470,"level":"debug","message":"Executing recipe chrome-pdf","meta":{"rootId":"q2z2j5qt37k79ot","id":"q2z2j5qt37k79ot"},"id":"53w637nj7z74jsf","previousOperationId":"gjzsp7qd4jvvy4k"}
{"type":"log","timestamp":1754579105472,"level":"debug","message":"Converting with chrome Chrome/138.0.7204.157 using chrome-pool strategy","meta":{"rootId":"q2z2j5qt37k79ot","id":"q2z2j5qt37k79ot"},"id":"qtq19d2xnkxgt6j","previousOperationId":"gjzsp7qd4jvvy4k"}
{"type":"log","timestamp":1754579105526,"level":"debug","message":"Page request: GET (document) file:///app/temp/autocleanup/d111d812-46a5-49b2-bee0-0733e3cebe25-chrome-pdf.html","meta":{"rootId":"q2z2j5qt37k79ot","id":"q2z2j5qt37k79ot"},"id":"2fg67oewyli0q2w","previousOperationId":"gjzsp7qd4jvvy4k"}
{"type":"log","timestamp":1754579105538,"level":"debug","message":"Page request finished: GET (document) 200 file:///app/temp/autocleanup/d111d812-46a5-49b2-bee0-0733e3cebe25-chrome-pdf.html","meta":{"rootId":"q2z2j5qt37k79ot","id":"q2z2j5qt37k79ot"},"id":"n6jlqrvijgoo68h","previousOperationId":"gjzsp7qd4jvvy4k"}
{"type":"log","timestamp":1754579105542,"level":"debug","message":"Page request: GET (image) file:///app/temp/autocleanup/34528.jpg","meta":{"rootId":"q2z2j5qt37k79ot","id":"q2z2j5qt37k79ot"},"id":"fhn17gwuwxbkzxq","previousOperationId":"gjzsp7qd4jvvy4k"}
{"type":"log","timestamp":1754579105555,"level":"warn","message":"Page request failed: GET (image) file:///app/temp/autocleanup/34528.jpg, failure: net::ERR_FILE_NOT_FOUND","meta":{"rootId":"q2z2j5qt37k79ot","id":"q2z2j5qt37k79ot"},"id":"dit9g70ta4tuvtd","previousOperationId":"gjzsp7qd4jvvy4k"}
{"type":"log","timestamp":1754579105555,"level":"debug","message":"(console:error) Failed to load resource: net::ERR_FILE_NOT_FOUND","meta":{"userLevel":true,"rootId":"q2z2j5qt37k79ot","id":"q2z2j5qt37k79ot"},"id":"4olb8c6iylhd0nf","previousOperationId":"gjzsp7qd4jvvy4k"}
{"type":"log","timestamp":1754579105565,"level":"debug","message":"Running chrome with params {\"printBackground\":true,\"timeout\":59959,\"margin\":{}}","meta":{"rootId":"q2z2j5qt37k79ot","id":"q2z2j5qt37k79ot"},"id":"6emfr2f91tq6x3z","previousOperationId":"gjzsp7qd4jvvy4k"}
{"type":"operationEnd","operationId":"gjzsp7qd4jvvy4k","timestamp":1754579105620,"id":"cxisyzi5vir99x8","previousEventId":"dyzjlol5qqs73gz","previousOperationId":"gjzsp7qd4jvvy4k"}
{"type":"log","timestamp":1754579105620,"level":"debug","message":"Skipping storing report.","meta":{"rootId":"q2z2j5qt37k79ot","id":"q2z2j5qt37k79ot"},"id":"upxkytmeq99zv6f","previousOperationId":"gjzsp7qd4jvvy4k"}
{"type":"log","timestamp":1754579105620,"level":"info","message":"Rendering request 11 finished in 190 ms","meta":{"rootId":"q2z2j5qt37k79ot","id":"q2z2j5qt37k79ot"},"id":"7gjv4o5dl6flqdj","previousOperationId":"gjzsp7qd4jvvy4k"}
{"type":"operationEnd","subtype":"render","operationId":"sufinyct5mbx0vz","timestamp":1754579105620,"id":"h30ris835fzgko7","previousEventId":"cxisyzi5vir99x8","previousOperationId":"gjzsp7qd4jvvy4k"}
{"type":"operationEnd","doDiffs":false,"previousEventId":"lwad5bbj8l6vapt","previousOperationId":"orefw1pe0redvhx","operationId":"orefw1pe0redvhx","timestamp":1754579105623,"id":"zmqvti8zikuy1ao"}
